06-Oct-17 12:02:12 PM	Info					Error library: The error library file path is empty.			0	
06-Oct-17 12:02:13 PM	Info					System Startup			0	
06-Oct-17 12:02:13 PM	Info	AccessoriesWizard				Dll loaded:    AccessoriesWizard.dll    6.0.0			0	
06-Oct-17 12:02:13 PM	Info	AccessoryManager				Dll loaded:    AccessoryManager.dll    2.0.0			0	
06-Oct-17 12:02:13 PM	Info	AgilentBenchBotController				Dll loaded:    AgilentBenchBotController.dll    1.21.4226			0	
06-Oct-17 12:02:13 PM	Info	ArgonShelfAccessoryDriver				Dll loaded:    ArgonShelfAccessoryDriver.dll    2.0.1			0	
06-Oct-17 12:02:13 PM	Info	BTILHCRunner				Dll loaded:    BTILHCRunner.dll    2.00.2			0	
06-Oct-17 12:02:13 PM	Info	ContextHelp				Dll loaded:    ContextHelp.dll    3.0.0			0	
06-Oct-17 12:02:13 PM	Info	DDRStringTable				Dll loaded:    DDRStringTable.dll    1.2.14			0	
06-Oct-17 12:02:13 PM	Info	DeviceEnumerator				Dll loaded:    DeviceEnumerator.dll    9.0.0			0	
06-Oct-17 12:02:13 PM	Info	EchoAppHelper				Dll loaded:    EchoAppHelper.dll    1.0.0			0	
06-Oct-17 12:02:13 PM	Info	ErrorLibrary				Dll loaded:    ErrorLibrary.dll    2.0.1			0	
06-Oct-17 12:02:13 PM	Info	EvaporatorAccessoryDriver				Dll loaded:    EvaporatorAccessoryDriver.dll    9.0.0			0	
06-Oct-17 12:02:13 PM	Info	GuidanceDiscovery				Dll loaded:    GuidanceDiscovery.dll    2.0.0			0	
06-Oct-17 12:02:13 PM	Info	Host				Dll loaded:    Host.dll    1.0.4226			0	
06-Oct-17 12:02:13 PM	Info	ImportExport				Dll loaded:    ImportExport.dll    2.0.0			0	
06-Oct-17 12:02:13 PM	Info	InhecoMTCdll				Dll loaded:    InhecoMTCdll.dll    1.2.4			0	
06-Oct-17 12:02:13 PM	Info	InhecoShakeandHeatAccessoryDriver				Dll loaded:    InhecoShakeandHeatAccessoryDriver.dll    1.0.0			0	
06-Oct-17 12:02:13 PM	Info	IWorksAccessory				Dll loaded:    IWorksAccessory.dll    8.0.1			0	
06-Oct-17 12:02:13 PM	Info	js32				Dll loaded:    js32.dll    Unknown.0.0			0	
06-Oct-17 12:02:13 PM	Info	LabelDesigner				Dll loaded:    LabelDesigner.dll    5.0.7			0	
06-Oct-17 12:02:13 PM	Info	LabelerHardware				Dll loaded:    LabelerHardware.dll    14.0.23			0	
06-Oct-17 12:02:13 PM	Info	libnspr4				Dll loaded:    libnspr4.dll    4.1.0			0	
06-Oct-17 12:02:13 PM	Info	LidHotelAccessoryDriver				Dll loaded:    LidHotelAccessoryDriver.dll    8.0.0			0	
06-Oct-17 12:02:13 PM	Info	lm				Dll loaded:    lm.dll    3.0.0			0	
06-Oct-17 12:02:13 PM	Info	Loader				Dll loaded:    Loader.dll    1.0.4226			0	
06-Oct-17 12:02:13 PM	Info	MagBeadAccessoryDriver				Dll loaded:    MagBeadAccessoryDriver.dll    8.0.0			0	
06-Oct-17 12:02:13 PM	Info	MetaDataPropertyManager				Dll loaded:    MetaDataPropertyManager.dll    13.0.0			0	
06-Oct-17 12:02:13 PM	Info	mfc71				Dll loaded:    mfc71.dll    7.10.3077			0	
06-Oct-17 12:02:13 PM	Info	mfc71u				Dll loaded:    mfc71u.dll    7.10.3077			0	
06-Oct-17 12:02:13 PM	Info	MicroPierceInterface				Dll loaded:    MicroPierceInterface.dll    1.0.0			0	
06-Oct-17 12:02:13 PM	Info	MicroPierceWrapper				Dll loaded:    MicroPierceWrapper.dll    1.0.0			0	
06-Oct-17 12:02:13 PM	Info	MicroStirInterface				Dll loaded:    MicroStirInterface.dll    1.0.0			0	
06-Oct-17 12:02:13 PM	Info	MicroStirWrapper				Dll loaded:    MicroStirWrapper.dll    1.0.0			0	
06-Oct-17 12:02:13 PM	Info	msvcr71				Dll loaded:    msvcr71.dll    7.10.3052			0	
06-Oct-17 12:02:13 PM	Info	MTController				Dll loaded:    MTController.dll    5.0.0			0	
06-Oct-17 12:02:13 PM	Info	NestableTipBoxInsertAccessoryDriver				Dll loaded:    NestableTipBoxInsertAccessoryDriver.dll    2.0.0			0	
06-Oct-17 12:02:13 PM	Info	ObjectDatabase				Dll loaded:    ObjectDatabase.dll    4.0.0			0	
06-Oct-17 12:02:13 PM	Info	ObjectManager				Dll loaded:    ObjectManager.dll    7.0.1			0	
06-Oct-17 12:02:13 PM	Info	PackardFusionRemoteConnectorOCX				Dll loaded:    PackardFusionRemoteConnectorOCX.dll    4.0.0			0	
06-Oct-17 12:02:13 PM	Info	PackardFusionRemoteControlPlugIn				Dll loaded:    PackardFusionRemoteControlPlugIn.dll    4.0.0			0	
06-Oct-17 12:02:13 PM	Info	PackardFusionRemoteControlWrapperDLL				Dll loaded:    PackardFusionRemoteControlWrapperDLL.dll    4.0.0			0	
06-Oct-17 12:02:13 PM	Info	PicServoExtDll				Dll loaded:    PicServoExtDll.dll    10.0.0			0	
06-Oct-17 12:02:13 PM	Info	PipetteHeadMode				Dll loaded:    PipetteHeadMode.dll    2.0.0			0	
06-Oct-17 12:02:13 PM	Info	PipetteTechniqueEditor				Dll loaded:    PipetteTechniqueEditor.dll    3.0.0			0	
06-Oct-17 12:02:13 PM	Info	PlateMapDatabase				Dll loaded:    PlateMapDatabase.dll    17.0.1			0	
06-Oct-17 12:02:13 PM	Info	ProfileChangeLog				Dll loaded:    ProfileChangeLog.dll    2.0.0			0	
06-Oct-17 12:02:13 PM	Info	ProfileManager				Dll loaded:    ProfileManager.dll    10.0.1			0	
06-Oct-17 12:02:13 PM	Info	ProfSkin284m				Dll loaded:    ProfSkin284m.dll    2.8.4			0	
06-Oct-17 12:02:13 PM	Info	ProfUIS284m				Dll loaded:    ProfUIS284m.dll    2.8.4			0	
06-Oct-17 12:02:13 PM	Info	ProfUisProfileManager				Dll loaded:    ProfUisProfileManager.dll    10.0.0			0	
06-Oct-17 12:02:13 PM	Info	SciLexer				Dll loaded:    SciLexer.dll    1.71.0			0	
06-Oct-17 12:02:13 PM	Info	SerialDilution				Dll loaded:    SerialDilution.dll    13.0.0			0	
06-Oct-17 12:02:13 PM	Info	SSIdll				Dll loaded:    SSIdll.dll    Unknown.0.0			0	
06-Oct-17 12:02:13 PM	Info	TeleshakeAccessoryDriver				Dll loaded:    TeleshakeAccessoryDriver.dll    9.0.2			0	
06-Oct-17 12:02:13 PM	Info	TipPosition				Dll loaded:    TipPosition.dll    3.0.0			0	
06-Oct-17 12:02:13 PM	Info	TipTracking				Dll loaded:    TipTracking.dll    3.0.0			0	
06-Oct-17 12:02:13 PM	Info	tmlcomm				Dll loaded:    tmlcomm.dll    3.2.2			0	
06-Oct-17 12:02:13 PM	Info	TML_lib				Dll loaded:    TML_lib.dll    2.0.1			0	
06-Oct-17 12:02:13 PM	Info	Toolbox				Dll loaded:    Toolbox.dll    1.0.4226			0	
06-Oct-17 12:02:13 PM	Info	V11DeviceDriver				Dll loaded:    V11DeviceDriver.dll    11.0.0			0	
06-Oct-17 12:02:13 PM	Info	V11FieldComposer				Dll loaded:    V11FieldComposer.dll    4.0.0			0	
06-Oct-17 12:02:13 PM	Info	V11GanttChart				Dll loaded:    V11GanttChart.dll    2.0.1			0	
06-Oct-17 12:02:13 PM	Info	V11Labware				Dll loaded:    V11Labware.dll    25.0.14			0	
06-Oct-17 12:02:13 PM	Info	V11Liquids				Dll loaded:    V11Liquids.dll    9.0.0			0	
06-Oct-17 12:02:13 PM	Info	V11Migrator				Dll loaded:    V11Migrator.dll    2.0.3			0	
06-Oct-17 12:02:13 PM	Info	V11PipettingFormatWizard				Dll loaded:    V11PipettingFormatWizard.dll    2.0.0			0	
06-Oct-17 12:02:13 PM	Info	V11PumpAccessoryDriver				Dll loaded:    V11PumpAccessoryDriver.dll    3.0.2			0	
06-Oct-17 12:02:13 PM	Info	V11SharedClasses				Dll loaded:    V11SharedClasses.dll    1.1.0			0	
06-Oct-17 12:02:13 PM	Info	V11WellSelect				Dll loaded:    V11WellSelect.dll    8.0.0			0	
06-Oct-17 12:02:13 PM	Info	V11WellVolumeVisualizer				Dll loaded:    V11WellVolumeVisualizer.dll    6.0.0			0	
06-Oct-17 12:02:13 PM	Info	V11Wizard				Dll loaded:    V11Wizard.dll    2.0.0			0	
06-Oct-17 12:02:13 PM	Info	VacuumFiltrationAccessoryDriver				Dll loaded:    VacuumFiltrationAccessoryDriver.dll    10.0.1			0	
06-Oct-17 12:02:13 PM	Info	VacuumLocatingStationDriver				Dll loaded:    VacuumLocatingStationDriver.dll    7.0.0			0	
06-Oct-17 12:02:13 PM	Info	VacuumShelfAccessoryDriver				Dll loaded:    VacuumShelfAccessoryDriver.dll    2.0.2			0	
06-Oct-17 12:02:13 PM	Info	VHookInterface				Dll loaded:    VHookInterface.dll    7.0.0			0	
06-Oct-17 12:02:13 PM	Info	VWorks4COM				Dll loaded:    VWorks4COM.dll    4.0.0			0	
06-Oct-17 12:02:13 PM	Info	VWorks4Defs				Dll loaded:    VWorks4Defs.dll    6.0.3			0	
06-Oct-17 12:02:13 PM	Info	VWorks4DeviceManager				Dll loaded:    VWorks4DeviceManager.dll    4.0.0			0	
06-Oct-17 12:02:13 PM	Info	VWorks4EmailDaemon				Dll loaded:    VWorks4EmailDaemon.dll    3.0.0			0	
06-Oct-17 12:02:13 PM	Info	VWorks4FormManager				Dll loaded:    VWorks4FormManager.dll    1.0.0			0	
06-Oct-17 12:02:13 PM	Info	VWorks4GUI				Dll loaded:    VWorks4GUI.dll    3.0.0			0	
06-Oct-17 12:02:13 PM	Info	VWorks4GUIFramework				Dll loaded:    VWorks4GUIFramework.dll    3.0.1			0	
06-Oct-17 12:02:13 PM	Info	VWorks4Hooks				Dll loaded:    VWorks4Hooks.dll    3.0.0			0	
06-Oct-17 12:02:13 PM	Info	VWorks4LabelDesigner				Dll loaded:    VWorks4LabelDesigner.dll    3.0.0			0	
06-Oct-17 12:02:13 PM	Info	VWorks4Logger				Dll loaded:    VWorks4Logger.dll    4.0.0			0	
06-Oct-17 12:02:13 PM	Info	VWorks4MacroLibrary				Dll loaded:    VWorks4MacroLibrary.dll    1.0.0			0	
06-Oct-17 12:02:13 PM	Info	VWorks4Progress				Dll loaded:    VWorks4Progress.dll    3.0.0			0	
06-Oct-17 12:02:13 PM	Info	VWorks4ProtocolEditor				Dll loaded:    VWorks4ProtocolEditor.dll    4.0.0			0	
06-Oct-17 12:02:13 PM	Info	VWorks4Security				Dll loaded:    VWorks4Security.dll    3.0.0			0	
06-Oct-17 12:02:13 PM	Info	VWorks4UserDatabase				Dll loaded:    VWorks4UserDatabase.dll    3.0.0			0	
06-Oct-17 12:02:13 PM	Info	VWorks4UserManager				Dll loaded:    VWorks4UserManager.dll    3.0.0			0	
06-Oct-17 12:02:13 PM	Info	WeighPadAccessoryDriver				Dll loaded:    WeighPadAccessoryDriver.dll    2.0.0			0	
06-Oct-17 12:02:13 PM	Info	Agilent BenchCel				Plugin loaded from cache:   AgilentBenchCel.dll   20.1.2			0	
06-Oct-17 12:02:14 PM	Info	Agilent Bravo				Plugin loaded from cache:   AgilentBravo.dll   17.1.0			0	
06-Oct-17 12:02:14 PM	Info	Agilent Generic I/O Module				Plugin loaded from cache:   AgilentGenericIO.dll   5.0.0			0	
06-Oct-17 12:02:14 PM	Info	Agilent Labware MiniHub				Plugin loaded from cache:   AgilentLabwareMiniHub.dll   1.0.3			0	
06-Oct-17 12:02:14 PM	Info	Agilent Phantom Robot				Plugin loaded from cache:   AgilentPhantomRobot.dll   9.0.5			0	
06-Oct-17 12:02:14 PM	Info	Agilent Phantom Stacker				Plugin loaded from cache:   AgilentPhantomStacker.dll   2.0.1			0	
06-Oct-17 12:02:14 PM	Info	Agilent Plate Hotel				Plugin loaded from cache:   AgilentPlateHotel.dll   1.0.3			0	
06-Oct-17 12:02:14 PM	Info	Agilent Plate Hub Carousel				Plugin loaded from cache:   AgilentPlateHubCarousel.dll   8.0.1			0	
06-Oct-17 12:02:14 PM	Info	Waste Bin				Plugin loaded from cache:   AgilentWasteBin.dll   3.0.0			0	
06-Oct-17 12:02:14 PM	Info	Agilent Weigh Pad				Plugin loaded from cache:   AgilentWeighPad.dll   8.0.0			0	
06-Oct-17 12:02:14 PM	Info	Keyence Barcode Reader				Plugin loaded from cache:   KeyenceBarcodeReader.dll   6.0.0			0	
06-Oct-17 12:02:14 PM	Info	Plate Pad, Standard				Plugin loaded from cache:   PlatePad.dll   6.0.0			0	
06-Oct-17 12:02:33 PM	Info					administrator logged in			1	
06-Oct-17 12:02:40 PM	Info					File loaded		C:\VWorks Workspace\Forms\SCELSE\TruSeqPCRFree_Nano.VWForm	1	
06-Oct-17 12:02:47 PM	Script					Initializing scripting engine...			1	
06-Oct-17 12:02:47 PM	Script					Fri Oct 06 2017 12:02:47 GMT+0800 (Malay Peninsula Standard Time)			1	
06-Oct-17 12:02:47 PM	Script					var plate_type = "ABI PCR half skirt in black carrier";		C:\VWorks Workspace\Forms\SCELSE\TruSeqPCRFree_Nano.VWForm	1	
06-Oct-17 12:02:47 PM	Script					var DNA_source = 0;		C:\VWorks Workspace\Forms\SCELSE\TruSeqPCRFree_Nano.VWForm	1	
06-Oct-17 12:02:47 PM	Script					var protocol_testing = 0;		C:\VWorks Workspace\Forms\SCELSE\TruSeqPCRFree_Nano.VWForm	1	
06-Oct-17 12:02:47 PM	Script					var BasePair = 57;		C:\VWorks Workspace\Forms\SCELSE\TruSeqPCRFree_Nano.VWForm	1	
06-Oct-17 12:02:47 PM	Script					var formProtocolName = "TruSeqPCRFree_Nano_runset.rst";		C:\VWorks Workspace\Forms\SCELSE\TruSeqPCRFree_Nano.VWForm	1	
06-Oct-17 12:02:47 PM	Script					var columns_samples = 6;		C:\VWorks Workspace\Forms\SCELSE\TruSeqPCRFree_Nano.VWForm	1	
06-Oct-17 12:02:47 PM	Script					Number of Columns selected is 6			1	
06-Oct-17 12:02:47 PM	Script					Case: 6 Columns			1	
06-Oct-17 12:02:52 PM	Script					var plate_type = "ABI PCR half skirt in black carrier";		C:\VWorks Workspace\Forms\SCELSE\TruSeqPCRFree_Nano.VWForm	1	
06-Oct-17 12:02:52 PM	Script					var DNA_source = 0;		C:\VWorks Workspace\Forms\SCELSE\TruSeqPCRFree_Nano.VWForm	1	
06-Oct-17 12:02:52 PM	Script					var protocol_testing = 0;		C:\VWorks Workspace\Forms\SCELSE\TruSeqPCRFree_Nano.VWForm	1	
06-Oct-17 12:02:52 PM	Script					var BasePair = 50;		C:\VWorks Workspace\Forms\SCELSE\TruSeqPCRFree_Nano.VWForm	1	
06-Oct-17 12:02:52 PM	Script					var formProtocolName = "TruSeqPCRFree_Nano_runset.rst";		C:\VWorks Workspace\Forms\SCELSE\TruSeqPCRFree_Nano.VWForm	1	
06-Oct-17 12:02:52 PM	Script					var columns_samples = 6;		C:\VWorks Workspace\Forms\SCELSE\TruSeqPCRFree_Nano.VWForm	1	
06-Oct-17 12:02:53 PM	Script					Number of Columns selected is 6			1	
06-Oct-17 12:02:53 PM	Script					Case: 6 Columns			1	
06-Oct-17 12:02:56 PM	Script					var plate_type = "ABI PCR half skirt in black carrier";		C:\VWorks Workspace\Forms\SCELSE\TruSeqPCRFree_Nano.VWForm	1	
06-Oct-17 12:02:56 PM	Script					var DNA_source = 0;		C:\VWorks Workspace\Forms\SCELSE\TruSeqPCRFree_Nano.VWForm	1	
06-Oct-17 12:02:56 PM	Script					var protocol_testing = 0;		C:\VWorks Workspace\Forms\SCELSE\TruSeqPCRFree_Nano.VWForm	1	
06-Oct-17 12:02:56 PM	Script					var BasePair = 57;		C:\VWorks Workspace\Forms\SCELSE\TruSeqPCRFree_Nano.VWForm	1	
06-Oct-17 12:02:57 PM	Script					var formProtocolName = "TruSeqPCRFree_Nano_runset.rst";		C:\VWorks Workspace\Forms\SCELSE\TruSeqPCRFree_Nano.VWForm	1	
06-Oct-17 12:02:57 PM	Script					var columns_samples = 6;		C:\VWorks Workspace\Forms\SCELSE\TruSeqPCRFree_Nano.VWForm	1	
06-Oct-17 12:02:57 PM	Script					Number of Columns selected is 6			1	
06-Oct-17 12:02:57 PM	Script					Case: 6 Columns			1	
06-Oct-17 12:03:12 PM	Info					File loaded		C:\VWorks Workspace\Forms\SCELSE\TruSeqPCRFree_Nano\TruSeqPCRFree_Nano.VWForm	1	
06-Oct-17 12:03:14 PM	Script					var plate_type = "96 ABI PCR half skirt in black carrier";		C:\VWorks Workspace\Forms\SCELSE\TruSeqPCRFree_Nano\TruSeqPCRFree_Nano.VWForm	1	
06-Oct-17 12:03:15 PM	Script					var DNA_source = 0;		C:\VWorks Workspace\Forms\SCELSE\TruSeqPCRFree_Nano\TruSeqPCRFree_Nano.VWForm	1	
06-Oct-17 12:03:15 PM	Script					var protocol_testing = 0;		C:\VWorks Workspace\Forms\SCELSE\TruSeqPCRFree_Nano\TruSeqPCRFree_Nano.VWForm	1	
06-Oct-17 12:03:15 PM	Script					var BasePair = 57;		C:\VWorks Workspace\Forms\SCELSE\TruSeqPCRFree_Nano\TruSeqPCRFree_Nano.VWForm	1	
06-Oct-17 12:03:15 PM	Script					var formProtocolName = "TruSeqPCRFree_Nano_runset.rst";		C:\VWorks Workspace\Forms\SCELSE\TruSeqPCRFree_Nano\TruSeqPCRFree_Nano.VWForm	1	
06-Oct-17 12:03:15 PM	Script					var columns_samples = 1;		C:\VWorks Workspace\Forms\SCELSE\TruSeqPCRFree_Nano\TruSeqPCRFree_Nano.VWForm	1	
06-Oct-17 12:03:15 PM	Script					Number of Columns selected is 1			1	
06-Oct-17 12:03:15 PM	Script					Case: 1 Columns			1	
06-Oct-17 12:03:20 PM	Script					var plate_type = "96 ABI PCR half skirt in black carrier";		C:\VWorks Workspace\Forms\SCELSE\TruSeqPCRFree_Nano\TruSeqPCRFree_Nano.VWForm	1	
06-Oct-17 12:03:21 PM	Script					var DNA_source = 0;		C:\VWorks Workspace\Forms\SCELSE\TruSeqPCRFree_Nano\TruSeqPCRFree_Nano.VWForm	1	
06-Oct-17 12:03:21 PM	Script					var protocol_testing = 0;		C:\VWorks Workspace\Forms\SCELSE\TruSeqPCRFree_Nano\TruSeqPCRFree_Nano.VWForm	1	
06-Oct-17 12:03:21 PM	Script					var BasePair = 57;		C:\VWorks Workspace\Forms\SCELSE\TruSeqPCRFree_Nano\TruSeqPCRFree_Nano.VWForm	1	
06-Oct-17 12:03:21 PM	Script					var formProtocolName = "TruSeqPCRFree_Nano_runset.rst";		C:\VWorks Workspace\Forms\SCELSE\TruSeqPCRFree_Nano\TruSeqPCRFree_Nano.VWForm	1	
06-Oct-17 12:03:21 PM	Script					var columns_samples = 6;		C:\VWorks Workspace\Forms\SCELSE\TruSeqPCRFree_Nano\TruSeqPCRFree_Nano.VWForm	1	
06-Oct-17 12:03:22 PM	Script					Number of Columns selected is 6			1	
06-Oct-17 12:03:22 PM	Script					Case: 6 Columns			1	
06-Oct-17 12:03:23 PM	Script					var plate_type = "96 ABI PCR half skirt in black carrier";		C:\VWorks Workspace\Forms\SCELSE\TruSeqPCRFree_Nano\TruSeqPCRFree_Nano.VWForm	1	
06-Oct-17 12:03:23 PM	Script					var DNA_source = 0;		C:\VWorks Workspace\Forms\SCELSE\TruSeqPCRFree_Nano\TruSeqPCRFree_Nano.VWForm	1	
06-Oct-17 12:03:24 PM	Script					var protocol_testing = 0;		C:\VWorks Workspace\Forms\SCELSE\TruSeqPCRFree_Nano\TruSeqPCRFree_Nano.VWForm	1	
06-Oct-17 12:03:24 PM	Script					var BasePair = 57;		C:\VWorks Workspace\Forms\SCELSE\TruSeqPCRFree_Nano\TruSeqPCRFree_Nano.VWForm	1	
06-Oct-17 12:03:24 PM	Script					var formProtocolName = "TruSeqPCRFree_Nano_runset.rst";		C:\VWorks Workspace\Forms\SCELSE\TruSeqPCRFree_Nano\TruSeqPCRFree_Nano.VWForm	1	
06-Oct-17 12:03:24 PM	Script					var columns_samples = 6;		C:\VWorks Workspace\Forms\SCELSE\TruSeqPCRFree_Nano\TruSeqPCRFree_Nano.VWForm	1	
06-Oct-17 12:03:24 PM	Script					Clearing Plate Inventory			1	
06-Oct-17 12:03:25 PM	Script					Clearing Runset			1	
06-Oct-17 12:03:25 PM	Script					Starting runset : TruSeqPCRFree_Nano_runset.rst			1	
06-Oct-17 12:03:25 PM	Info					Runset Manager: Added the run "C:\VWorks Workspace\Protocol Files\TruSeqPCRFree\7_AMPureXP_TruSeqPCRFree_DNArunset_v1.0.pro" to Runset Manager.			1	
06-Oct-17 12:03:25 PM	Info					Runset Manager: Added the run "C:\VWorks Workspace\Protocol Files\TruSeqPCRFree\8_EndRepair_TruSeqPCRFree_v1.0.pro" to Runset Manager.			1	
06-Oct-17 12:03:25 PM	Info					Runset Manager: Added the run "C:\VWorks Workspace\Protocol Files\TruSeqPCRFree\9_AMPureXP_TruSeqPCRFree_DNArunset_v1.0.pro" to Runset Manager.			1	
06-Oct-17 12:03:25 PM	Info					Runset Manager: Added the run "C:\VWorks Workspace\Protocol Files\TruSeqPCRFree\10_A-Tailing_TruSeqPCRFree_v1.0.pro" to Runset Manager.			1	
06-Oct-17 12:03:25 PM	Info					Runset Manager: Added the run "C:\VWorks Workspace\Protocol Files\TruSeqPCRFree\11_AdapterLigation_TruSeqPCRFree_v1.0.pro" to Runset Manager.			1	
06-Oct-17 12:03:25 PM	Info					Runset Manager: Added the run "C:\VWorks Workspace\Protocol Files\TruSeqPCRFree\12_StopLigation_TruSeqPCRFree_v1.0.pro" to Runset Manager.			1	
06-Oct-17 12:03:25 PM	Info					Runset Manager: Added the run "C:\VWorks Workspace\Protocol Files\TruSeqPCRFree\13_AMPureXP_TruSeqPCRFree_runset_v1.0.pro" to Runset Manager.			1	
06-Oct-17 12:03:25 PM	Info					Runset Manager: Added the run "C:\VWorks Workspace\Protocol Files\TruSeqPCRFree\14_AMPureXP_TruSeqPCRFree_runset_v1.0.pro" to Runset Manager.			1	
06-Oct-17 12:03:29 PM	Info	Agilent Labware MiniHub				Plugin loaded:   AgilentLabwareMiniHub.dll   1.0.3			1	
06-Oct-17 12:03:30 PM	Info					Hooks plugin loaded:    AgilentBenchCel.dll			0	
06-Oct-17 12:03:30 PM	Info	Agilent BenchCel				Plugin loaded:   AgilentBenchCel.dll   20.1.2			1	
06-Oct-17 12:03:34 PM	Info					Hooks plugin loaded:    AgilentBravo.dll			0	
06-Oct-17 12:03:34 PM	Info	Agilent Bravo				Plugin loaded:   AgilentBravo.dll   17.1.0			1	
06-Oct-17 12:03:38 PM	Info					File loaded		C:\VWorks Workspace\Device Files\TruSeq\TruSeq RNA_DNA Sample Prep_v1.0\BravoMiniPHBenchCel_round_magnet_RED_insert.dev	1	
06-Oct-17 12:03:38 PM	Info					File loaded	7_AMPureXP_TruSeqPCRFree_DNArunset_v1.0	C:\VWorks Workspace\Protocol Files\TruSeqPCRFree\7_AMPureXP_TruSeqPCRFree_DNArunset_v1.0.pro	1	
06-Oct-17 12:03:54 PM	Warning			emptytips2	1	No plate to unload from the device Agilent Labware MiniHub - 1 location : cassette 4, slot 1		7_AMPureXP_TruSeqPCRFree_DNArunset_v1.0.pro	1	
06-Oct-17 12:03:54 PM	Warning			emptytips2	1	There aren't any available plates for the unload task to unload		7_AMPureXP_TruSeqPCRFree_DNArunset_v1.0.pro	1	
06-Oct-17 12:03:54 PM	Warning			Ethanol Reservoir	1	No plate to unload from the device Agilent Labware MiniHub - 1 location : cassette 2, slot 1		7_AMPureXP_TruSeqPCRFree_DNArunset_v1.0.pro	1	
06-Oct-17 12:03:54 PM	Warning			Ethanol Reservoir	1	There aren't any available plates for the unload task to unload		7_AMPureXP_TruSeqPCRFree_DNArunset_v1.0.pro	1	
06-Oct-17 12:03:54 PM	Warning			Resuspension Buffer	1	No plate to unload from the device Agilent Labware MiniHub - 1 location : cassette 2, slot 2		7_AMPureXP_TruSeqPCRFree_DNArunset_v1.0.pro	1	
06-Oct-17 12:03:54 PM	Warning			Resuspension Buffer	1	There aren't any available plates for the unload task to unload		7_AMPureXP_TruSeqPCRFree_DNArunset_v1.0.pro	1	
06-Oct-17 12:03:54 PM	Warning			SPRI reservoir	1	No plate to unload from the device Agilent Labware MiniHub - 1 location : cassette 3, slot 2		7_AMPureXP_TruSeqPCRFree_DNArunset_v1.0.pro	1	
06-Oct-17 12:03:54 PM	Warning			SPRI reservoir	1	There aren't any available plates for the unload task to unload		7_AMPureXP_TruSeqPCRFree_DNArunset_v1.0.pro	1	
06-Oct-17 12:03:54 PM	Info					Compile complete with 0 errors and 8 warnings			1	
06-Oct-17 12:03:54 PM	Script					var plate_type = "ABI PCR half skirt in black carrier";		C:\VWorks Workspace\Forms\SCELSE\TruSeqPCRFree_Nano.VWForm	1	
06-Oct-17 12:03:54 PM	Script					var DNA_source = 0;		C:\VWorks Workspace\Forms\SCELSE\TruSeqPCRFree_Nano.VWForm	1	
06-Oct-17 12:03:54 PM	Script					var protocol_testing = 0;		C:\VWorks Workspace\Forms\SCELSE\TruSeqPCRFree_Nano.VWForm	1	
06-Oct-17 12:03:54 PM	Script					var BasePair = 57;		C:\VWorks Workspace\Forms\SCELSE\TruSeqPCRFree_Nano.VWForm	1	
06-Oct-17 12:03:54 PM	Script					var formProtocolName = "TruSeqPCRFree_Nano_runset.rst";		C:\VWorks Workspace\Forms\SCELSE\TruSeqPCRFree_Nano.VWForm	1	
06-Oct-17 12:03:55 PM	Script					var columns_samples = 6;		C:\VWorks Workspace\Forms\SCELSE\TruSeqPCRFree_Nano.VWForm	1	
06-Oct-17 12:03:55 PM	Event					Scheduler started			1	
06-Oct-17 12:03:55 PM	Info	Agilent Labware MiniHub - 1				Initializing device		C:\VWorks Workspace\Device Files\TruSeq\TruSeq RNA_DNA Sample Prep_v1.0\BravoMiniPHBenchCel_round_magnet_RED_insert.dev	1	
06-Oct-17 12:03:55 PM	Info	BenchCel - 1				Initializing device		C:\VWorks Workspace\Device Files\TruSeq\TruSeq RNA_DNA Sample Prep_v1.0\BravoMiniPHBenchCel_round_magnet_RED_insert.dev	1	
06-Oct-17 12:03:55 PM	Info	Bravo - 1				Initializing device		C:\VWorks Workspace\Device Files\TruSeq\TruSeq RNA_DNA Sample Prep_v1.0\BravoMiniPHBenchCel_round_magnet_RED_insert.dev	1	
06-Oct-17 12:03:56 PM	Info	BenchCel - 1				Initialization complete		C:\VWorks Workspace\Device Files\TruSeq\TruSeq RNA_DNA Sample Prep_v1.0\BravoMiniPHBenchCel_round_magnet_RED_insert.dev	1	
06-Oct-17 12:04:03 PM	Info	Agilent Labware MiniHub - 1				Initialization complete		C:\VWorks Workspace\Device Files\TruSeq\TruSeq RNA_DNA Sample Prep_v1.0\BravoMiniPHBenchCel_round_magnet_RED_insert.dev	1	
06-Oct-17 12:04:04 PM	Error	Bravo - 1				There appears to be a plate present in, or in front of the gripper's plate presence sensor.			1	
06-Oct-17 12:04:04 PM	Error	Bravo - 1				  - Choose "Retry" to check the plate presence sensor again.			1	
06-Oct-17 12:04:04 PM	Error	Bravo - 1				  - Choose "Ignore" to continue to home the G axis.  Please note that any plate currently held by the gripper will be dropped.			1	
06-Oct-17 12:04:04 PM	Error	Bravo - 1				  - Choose "Abort" to cancel initialization.			1	
06-Oct-17 12:04:04 PM	Info					Error library: Select best match error handler: "Default" and action type "show error dialog"			1	
06-Oct-17 12:04:26 PM	Info	Bravo - 1				Ignoring: There appears to be a plate present in, or in front of the gripper's plate presence sensor.			1	
06-Oct-17 12:04:26 PM	Info	Bravo - 1				  - Choose "Retry" to check the plate presence sensor again.			1	
06-Oct-17 12:04:26 PM	Info	Bravo - 1				  - Choose "Ignore" to continue to home the G axis.  Please note that any plate currently held by the gripper will be dropped.			1	
06-Oct-17 12:04:26 PM	Info	Bravo - 1				  - Choose "Abort" to cancel initialization.			1	
06-Oct-17 12:04:26 PM	Error	Bravo - 1				Please verify that it is safe to home the W-axis (the aspirate/dispense axis).  If there is fluid in the tips you may want to manually home the W-axis in diagnostics over a waste position.			1	
06-Oct-17 12:04:26 PM	Error	Bravo - 1				  - Choose "Retry" to continue homing the W-axis.			1	
06-Oct-17 12:04:26 PM	Error	Bravo - 1				  - Choose "Ignore" to leave the W-axis unhomed.			1	
06-Oct-17 12:04:26 PM	Error	Bravo - 1				  - Choose "Abort" to cancel initialization.			1	
06-Oct-17 12:04:26 PM	Info					Error library: Select best match error handler: "Default" and action type "show error dialog"			1	
06-Oct-17 12:04:54 PM	Info	Bravo - 1				Retrying: Please verify that it is safe to home the W-axis (the aspirate/dispense axis).  If there is fluid in the tips you may want to manually home the W-axis in diagnostics over a waste position.			1	
06-Oct-17 12:04:54 PM	Info	Bravo - 1				  - Choose "Retry" to continue homing the W-axis.			1	
06-Oct-17 12:04:54 PM	Info	Bravo - 1				  - Choose "Ignore" to leave the W-axis unhomed.			1	
06-Oct-17 12:04:54 PM	Info	Bravo - 1				  - Choose "Abort" to cancel initialization.			1	
06-Oct-17 12:04:54 PM	Info	Bravo - 1				Initialization complete		C:\VWorks Workspace\Device Files\TruSeq\TruSeq RNA_DNA Sample Prep_v1.0\BravoMiniPHBenchCel_round_magnet_RED_insert.dev	1	
06-Oct-17 12:04:54 PM	Script					Successfully opened tiptracking.js file.			1	
06-Oct-17 12:04:54 PM	Script					Clearing Plate Inventory			1	
06-Oct-17 12:04:54 PM	Info					Error library: Protocol started using error library file: ""			1	
06-Oct-17 12:04:54 PM	Event					Startup protocol starting	7_AMPureXP_TruSeqPCRFree_DNArunset_v1.0	C:\VWorks Workspace\Protocol Files\TruSeqPCRFree\7_AMPureXP_TruSeqPCRFree_DNArunset_v1.0.pro	1	
06-Oct-17 12:04:54 PM	Event			startup process - 1 1		Process starting, north barcode: No bar code, east barcode: No bar code, south barcode: No bar code, west barcode: No bar code	7_AMPureXP_TruSeqPCRFree_DNArunset_v1.0	C:\VWorks Workspace\Protocol Files\TruSeqPCRFree\7_AMPureXP_TruSeqPCRFree_DNArunset_v1.0.pro	1	
06-Oct-17 12:04:55 PM	Script					END: Fri Oct 06 2017 14:20:11 GMT+0800 (Malay Peninsula Standard Time)			1	
06-Oct-17 12:04:55 PM	Script					ctdown			1	
06-Oct-17 12:04:55 PM	Event			startup process - 1 1	1	JavaScript	7_AMPureXP_TruSeqPCRFree_DNArunset_v1.0	C:\VWorks Workspace\Protocol Files\TruSeqPCRFree\7_AMPureXP_TruSeqPCRFree_DNArunset_v1.0.pro	1	
06-Oct-17 12:04:55 PM	Event			startup process - 1 1	1	Completed: JavaScript	7_AMPureXP_TruSeqPCRFree_DNArunset_v1.0	C:\VWorks Workspace\Protocol Files\TruSeqPCRFree\7_AMPureXP_TruSeqPCRFree_DNArunset_v1.0.pro	1	
06-Oct-17 12:04:55 PM	Script					The state of runset is false			1	
06-Oct-17 12:04:55 PM	Event			startup process - 1 1	2	Configure static labware on Bravo - 1	7_AMPureXP_TruSeqPCRFree_DNArunset_v1.0	C:\VWorks Workspace\Protocol Files\TruSeqPCRFree\7_AMPureXP_TruSeqPCRFree_DNArunset_v1.0.pro	1	
06-Oct-17 12:04:55 PM	Info			startup process - 1	2	Changed "task Configure Labware, changed variable " to "96 Deep Well PP Sqr Well V Btm"	7_AMPureXP_TruSeqPCRFree_DNArunset_v1.0	C:\VWorks Workspace\Protocol Files\TruSeqPCRFree\7_AMPureXP_TruSeqPCRFree_DNArunset_v1.0.pro	1	
06-Oct-17 12:04:55 PM	Info			startup process - 1	2	Changed "task Configure Labware, changed variable " to "96 Nunc Deep Well 1 mL"	7_AMPureXP_TruSeqPCRFree_DNArunset_v1.0	C:\VWorks Workspace\Protocol Files\TruSeqPCRFree\7_AMPureXP_TruSeqPCRFree_DNArunset_v1.0.pro	1	
06-Oct-17 12:04:55 PM	Event			startup process - 1 1	2	Completed: Configure static labware on Bravo - 1	7_AMPureXP_TruSeqPCRFree_DNArunset_v1.0	C:\VWorks Workspace\Protocol Files\TruSeqPCRFree\7_AMPureXP_TruSeqPCRFree_DNArunset_v1.0.pro	1	
06-Oct-17 12:04:55 PM	Script					User has entered 6 columns.			1	
06-Oct-17 12:04:55 PM	Script					The number of columns that will be processed is 6.			1	
06-Oct-17 12:04:55 PM	Script					The head mode configuration is 3,3,8,6			1	
06-Oct-17 12:04:55 PM	Event			startup process - 1 1	5	JavaScript	7_AMPureXP_TruSeqPCRFree_DNArunset_v1.0	C:\VWorks Workspace\Protocol Files\TruSeqPCRFree\7_AMPureXP_TruSeqPCRFree_DNArunset_v1.0.pro	1	
06-Oct-17 12:04:55 PM	Event			startup process - 1 1	5	Completed: JavaScript	7_AMPureXP_TruSeqPCRFree_DNArunset_v1.0	C:\VWorks Workspace\Protocol Files\TruSeqPCRFree\7_AMPureXP_TruSeqPCRFree_DNArunset_v1.0.pro	1	
06-Oct-17 12:04:55 PM	Event			startup process - 1 1	8	JavaScript	7_AMPureXP_TruSeqPCRFree_DNArunset_v1.0	C:\VWorks Workspace\Protocol Files\TruSeqPCRFree\7_AMPureXP_TruSeqPCRFree_DNArunset_v1.0.pro	1	
06-Oct-17 12:04:56 PM	Event			startup process - 1 1	8	Completed: JavaScript	7_AMPureXP_TruSeqPCRFree_DNArunset_v1.0	C:\VWorks Workspace\Protocol Files\TruSeqPCRFree\7_AMPureXP_TruSeqPCRFree_DNArunset_v1.0.pro	1	
06-Oct-17 12:04:56 PM	Event			startup process - 1 1	10	JavaScript	7_AMPureXP_TruSeqPCRFree_DNArunset_v1.0	C:\VWorks Workspace\Protocol Files\TruSeqPCRFree\7_AMPureXP_TruSeqPCRFree_DNArunset_v1.0.pro	1	
06-Oct-17 12:04:56 PM	Event			startup process - 1 1	10	Completed: JavaScript	7_AMPureXP_TruSeqPCRFree_DNArunset_v1.0	C:\VWorks Workspace\Protocol Files\TruSeqPCRFree\7_AMPureXP_TruSeqPCRFree_DNArunset_v1.0.pro	1	
06-Oct-17 12:04:56 PM	Script					script:5:ReferenceError: samples is not defined			1	
06-Oct-17 12:04:56 PM	Event			startup process - 1 1	11	JavaScript	7_AMPureXP_TruSeqPCRFree_DNArunset_v1.0	C:\VWorks Workspace\Protocol Files\TruSeqPCRFree\7_AMPureXP_TruSeqPCRFree_DNArunset_v1.0.pro	1	
06-Oct-17 12:04:56 PM	Event			startup process - 1 1	11	Completed: JavaScript	7_AMPureXP_TruSeqPCRFree_DNArunset_v1.0	C:\VWorks Workspace\Protocol Files\TruSeqPCRFree\7_AMPureXP_TruSeqPCRFree_DNArunset_v1.0.pro	1	
06-Oct-17 12:04:56 PM	Script					The volumes used in this protocol are from case 1			1	
06-Oct-17 12:04:56 PM	Script					The volume of DNA and beads is 130ul			1	
06-Oct-17 12:04:56 PM	Script					The elution volume is 62.5ul			1	
06-Oct-17 12:04:56 PM	Script					The volume of DNA and beads is 130ul			1	
06-Oct-17 12:04:56 PM	Event			startup process - 1 1	12	JavaScript	7_AMPureXP_TruSeqPCRFree_DNArunset_v1.0	C:\VWorks Workspace\Protocol Files\TruSeqPCRFree\7_AMPureXP_TruSeqPCRFree_DNArunset_v1.0.pro	1	
06-Oct-17 12:04:56 PM	Event			startup process - 1 1	12	Completed: JavaScript	7_AMPureXP_TruSeqPCRFree_DNArunset_v1.0	C:\VWorks Workspace\Protocol Files\TruSeqPCRFree\7_AMPureXP_TruSeqPCRFree_DNArunset_v1.0.pro	1	
06-Oct-17 12:04:56 PM	Event	Bravo - 1	1	startup process - 1 1	13	Set temperature - Position at Location 4	7_AMPureXP_TruSeqPCRFree_DNArunset_v1.0	C:\VWorks Workspace\Protocol Files\TruSeqPCRFree\7_AMPureXP_TruSeqPCRFree_DNArunset_v1.0.pro	1	
06-Oct-17 12:04:58 PM	Event	Bravo - 1	1	startup process - 1 1	13	Completed: Set temperature - Position at Location 4	7_AMPureXP_TruSeqPCRFree_DNArunset_v1.0	C:\VWorks Workspace\Protocol Files\TruSeqPCRFree\7_AMPureXP_TruSeqPCRFree_DNArunset_v1.0.pro	1	
06-Oct-17 12:04:58 PM	Event	Bravo - 1	1	startup process - 1 1	14	Set temperature - Position at Location 6	7_AMPureXP_TruSeqPCRFree_DNArunset_v1.0	C:\VWorks Workspace\Protocol Files\TruSeqPCRFree\7_AMPureXP_TruSeqPCRFree_DNArunset_v1.0.pro	1	
06-Oct-17 12:04:59 PM	Info					Pause protocol			1	
06-Oct-17 12:04:59 PM	Event					Scheduler stopped			1	
06-Oct-17 12:05:00 PM	Event	Bravo - 1	1	startup process - 1 1	14	Completed: Set temperature - Position at Location 6	7_AMPureXP_TruSeqPCRFree_DNArunset_v1.0	C:\VWorks Workspace\Protocol Files\TruSeqPCRFree\7_AMPureXP_TruSeqPCRFree_DNArunset_v1.0.pro	1	
06-Oct-17 12:05:04 PM	Script					var plate_type = "ABI PCR half skirt in black carrier";		C:\VWorks Workspace\Forms\SCELSE\TruSeqPCRFree_Nano.VWForm	1	
06-Oct-17 12:05:04 PM	Script					var DNA_source = 0;		C:\VWorks Workspace\Forms\SCELSE\TruSeqPCRFree_Nano.VWForm	1	
06-Oct-17 12:05:04 PM	Script					var protocol_testing = 0;		C:\VWorks Workspace\Forms\SCELSE\TruSeqPCRFree_Nano.VWForm	1	
06-Oct-17 12:05:04 PM	Script					var BasePair = 57;		C:\VWorks Workspace\Forms\SCELSE\TruSeqPCRFree_Nano.VWForm	1	
06-Oct-17 12:05:04 PM	Script					var formProtocolName = "TruSeqPCRFree_Nano_runset.rst";		C:\VWorks Workspace\Forms\SCELSE\TruSeqPCRFree_Nano.VWForm	1	
06-Oct-17 12:05:04 PM	Script					var columns_samples = 6;		C:\VWorks Workspace\Forms\SCELSE\TruSeqPCRFree_Nano.VWForm	1	
06-Oct-17 12:05:04 PM	Event					Scheduler started			1	
06-Oct-17 12:05:04 PM	Event			startup process - 1 1		Process finishing	7_AMPureXP_TruSeqPCRFree_DNArunset_v1.0	C:\VWorks Workspace\Protocol Files\TruSeqPCRFree\7_AMPureXP_TruSeqPCRFree_DNArunset_v1.0.pro	1	
06-Oct-17 12:05:04 PM	Event	BenchCel - 1	Stacker 1	TipControl		Load stacker rack at location "Stacker 1" of device "BenchCel - 1" with plate "TipControl" of labware type "96 V11 LT250 Tip Box 19477.002"	7_AMPureXP_TruSeqPCRFree_DNArunset_v1.0	C:\VWorks Workspace\Protocol Files\TruSeqPCRFree\7_AMPureXP_TruSeqPCRFree_DNArunset_v1.0.pro	1	
06-Oct-17 12:05:07 PM	Info					Pause protocol			1	
06-Oct-17 12:05:07 PM	Event					Scheduler stopped			1	
06-Oct-17 12:05:09 PM	Event	BenchCel - 1	Stacker 2	TipControl		Load stacker rack at location "Stacker 2" of device "BenchCel - 1" with plate "TipControl" of labware type "96 V11 LT250 Tip Box 19477.002"	7_AMPureXP_TruSeqPCRFree_DNArunset_v1.0	C:\VWorks Workspace\Protocol Files\TruSeqPCRFree\7_AMPureXP_TruSeqPCRFree_DNArunset_v1.0.pro	1	
06-Oct-17 12:05:13 PM	Event	BenchCel - 1	Stacker 3	Upstack 3		Load stacker rack at location "Stacker 3" of device "BenchCel - 1" with plate "Upstack 3" of labware type "96 V11 LT250 Tip Box 19477.002"	7_AMPureXP_TruSeqPCRFree_DNArunset_v1.0	C:\VWorks Workspace\Protocol Files\TruSeqPCRFree\7_AMPureXP_TruSeqPCRFree_DNArunset_v1.0.pro	1	
06-Oct-17 12:05:18 PM	Event	BenchCel - 1	Stacker 4	Upstack 4		Load stacker rack at location "Stacker 4" of device "BenchCel - 1" with plate "Upstack 4" of labware type "96 V11 LT250 Tip Box 19477.002"	7_AMPureXP_TruSeqPCRFree_DNArunset_v1.0	C:\VWorks Workspace\Protocol Files\TruSeqPCRFree\7_AMPureXP_TruSeqPCRFree_DNArunset_v1.0.pro	1	
06-Oct-17 12:05:23 PM	Info			AMPure XP Cleanup 1		1 plate required	7_AMPureXP_TruSeqPCRFree_DNArunset_v1.0	C:\VWorks Workspace\Protocol Files\TruSeqPCRFree\7_AMPureXP_TruSeqPCRFree_DNArunset_v1.0.pro	1	
06-Oct-17 12:05:23 PM	Info			DNA plate		Plates are spawned on demand	7_AMPureXP_TruSeqPCRFree_DNArunset_v1.0	C:\VWorks Workspace\Protocol Files\TruSeqPCRFree\7_AMPureXP_TruSeqPCRFree_DNArunset_v1.0.pro	1	
06-Oct-17 12:05:23 PM	Info			SPRI reservoir		Plates are spawned on demand	7_AMPureXP_TruSeqPCRFree_DNArunset_v1.0	C:\VWorks Workspace\Protocol Files\TruSeqPCRFree\7_AMPureXP_TruSeqPCRFree_DNArunset_v1.0.pro	1	
06-Oct-17 12:05:23 PM	Info			Ethanol Reservoir		Plates are spawned on demand	7_AMPureXP_TruSeqPCRFree_DNArunset_v1.0	C:\VWorks Workspace\Protocol Files\TruSeqPCRFree\7_AMPureXP_TruSeqPCRFree_DNArunset_v1.0.pro	1	
06-Oct-17 12:05:23 PM	Info			Resuspension Buffer		Plates are spawned on demand	7_AMPureXP_TruSeqPCRFree_DNArunset_v1.0	C:\VWorks Workspace\Protocol Files\TruSeqPCRFree\7_AMPureXP_TruSeqPCRFree_DNArunset_v1.0.pro	1	
06-Oct-17 12:05:23 PM	Info			TipControl		Plates are spawned on demand	7_AMPureXP_TruSeqPCRFree_DNArunset_v1.0	C:\VWorks Workspace\Protocol Files\TruSeqPCRFree\7_AMPureXP_TruSeqPCRFree_DNArunset_v1.0.pro	1	
06-Oct-17 12:05:23 PM	Info			UsedTipUpstack		Plates are spawned on demand	7_AMPureXP_TruSeqPCRFree_DNArunset_v1.0	C:\VWorks Workspace\Protocol Files\TruSeqPCRFree\7_AMPureXP_TruSeqPCRFree_DNArunset_v1.0.pro	1	
06-Oct-17 12:05:23 PM	Info			tips2		Plates are spawned on demand	7_AMPureXP_TruSeqPCRFree_DNArunset_v1.0	C:\VWorks Workspace\Protocol Files\TruSeqPCRFree\7_AMPureXP_TruSeqPCRFree_DNArunset_v1.0.pro	1	
06-Oct-17 12:05:23 PM	Info			emptytips2		Plates are spawned on demand	7_AMPureXP_TruSeqPCRFree_DNArunset_v1.0	C:\VWorks Workspace\Protocol Files\TruSeqPCRFree\7_AMPureXP_TruSeqPCRFree_DNArunset_v1.0.pro	1	
06-Oct-17 12:05:23 PM	Info			tips3		Plates are spawned on demand	7_AMPureXP_TruSeqPCRFree_DNArunset_v1.0	C:\VWorks Workspace\Protocol Files\TruSeqPCRFree\7_AMPureXP_TruSeqPCRFree_DNArunset_v1.0.pro	1	
06-Oct-17 12:05:23 PM	Info			emptytips3		Plates are spawned on demand	7_AMPureXP_TruSeqPCRFree_DNArunset_v1.0	C:\VWorks Workspace\Protocol Files\TruSeqPCRFree\7_AMPureXP_TruSeqPCRFree_DNArunset_v1.0.pro	1	
06-Oct-17 12:05:23 PM	Info			tips4		Plates are spawned on demand	7_AMPureXP_TruSeqPCRFree_DNArunset_v1.0	C:\VWorks Workspace\Protocol Files\TruSeqPCRFree\7_AMPureXP_TruSeqPCRFree_DNArunset_v1.0.pro	1	
06-Oct-17 12:05:23 PM	Info			emptytips4		Plates are spawned on demand	7_AMPureXP_TruSeqPCRFree_DNArunset_v1.0	C:\VWorks Workspace\Protocol Files\TruSeqPCRFree\7_AMPureXP_TruSeqPCRFree_DNArunset_v1.0.pro	1	
06-Oct-17 12:05:23 PM	Info			tips5		Plates are spawned on demand	7_AMPureXP_TruSeqPCRFree_DNArunset_v1.0	C:\VWorks Workspace\Protocol Files\TruSeqPCRFree\7_AMPureXP_TruSeqPCRFree_DNArunset_v1.0.pro	1	
06-Oct-17 12:05:23 PM	Info			emtpytips5		Plates are spawned on demand	7_AMPureXP_TruSeqPCRFree_DNArunset_v1.0	C:\VWorks Workspace\Protocol Files\TruSeqPCRFree\7_AMPureXP_TruSeqPCRFree_DNArunset_v1.0.pro	1	
06-Oct-17 12:05:23 PM	Info			tips6		Plates are spawned on demand	7_AMPureXP_TruSeqPCRFree_DNArunset_v1.0	C:\VWorks Workspace\Protocol Files\TruSeqPCRFree\7_AMPureXP_TruSeqPCRFree_DNArunset_v1.0.pro	1	
06-Oct-17 12:05:23 PM	Info			emptytips6		Plates are spawned on demand	7_AMPureXP_TruSeqPCRFree_DNArunset_v1.0	C:\VWorks Workspace\Protocol Files\TruSeqPCRFree\7_AMPureXP_TruSeqPCRFree_DNArunset_v1.0.pro	1	
06-Oct-17 12:05:23 PM	Info			tips7		Plates are spawned on demand	7_AMPureXP_TruSeqPCRFree_DNArunset_v1.0	C:\VWorks Workspace\Protocol Files\TruSeqPCRFree\7_AMPureXP_TruSeqPCRFree_DNArunset_v1.0.pro	1	
06-Oct-17 12:05:23 PM	Info			emptytips7		Plates are spawned on demand	7_AMPureXP_TruSeqPCRFree_DNArunset_v1.0	C:\VWorks Workspace\Protocol Files\TruSeqPCRFree\7_AMPureXP_TruSeqPCRFree_DNArunset_v1.0.pro	1	
06-Oct-17 12:05:23 PM	Info			tips8		Plates are spawned on demand	7_AMPureXP_TruSeqPCRFree_DNArunset_v1.0	C:\VWorks Workspace\Protocol Files\TruSeqPCRFree\7_AMPureXP_TruSeqPCRFree_DNArunset_v1.0.pro	1	
06-Oct-17 12:05:23 PM	Info			emptytips8		Plates are spawned on demand	7_AMPureXP_TruSeqPCRFree_DNArunset_v1.0	C:\VWorks Workspace\Protocol Files\TruSeqPCRFree\7_AMPureXP_TruSeqPCRFree_DNArunset_v1.0.pro	1	
06-Oct-17 12:05:24 PM	Info			tips9		Plates are spawned on demand	7_AMPureXP_TruSeqPCRFree_DNArunset_v1.0	C:\VWorks Workspace\Protocol Files\TruSeqPCRFree\7_AMPureXP_TruSeqPCRFree_DNArunset_v1.0.pro	1	
06-Oct-17 12:05:24 PM	Info			emptytips9		Plates are spawned on demand	7_AMPureXP_TruSeqPCRFree_DNArunset_v1.0	C:\VWorks Workspace\Protocol Files\TruSeqPCRFree\7_AMPureXP_TruSeqPCRFree_DNArunset_v1.0.pro	1	
06-Oct-17 12:05:24 PM	Info			EmptyNow		Plates are spawned on demand	7_AMPureXP_TruSeqPCRFree_DNArunset_v1.0	C:\VWorks Workspace\Protocol Files\TruSeqPCRFree\7_AMPureXP_TruSeqPCRFree_DNArunset_v1.0.pro	1	
06-Oct-17 12:05:24 PM	Info			Upstack 3		Plates are spawned on demand	7_AMPureXP_TruSeqPCRFree_DNArunset_v1.0	C:\VWorks Workspace\Protocol Files\TruSeqPCRFree\7_AMPureXP_TruSeqPCRFree_DNArunset_v1.0.pro	1	
06-Oct-17 12:05:24 PM	Info			Upstack 4		Plates are spawned on demand	7_AMPureXP_TruSeqPCRFree_DNArunset_v1.0	C:\VWorks Workspace\Protocol Files\TruSeqPCRFree\7_AMPureXP_TruSeqPCRFree_DNArunset_v1.0.pro	1	
06-Oct-17 12:05:24 PM	Event					Main protocol starting	7_AMPureXP_TruSeqPCRFree_DNArunset_v1.0	C:\VWorks Workspace\Protocol Files\TruSeqPCRFree\7_AMPureXP_TruSeqPCRFree_DNArunset_v1.0.pro	1	
06-Oct-17 12:05:24 PM	Event					Startup protocol complete	7_AMPureXP_TruSeqPCRFree_DNArunset_v1.0	C:\VWorks Workspace\Protocol Files\TruSeqPCRFree\7_AMPureXP_TruSeqPCRFree_DNArunset_v1.0.pro	1	
06-Oct-17 12:05:28 PM	Event					Scheduler aborted			1	
06-Oct-17 12:05:29 PM	Event					Main protocol aborted by user	7_AMPureXP_TruSeqPCRFree_DNArunset_v1.0	C:\VWorks Workspace\Protocol Files\TruSeqPCRFree\7_AMPureXP_TruSeqPCRFree_DNArunset_v1.0.pro	1	
06-Oct-17 12:05:36 PM	Info					Diagnostics opened			1	
06-Oct-17 12:05:38 PM	Info	Agilent Labware MiniHub - 1				Opening diagnostics		C:\VWorks Workspace\Device Files\TruSeq\TruSeq RNA_DNA Sample Prep_v1.0\BravoMiniPHBenchCel_round_magnet_RED_insert.dev	1	
06-Oct-17 12:05:40 PM	Info	Agilent Labware MiniHub - 1				Closing diagnostics		C:\VWorks Workspace\Device Files\TruSeq\TruSeq RNA_DNA Sample Prep_v1.0\BravoMiniPHBenchCel_round_magnet_RED_insert.dev	1	
06-Oct-17 12:05:41 PM	Info	BenchCel - 1				Opening diagnostics		C:\VWorks Workspace\Device Files\TruSeq\TruSeq RNA_DNA Sample Prep_v1.0\BravoMiniPHBenchCel_round_magnet_RED_insert.dev	1	
06-Oct-17 12:06:26 PM	Info					MessageBox: There are BenchCel - 1 diagnostics dialogs opened.			1	
06-Oct-17 12:06:26 PM	Info					Please close them and try again!			1	
06-Oct-17 12:06:33 PM	Info	BenchCel - 1				Reset stack height: stack height at Stacker 1 is set to 0			1	
06-Oct-17 12:06:36 PM	Info	BenchCel - 1				Reset stack height: stack height at Stacker 2 is set to 0			1	
06-Oct-17 12:06:38 PM	Info	BenchCel - 1				Reset stack height: stack height at Stacker 3 is set to 0			1	
06-Oct-17 12:06:41 PM	Info	BenchCel - 1				Reset stack height: stack height at Stacker 4 is set to 0			1	
06-Oct-17 12:06:44 PM	Info	BenchCel - 1				Closing diagnostics		C:\VWorks Workspace\Device Files\TruSeq\TruSeq RNA_DNA Sample Prep_v1.0\BravoMiniPHBenchCel_round_magnet_RED_insert.dev	1	
06-Oct-17 12:06:55 PM	Info					File unloaded		C:\VWorks Workspace\Protocol Files\TruSeqPCRFree\7_AMPureXP_TruSeqPCRFree_DNArunset_v1.0.pro	1	
06-Oct-17 12:06:56 PM	Info	Agilent Labware MiniHub - 1				Closing device		C:\VWorks Workspace\Device Files\TruSeq\TruSeq RNA_DNA Sample Prep_v1.0\BravoMiniPHBenchCel_round_magnet_RED_insert.dev	1	
06-Oct-17 12:06:56 PM	Info	BenchCel - 1				Closing device		C:\VWorks Workspace\Device Files\TruSeq\TruSeq RNA_DNA Sample Prep_v1.0\BravoMiniPHBenchCel_round_magnet_RED_insert.dev	1	
06-Oct-17 12:06:56 PM	Info	Bravo - 1				Closing device		C:\VWorks Workspace\Device Files\TruSeq\TruSeq RNA_DNA Sample Prep_v1.0\BravoMiniPHBenchCel_round_magnet_RED_insert.dev	1	
06-Oct-17 12:06:56 PM	Info					File unloaded		C:\VWorks Workspace\Device Files\TruSeq\TruSeq RNA_DNA Sample Prep_v1.0\BravoMiniPHBenchCel_round_magnet_RED_insert.dev	1	
06-Oct-17 12:07:00 PM	Info					File unloaded		C:\VWorks Workspace\Forms\SCELSE\TruSeqPCRFree_Nano.VWForm	1	
06-Oct-17 12:07:01 PM	Info					File unloaded		C:\VWorks Workspace\Forms\SCELSE\TruSeqPCRFree_Nano\TruSeqPCRFree_Nano.VWForm	1	
06-Oct-17 12:07:01 PM	Info					administrator logged out. Session 1 closed			1	
06-Oct-17 12:07:01 PM	Info					System Shutdown			0	
