10-Oct-17 9:59:18 AM	Event	1						Main protocol starting	Protocol File - 1	
10-Oct-17 9:59:44 AM	Event	1						Main protocol complete	Protocol File - 1	
10-Oct-17 10:01:19 AM	Event	1						Main protocol starting	Protocol File - 1	
10-Oct-17 10:02:06 AM	Event	1						Main protocol aborted by user	Protocol File - 1	
10-Oct-17 10:02:07 AM	Event	1						Main protocol aborted by user	Protocol File - 1	
10-Oct-17 10:04:01 AM	Event	1						Main protocol starting	Protocol File - 1	
10-Oct-17 10:04:25 AM	Event	1						Main protocol complete	Protocol File - 1	
10-Oct-17 10:09:08 AM	Event	1						Main protocol starting	Protocol File - 1	
10-Oct-17 10:10:30 AM	Event	1						Main protocol complete	Protocol File - 1	
10-Oct-17 10:12:19 AM	Event	1						Main protocol starting	Protocol File - 1	
10-Oct-17 10:13:44 AM	Event	1						Main protocol complete	Protocol File - 1	
10-Oct-17 10:14:13 AM	Event	1						Main protocol starting	Protocol File - 1	
10-Oct-17 10:15:47 AM	Event	1						Main protocol complete	Protocol File - 1	
10-Oct-17 10:18:39 AM	Event	1						Main protocol starting	Protocol File - 1	
10-Oct-17 10:20:13 AM	Event	1						Main protocol complete	Protocol File - 1	
10-Oct-17 10:21:40 AM	Event	1						Main protocol starting	Protocol File - 1	
10-Oct-17 10:23:37 AM	Event	1						Main protocol aborted by user	Protocol File - 1	
10-Oct-17 10:23:39 AM	Event	1						Main protocol aborted by user	Protocol File - 1	
10-Oct-17 10:24:18 AM	Event	1						Main protocol starting	Protocol File - 1	
10-Oct-17 10:25:50 AM	Event	1						Main protocol complete	Protocol File - 1	
10-Oct-17 10:26:50 AM	Event	1						Main protocol starting	Protocol File - 1	
10-Oct-17 10:28:47 AM	Event	1						Main protocol aborted by user	Protocol File - 1	
10-Oct-17 10:28:49 AM	Event	1						Main protocol aborted by user	Protocol File - 1	
10-Oct-17 10:28:54 AM	Event	1						Main protocol starting	Protocol File - 1	
10-Oct-17 10:30:27 AM	Event	1						Main protocol complete	Protocol File - 1	
10-Oct-17 10:31:13 AM	Event	1						Main protocol starting	Protocol File - 1	
10-Oct-17 10:31:28 AM	Event	1						Main protocol aborted by user	Protocol File - 1	
10-Oct-17 10:31:30 AM	Event	1						Main protocol aborted by user	Protocol File - 1	
10-Oct-17 10:38:41 AM	Event	1						Main protocol starting	C:\VWorks Workspace\Forms\SCELSE\TruSeqPCRFree_Nano\RunSet Files\16_STANDALONE_AMPureXP_TS_FINAL_v1.0.pro	
10-Oct-17 10:38:42 AM	Event	1						Main protocol aborted by user	C:\VWorks Workspace\Forms\SCELSE\TruSeqPCRFree_Nano\RunSet Files\16_STANDALONE_AMPureXP_TS_FINAL_v1.0.pro	
10-Oct-17 10:38:43 AM	Event	1						Main protocol aborted by user	C:\VWorks Workspace\Forms\SCELSE\TruSeqPCRFree_Nano\RunSet Files\16_STANDALONE_AMPureXP_TS_FINAL_v1.0.pro	
