21-Mar-18 10:14:45 AM	Info					Error library: The error library file path is empty.			0	
21-Mar-18 10:14:45 AM	Info					System Startup			0	
21-Mar-18 10:14:45 AM	Info	AccessoriesWizard				Dll loaded:    AccessoriesWizard.dll    6.0.0			0	
21-Mar-18 10:14:45 AM	Info	AccessoryManager				Dll loaded:    AccessoryManager.dll    2.0.0			0	
21-Mar-18 10:14:45 AM	Info	AgilentBenchBotController				Dll loaded:    AgilentBenchBotController.dll    1.21.4226			0	
21-Mar-18 10:14:45 AM	Info	ArgonShelfAccessoryDriver				Dll loaded:    ArgonShelfAccessoryDriver.dll    2.0.1			0	
21-Mar-18 10:14:45 AM	Info	BTILHCRunner				Dll loaded:    BTILHCRunner.dll    2.00.2			0	
21-Mar-18 10:14:45 AM	Info	ContextHelp				Dll loaded:    ContextHelp.dll    3.0.0			0	
21-Mar-18 10:14:45 AM	Info	DDRStringTable				Dll loaded:    DDRStringTable.dll    1.2.14			0	
21-Mar-18 10:14:45 AM	Info	DeviceEnumerator				Dll loaded:    DeviceEnumerator.dll    9.0.0			0	
21-Mar-18 10:14:45 AM	Info	EchoAppHelper				Dll loaded:    EchoAppHelper.dll    1.0.0			0	
21-Mar-18 10:14:45 AM	Info	ErrorLibrary				Dll loaded:    ErrorLibrary.dll    2.0.1			0	
21-Mar-18 10:14:45 AM	Info	EvaporatorAccessoryDriver				Dll loaded:    EvaporatorAccessoryDriver.dll    9.0.0			0	
21-Mar-18 10:14:45 AM	Info	GuidanceDiscovery				Dll loaded:    GuidanceDiscovery.dll    2.0.0			0	
21-Mar-18 10:14:45 AM	Info	Host				Dll loaded:    Host.dll    1.0.4226			0	
21-Mar-18 10:14:45 AM	Info	ImportExport				Dll loaded:    ImportExport.dll    2.0.0			0	
21-Mar-18 10:14:45 AM	Info	InhecoMTCdll				Dll loaded:    InhecoMTCdll.dll    1.2.4			0	
21-Mar-18 10:14:45 AM	Info	InhecoShakeandHeatAccessoryDriver				Dll loaded:    InhecoShakeandHeatAccessoryDriver.dll    1.0.0			0	
21-Mar-18 10:14:45 AM	Info	IWorksAccessory				Dll loaded:    IWorksAccessory.dll    8.0.1			0	
21-Mar-18 10:14:45 AM	Info	js32				Dll loaded:    js32.dll    Unknown.0.0			0	
21-Mar-18 10:14:45 AM	Info	LabelDesigner				Dll loaded:    LabelDesigner.dll    5.0.7			0	
21-Mar-18 10:14:45 AM	Info	LabelerHardware				Dll loaded:    LabelerHardware.dll    14.0.23			0	
21-Mar-18 10:14:45 AM	Info	libnspr4				Dll loaded:    libnspr4.dll    4.1.0			0	
21-Mar-18 10:14:45 AM	Info	LidHotelAccessoryDriver				Dll loaded:    LidHotelAccessoryDriver.dll    8.0.0			0	
21-Mar-18 10:14:45 AM	Info	lm				Dll loaded:    lm.dll    3.0.0			0	
21-Mar-18 10:14:45 AM	Info	Loader				Dll loaded:    Loader.dll    1.0.4226			0	
21-Mar-18 10:14:45 AM	Info	MagBeadAccessoryDriver				Dll loaded:    MagBeadAccessoryDriver.dll    8.0.0			0	
21-Mar-18 10:14:45 AM	Info	MetaDataPropertyManager				Dll loaded:    MetaDataPropertyManager.dll    13.0.0			0	
21-Mar-18 10:14:45 AM	Info	mfc71				Dll loaded:    mfc71.dll    7.10.3077			0	
21-Mar-18 10:14:45 AM	Info	mfc71u				Dll loaded:    mfc71u.dll    7.10.3077			0	
21-Mar-18 10:14:45 AM	Info	MicroPierceInterface				Dll loaded:    MicroPierceInterface.dll    1.0.0			0	
21-Mar-18 10:14:45 AM	Info	MicroPierceWrapper				Dll loaded:    MicroPierceWrapper.dll    1.0.0			0	
21-Mar-18 10:14:45 AM	Info	MicroStirInterface				Dll loaded:    MicroStirInterface.dll    1.0.0			0	
21-Mar-18 10:14:45 AM	Info	MicroStirWrapper				Dll loaded:    MicroStirWrapper.dll    1.0.0			0	
21-Mar-18 10:14:45 AM	Info	msvcr71				Dll loaded:    msvcr71.dll    7.10.3052			0	
21-Mar-18 10:14:45 AM	Info	MTController				Dll loaded:    MTController.dll    5.0.0			0	
21-Mar-18 10:14:45 AM	Info	NestableTipBoxInsertAccessoryDriver				Dll loaded:    NestableTipBoxInsertAccessoryDriver.dll    2.0.0			0	
21-Mar-18 10:14:45 AM	Info	ObjectDatabase				Dll loaded:    ObjectDatabase.dll    4.0.0			0	
21-Mar-18 10:14:45 AM	Info	ObjectManager				Dll loaded:    ObjectManager.dll    7.0.1			0	
21-Mar-18 10:14:45 AM	Info	PackardFusionRemoteConnectorOCX				Dll loaded:    PackardFusionRemoteConnectorOCX.dll    4.0.0			0	
21-Mar-18 10:14:45 AM	Info	PackardFusionRemoteControlPlugIn				Dll loaded:    PackardFusionRemoteControlPlugIn.dll    4.0.0			0	
21-Mar-18 10:14:45 AM	Info	PackardFusionRemoteControlWrapperDLL				Dll loaded:    PackardFusionRemoteControlWrapperDLL.dll    4.0.0			0	
21-Mar-18 10:14:45 AM	Info	PicServoExtDll				Dll loaded:    PicServoExtDll.dll    10.0.0			0	
21-Mar-18 10:14:45 AM	Info	PipetteHeadMode				Dll loaded:    PipetteHeadMode.dll    2.0.0			0	
21-Mar-18 10:14:45 AM	Info	PipetteTechniqueEditor				Dll loaded:    PipetteTechniqueEditor.dll    3.0.0			0	
21-Mar-18 10:14:45 AM	Info	PlateMapDatabase				Dll loaded:    PlateMapDatabase.dll    17.0.1			0	
21-Mar-18 10:14:45 AM	Info	ProfileChangeLog				Dll loaded:    ProfileChangeLog.dll    2.0.0			0	
21-Mar-18 10:14:45 AM	Info	ProfileManager				Dll loaded:    ProfileManager.dll    10.0.1			0	
21-Mar-18 10:14:45 AM	Info	ProfSkin284m				Dll loaded:    ProfSkin284m.dll    2.8.4			0	
21-Mar-18 10:14:45 AM	Info	ProfUIS284m				Dll loaded:    ProfUIS284m.dll    2.8.4			0	
21-Mar-18 10:14:45 AM	Info	ProfUisProfileManager				Dll loaded:    ProfUisProfileManager.dll    10.0.0			0	
21-Mar-18 10:14:45 AM	Info	SciLexer				Dll loaded:    SciLexer.dll    1.71.0			0	
21-Mar-18 10:14:45 AM	Info	SerialDilution				Dll loaded:    SerialDilution.dll    13.0.0			0	
21-Mar-18 10:14:45 AM	Info	SSIdll				Dll loaded:    SSIdll.dll    Unknown.0.0			0	
21-Mar-18 10:14:45 AM	Info	TeleshakeAccessoryDriver				Dll loaded:    TeleshakeAccessoryDriver.dll    9.0.2			0	
21-Mar-18 10:14:45 AM	Info	TipPosition				Dll loaded:    TipPosition.dll    3.0.0			0	
21-Mar-18 10:14:45 AM	Info	TipTracking				Dll loaded:    TipTracking.dll    3.0.0			0	
21-Mar-18 10:14:45 AM	Info	tmlcomm				Dll loaded:    tmlcomm.dll    3.2.2			0	
21-Mar-18 10:14:45 AM	Info	TML_lib				Dll loaded:    TML_lib.dll    2.0.1			0	
21-Mar-18 10:14:45 AM	Info	Toolbox				Dll loaded:    Toolbox.dll    1.0.4226			0	
21-Mar-18 10:14:45 AM	Info	V11DeviceDriver				Dll loaded:    V11DeviceDriver.dll    11.0.0			0	
21-Mar-18 10:14:45 AM	Info	V11FieldComposer				Dll loaded:    V11FieldComposer.dll    4.0.0			0	
21-Mar-18 10:14:45 AM	Info	V11GanttChart				Dll loaded:    V11GanttChart.dll    2.0.1			0	
21-Mar-18 10:14:45 AM	Info	V11Labware				Dll loaded:    V11Labware.dll    25.0.14			0	
21-Mar-18 10:14:45 AM	Info	V11Liquids				Dll loaded:    V11Liquids.dll    9.0.0			0	
21-Mar-18 10:14:45 AM	Info	V11Migrator				Dll loaded:    V11Migrator.dll    2.0.3			0	
21-Mar-18 10:14:45 AM	Info	V11PipettingFormatWizard				Dll loaded:    V11PipettingFormatWizard.dll    2.0.0			0	
21-Mar-18 10:14:45 AM	Info	V11PumpAccessoryDriver				Dll loaded:    V11PumpAccessoryDriver.dll    3.0.2			0	
21-Mar-18 10:14:45 AM	Info	V11SharedClasses				Dll loaded:    V11SharedClasses.dll    1.1.0			0	
21-Mar-18 10:14:45 AM	Info	V11WellSelect				Dll loaded:    V11WellSelect.dll    8.0.0			0	
21-Mar-18 10:14:45 AM	Info	V11WellVolumeVisualizer				Dll loaded:    V11WellVolumeVisualizer.dll    6.0.0			0	
21-Mar-18 10:14:45 AM	Info	V11Wizard				Dll loaded:    V11Wizard.dll    2.0.0			0	
21-Mar-18 10:14:45 AM	Info	VacuumFiltrationAccessoryDriver				Dll loaded:    VacuumFiltrationAccessoryDriver.dll    10.0.1			0	
21-Mar-18 10:14:45 AM	Info	VacuumLocatingStationDriver				Dll loaded:    VacuumLocatingStationDriver.dll    7.0.0			0	
21-Mar-18 10:14:45 AM	Info	VacuumShelfAccessoryDriver				Dll loaded:    VacuumShelfAccessoryDriver.dll    2.0.2			0	
21-Mar-18 10:14:45 AM	Info	VHookInterface				Dll loaded:    VHookInterface.dll    7.0.0			0	
21-Mar-18 10:14:45 AM	Info	VWorks4COM				Dll loaded:    VWorks4COM.dll    4.0.0			0	
21-Mar-18 10:14:45 AM	Info	VWorks4Defs				Dll loaded:    VWorks4Defs.dll    6.0.3			0	
21-Mar-18 10:14:45 AM	Info	VWorks4DeviceManager				Dll loaded:    VWorks4DeviceManager.dll    4.0.0			0	
21-Mar-18 10:14:45 AM	Info	VWorks4EmailDaemon				Dll loaded:    VWorks4EmailDaemon.dll    3.0.0			0	
21-Mar-18 10:14:45 AM	Info	VWorks4FormManager				Dll loaded:    VWorks4FormManager.dll    1.0.0			0	
21-Mar-18 10:14:45 AM	Info	VWorks4GUI				Dll loaded:    VWorks4GUI.dll    3.0.0			0	
21-Mar-18 10:14:45 AM	Info	VWorks4GUIFramework				Dll loaded:    VWorks4GUIFramework.dll    3.0.1			0	
21-Mar-18 10:14:45 AM	Info	VWorks4Hooks				Dll loaded:    VWorks4Hooks.dll    3.0.0			0	
21-Mar-18 10:14:45 AM	Info	VWorks4LabelDesigner				Dll loaded:    VWorks4LabelDesigner.dll    3.0.0			0	
21-Mar-18 10:14:45 AM	Info	VWorks4Logger				Dll loaded:    VWorks4Logger.dll    4.0.0			0	
21-Mar-18 10:14:45 AM	Info	VWorks4MacroLibrary				Dll loaded:    VWorks4MacroLibrary.dll    1.0.0			0	
21-Mar-18 10:14:45 AM	Info	VWorks4Progress				Dll loaded:    VWorks4Progress.dll    3.0.0			0	
21-Mar-18 10:14:45 AM	Info	VWorks4ProtocolEditor				Dll loaded:    VWorks4ProtocolEditor.dll    4.0.0			0	
21-Mar-18 10:14:45 AM	Info	VWorks4Security				Dll loaded:    VWorks4Security.dll    3.0.0			0	
21-Mar-18 10:14:45 AM	Info	VWorks4UserDatabase				Dll loaded:    VWorks4UserDatabase.dll    3.0.0			0	
21-Mar-18 10:14:45 AM	Info	VWorks4UserManager				Dll loaded:    VWorks4UserManager.dll    3.0.0			0	
21-Mar-18 10:14:45 AM	Info	WeighPadAccessoryDriver				Dll loaded:    WeighPadAccessoryDriver.dll    2.0.0			0	
21-Mar-18 10:14:45 AM	Error					Skipped loading of device plugin: ABgeneASP50.dll, because your license does not grant permission to run it. Please contact Agilent Technologies Service for help 			0	
21-Mar-18 10:14:45 AM	Error					Skipped loading of device plugin: ABgeneSEAL-IT100.dll, because your license does not grant permission to run it. Please contact Agilent Technologies Service for help 			0	
21-Mar-18 10:14:45 AM	Info	Agilent BenchCel				Plugin loaded from cache:   AgilentBenchCel.dll   20.1.2			0	
21-Mar-18 10:14:46 AM	Info	Agilent BioCel I/O Interface				Plugin loaded:   AgilentBioCelIOInterface.dll   4.0.3			0	
21-Mar-18 10:14:46 AM	Info	Agilent Bravo				Plugin loaded from cache:   AgilentBravo.dll   17.1.0			0	
21-Mar-18 10:14:46 AM	Info	Agilent Centrifuge				Plugin loaded:   AgilentCentrifuge.dll   7.0.1			0	
21-Mar-18 10:14:46 AM	Info	Agilent Centrifuge Loader				Plugin loaded:   AgilentCentrifugeLoader.dll   8.0.1			0	
21-Mar-18 10:14:47 AM	Info	Agilent ChemStation Autosampler				Plugin loaded:   AgilentChemStation.dll   1.0.2			0	
21-Mar-18 10:14:47 AM	Info					Hooks plugin loaded:    AgilentDDR.dll			0	
21-Mar-18 10:14:47 AM	Info	Agilent Direct Drive Robot				Plugin loaded:   AgilentDDR.dll   1.2.22			0	
21-Mar-18 10:14:47 AM	Info	Agilent Generic I/O Module				Plugin loaded from cache:   AgilentGenericIO.dll   5.0.0			0	
21-Mar-18 10:14:48 AM	Error					Skipped loading of device plugin: AgilentGenericRS232.dll, because your license does not grant permission to run it. Please contact Agilent Technologies Service for help 			0	
21-Mar-18 10:14:48 AM	Info	Agilent Labware MiniHub				Plugin loaded from cache:   AgilentLabwareMiniHub.dll   1.0.3			0	
21-Mar-18 10:14:48 AM	Info	Agilent Lid Hotel Station				Plugin loaded:   AgilentLidHotel.dll   5.0.1			0	
21-Mar-18 10:14:48 AM	Info	Agilent MassHunter Autosampler				Plugin loaded:   AgilentMassHunter.dll   1.0.0			0	
21-Mar-18 10:14:48 AM	Info	Agilent Microplate Conveyor				Plugin loaded:   AgilentMicroplateConveyor.dll   3.0.0			0	
21-Mar-18 10:14:48 AM	Info	Agilent Microplate Exchanger				Plugin loaded:   AgilentMicroplateExchanger.dll   1.0.1			0	
21-Mar-18 10:14:49 AM	Info	Agilent Microplate Labeler				Plugin loaded:   AgilentMicroplateLabeler.dll   15.0.51			0	
21-Mar-18 10:14:49 AM	Info	Agilent Linear Translator				Plugin loaded:   AgilentMicroplateTranslator.dll   10.0.1			0	
21-Mar-18 10:14:49 AM	Info	Agilent Phantom Robot				Plugin loaded from cache:   AgilentPhantomRobot.dll   9.0.5			0	
21-Mar-18 10:14:49 AM	Info	Agilent Phantom Stacker				Plugin loaded from cache:   AgilentPhantomStacker.dll   2.0.1			0	
21-Mar-18 10:14:49 AM	Info	Agilent Plate Hotel				Plugin loaded from cache:   AgilentPlateHotel.dll   1.0.3			0	
21-Mar-18 10:14:49 AM	Info	Agilent Plate Hub Carousel				Plugin loaded from cache:   AgilentPlateHubCarousel.dll   8.0.1			0	
21-Mar-18 10:14:49 AM	Info	Agilent PlateLoc				Plugin loaded:   AgilentPlateLoc.dll   13.0.0			0	
21-Mar-18 10:14:50 AM	Info	Agilent Seal Piercer				Plugin loaded:   AgilentPlatePierce.dll   8.0.1			0	
21-Mar-18 10:14:50 AM	Info	Agilent Rotator				Plugin loaded:   AgilentPlateRotator.dll   6.0.3			0	
21-Mar-18 10:14:50 AM	Info	Agilent Shuttle				Plugin loaded:   AgilentPlateShuttle.dll   4.0.1			0	
21-Mar-18 10:14:50 AM	Info	Agilent Labware Stacker				Plugin loaded:   AgilentStacker.dll   18.0.0			0	
21-Mar-18 10:14:51 AM	Info	Agilent Vacuum Delid Station				Plugin loaded:   AgilentVacuumDelidStation.dll   3.0.0			0	
21-Mar-18 10:14:52 AM	Info					Hooks plugin loaded:    AgilentVerticalPipettingStation.dll			0	
21-Mar-18 10:14:52 AM	Info	Agilent Vertical Pipetting Station				Plugin loaded:   AgilentVerticalPipettingStation.dll   3.1.19			0	
21-Mar-18 10:14:52 AM	Info	Waste Bin				Plugin loaded from cache:   AgilentWasteBin.dll   3.0.0			0	
21-Mar-18 10:14:52 AM	Info	Agilent Weigh Pad				Plugin loaded from cache:   AgilentWeighPad.dll   8.0.0			0	
21-Mar-18 10:14:52 AM	Error					Skipped loading of device plugin: AmgenRRAPerPiercer.dll, because your license does not grant permission to run it. Please contact Agilent Technologies Service for help 			0	
21-Mar-18 10:14:52 AM	Error					Skipped loading of device plugin: AmgenRake.dll, because your license does not grant permission to run it. Please contact Agilent Technologies Service for help 			0	
21-Mar-18 10:14:52 AM	Error					Skipped loading of device plugin: AmgenRoboCylinderRobot.dll, because your license does not grant permission to run it. Please contact Agilent Technologies Service for help 			0	
21-Mar-18 10:14:53 AM	Info	APC UPS				Plugin loaded:   ApcUps.dll   10.0.0			0	
21-Mar-18 10:14:53 AM	Error					Skipped loading of device plugin: AsysHitechFlexispense.dll, because your license does not grant permission to run it. Please contact Agilent Technologies Service for help 			0	
21-Mar-18 10:14:53 AM	Error					Skipped loading of device plugin: AsysHitechFlexispenseM.dll, because your license does not grant permission to run it. Please contact Agilent Technologies Service for help 			0	
21-Mar-18 10:14:54 AM	Info	Asyst 3-Axis Robot				Plugin loaded:   Asyst3AxisRobot.dll   19.0.6			0	
21-Mar-18 10:14:54 AM	Error					Skipped loading of device plugin: BMGLABTECHNEPHELOstar.dll, because your license does not grant permission to run it. Please contact Agilent Technologies Service for help 			0	
21-Mar-18 10:14:55 AM	Error					Skipped loading of device plugin: BMGLABTECHPHERAstar.dll, because your license does not grant permission to run it. Please contact Agilent Technologies Service for help 			0	
21-Mar-18 10:14:56 AM	Error					Skipped loading of device plugin: BMGLABTECHRUBYstar.dll, because your license does not grant permission to run it. Please contact Agilent Technologies Service for help 			0	
21-Mar-18 10:14:58 AM	Error					Skipped loading of device plugin: BeckmanBioRAPTR.dll, because your license does not grant permission to run it. Please contact Agilent Technologies Service for help 			0	
21-Mar-18 10:14:58 AM	Error					Skipped loading of device plugin: BeckmanMultimek.dll, because your license does not grant permission to run it. Please contact Agilent Technologies Service for help 			0	
21-Mar-18 10:14:58 AM	Error					Skipped loading of device plugin: BertholdMithrasLB940.dll, because your license does not grant permission to run it. Please contact Agilent Technologies Service for help 			0	
21-Mar-18 10:14:59 AM	Error					Skipped loading of device plugin: BioMicroLabXL9.dll, because your license does not grant permission to run it. Please contact Agilent Technologies Service for help 			0	
21-Mar-18 10:14:59 AM	Error					Skipped loading of device plugin: BioRadDNAEngineDyad.dll, because your license does not grant permission to run it. Please contact Agilent Technologies Service for help 			0	
21-Mar-18 10:14:59 AM	Error					Skipped loading of device plugin: BioTekELx405.dll, because your license does not grant permission to run it. Please contact Agilent Technologies Service for help 			0	
21-Mar-18 10:15:00 AM	Error					Skipped loading of device plugin: BioTekGen5Reader.dll, because your license does not grant permission to run it. Please contact Agilent Technologies Service for help 			0	
21-Mar-18 10:15:00 AM	Error					Skipped loading of device plugin: BioTekLiquidHandlers.dll, because your license does not grant permission to run it. Please contact Agilent Technologies Service for help 			0	
21-Mar-18 10:15:00 AM	Error					Skipped loading of device plugin: BioTekMicroFill.dll, because your license does not grant permission to run it. Please contact Agilent Technologies Service for help 			0	
21-Mar-18 10:15:00 AM	Error					Skipped loading of device plugin: BioTekMicroFlo.dll, because your license does not grant permission to run it. Please contact Agilent Technologies Service for help 			0	
21-Mar-18 10:15:00 AM	Error					Skipped loading of device plugin: BioTekNanoQuot.dll, because your license does not grant permission to run it. Please contact Agilent Technologies Service for help 			0	
21-Mar-18 10:15:00 AM	Error					Skipped loading of device plugin: BioTekWasherEL406.dll, because your license does not grant permission to run it. Please contact Agilent Technologies Service for help 			0	
21-Mar-18 10:15:00 AM	Error					Skipped loading of device plugin: BiometraTRobot.dll, because your license does not grant permission to run it. Please contact Agilent Technologies Service for help 			0	
21-Mar-18 10:15:00 AM	Info					XmlRpcServer::bindAndListen: server listening on port 6688 fd 4996			0	
21-Mar-18 10:15:00 AM	Info					XmlRpcServer::work: waiting for a connection			0	
21-Mar-18 10:15:00 AM	Info					Hooks plugin loaded:    BlueshiftBioIsoCyte.dll			0	
21-Mar-18 10:15:00 AM	Error					Skipped loading of device plugin: BlueshiftBioIsoCyte.dll, because your license does not grant permission to run it. Please contact Agilent Technologies Service for help 			0	
21-Mar-18 10:15:00 AM	Error					Skipped loading of device plugin: CaliperLifeSciencesLabChipEZReaderII.dll, because your license does not grant permission to run it. Please contact Agilent Technologies Service for help 			0	
21-Mar-18 10:15:01 AM	Error					Skipped loading of device plugin: CavroDriver.dll, because your license does not grant permission to run it. Please contact Agilent Technologies Service for help 			0	
21-Mar-18 10:15:01 AM	Error					Skipped loading of device plugin: CedrexBioCap8.dll, because your license does not grant permission to run it. Please contact Agilent Technologies Service for help 			0	
21-Mar-18 10:15:01 AM	Error					Skipped loading of device plugin: CedrexBioCap96.dll, because your license does not grant permission to run it. Please contact Agilent Technologies Service for help 			0	
21-Mar-18 10:15:01 AM	Error					Skipped loading of device plugin: CognexCamera.dll, because your license does not grant permission to run it. Please contact Agilent Technologies Service for help 			0	
21-Mar-18 10:15:01 AM	Error					Skipped loading of device plugin: CovarisC2000.dll, because your license does not grant permission to run it. Please contact Agilent Technologies Service for help 			0	
21-Mar-18 10:15:01 AM	Error					Skipped loading of device plugin: CovarisSonoLABL8.dll, because your license does not grant permission to run it. Please contact Agilent Technologies Service for help 			0	
21-Mar-18 10:15:01 AM	Error					Skipped loading of device plugin: DPCMicroMix5.dll, because your license does not grant permission to run it. Please contact Agilent Technologies Service for help 			0	
21-Mar-18 10:15:01 AM	Error					Skipped loading of device plugin: DeeracFluidicsEquator.dll, because your license does not grant permission to run it. Please contact Agilent Technologies Service for help 			0	
21-Mar-18 10:15:01 AM	Error					Skipped loading of device plugin: EDC ATS-100.dll, because your license does not grant permission to run it. Please contact Agilent Technologies Service for help 			0	
21-Mar-18 10:15:02 AM	Error					Skipped loading of device plugin: EppendorfMasterCycler.dll, because your license does not grant permission to run it. Please contact Agilent Technologies Service for help 			0	
21-Mar-18 10:15:02 AM	Error					Skipped loading of device plugin: FluidX Xdc-96pro.dll, because your license does not grant permission to run it. Please contact Agilent Technologies Service for help 			0	
21-Mar-18 10:15:02 AM	Error					Skipped loading of device plugin: FluidX Xsd-96.dll, because your license does not grant permission to run it. Please contact Agilent Technologies Service for help 			0	
21-Mar-18 10:15:02 AM	Error					Skipped loading of device plugin: GEHealthcareINCellAnalyzer1000.dll, because your license does not grant permission to run it. Please contact Agilent Technologies Service for help 			0	
21-Mar-18 10:15:02 AM	Error					Skipped loading of device plugin: GEHealthcareLEADseeker.dll, because your license does not grant permission to run it. Please contact Agilent Technologies Service for help 			0	
21-Mar-18 10:15:02 AM	Error					Skipped loading of device plugin: GenetixQFill2.dll, because your license does not grant permission to run it. Please contact Agilent Technologies Service for help 			0	
21-Mar-18 10:15:02 AM	Error					Skipped loading of device plugin: Gilson223SampleChanger.dll, because your license does not grant permission to run it. Please contact Agilent Technologies Service for help 			0	
21-Mar-18 10:15:02 AM	Error					Skipped loading of device plugin: HJBioanalytikRoboPeel.dll, because your license does not grant permission to run it. Please contact Agilent Technologies Service for help 			0	
21-Mar-18 10:15:02 AM	Error					Skipped loading of device plugin: HJBioanalytikRoboSeal.dll, because your license does not grant permission to run it. Please contact Agilent Technologies Service for help 			0	
21-Mar-18 10:15:03 AM	Error					Skipped loading of device plugin: HRBMicroPierce.dll, because your license does not grant permission to run it. Please contact Agilent Technologies Service for help 			0	
21-Mar-18 10:15:03 AM	Error					Skipped loading of device plugin: HRBMicroServe.dll, because your license does not grant permission to run it. Please contact Agilent Technologies Service for help 			0	
21-Mar-18 10:15:03 AM	Error					Skipped loading of device plugin: HRBMicroStir.dll, because your license does not grant permission to run it. Please contact Agilent Technologies Service for help 			0	
21-Mar-18 10:15:03 AM	Error					Skipped loading of device plugin: HamamatsuFDSS7000.dll, because your license does not grant permission to run it. Please contact Agilent Technologies Service for help 			0	
21-Mar-18 10:15:03 AM	Error					Skipped loading of device plugin: HamiltonDeCapper.dll, because your license does not grant permission to run it. Please contact Agilent Technologies Service for help 			0	
21-Mar-18 10:15:03 AM	Error					Skipped loading of device plugin: HamiltonMicrolabStar.dll, because your license does not grant permission to run it. Please contact Agilent Technologies Service for help 			0	
21-Mar-18 10:15:03 AM	Error					Skipped loading of device plugin: HamiltonTubeStore.dll, because your license does not grant permission to run it. Please contact Agilent Technologies Service for help 			0	
21-Mar-18 10:15:03 AM	Error					Skipped loading of device plugin: HyperTaskHyperStack.dll, because your license does not grant permission to run it. Please contact Agilent Technologies Service for help 			0	
21-Mar-18 10:15:03 AM	Error					Skipped loading of device plugin: INHECO MTCSTC.dll, because your license does not grant permission to run it. Please contact Agilent Technologies Service for help 			0	
21-Mar-18 10:15:03 AM	Error					Skipped loading of device plugin: INHECO VariomagTeleshake.dll, because your license does not grant permission to run it. Please contact Agilent Technologies Service for help 			0	
21-Mar-18 10:15:04 AM	Error					Skipped loading of device plugin: INHECO VariomagThermoshake.dll, because your license does not grant permission to run it. Please contact Agilent Technologies Service for help 			0	
21-Mar-18 10:15:04 AM	Error					Skipped loading of device plugin: InnovadyneNanodropNanobuilder.dll, because your license does not grant permission to run it. Please contact Agilent Technologies Service for help 			0	
21-Mar-18 10:15:04 AM	Error					Skipped loading of device plugin: IntelliCytHyperCyt.dll, because your license does not grant permission to run it. Please contact Agilent Technologies Service for help 			0	
21-Mar-18 10:15:04 AM	Error					Skipped loading of device plugin: KBioscienceFusion.dll, because your license does not grant permission to run it. Please contact Agilent Technologies Service for help 			0	
21-Mar-18 10:15:04 AM	Info	Keyence Barcode Reader				Plugin loaded from cache:   KeyenceBarcodeReader.dll   6.0.0			0	
21-Mar-18 10:15:04 AM	Error					Skipped loading of device plugin: LabcyteEcho550.dll, because your license does not grant permission to run it. Please contact Agilent Technologies Service for help 			0	
21-Mar-18 10:15:05 AM	Error					Skipped loading of device plugin: LiCONiC Incubator.dll, because your license does not grant permission to run it. Please contact Agilent Technologies Service for help 			0	
21-Mar-18 10:15:05 AM	Error					Skipped loading of device plugin: MSDSectorReader.dll, because your license does not grant permission to run it. Please contact Agilent Technologies Service for help 			0	
21-Mar-18 10:15:05 AM	Error					Skipped loading of device plugin: MathWorksMatlab.dll, because your license does not grant permission to run it. Please contact Agilent Technologies Service for help 			0	
21-Mar-18 10:15:05 AM	Info	Microscan Barcode Reader				Plugin loaded:   MicroscanBarcodeReader.dll   6.0.0			0	
21-Mar-18 10:15:05 AM	Error					Skipped loading of device plugin: MicroscanMS-96.dll, because your license does not grant permission to run it. Please contact Agilent Technologies Service for help 			0	
21-Mar-18 10:15:05 AM	Error					Skipped loading of device plugin: MicrosonicHendrixSM100.dll, because your license does not grant permission to run it. Please contact Agilent Technologies Service for help 			0	
21-Mar-18 10:15:06 AM	Error					Skipped loading of device plugin: MixingStation.dll, because your license does not grant permission to run it. Please contact Agilent Technologies Service for help 			0	
21-Mar-18 10:15:06 AM	Error					Skipped loading of device plugin: MolecularDevicesAnalystGT.dll, because your license does not grant permission to run it. Please contact Agilent Technologies Service for help 			0	
21-Mar-18 10:15:06 AM	Error					Skipped loading of device plugin: MolecularDevicesAquaMaxDW4.dll, because your license does not grant permission to run it. Please contact Agilent Technologies Service for help 			0	
21-Mar-18 10:15:07 AM	Error					Skipped loading of device plugin: MolecularDevicesFLIPRTetra.dll, because your license does not grant permission to run it. Please contact Agilent Technologies Service for help 			0	
21-Mar-18 10:15:07 AM	Error					Skipped loading of device plugin: MolecularDevicesMetaXpress.dll, because your license does not grant permission to run it. Please contact Agilent Technologies Service for help 			0	
21-Mar-18 10:15:07 AM	Error					Skipped loading of device plugin: MolecularDevicesSoftMaxReader.dll, because your license does not grant permission to run it. Please contact Agilent Technologies Service for help 			0	
21-Mar-18 10:15:07 AM	Error					Skipped loading of device plugin: NexusCaptivator.dll, because your license does not grant permission to run it. Please contact Agilent Technologies Service for help 			0	
21-Mar-18 10:15:07 AM	Error					Skipped loading of device plugin: NexusStore.dll, because your license does not grant permission to run it. Please contact Agilent Technologies Service for help 			0	
21-Mar-18 10:15:08 AM	Error					Skipped loading of device plugin: NexusXPeel.dll, because your license does not grant permission to run it. Please contact Agilent Technologies Service for help 			0	
21-Mar-18 10:15:08 AM	Error					Skipped loading of device plugin: Omega iSeries.dll, because your license does not grant permission to run it. Please contact Agilent Technologies Service for help 			0	
21-Mar-18 10:15:08 AM	Error					Skipped loading of device plugin: PeakRoboticsFIFOQStacker.dll, because your license does not grant permission to run it. Please contact Agilent Technologies Service for help 			0	
21-Mar-18 10:15:10 AM	Error					Skipped loading of device plugin: PeakRoboticsKiNEDx.dll, because your license does not grant permission to run it. Please contact Agilent Technologies Service for help 			0	
21-Mar-18 10:15:10 AM	Error					Skipped loading of device plugin: PeakRoboticsStaticStack.dll, because your license does not grant permission to run it. Please contact Agilent Technologies Service for help 			0	
21-Mar-18 10:15:10 AM	Error					Skipped loading of device plugin: PerkinElmerEnvision.dll, because your license does not grant permission to run it. Please contact Agilent Technologies Service for help 			0	
21-Mar-18 10:15:10 AM	Error					Skipped loading of device plugin: PerkinElmerFlexDrop.dll, because your license does not grant permission to run it. Please contact Agilent Technologies Service for help 			0	
21-Mar-18 10:15:11 AM	Error					Skipped loading of device plugin: PerkinElmerFusion.dll, because your license does not grant permission to run it. Please contact Agilent Technologies Service for help 			0	
21-Mar-18 10:15:11 AM	Error					Skipped loading of device plugin: PerkinElmerPlateStak.dll, because your license does not grant permission to run it. Please contact Agilent Technologies Service for help 			0	
21-Mar-18 10:15:11 AM	Error					Skipped loading of device plugin: PerkinElmerViewLux.dll, because your license does not grant permission to run it. Please contact Agilent Technologies Service for help 			0	
21-Mar-18 10:15:12 AM	Info	Plate Pad, Standard				Plugin loaded from cache:   PlatePad.dll   6.0.0			0	
21-Mar-18 10:15:12 AM	Error					Skipped loading of device plugin: PowerWasher.dll, because your license does not grant permission to run it. Please contact Agilent Technologies Service for help 			0	
21-Mar-18 10:15:12 AM	Error					Skipped loading of device plugin: RTSTubeAuditor.dll, because your license does not grant permission to run it. Please contact Agilent Technologies Service for help 			0	
21-Mar-18 10:15:12 AM	Error					Skipped loading of device plugin: RempAcd.dll, because your license does not grant permission to run it. Please contact Agilent Technologies Service for help 			0	
21-Mar-18 10:15:12 AM	Error					Skipped loading of device plugin: RempCsp.dll, because your license does not grant permission to run it. Please contact Agilent Technologies Service for help 			0	
21-Mar-18 10:15:12 AM	Error					Skipped loading of device plugin: RochexCELLigenceRTCAHT.dll, because your license does not grant permission to run it. Please contact Agilent Technologies Service for help 			0	
21-Mar-18 10:15:13 AM	Info	Starlet Event Handler				Plugin loaded:   RunFileEventHandler.dll   1.0.2			0	
21-Mar-18 10:15:13 AM	Error					Skipped loading of device plugin: SRUBiosystemsBINDReader.dll, because your license does not grant permission to run it. Please contact Agilent Technologies Service for help 			0	
21-Mar-18 10:15:13 AM	Error					Skipped loading of device plugin: StaubliRobot.dll, because your license does not grant permission to run it. Please contact Agilent Technologies Service for help 			0	
21-Mar-18 10:15:13 AM	Error					Skipped loading of device plugin: StokesBioMegaCycler.dll, because your license does not grant permission to run it. Please contact Agilent Technologies Service for help 			0	
21-Mar-18 10:15:13 AM	Info	Symbol Technologies MiniScan				Plugin loaded:   SymbolTechologiesMiniScan.dll   10.0.0			0	
21-Mar-18 10:15:14 AM	Error					Skipped loading of device plugin: TTPLabTechAcumenEX3.dll, because your license does not grant permission to run it. Please contact Agilent Technologies Service for help 			0	
21-Mar-18 10:15:15 AM	Error					Skipped loading of device plugin: TTPLabTechComPANION.dll, because your license does not grant permission to run it. Please contact Agilent Technologies Service for help 			0	
21-Mar-18 10:15:15 AM	Info					Hooks plugin loaded:    TTPLabTechComPILER.dll			0	
21-Mar-18 10:15:15 AM	Error					Skipped loading of device plugin: TTPLabTechComPILER.dll, because your license does not grant permission to run it. Please contact Agilent Technologies Service for help 			0	
21-Mar-18 10:15:16 AM	Error					Skipped loading of device plugin: TTPLabTechMosquito.dll, because your license does not grant permission to run it. Please contact Agilent Technologies Service for help 			0	
21-Mar-18 10:15:16 AM	Error					Skipped loading of device plugin: TecanEVOware.dll, because your license does not grant permission to run it. Please contact Agilent Technologies Service for help 			0	
21-Mar-18 10:15:16 AM	Error					Skipped loading of device plugin: TecanGeniosReader.dll, because your license does not grant permission to run it. Please contact Agilent Technologies Service for help 			0	
21-Mar-18 10:15:18 AM	Error					Skipped loading of device plugin: TecanInfinite.dll, because your license does not grant permission to run it. Please contact Agilent Technologies Service for help 			0	
21-Mar-18 10:15:18 AM	Error					Skipped loading of device plugin: ThermoCRSCarousel.dll, because your license does not grant permission to run it. Please contact Agilent Technologies Service for help 			0	
21-Mar-18 10:15:18 AM	Error					Skipped loading of device plugin: ThermoCytomat.dll, because your license does not grant permission to run it. Please contact Agilent Technologies Service for help 			0	
21-Mar-18 10:15:19 AM	Error					Skipped loading of device plugin: ThermoCytomat44.dll, because your license does not grant permission to run it. Please contact Agilent Technologies Service for help 			0	
21-Mar-18 10:15:19 AM	Error					Skipped loading of device plugin: ThermoMatrixWellMate.dll, because your license does not grant permission to run it. Please contact Agilent Technologies Service for help 			0	
21-Mar-18 10:15:19 AM	Error					Skipped loading of device plugin: ThermoMultidrop.dll, because your license does not grant permission to run it. Please contact Agilent Technologies Service for help 			0	
21-Mar-18 10:15:19 AM	Error					Skipped loading of device plugin: ThermoMultiskanAscent.dll, because your license does not grant permission to run it. Please contact Agilent Technologies Service for help 			0	
21-Mar-18 10:15:19 AM	Error					Skipped loading of device plugin: VICIValve.dll, because your license does not grant permission to run it. Please contact Agilent Technologies Service for help 			0	
21-Mar-18 10:15:19 AM	Error					Skipped loading of device plugin: ViafloStatPrep.dll, because your license does not grant permission to run it. Please contact Agilent Technologies Service for help 			0	
21-Mar-18 10:15:20 AM	Error					Skipped loading of device plugin: ZiathDataPaqZTSA6.dll, because your license does not grant permission to run it. Please contact Agilent Technologies Service for help 			0	
21-Mar-18 10:15:30 AM	Info					administrator logged in			1	
21-Mar-18 10:16:35 AM	Info					administrator logged out. Session 1 closed			1	
21-Mar-18 10:16:35 AM	Info					System Shutdown			0	
