04-Oct-17 2:14:36 PM	Event	1						Main protocol starting	C:\VWorks Workspace\Protocol Files\Accel_NGS_2S\1_RepairI_Accel_NGS_2S_DNA_v1.0.pro	
04-Oct-17 2:14:43 PM	Transfer	1	10	Master Mix Plate 1	Column 1	Reaction Plate 1	Column 1		C:\VWorks Workspace\Protocol Files\Accel_NGS_2S\1_RepairI_Accel_NGS_2S_DNA_v1.0.pro	
04-Oct-17 2:14:49 PM	Transfer	1	50	DNA Plate 1	A1	Reaction Plate 1	A1		C:\VWorks Workspace\Protocol Files\Accel_NGS_2S\1_RepairI_Accel_NGS_2S_DNA_v1.0.pro	
04-Oct-17 2:14:49 PM	Transfer	1	10	DNA Plate 1	A1	Reaction Plate 1	A1		C:\VWorks Workspace\Protocol Files\Accel_NGS_2S\1_RepairI_Accel_NGS_2S_DNA_v1.0.pro	
04-Oct-17 2:14:50 PM	Transfer	1	5	Reaction Plate 1	A1	Reaction Plate 1	A1		C:\VWorks Workspace\Protocol Files\Accel_NGS_2S\1_RepairI_Accel_NGS_2S_DNA_v1.0.pro	
04-Oct-17 2:14:54 PM	Event	1						Main protocol complete	C:\VWorks Workspace\Protocol Files\Accel_NGS_2S\1_RepairI_Accel_NGS_2S_DNA_v1.0.pro	
04-Oct-17 2:15:24 PM	Event	1						Main protocol starting	C:\VWorks Workspace\Protocol Files\Accel_NGS_2S\2b_CleanUp1_Accel_NGS_2S_DNA_v1.0.pro	
04-Oct-17 2:15:29 PM	Transfer	1	15	SPRI reservoir 1	A1	SPRI reservoir 1	A1		C:\VWorks Workspace\Protocol Files\Accel_NGS_2S\2b_CleanUp1_Accel_NGS_2S_DNA_v1.0.pro	
04-Oct-17 2:15:30 PM	Transfer	1	80	SPRI reservoir 1	A1	AMPure XP Cleanup 1 1	A1		C:\VWorks Workspace\Protocol Files\Accel_NGS_2S\2b_CleanUp1_Accel_NGS_2S_DNA_v1.0.pro	
04-Oct-17 2:15:30 PM	Transfer	1	4	SPRI reservoir 1	A1	AMPure XP Cleanup 1 1	A1		C:\VWorks Workspace\Protocol Files\Accel_NGS_2S\2b_CleanUp1_Accel_NGS_2S_DNA_v1.0.pro	
04-Oct-17 2:15:31 PM	Transfer	1	12	AMPure XP Cleanup 1 1	A1	AMPure XP Cleanup 1 1	A1		C:\VWorks Workspace\Protocol Files\Accel_NGS_2S\2b_CleanUp1_Accel_NGS_2S_DNA_v1.0.pro	
04-Oct-17 2:15:39 PM	Transfer	1	139	AMPure XP Cleanup 1 1	A1	1	A1		C:\VWorks Workspace\Protocol Files\Accel_NGS_2S\2b_CleanUp1_Accel_NGS_2S_DNA_v1.0.pro	
04-Oct-17 2:15:44 PM	Transfer	1	180	Ethanol Reservoir 1	A1	AMPure XP Cleanup 1 1	A1		C:\VWorks Workspace\Protocol Files\Accel_NGS_2S\2b_CleanUp1_Accel_NGS_2S_DNA_v1.0.pro	
04-Oct-17 2:15:48 PM	Transfer	1	183	AMPure XP Cleanup 1 1	A1	1	A1		C:\VWorks Workspace\Protocol Files\Accel_NGS_2S\2b_CleanUp1_Accel_NGS_2S_DNA_v1.0.pro	
04-Oct-17 2:15:53 PM	Transfer	1	175	Ethanol Reservoir 1	A1	AMPure XP Cleanup 1 1	A1		C:\VWorks Workspace\Protocol Files\Accel_NGS_2S\2b_CleanUp1_Accel_NGS_2S_DNA_v1.0.pro	
04-Oct-17 2:15:58 PM	Transfer	1	183.5	AMPure XP Cleanup 1 1	A1	1	A1		C:\VWorks Workspace\Protocol Files\Accel_NGS_2S\2b_CleanUp1_Accel_NGS_2S_DNA_v1.0.pro	
04-Oct-17 2:16:02 PM	Event	1						Main protocol complete	C:\VWorks Workspace\Protocol Files\Accel_NGS_2S\2b_CleanUp1_Accel_NGS_2S_DNA_v1.0.pro	
04-Oct-17 2:16:31 PM	Event	1						Main protocol starting	C:\VWorks Workspace\Protocol Files\Accel_NGS_2S\3_Elution1_Accel_NGS_2S_DNA_v1.0.pro	
04-Oct-17 2:16:39 PM	Transfer	1	20	Elution Plate 1	A1	DNA Plate 1	A1		C:\VWorks Workspace\Protocol Files\Accel_NGS_2S\3_Elution1_Accel_NGS_2S_DNA_v1.0.pro	
04-Oct-17 2:16:43 PM	Event	1						Main protocol complete	C:\VWorks Workspace\Protocol Files\Accel_NGS_2S\3_Elution1_Accel_NGS_2S_DNA_v1.0.pro	
04-Oct-17 2:17:20 PM	Event	1						Main protocol starting	C:\VWorks Workspace\Protocol Files\Accel_NGS_2S\3_Repair2_Accel_NGS_2S_DNA_v2.0.pro	
04-Oct-17 2:17:26 PM	Transfer	1	30	Master Mix Plate 1	Column 2	Reaction Plate 1	Column 1		C:\VWorks Workspace\Protocol Files\Accel_NGS_2S\3_Repair2_Accel_NGS_2S_DNA_v2.0.pro	
04-Oct-17 2:17:34 PM	Transfer	1	32	Reaction Plate 1	A1	DNA Plate 1	A1		C:\VWorks Workspace\Protocol Files\Accel_NGS_2S\3_Repair2_Accel_NGS_2S_DNA_v2.0.pro	
04-Oct-17 2:17:38 PM	Event	1						Main protocol complete	C:\VWorks Workspace\Protocol Files\Accel_NGS_2S\3_Repair2_Accel_NGS_2S_DNA_v2.0.pro	
04-Oct-17 2:18:19 PM	Event	1						Main protocol starting	C:\VWorks Workspace\Protocol Files\Accel_NGS_2S\4_CleanUp2_Accel_NGS_2S_DNA_v1.0.pro	
04-Oct-17 2:18:24 PM	Transfer	1	60	PEGNaCl reservoir 1	A1	AMPure XP Cleanup 1 1	A1		C:\VWorks Workspace\Protocol Files\Accel_NGS_2S\4_CleanUp2_Accel_NGS_2S_DNA_v1.0.pro	
04-Oct-17 2:18:25 PM	Transfer	1	12	AMPure XP Cleanup 1 1	A1	AMPure XP Cleanup 1 1	A1		C:\VWorks Workspace\Protocol Files\Accel_NGS_2S\4_CleanUp2_Accel_NGS_2S_DNA_v1.0.pro	
04-Oct-17 2:18:33 PM	Transfer	1	105	AMPure XP Cleanup 1 1	A1	1	A1		C:\VWorks Workspace\Protocol Files\Accel_NGS_2S\4_CleanUp2_Accel_NGS_2S_DNA_v1.0.pro	
04-Oct-17 2:18:38 PM	Transfer	1	180	Ethanol Reservoir 1	A1	AMPure XP Cleanup 1 1	A1		C:\VWorks Workspace\Protocol Files\Accel_NGS_2S\4_CleanUp2_Accel_NGS_2S_DNA_v1.0.pro	
04-Oct-17 2:18:42 PM	Transfer	1	183	AMPure XP Cleanup 1 1	A1	1	A1		C:\VWorks Workspace\Protocol Files\Accel_NGS_2S\4_CleanUp2_Accel_NGS_2S_DNA_v1.0.pro	
04-Oct-17 2:18:47 PM	Transfer	1	175	Ethanol Reservoir 1	A1	AMPure XP Cleanup 1 1	A1		C:\VWorks Workspace\Protocol Files\Accel_NGS_2S\4_CleanUp2_Accel_NGS_2S_DNA_v1.0.pro	
04-Oct-17 2:18:52 PM	Transfer	1	183.5	AMPure XP Cleanup 1 1	A1	1	A1		C:\VWorks Workspace\Protocol Files\Accel_NGS_2S\4_CleanUp2_Accel_NGS_2S_DNA_v1.0.pro	
04-Oct-17 2:18:56 PM	Event	1						Main protocol complete	C:\VWorks Workspace\Protocol Files\Accel_NGS_2S\4_CleanUp2_Accel_NGS_2S_DNA_v1.0.pro	
04-Oct-17 2:19:29 PM	Event	1						Main protocol starting	C:\VWorks Workspace\Protocol Files\Accel_NGS_2S\5b_Elution2_Accel_NGS_2S_DNA_v1.0.pro	
04-Oct-17 2:19:35 PM	Transfer	1	10	Elution Plate 1	A1	DNA Plate 1	A1		C:\VWorks Workspace\Protocol Files\Accel_NGS_2S\5b_Elution2_Accel_NGS_2S_DNA_v1.0.pro	
04-Oct-17 2:20:01 PM	Event	1						Main protocol aborted by user	C:\VWorks Workspace\Protocol Files\Accel_NGS_2S\5b_Elution2_Accel_NGS_2S_DNA_v1.0.pro	
04-Oct-17 2:20:02 PM	Event	1						Main protocol aborted by user	C:\VWorks Workspace\Protocol Files\Accel_NGS_2S\5b_Elution2_Accel_NGS_2S_DNA_v1.0.pro	
04-Oct-17 2:22:10 PM	Event	1						Main protocol starting	C:\VWorks Workspace\Protocol Files\Accel_NGS_2S\1_RepairI_Accel_NGS_2S_DNA_v1.0.pro	
04-Oct-17 2:22:16 PM	Transfer	1	10	Master Mix Plate 1	Column 1	Reaction Plate 1	Column 1		C:\VWorks Workspace\Protocol Files\Accel_NGS_2S\1_RepairI_Accel_NGS_2S_DNA_v1.0.pro	
04-Oct-17 2:22:23 PM	Transfer	1	50	DNA Plate 1	A1	Reaction Plate 1	A1		C:\VWorks Workspace\Protocol Files\Accel_NGS_2S\1_RepairI_Accel_NGS_2S_DNA_v1.0.pro	
04-Oct-17 2:22:23 PM	Transfer	1	10	DNA Plate 1	A1	Reaction Plate 1	A1		C:\VWorks Workspace\Protocol Files\Accel_NGS_2S\1_RepairI_Accel_NGS_2S_DNA_v1.0.pro	
04-Oct-17 2:22:24 PM	Transfer	1	5	Reaction Plate 1	A1	Reaction Plate 1	A1		C:\VWorks Workspace\Protocol Files\Accel_NGS_2S\1_RepairI_Accel_NGS_2S_DNA_v1.0.pro	
04-Oct-17 2:22:27 PM	Event	1						Main protocol complete	C:\VWorks Workspace\Protocol Files\Accel_NGS_2S\1_RepairI_Accel_NGS_2S_DNA_v1.0.pro	
04-Oct-17 2:22:43 PM	Event	1						Main protocol starting	C:\VWorks Workspace\Protocol Files\Accel_NGS_2S\2b_CleanUp1_Accel_NGS_2S_DNA_v1.0.pro	
04-Oct-17 2:22:49 PM	Transfer	1	15	SPRI reservoir 1	A1	SPRI reservoir 1	A1		C:\VWorks Workspace\Protocol Files\Accel_NGS_2S\2b_CleanUp1_Accel_NGS_2S_DNA_v1.0.pro	
04-Oct-17 2:22:49 PM	Transfer	1	80	SPRI reservoir 1	A1	AMPure XP Cleanup 1 1	A1		C:\VWorks Workspace\Protocol Files\Accel_NGS_2S\2b_CleanUp1_Accel_NGS_2S_DNA_v1.0.pro	
04-Oct-17 2:22:49 PM	Transfer	1	4	SPRI reservoir 1	A1	AMPure XP Cleanup 1 1	A1		C:\VWorks Workspace\Protocol Files\Accel_NGS_2S\2b_CleanUp1_Accel_NGS_2S_DNA_v1.0.pro	
04-Oct-17 2:22:51 PM	Transfer	1	12	AMPure XP Cleanup 1 1	A1	AMPure XP Cleanup 1 1	A1		C:\VWorks Workspace\Protocol Files\Accel_NGS_2S\2b_CleanUp1_Accel_NGS_2S_DNA_v1.0.pro	
04-Oct-17 2:22:59 PM	Transfer	1	139	AMPure XP Cleanup 1 1	A1	1	A1		C:\VWorks Workspace\Protocol Files\Accel_NGS_2S\2b_CleanUp1_Accel_NGS_2S_DNA_v1.0.pro	
04-Oct-17 2:23:03 PM	Transfer	1	180	Ethanol Reservoir 1	A1	AMPure XP Cleanup 1 1	A1		C:\VWorks Workspace\Protocol Files\Accel_NGS_2S\2b_CleanUp1_Accel_NGS_2S_DNA_v1.0.pro	
04-Oct-17 2:23:07 PM	Transfer	1	183	AMPure XP Cleanup 1 1	A1	1	A1		C:\VWorks Workspace\Protocol Files\Accel_NGS_2S\2b_CleanUp1_Accel_NGS_2S_DNA_v1.0.pro	
04-Oct-17 2:23:12 PM	Transfer	1	175	Ethanol Reservoir 1	A1	AMPure XP Cleanup 1 1	A1		C:\VWorks Workspace\Protocol Files\Accel_NGS_2S\2b_CleanUp1_Accel_NGS_2S_DNA_v1.0.pro	
04-Oct-17 2:23:16 PM	Transfer	1	183.5	AMPure XP Cleanup 1 1	A1	1	A1		C:\VWorks Workspace\Protocol Files\Accel_NGS_2S\2b_CleanUp1_Accel_NGS_2S_DNA_v1.0.pro	
04-Oct-17 2:23:20 PM	Event	1						Main protocol complete	C:\VWorks Workspace\Protocol Files\Accel_NGS_2S\2b_CleanUp1_Accel_NGS_2S_DNA_v1.0.pro	
04-Oct-17 2:23:28 PM	Event	1						Main protocol starting	C:\VWorks Workspace\Protocol Files\Accel_NGS_2S\Scratch\InProgress3_Elution1_Accel_NGS_2S_DNA_v1.0.pro	
04-Oct-17 2:23:36 PM	Transfer	1	20	Elution Plate 1	A1	DNA Plate 1	A1		C:\VWorks Workspace\Protocol Files\Accel_NGS_2S\Scratch\InProgress3_Elution1_Accel_NGS_2S_DNA_v1.0.pro	
04-Oct-17 2:23:40 PM	Event	1						Main protocol complete	C:\VWorks Workspace\Protocol Files\Accel_NGS_2S\Scratch\InProgress3_Elution1_Accel_NGS_2S_DNA_v1.0.pro	
04-Oct-17 2:23:49 PM	Event	1						Main protocol starting	C:\VWorks Workspace\Protocol Files\Accel_NGS_2S\Scratch\InProgress3_Repair2_Accel_NGS_2S_DNA_v1.0.pro	
04-Oct-17 2:23:55 PM	Transfer	1	30	Master Mix Plate 1	Column 2	Reaction Plate 1	Column 1		C:\VWorks Workspace\Protocol Files\Accel_NGS_2S\Scratch\InProgress3_Repair2_Accel_NGS_2S_DNA_v1.0.pro	
04-Oct-17 2:24:03 PM	Transfer	1	32	Reaction Plate 1	A1	DNA Plate 1	A1		C:\VWorks Workspace\Protocol Files\Accel_NGS_2S\Scratch\InProgress3_Repair2_Accel_NGS_2S_DNA_v1.0.pro	
04-Oct-17 2:24:07 PM	Event	1						Main protocol complete	C:\VWorks Workspace\Protocol Files\Accel_NGS_2S\Scratch\InProgress3_Repair2_Accel_NGS_2S_DNA_v1.0.pro	
04-Oct-17 2:24:23 PM	Event	1						Main protocol starting	C:\VWorks Workspace\Protocol Files\Accel_NGS_2S\4_CleanUp2_Accel_NGS_2S_DNA_v1.0.pro	
04-Oct-17 2:24:27 PM	Transfer	1	60	PEGNaCl reservoir 1	A1	AMPure XP Cleanup 1 1	A1		C:\VWorks Workspace\Protocol Files\Accel_NGS_2S\4_CleanUp2_Accel_NGS_2S_DNA_v1.0.pro	
04-Oct-17 2:24:28 PM	Transfer	1	12	AMPure XP Cleanup 1 1	A1	AMPure XP Cleanup 1 1	A1		C:\VWorks Workspace\Protocol Files\Accel_NGS_2S\4_CleanUp2_Accel_NGS_2S_DNA_v1.0.pro	
04-Oct-17 2:24:36 PM	Transfer	1	105	AMPure XP Cleanup 1 1	A1	1	A1		C:\VWorks Workspace\Protocol Files\Accel_NGS_2S\4_CleanUp2_Accel_NGS_2S_DNA_v1.0.pro	
04-Oct-17 2:24:41 PM	Transfer	1	180	Ethanol Reservoir 1	A1	AMPure XP Cleanup 1 1	A1		C:\VWorks Workspace\Protocol Files\Accel_NGS_2S\4_CleanUp2_Accel_NGS_2S_DNA_v1.0.pro	
04-Oct-17 2:24:45 PM	Transfer	1	183	AMPure XP Cleanup 1 1	A1	1	A1		C:\VWorks Workspace\Protocol Files\Accel_NGS_2S\4_CleanUp2_Accel_NGS_2S_DNA_v1.0.pro	
04-Oct-17 2:24:49 PM	Transfer	1	175	Ethanol Reservoir 1	A1	AMPure XP Cleanup 1 1	A1		C:\VWorks Workspace\Protocol Files\Accel_NGS_2S\4_CleanUp2_Accel_NGS_2S_DNA_v1.0.pro	
04-Oct-17 2:24:54 PM	Transfer	1	183.5	AMPure XP Cleanup 1 1	A1	1	A1		C:\VWorks Workspace\Protocol Files\Accel_NGS_2S\4_CleanUp2_Accel_NGS_2S_DNA_v1.0.pro	
04-Oct-17 2:24:58 PM	Event	1						Main protocol complete	C:\VWorks Workspace\Protocol Files\Accel_NGS_2S\4_CleanUp2_Accel_NGS_2S_DNA_v1.0.pro	
04-Oct-17 2:25:08 PM	Event	1						Main protocol starting	C:\VWorks Workspace\Protocol Files\Accel_NGS_2S\Scratch\InProgress5b_Elution2_Accel_NGS_2S_DNA_v1.0.pro	
04-Oct-17 2:25:15 PM	Transfer	1	10	Elution Plate 1	A1	DNA Plate 1	A1		C:\VWorks Workspace\Protocol Files\Accel_NGS_2S\Scratch\InProgress5b_Elution2_Accel_NGS_2S_DNA_v1.0.pro	
04-Oct-17 2:26:50 PM	Event	1						Main protocol aborted by user	C:\VWorks Workspace\Protocol Files\Accel_NGS_2S\Scratch\InProgress5b_Elution2_Accel_NGS_2S_DNA_v1.0.pro	
04-Oct-17 2:26:51 PM	Event	1						Main protocol aborted by user	C:\VWorks Workspace\Protocol Files\Accel_NGS_2S\Scratch\InProgress5b_Elution2_Accel_NGS_2S_DNA_v1.0.pro	
