10-Oct-17 3:09:46 PM	Info					Error library: The error library file path is empty.			0	
10-Oct-17 3:09:46 PM	Info					System Startup			0	
10-Oct-17 3:09:46 PM	Info	AccessoriesWizard				Dll loaded:    AccessoriesWizard.dll    6.0.0			0	
10-Oct-17 3:09:46 PM	Info	AccessoryManager				Dll loaded:    AccessoryManager.dll    2.0.0			0	
10-Oct-17 3:09:46 PM	Info	AgilentBenchBotController				Dll loaded:    AgilentBenchBotController.dll    1.21.4226			0	
10-Oct-17 3:09:46 PM	Info	ArgonShelfAccessoryDriver				Dll loaded:    ArgonShelfAccessoryDriver.dll    2.0.1			0	
10-Oct-17 3:09:46 PM	Info	BTILHCRunner				Dll loaded:    BTILHCRunner.dll    2.00.2			0	
10-Oct-17 3:09:46 PM	Info	ContextHelp				Dll loaded:    ContextHelp.dll    3.0.0			0	
10-Oct-17 3:09:46 PM	Info	DDRStringTable				Dll loaded:    DDRStringTable.dll    1.2.14			0	
10-Oct-17 3:09:46 PM	Info	DeviceEnumerator				Dll loaded:    DeviceEnumerator.dll    9.0.0			0	
10-Oct-17 3:09:46 PM	Info	EchoAppHelper				Dll loaded:    EchoAppHelper.dll    1.0.0			0	
10-Oct-17 3:09:46 PM	Info	ErrorLibrary				Dll loaded:    ErrorLibrary.dll    2.0.1			0	
10-Oct-17 3:09:46 PM	Info	EvaporatorAccessoryDriver				Dll loaded:    EvaporatorAccessoryDriver.dll    9.0.0			0	
10-Oct-17 3:09:46 PM	Info	GuidanceDiscovery				Dll loaded:    GuidanceDiscovery.dll    2.0.0			0	
10-Oct-17 3:09:46 PM	Info	Host				Dll loaded:    Host.dll    1.0.4226			0	
10-Oct-17 3:09:46 PM	Info	ImportExport				Dll loaded:    ImportExport.dll    2.0.0			0	
10-Oct-17 3:09:46 PM	Info	InhecoMTCdll				Dll loaded:    InhecoMTCdll.dll    1.2.4			0	
10-Oct-17 3:09:46 PM	Info	InhecoShakeandHeatAccessoryDriver				Dll loaded:    InhecoShakeandHeatAccessoryDriver.dll    1.0.0			0	
10-Oct-17 3:09:46 PM	Info	IWorksAccessory				Dll loaded:    IWorksAccessory.dll    8.0.1			0	
10-Oct-17 3:09:46 PM	Info	js32				Dll loaded:    js32.dll    Unknown.0.0			0	
10-Oct-17 3:09:46 PM	Info	LabelDesigner				Dll loaded:    LabelDesigner.dll    5.0.7			0	
10-Oct-17 3:09:46 PM	Info	LabelerHardware				Dll loaded:    LabelerHardware.dll    14.0.23			0	
10-Oct-17 3:09:46 PM	Info	libnspr4				Dll loaded:    libnspr4.dll    4.1.0			0	
10-Oct-17 3:09:46 PM	Info	LidHotelAccessoryDriver				Dll loaded:    LidHotelAccessoryDriver.dll    8.0.0			0	
10-Oct-17 3:09:46 PM	Info	lm				Dll loaded:    lm.dll    3.0.0			0	
10-Oct-17 3:09:46 PM	Info	Loader				Dll loaded:    Loader.dll    1.0.4226			0	
10-Oct-17 3:09:46 PM	Info	MagBeadAccessoryDriver				Dll loaded:    MagBeadAccessoryDriver.dll    8.0.0			0	
10-Oct-17 3:09:46 PM	Info	MetaDataPropertyManager				Dll loaded:    MetaDataPropertyManager.dll    13.0.0			0	
10-Oct-17 3:09:46 PM	Info	mfc71				Dll loaded:    mfc71.dll    7.10.3077			0	
10-Oct-17 3:09:46 PM	Info	mfc71u				Dll loaded:    mfc71u.dll    7.10.3077			0	
10-Oct-17 3:09:46 PM	Info	MicroPierceInterface				Dll loaded:    MicroPierceInterface.dll    1.0.0			0	
10-Oct-17 3:09:46 PM	Info	MicroPierceWrapper				Dll loaded:    MicroPierceWrapper.dll    1.0.0			0	
10-Oct-17 3:09:46 PM	Info	MicroStirInterface				Dll loaded:    MicroStirInterface.dll    1.0.0			0	
10-Oct-17 3:09:46 PM	Info	MicroStirWrapper				Dll loaded:    MicroStirWrapper.dll    1.0.0			0	
10-Oct-17 3:09:46 PM	Info	msvcr71				Dll loaded:    msvcr71.dll    7.10.3052			0	
10-Oct-17 3:09:46 PM	Info	MTController				Dll loaded:    MTController.dll    5.0.0			0	
10-Oct-17 3:09:46 PM	Info	NestableTipBoxInsertAccessoryDriver				Dll loaded:    NestableTipBoxInsertAccessoryDriver.dll    2.0.0			0	
10-Oct-17 3:09:46 PM	Info	ObjectDatabase				Dll loaded:    ObjectDatabase.dll    4.0.0			0	
10-Oct-17 3:09:46 PM	Info	ObjectManager				Dll loaded:    ObjectManager.dll    7.0.1			0	
10-Oct-17 3:09:46 PM	Info	PackardFusionRemoteConnectorOCX				Dll loaded:    PackardFusionRemoteConnectorOCX.dll    4.0.0			0	
10-Oct-17 3:09:46 PM	Info	PackardFusionRemoteControlPlugIn				Dll loaded:    PackardFusionRemoteControlPlugIn.dll    4.0.0			0	
10-Oct-17 3:09:46 PM	Info	PackardFusionRemoteControlWrapperDLL				Dll loaded:    PackardFusionRemoteControlWrapperDLL.dll    4.0.0			0	
10-Oct-17 3:09:46 PM	Info	PicServoExtDll				Dll loaded:    PicServoExtDll.dll    10.0.0			0	
10-Oct-17 3:09:46 PM	Info	PipetteHeadMode				Dll loaded:    PipetteHeadMode.dll    2.0.0			0	
10-Oct-17 3:09:46 PM	Info	PipetteTechniqueEditor				Dll loaded:    PipetteTechniqueEditor.dll    3.0.0			0	
10-Oct-17 3:09:46 PM	Info	PlateMapDatabase				Dll loaded:    PlateMapDatabase.dll    17.0.1			0	
10-Oct-17 3:09:46 PM	Info	ProfileChangeLog				Dll loaded:    ProfileChangeLog.dll    2.0.0			0	
10-Oct-17 3:09:46 PM	Info	ProfileManager				Dll loaded:    ProfileManager.dll    10.0.1			0	
10-Oct-17 3:09:46 PM	Info	ProfSkin284m				Dll loaded:    ProfSkin284m.dll    2.8.4			0	
10-Oct-17 3:09:46 PM	Info	ProfUIS284m				Dll loaded:    ProfUIS284m.dll    2.8.4			0	
10-Oct-17 3:09:46 PM	Info	ProfUisProfileManager				Dll loaded:    ProfUisProfileManager.dll    10.0.0			0	
10-Oct-17 3:09:46 PM	Info	SciLexer				Dll loaded:    SciLexer.dll    1.71.0			0	
10-Oct-17 3:09:46 PM	Info	SerialDilution				Dll loaded:    SerialDilution.dll    13.0.0			0	
10-Oct-17 3:09:46 PM	Info	SSIdll				Dll loaded:    SSIdll.dll    Unknown.0.0			0	
10-Oct-17 3:09:46 PM	Info	TeleshakeAccessoryDriver				Dll loaded:    TeleshakeAccessoryDriver.dll    9.0.2			0	
10-Oct-17 3:09:46 PM	Info	TipPosition				Dll loaded:    TipPosition.dll    3.0.0			0	
10-Oct-17 3:09:46 PM	Info	TipTracking				Dll loaded:    TipTracking.dll    3.0.0			0	
10-Oct-17 3:09:46 PM	Info	tmlcomm				Dll loaded:    tmlcomm.dll    3.2.2			0	
10-Oct-17 3:09:46 PM	Info	TML_lib				Dll loaded:    TML_lib.dll    2.0.1			0	
10-Oct-17 3:09:46 PM	Info	Toolbox				Dll loaded:    Toolbox.dll    1.0.4226			0	
10-Oct-17 3:09:46 PM	Info	V11DeviceDriver				Dll loaded:    V11DeviceDriver.dll    11.0.0			0	
10-Oct-17 3:09:46 PM	Info	V11FieldComposer				Dll loaded:    V11FieldComposer.dll    4.0.0			0	
10-Oct-17 3:09:46 PM	Info	V11GanttChart				Dll loaded:    V11GanttChart.dll    2.0.1			0	
10-Oct-17 3:09:46 PM	Info	V11Labware				Dll loaded:    V11Labware.dll    25.0.14			0	
10-Oct-17 3:09:46 PM	Info	V11Liquids				Dll loaded:    V11Liquids.dll    9.0.0			0	
10-Oct-17 3:09:46 PM	Info	V11Migrator				Dll loaded:    V11Migrator.dll    2.0.3			0	
10-Oct-17 3:09:46 PM	Info	V11PipettingFormatWizard				Dll loaded:    V11PipettingFormatWizard.dll    2.0.0			0	
10-Oct-17 3:09:46 PM	Info	V11PumpAccessoryDriver				Dll loaded:    V11PumpAccessoryDriver.dll    3.0.2			0	
10-Oct-17 3:09:46 PM	Info	V11SharedClasses				Dll loaded:    V11SharedClasses.dll    1.1.0			0	
10-Oct-17 3:09:46 PM	Info	V11WellSelect				Dll loaded:    V11WellSelect.dll    8.0.0			0	
10-Oct-17 3:09:46 PM	Info	V11WellVolumeVisualizer				Dll loaded:    V11WellVolumeVisualizer.dll    6.0.0			0	
10-Oct-17 3:09:46 PM	Info	V11Wizard				Dll loaded:    V11Wizard.dll    2.0.0			0	
10-Oct-17 3:09:46 PM	Info	VacuumFiltrationAccessoryDriver				Dll loaded:    VacuumFiltrationAccessoryDriver.dll    10.0.1			0	
10-Oct-17 3:09:46 PM	Info	VacuumLocatingStationDriver				Dll loaded:    VacuumLocatingStationDriver.dll    7.0.0			0	
10-Oct-17 3:09:46 PM	Info	VacuumShelfAccessoryDriver				Dll loaded:    VacuumShelfAccessoryDriver.dll    2.0.2			0	
10-Oct-17 3:09:46 PM	Info	VHookInterface				Dll loaded:    VHookInterface.dll    7.0.0			0	
10-Oct-17 3:09:46 PM	Info	VWorks4COM				Dll loaded:    VWorks4COM.dll    4.0.0			0	
10-Oct-17 3:09:46 PM	Info	VWorks4Defs				Dll loaded:    VWorks4Defs.dll    6.0.3			0	
10-Oct-17 3:09:46 PM	Info	VWorks4DeviceManager				Dll loaded:    VWorks4DeviceManager.dll    4.0.0			0	
10-Oct-17 3:09:46 PM	Info	VWorks4EmailDaemon				Dll loaded:    VWorks4EmailDaemon.dll    3.0.0			0	
10-Oct-17 3:09:46 PM	Info	VWorks4FormManager				Dll loaded:    VWorks4FormManager.dll    1.0.0			0	
10-Oct-17 3:09:46 PM	Info	VWorks4GUI				Dll loaded:    VWorks4GUI.dll    3.0.0			0	
10-Oct-17 3:09:46 PM	Info	VWorks4GUIFramework				Dll loaded:    VWorks4GUIFramework.dll    3.0.1			0	
10-Oct-17 3:09:46 PM	Info	VWorks4Hooks				Dll loaded:    VWorks4Hooks.dll    3.0.0			0	
10-Oct-17 3:09:46 PM	Info	VWorks4LabelDesigner				Dll loaded:    VWorks4LabelDesigner.dll    3.0.0			0	
10-Oct-17 3:09:46 PM	Info	VWorks4Logger				Dll loaded:    VWorks4Logger.dll    4.0.0			0	
10-Oct-17 3:09:46 PM	Info	VWorks4MacroLibrary				Dll loaded:    VWorks4MacroLibrary.dll    1.0.0			0	
10-Oct-17 3:09:46 PM	Info	VWorks4Progress				Dll loaded:    VWorks4Progress.dll    3.0.0			0	
10-Oct-17 3:09:46 PM	Info	VWorks4ProtocolEditor				Dll loaded:    VWorks4ProtocolEditor.dll    4.0.0			0	
10-Oct-17 3:09:46 PM	Info	VWorks4Security				Dll loaded:    VWorks4Security.dll    3.0.0			0	
10-Oct-17 3:09:46 PM	Info	VWorks4UserDatabase				Dll loaded:    VWorks4UserDatabase.dll    3.0.0			0	
10-Oct-17 3:09:46 PM	Info	VWorks4UserManager				Dll loaded:    VWorks4UserManager.dll    3.0.0			0	
10-Oct-17 3:09:46 PM	Info	WeighPadAccessoryDriver				Dll loaded:    WeighPadAccessoryDriver.dll    2.0.0			0	
10-Oct-17 3:09:46 PM	Info	Agilent BenchCel				Plugin loaded from cache:   AgilentBenchCel.dll   20.1.2			0	
10-Oct-17 3:09:46 PM	Info	Agilent Bravo				Plugin loaded from cache:   AgilentBravo.dll   17.1.0			0	
10-Oct-17 3:09:46 PM	Info	Agilent Generic I/O Module				Plugin loaded from cache:   AgilentGenericIO.dll   5.0.0			0	
10-Oct-17 3:09:46 PM	Info	Agilent Labware MiniHub				Plugin loaded from cache:   AgilentLabwareMiniHub.dll   1.0.3			0	
10-Oct-17 3:09:47 PM	Info	Agilent Phantom Robot				Plugin loaded from cache:   AgilentPhantomRobot.dll   9.0.5			0	
10-Oct-17 3:09:47 PM	Info	Agilent Phantom Stacker				Plugin loaded from cache:   AgilentPhantomStacker.dll   2.0.1			0	
10-Oct-17 3:09:47 PM	Info	Agilent Plate Hotel				Plugin loaded from cache:   AgilentPlateHotel.dll   1.0.3			0	
10-Oct-17 3:09:47 PM	Info	Agilent Plate Hub Carousel				Plugin loaded from cache:   AgilentPlateHubCarousel.dll   8.0.1			0	
10-Oct-17 3:09:47 PM	Info	Waste Bin				Plugin loaded from cache:   AgilentWasteBin.dll   3.0.0			0	
10-Oct-17 3:09:47 PM	Info	Agilent Weigh Pad				Plugin loaded from cache:   AgilentWeighPad.dll   8.0.0			0	
10-Oct-17 3:09:47 PM	Info	Keyence Barcode Reader				Plugin loaded from cache:   KeyenceBarcodeReader.dll   6.0.0			0	
10-Oct-17 3:09:47 PM	Info	Plate Pad, Standard				Plugin loaded from cache:   PlatePad.dll   6.0.0			0	
10-Oct-17 3:10:06 PM	Info					administrator logged in			1	
10-Oct-17 3:10:19 PM	Info	Agilent Labware MiniHub				Plugin loaded:   AgilentLabwareMiniHub.dll   1.0.3			1	
10-Oct-17 3:10:20 PM	Info					Hooks plugin loaded:    AgilentBenchCel.dll			0	
10-Oct-17 3:10:20 PM	Info	Agilent BenchCel				Plugin loaded:   AgilentBenchCel.dll   20.1.2			1	
10-Oct-17 3:10:23 PM	Info					Hooks plugin loaded:    AgilentBravo.dll			0	
10-Oct-17 3:10:24 PM	Info	Agilent Bravo				Plugin loaded:   AgilentBravo.dll   17.1.0			1	
10-Oct-17 3:10:27 PM	Info					File loaded		C:\VWorks Workspace\Device Files\BravoMiniPHBenchCel_round_magnet_RED_insert.dev	1	
10-Oct-17 3:10:29 PM	Info	Agilent Labware MiniHub - 1				Initializing device		C:\VWorks Workspace\Device Files\BravoMiniPHBenchCel_round_magnet_RED_insert.dev	1	
10-Oct-17 3:10:29 PM	Info	BenchCel - 1				Initializing device		C:\VWorks Workspace\Device Files\BravoMiniPHBenchCel_round_magnet_RED_insert.dev	1	
10-Oct-17 3:10:29 PM	Info	Bravo - 1				Initializing device		C:\VWorks Workspace\Device Files\BravoMiniPHBenchCel_round_magnet_RED_insert.dev	1	
10-Oct-17 3:10:30 PM	Info	BenchCel - 1				Initialization complete		C:\VWorks Workspace\Device Files\BravoMiniPHBenchCel_round_magnet_RED_insert.dev	1	
10-Oct-17 3:10:36 PM	Error	Agilent Labware MiniHub - 1				Cannot Home. Please check below for details.			1	
10-Oct-17 3:10:36 PM	Error	Agilent Labware MiniHub - 1				The controller reported the following faults:			1	
10-Oct-17 3:10:36 PM	Error	Agilent Labware MiniHub - 1				Controller - NodeID=0			1	
10-Oct-17 3:10:36 PM	Error	Agilent Labware MiniHub - 1				Axis:1			1	
10-Oct-17 3:10:36 PM	Error	Agilent Labware MiniHub - 1				Non-Fatal Error: Excessive Following Error			1	
10-Oct-17 3:10:36 PM	Info					Error library: Select best match error handler: "Default" and action type "show error dialog"			1	
10-Oct-17 3:10:44 PM	Info	Agilent Labware MiniHub - 1				Retrying: Cannot Home. Please check below for details.			1	
10-Oct-17 3:10:44 PM	Info	Agilent Labware MiniHub - 1				The controller reported the following faults:			1	
10-Oct-17 3:10:44 PM	Info	Agilent Labware MiniHub - 1				Controller - NodeID=0			1	
10-Oct-17 3:10:44 PM	Info	Agilent Labware MiniHub - 1				Axis:1			1	
10-Oct-17 3:10:44 PM	Info	Agilent Labware MiniHub - 1				Non-Fatal Error: Excessive Following Error			1	
10-Oct-17 3:10:44 PM	Error	Agilent Labware MiniHub - 1				Cannot Home. Please check below for details.			1	
10-Oct-17 3:10:44 PM	Error	Agilent Labware MiniHub - 1				The controller reported the following faults:			1	
10-Oct-17 3:10:44 PM	Error	Agilent Labware MiniHub - 1				Controller - NodeID=0			1	
10-Oct-17 3:10:44 PM	Error	Agilent Labware MiniHub - 1				Axis:1			1	
10-Oct-17 3:10:44 PM	Error	Agilent Labware MiniHub - 1				Non-Fatal Error: Excessive Following Error			1	
10-Oct-17 3:10:44 PM	Info					Error library: Select best match error handler: "Default" and action type "show error dialog"			1	
10-Oct-17 3:10:51 PM	Info	Agilent Labware MiniHub - 1				Retrying: Cannot Home. Please check below for details.			1	
10-Oct-17 3:10:51 PM	Info	Agilent Labware MiniHub - 1				The controller reported the following faults:			1	
10-Oct-17 3:10:51 PM	Info	Agilent Labware MiniHub - 1				Controller - NodeID=0			1	
10-Oct-17 3:10:51 PM	Info	Agilent Labware MiniHub - 1				Axis:1			1	
10-Oct-17 3:10:51 PM	Info	Agilent Labware MiniHub - 1				Non-Fatal Error: Excessive Following Error			1	
10-Oct-17 3:10:51 PM	Error	Agilent Labware MiniHub - 1				Cannot Home. Please check below for details.			1	
10-Oct-17 3:10:51 PM	Error	Agilent Labware MiniHub - 1				The controller reported the following faults:			1	
10-Oct-17 3:10:51 PM	Error	Agilent Labware MiniHub - 1				Controller - NodeID=0			1	
10-Oct-17 3:10:51 PM	Error	Agilent Labware MiniHub - 1				Axis:1			1	
10-Oct-17 3:10:51 PM	Error	Agilent Labware MiniHub - 1				Non-Fatal Error: Excessive Following Error			1	
10-Oct-17 3:10:51 PM	Info					Error library: Select best match error handler: "Default" and action type "show error dialog"			1	
10-Oct-17 3:10:57 PM	Info	Agilent Labware MiniHub - 1				Retrying: Cannot Home. Please check below for details.			1	
10-Oct-17 3:10:57 PM	Info	Agilent Labware MiniHub - 1				The controller reported the following faults:			1	
10-Oct-17 3:10:57 PM	Info	Agilent Labware MiniHub - 1				Controller - NodeID=0			1	
10-Oct-17 3:10:57 PM	Info	Agilent Labware MiniHub - 1				Axis:1			1	
10-Oct-17 3:10:57 PM	Info	Agilent Labware MiniHub - 1				Non-Fatal Error: Excessive Following Error			1	
10-Oct-17 3:10:57 PM	Error	Agilent Labware MiniHub - 1				Cannot Home. Please check below for details.			1	
10-Oct-17 3:10:57 PM	Error	Agilent Labware MiniHub - 1				The controller reported the following faults:			1	
10-Oct-17 3:10:57 PM	Error	Agilent Labware MiniHub - 1				Controller - NodeID=0			1	
10-Oct-17 3:10:57 PM	Error	Agilent Labware MiniHub - 1				Axis:1			1	
10-Oct-17 3:10:57 PM	Error	Agilent Labware MiniHub - 1				Non-Fatal Error: Excessive Following Error			1	
10-Oct-17 3:10:57 PM	Info					Error library: Select best match error handler: "Default" and action type "show error dialog"			1	
10-Oct-17 3:10:58 PM	Info	Bravo - 1				Initialization complete		C:\VWorks Workspace\Device Files\BravoMiniPHBenchCel_round_magnet_RED_insert.dev	1	
10-Oct-17 3:11:03 PM	Info	Agilent Labware MiniHub - 1				Retrying: Cannot Home. Please check below for details.			1	
10-Oct-17 3:11:03 PM	Info	Agilent Labware MiniHub - 1				The controller reported the following faults:			1	
10-Oct-17 3:11:03 PM	Info	Agilent Labware MiniHub - 1				Controller - NodeID=0			1	
10-Oct-17 3:11:03 PM	Info	Agilent Labware MiniHub - 1				Axis:1			1	
10-Oct-17 3:11:03 PM	Info	Agilent Labware MiniHub - 1				Non-Fatal Error: Excessive Following Error			1	
10-Oct-17 3:11:03 PM	Error	Agilent Labware MiniHub - 1				Cannot Home. Please check below for details.			1	
10-Oct-17 3:11:03 PM	Error	Agilent Labware MiniHub - 1				The controller reported the following faults:			1	
10-Oct-17 3:11:03 PM	Error	Agilent Labware MiniHub - 1				Controller - NodeID=0			1	
10-Oct-17 3:11:03 PM	Error	Agilent Labware MiniHub - 1				Axis:1			1	
10-Oct-17 3:11:03 PM	Error	Agilent Labware MiniHub - 1				Non-Fatal Error: Excessive Following Error			1	
10-Oct-17 3:11:03 PM	Info					Error library: Select best match error handler: "Default" and action type "show error dialog"			1	
10-Oct-17 3:11:05 PM	Info	Agilent Labware MiniHub - 1				Opening diagnostics		C:\VWorks Workspace\Device Files\BravoMiniPHBenchCel_round_magnet_RED_insert.dev	1	
10-Oct-17 3:11:06 PM	Info	Agilent Labware MiniHub - 1				An error occured.			1	
10-Oct-17 3:11:06 PM	Info	Agilent Labware MiniHub - 1				The controller reported the following faults:			1	
10-Oct-17 3:11:06 PM	Info	Agilent Labware MiniHub - 1				Controller - NodeID=0			1	
10-Oct-17 3:11:06 PM	Info	Agilent Labware MiniHub - 1				Axis:1			1	
10-Oct-17 3:11:06 PM	Info	Agilent Labware MiniHub - 1				Non-Fatal Error: Excessive Following Error			1	
10-Oct-17 3:11:26 PM	Info	Agilent Labware MiniHub - 1				Profile initialization started.			1	
10-Oct-17 3:11:27 PM	Info	Agilent Labware MiniHub - 1				Diagnostic window: Initialization started.			1	
10-Oct-17 3:11:27 PM	Info	Agilent Labware MiniHub - 1				Diagnostic window: Error on Initialization : Cannot Home. Please check below for details.			1	
10-Oct-17 3:11:27 PM	Info	Agilent Labware MiniHub - 1				The controller reported the following faults:			1	
10-Oct-17 3:11:27 PM	Info	Agilent Labware MiniHub - 1				Controller - NodeID=0			1	
10-Oct-17 3:11:27 PM	Info	Agilent Labware MiniHub - 1				Axis:1			1	
10-Oct-17 3:11:27 PM	Info	Agilent Labware MiniHub - 1				Non-Fatal Error: Excessive Following Error			1	
10-Oct-17 3:11:29 PM	Info	Agilent Labware MiniHub - 1				Diagnostic window: User aborted on operation Initialization			1	
10-Oct-17 3:11:30 PM	Info	Agilent Labware MiniHub - 1				Closing diagnostics		C:\VWorks Workspace\Device Files\BravoMiniPHBenchCel_round_magnet_RED_insert.dev	1	
10-Oct-17 3:11:31 PM	Info	Agilent Labware MiniHub - 1				Aborting on: Cannot Home. Please check below for details.			1	
10-Oct-17 3:11:31 PM	Info	Agilent Labware MiniHub - 1				The controller reported the following faults:			1	
10-Oct-17 3:11:31 PM	Info	Agilent Labware MiniHub - 1				Controller - NodeID=0			1	
10-Oct-17 3:11:31 PM	Info	Agilent Labware MiniHub - 1				Axis:1			1	
10-Oct-17 3:11:31 PM	Info	Agilent Labware MiniHub - 1				Non-Fatal Error: Excessive Following Error			1	
10-Oct-17 3:11:31 PM	Info	Agilent Labware MiniHub - 1				Initialization failed		C:\VWorks Workspace\Device Files\BravoMiniPHBenchCel_round_magnet_RED_insert.dev	1	
10-Oct-17 3:24:38 PM	Info	Agilent Labware MiniHub - 1				Initializing device		C:\VWorks Workspace\Device Files\BravoMiniPHBenchCel_round_magnet_RED_insert.dev	1	
10-Oct-17 3:24:38 PM	Info	BenchCel - 1				Initializing device		C:\VWorks Workspace\Device Files\BravoMiniPHBenchCel_round_magnet_RED_insert.dev	1	
10-Oct-17 3:24:38 PM	Info	Bravo - 1				Initializing device		C:\VWorks Workspace\Device Files\BravoMiniPHBenchCel_round_magnet_RED_insert.dev	1	
10-Oct-17 3:24:42 PM	Info	BenchCel - 1				Initialization complete		C:\VWorks Workspace\Device Files\BravoMiniPHBenchCel_round_magnet_RED_insert.dev	1	
10-Oct-17 3:24:46 PM	Error	Agilent Labware MiniHub - 1				Cannot Home. Please check below for details.			1	
10-Oct-17 3:24:46 PM	Error	Agilent Labware MiniHub - 1				The controller reported the following faults:			1	
10-Oct-17 3:24:46 PM	Error	Agilent Labware MiniHub - 1				Controller - NodeID=0			1	
10-Oct-17 3:24:46 PM	Error	Agilent Labware MiniHub - 1				Axis:1			1	
10-Oct-17 3:24:46 PM	Error	Agilent Labware MiniHub - 1				Non-Fatal Error: Excessive Following Error			1	
10-Oct-17 3:24:46 PM	Info					Error library: Select best match error handler: "Default" and action type "show error dialog"			1	
10-Oct-17 3:24:46 PM	Error	Bravo - 1				There appears to be a plate present in, or in front of the gripper's plate presence sensor.			1	
10-Oct-17 3:24:46 PM	Error	Bravo - 1				  - Choose "Retry" to check the plate presence sensor again.			1	
10-Oct-17 3:24:46 PM	Error	Bravo - 1				  - Choose "Ignore" to continue to home the G axis.  Please note that any plate currently held by the gripper will be dropped.			1	
10-Oct-17 3:24:46 PM	Error	Bravo - 1				  - Choose "Abort" to cancel initialization.			1	
10-Oct-17 3:24:46 PM	Info					Error library: Select best match error handler: "Default" and action type "show error dialog"			1	
10-Oct-17 3:25:00 PM	Info	Agilent Labware MiniHub - 1				Retrying: Cannot Home. Please check below for details.			1	
10-Oct-17 3:25:00 PM	Info	Agilent Labware MiniHub - 1				The controller reported the following faults:			1	
10-Oct-17 3:25:00 PM	Info	Agilent Labware MiniHub - 1				Controller - NodeID=0			1	
10-Oct-17 3:25:00 PM	Info	Agilent Labware MiniHub - 1				Axis:1			1	
10-Oct-17 3:25:00 PM	Info	Agilent Labware MiniHub - 1				Non-Fatal Error: Excessive Following Error			1	
10-Oct-17 3:25:00 PM	Error	Agilent Labware MiniHub - 1				Cannot Home. Please check below for details.			1	
10-Oct-17 3:25:00 PM	Error	Agilent Labware MiniHub - 1				The controller reported the following faults:			1	
10-Oct-17 3:25:00 PM	Error	Agilent Labware MiniHub - 1				Controller - NodeID=0			1	
10-Oct-17 3:25:00 PM	Error	Agilent Labware MiniHub - 1				Axis:1			1	
10-Oct-17 3:25:00 PM	Error	Agilent Labware MiniHub - 1				Non-Fatal Error: Excessive Following Error			1	
10-Oct-17 3:25:00 PM	Info					Error library: Select best match error handler: "Default" and action type "show error dialog"			1	
10-Oct-17 3:25:05 PM	Info	Agilent Labware MiniHub - 1				Retrying: Cannot Home. Please check below for details.			1	
10-Oct-17 3:25:05 PM	Info	Agilent Labware MiniHub - 1				The controller reported the following faults:			1	
10-Oct-17 3:25:05 PM	Info	Agilent Labware MiniHub - 1				Controller - NodeID=0			1	
10-Oct-17 3:25:05 PM	Info	Agilent Labware MiniHub - 1				Axis:1			1	
10-Oct-17 3:25:05 PM	Info	Agilent Labware MiniHub - 1				Non-Fatal Error: Excessive Following Error			1	
10-Oct-17 3:25:05 PM	Error	Agilent Labware MiniHub - 1				Cannot Home. Please check below for details.			1	
10-Oct-17 3:25:05 PM	Error	Agilent Labware MiniHub - 1				The controller reported the following faults:			1	
10-Oct-17 3:25:05 PM	Error	Agilent Labware MiniHub - 1				Controller - NodeID=0			1	
10-Oct-17 3:25:05 PM	Error	Agilent Labware MiniHub - 1				Axis:1			1	
10-Oct-17 3:25:05 PM	Error	Agilent Labware MiniHub - 1				Non-Fatal Error: Excessive Following Error			1	
10-Oct-17 3:25:05 PM	Info					Error library: Select best match error handler: "Default" and action type "show error dialog"			1	
10-Oct-17 3:25:09 PM	Info	Bravo - 1				Ignoring: There appears to be a plate present in, or in front of the gripper's plate presence sensor.			1	
10-Oct-17 3:25:09 PM	Info	Bravo - 1				  - Choose "Retry" to check the plate presence sensor again.			1	
10-Oct-17 3:25:09 PM	Info	Bravo - 1				  - Choose "Ignore" to continue to home the G axis.  Please note that any plate currently held by the gripper will be dropped.			1	
10-Oct-17 3:25:09 PM	Info	Bravo - 1				  - Choose "Abort" to cancel initialization.			1	
10-Oct-17 3:25:09 PM	Error	Bravo - 1				Please verify that it is safe to home the W-axis (the aspirate/dispense axis).  If there is fluid in the tips you may want to manually home the W-axis in diagnostics over a waste position.			1	
10-Oct-17 3:25:09 PM	Error	Bravo - 1				  - Choose "Retry" to continue homing the W-axis.			1	
10-Oct-17 3:25:09 PM	Error	Bravo - 1				  - Choose "Ignore" to leave the W-axis unhomed.			1	
10-Oct-17 3:25:09 PM	Error	Bravo - 1				  - Choose "Abort" to cancel initialization.			1	
10-Oct-17 3:25:09 PM	Info					Error library: Select best match error handler: "Default" and action type "show error dialog"			1	
10-Oct-17 3:25:10 PM	Info	Agilent Labware MiniHub - 1				Retrying: Cannot Home. Please check below for details.			1	
10-Oct-17 3:25:10 PM	Info	Agilent Labware MiniHub - 1				The controller reported the following faults:			1	
10-Oct-17 3:25:10 PM	Info	Agilent Labware MiniHub - 1				Controller - NodeID=0			1	
10-Oct-17 3:25:10 PM	Info	Agilent Labware MiniHub - 1				Axis:1			1	
10-Oct-17 3:25:10 PM	Info	Agilent Labware MiniHub - 1				Non-Fatal Error: Excessive Following Error			1	
10-Oct-17 3:25:10 PM	Error	Agilent Labware MiniHub - 1				Cannot Home. Please check below for details.			1	
10-Oct-17 3:25:10 PM	Error	Agilent Labware MiniHub - 1				The controller reported the following faults:			1	
10-Oct-17 3:25:10 PM	Error	Agilent Labware MiniHub - 1				Controller - NodeID=0			1	
10-Oct-17 3:25:10 PM	Error	Agilent Labware MiniHub - 1				Axis:1			1	
10-Oct-17 3:25:10 PM	Error	Agilent Labware MiniHub - 1				Non-Fatal Error: Excessive Following Error			1	
10-Oct-17 3:25:10 PM	Info					Error library: Select best match error handler: "Default" and action type "show error dialog"			1	
10-Oct-17 3:25:16 PM	Info	Agilent Labware MiniHub - 1				Retrying: Cannot Home. Please check below for details.			1	
10-Oct-17 3:25:16 PM	Info	Agilent Labware MiniHub - 1				The controller reported the following faults:			1	
10-Oct-17 3:25:16 PM	Info	Agilent Labware MiniHub - 1				Controller - NodeID=0			1	
10-Oct-17 3:25:16 PM	Info	Agilent Labware MiniHub - 1				Axis:1			1	
10-Oct-17 3:25:16 PM	Info	Agilent Labware MiniHub - 1				Non-Fatal Error: Excessive Following Error			1	
10-Oct-17 3:25:16 PM	Error	Agilent Labware MiniHub - 1				Cannot Home. Please check below for details.			1	
10-Oct-17 3:25:16 PM	Error	Agilent Labware MiniHub - 1				The controller reported the following faults:			1	
10-Oct-17 3:25:16 PM	Error	Agilent Labware MiniHub - 1				Controller - NodeID=0			1	
10-Oct-17 3:25:16 PM	Error	Agilent Labware MiniHub - 1				Axis:1			1	
10-Oct-17 3:25:16 PM	Error	Agilent Labware MiniHub - 1				Non-Fatal Error: Excessive Following Error			1	
10-Oct-17 3:25:16 PM	Info					Error library: Select best match error handler: "Default" and action type "show error dialog"			1	
10-Oct-17 3:25:41 PM	Info	Bravo - 1				Retrying: Please verify that it is safe to home the W-axis (the aspirate/dispense axis).  If there is fluid in the tips you may want to manually home the W-axis in diagnostics over a waste position.			1	
10-Oct-17 3:25:41 PM	Info	Bravo - 1				  - Choose "Retry" to continue homing the W-axis.			1	
10-Oct-17 3:25:41 PM	Info	Bravo - 1				  - Choose "Ignore" to leave the W-axis unhomed.			1	
10-Oct-17 3:25:41 PM	Info	Bravo - 1				  - Choose "Abort" to cancel initialization.			1	
10-Oct-17 3:25:41 PM	Info	Bravo - 1				Initialization complete		C:\VWorks Workspace\Device Files\BravoMiniPHBenchCel_round_magnet_RED_insert.dev	1	
10-Oct-17 3:25:47 PM	Info	Agilent Labware MiniHub - 1				Retrying: Cannot Home. Please check below for details.			1	
10-Oct-17 3:25:47 PM	Info	Agilent Labware MiniHub - 1				The controller reported the following faults:			1	
10-Oct-17 3:25:47 PM	Info	Agilent Labware MiniHub - 1				Controller - NodeID=0			1	
10-Oct-17 3:25:47 PM	Info	Agilent Labware MiniHub - 1				Axis:1			1	
10-Oct-17 3:25:47 PM	Info	Agilent Labware MiniHub - 1				Non-Fatal Error: Excessive Following Error			1	
10-Oct-17 3:25:47 PM	Error	Agilent Labware MiniHub - 1				Cannot Home. Please check below for details.			1	
10-Oct-17 3:25:47 PM	Error	Agilent Labware MiniHub - 1				The controller reported the following faults:			1	
10-Oct-17 3:25:47 PM	Error	Agilent Labware MiniHub - 1				Controller - NodeID=0			1	
10-Oct-17 3:25:47 PM	Error	Agilent Labware MiniHub - 1				Axis:1			1	
10-Oct-17 3:25:47 PM	Error	Agilent Labware MiniHub - 1				Non-Fatal Error: Excessive Following Error			1	
10-Oct-17 3:25:47 PM	Info					Error library: Select best match error handler: "Default" and action type "show error dialog"			1	
10-Oct-17 3:25:52 PM	Info	Agilent Labware MiniHub - 1				Aborting on: Cannot Home. Please check below for details.			1	
10-Oct-17 3:25:52 PM	Info	Agilent Labware MiniHub - 1				The controller reported the following faults:			1	
10-Oct-17 3:25:52 PM	Info	Agilent Labware MiniHub - 1				Controller - NodeID=0			1	
10-Oct-17 3:25:52 PM	Info	Agilent Labware MiniHub - 1				Axis:1			1	
10-Oct-17 3:25:52 PM	Info	Agilent Labware MiniHub - 1				Non-Fatal Error: Excessive Following Error			1	
10-Oct-17 3:25:52 PM	Info	Agilent Labware MiniHub - 1				Initialization failed		C:\VWorks Workspace\Device Files\BravoMiniPHBenchCel_round_magnet_RED_insert.dev	1	
10-Oct-17 3:29:50 PM	Info	Agilent Labware MiniHub - 1				Opening diagnostics		C:\VWorks Workspace\Device Files\BravoMiniPHBenchCel_round_magnet_RED_insert.dev	1	
10-Oct-17 3:29:51 PM	Info	Agilent Labware MiniHub - 1				An error occured.			1	
10-Oct-17 3:29:51 PM	Info	Agilent Labware MiniHub - 1				The controller reported the following faults:			1	
10-Oct-17 3:29:51 PM	Info	Agilent Labware MiniHub - 1				Controller - NodeID=0			1	
10-Oct-17 3:29:51 PM	Info	Agilent Labware MiniHub - 1				Axis:1			1	
10-Oct-17 3:29:51 PM	Info	Agilent Labware MiniHub - 1				Non-Fatal Error: Excessive Following Error			1	
10-Oct-17 3:29:54 PM	Info	Agilent Labware MiniHub - 1				motor started.			1	
10-Oct-17 3:30:14 PM	Info	Agilent Labware MiniHub - 1				Diagnostic window: Go Home started.			1	
10-Oct-17 3:30:16 PM	Info	Agilent Labware MiniHub - 1				Diagnostic window: Error on Go Home : Cannot move to the cassette location. Please check below for details.			1	
10-Oct-17 3:30:16 PM	Info	Agilent Labware MiniHub - 1				The controller reported the following faults:			1	
10-Oct-17 3:30:16 PM	Info	Agilent Labware MiniHub - 1				Controller - NodeID=0			1	
10-Oct-17 3:30:16 PM	Info	Agilent Labware MiniHub - 1				Axis:1			1	
10-Oct-17 3:30:16 PM	Info	Agilent Labware MiniHub - 1				Non-Fatal Error: Excessive Following Error			1	
10-Oct-17 3:30:20 PM	Info	Agilent Labware MiniHub - 1				Diagnostic window: User retried on operation Go Home			1	
10-Oct-17 3:30:22 PM	Info	Agilent Labware MiniHub - 1				Diagnostic window: Error on Go Home : Cannot move to the cassette location. Please check below for details.			1	
10-Oct-17 3:30:22 PM	Info	Agilent Labware MiniHub - 1				The controller reported the following faults:			1	
10-Oct-17 3:30:22 PM	Info	Agilent Labware MiniHub - 1				Controller - NodeID=0			1	
10-Oct-17 3:30:22 PM	Info	Agilent Labware MiniHub - 1				Axis:1			1	
10-Oct-17 3:30:22 PM	Info	Agilent Labware MiniHub - 1				Non-Fatal Error: Excessive Following Error			1	
10-Oct-17 3:30:24 PM	Info	Agilent Labware MiniHub - 1				Diagnostic window: User aborted on operation Go Home			1	
10-Oct-17 3:30:27 PM	Info	Agilent Labware MiniHub - 1				An error occured.			1	
10-Oct-17 3:30:27 PM	Info	Agilent Labware MiniHub - 1				The controller reported the following faults:			1	
10-Oct-17 3:30:27 PM	Info	Agilent Labware MiniHub - 1				Controller - NodeID=0			1	
10-Oct-17 3:30:27 PM	Info	Agilent Labware MiniHub - 1				Axis:1			1	
10-Oct-17 3:30:27 PM	Info	Agilent Labware MiniHub - 1				Non-Fatal Error: Excessive Following Error			1	
10-Oct-17 3:30:30 PM	Info	Agilent Labware MiniHub - 1				motor started.			1	
10-Oct-17 3:30:33 PM	Info	Agilent Labware MiniHub - 1				Diagnostic window: Speed changed to Slow			1	
10-Oct-17 3:30:35 PM	Info	Agilent Labware MiniHub - 1				Diagnostic window: Go Home started.			1	
10-Oct-17 3:30:38 PM	Info	Agilent Labware MiniHub - 1				Diagnostic window: Error on Go Home : Cannot move to the cassette location. Please check below for details.			1	
10-Oct-17 3:30:38 PM	Info	Agilent Labware MiniHub - 1				The controller reported the following faults:			1	
10-Oct-17 3:30:38 PM	Info	Agilent Labware MiniHub - 1				Controller - NodeID=0			1	
10-Oct-17 3:30:38 PM	Info	Agilent Labware MiniHub - 1				Axis:1			1	
10-Oct-17 3:30:38 PM	Info	Agilent Labware MiniHub - 1				Non-Fatal Error: Excessive Following Error			1	
10-Oct-17 3:30:40 PM	Info	Agilent Labware MiniHub - 1				Diagnostic window: User retried on operation Go Home			1	
10-Oct-17 3:30:42 PM	Info	Agilent Labware MiniHub - 1				Diagnostic window: Error on Go Home : Cannot move to the cassette location. Please check below for details.			1	
10-Oct-17 3:30:42 PM	Info	Agilent Labware MiniHub - 1				The controller reported the following faults:			1	
10-Oct-17 3:30:42 PM	Info	Agilent Labware MiniHub - 1				Controller - NodeID=0			1	
10-Oct-17 3:30:42 PM	Info	Agilent Labware MiniHub - 1				Axis:1			1	
10-Oct-17 3:30:42 PM	Info	Agilent Labware MiniHub - 1				Non-Fatal Error: Excessive Following Error			1	
10-Oct-17 3:30:45 PM	Info	Agilent Labware MiniHub - 1				Diagnostic window: User aborted on operation Go Home			1	
10-Oct-17 3:30:47 PM	Info	Agilent Labware MiniHub - 1				Closing diagnostics		C:\VWorks Workspace\Device Files\BravoMiniPHBenchCel_round_magnet_RED_insert.dev	1	
10-Oct-17 3:31:30 PM	Info					File loaded		C:\VWorks Workspace\Forms\SCELSE\TruSeqPCRFree_Nano.VWForm	1	
10-Oct-17 3:31:34 PM	Info					Simulation mode toggled on			1	
10-Oct-17 3:31:38 PM	Script					Initializing scripting engine...			1	
10-Oct-17 3:31:38 PM	Script					Tue Oct 10 2017 15:31:38 GMT+0800 (Malay Peninsula Standard Time)			1	
10-Oct-17 3:31:38 PM	Script					var plate_type = "96 ABI PCR half skirt in black carrier";		C:\VWorks Workspace\Forms\SCELSE\TruSeqPCRFree_Nano.VWForm	1	
10-Oct-17 3:31:38 PM	Script					var DNA_source = 0;		C:\VWorks Workspace\Forms\SCELSE\TruSeqPCRFree_Nano.VWForm	1	
10-Oct-17 3:31:38 PM	Script					var protocol_testing = 0;		C:\VWorks Workspace\Forms\SCELSE\TruSeqPCRFree_Nano.VWForm	1	
10-Oct-17 3:31:38 PM	Script					var BasePair = 50;		C:\VWorks Workspace\Forms\SCELSE\TruSeqPCRFree_Nano.VWForm	1	
10-Oct-17 3:31:38 PM	Script					var formProtocolName = "TruSeqPCRFree_Nano_runset.rst";		C:\VWorks Workspace\Forms\SCELSE\TruSeqPCRFree_Nano.VWForm	1	
10-Oct-17 3:31:38 PM	Script					var columns_samples = 1;		C:\VWorks Workspace\Forms\SCELSE\TruSeqPCRFree_Nano.VWForm	1	
10-Oct-17 3:31:38 PM	Script					Clearing Plate Inventory			1	
10-Oct-17 3:31:38 PM	Script					Clearing Runset			1	
10-Oct-17 3:31:38 PM	Script					Starting runset : TruSeqPCRFree_Nano_runset.rst			1	
10-Oct-17 3:31:38 PM	Info					Runset Manager: Added the run "C:\VWorks Workspace\Protocol Files\TruSeqPCRFree\7_AMPureXP_TruSeqPCRFree_DNArunset_v1.0.pro" to Runset Manager.			1	
10-Oct-17 3:31:38 PM	Info					Runset Manager: Added the run "C:\VWorks Workspace\Protocol Files\TruSeqPCRFree\8_EndRepair_TruSeqPCRFree_v1.0.pro" to Runset Manager.			1	
10-Oct-17 3:31:38 PM	Info					Runset Manager: Added the run "C:\VWorks Workspace\Protocol Files\TruSeqPCRFree\9_AMPureXP_TruSeqPCRFree_DNArunset_v1.0.pro" to Runset Manager.			1	
10-Oct-17 3:31:38 PM	Info					Runset Manager: Added the run "C:\VWorks Workspace\Protocol Files\TruSeqPCRFree\10_A-Tailing_TruSeqPCRFree_v1.0.pro" to Runset Manager.			1	
10-Oct-17 3:31:38 PM	Info					Runset Manager: Added the run "C:\VWorks Workspace\Protocol Files\TruSeqPCRFree\11_AdapterLigation_TruSeqPCRFree_v1.0.pro" to Runset Manager.			1	
10-Oct-17 3:31:38 PM	Info					Runset Manager: Added the run "C:\VWorks Workspace\Protocol Files\TruSeqPCRFree\12_StopLigation_TruSeqPCRFree_v1.0.pro" to Runset Manager.			1	
10-Oct-17 3:31:38 PM	Info					Runset Manager: Added the run "C:\VWorks Workspace\Protocol Files\TruSeqPCRFree\13_AMPureXP_TruSeqPCRFree_runset_v1.0.pro" to Runset Manager.			1	
10-Oct-17 3:31:38 PM	Info					Runset Manager: Added the run "C:\VWorks Workspace\Protocol Files\TruSeqPCRFree\14_AMPureXP_TruSeqPCRFree_runset_v1.0.pro" to Runset Manager.			1	
10-Oct-17 3:31:42 PM	Info					Simulation mode toggled off			1	
10-Oct-17 3:32:28 PM	Info					File loaded		C:\VWorks Workspace\Device Files\TruSeq\TruSeq RNA_DNA Sample Prep_v1.0\BravoMiniPHBenchCel_round_magnet_RED_insert.dev	1	
10-Oct-17 3:32:29 PM	Info					File loaded	7_AMPureXP_TruSeqPCRFree_DNArunset_v1.0	C:\VWorks Workspace\Protocol Files\TruSeqPCRFree\7_AMPureXP_TruSeqPCRFree_DNArunset_v1.0.pro	1	
10-Oct-17 3:33:22 PM	Info					Changed "protocol file" from "C:\VWorks Workspace\Protocol Files\TruSeqPCRFree\7_AMPureXP_TruSeqPCRFree_DNArunset_v1.0.pro" to "C:\VWorks Workspace\Protocol Files\Diagnostic Protocols\TruSeqPCRFree_NuncOnMagTestForA5.pro"			1	
10-Oct-17 3:33:22 PM	Info					File saved	TruSeqPCRFree_NuncOnMagTestForA5	C:\VWorks Workspace\Protocol Files\Diagnostic Protocols\TruSeqPCRFree_NuncOnMagTestForA5.pro	1	
10-Oct-17 3:33:26 PM	Info					File unloaded		C:\VWorks Workspace\Forms\SCELSE\TruSeqPCRFree_Nano.VWForm	1	
10-Oct-17 3:33:54 PM	Info					Changed "Form to use" from "C:\VWorks Workspace\Forms\SCELSE\TruSeqPCRFree_Nano.VWForm" to ""	TruSeqPCRFree_NuncOnMagTestForA5	C:\VWorks Workspace\Protocol Files\Diagnostic Protocols\TruSeqPCRFree_NuncOnMagTestForA5.pro	1	
10-Oct-17 3:33:58 PM	Info					File saved	TruSeqPCRFree_NuncOnMagTestForA5	C:\VWorks Workspace\Protocol Files\Diagnostic Protocols\TruSeqPCRFree_NuncOnMagTestForA5.pro	1	
10-Oct-17 3:36:22 PM	Info					Process window minimized			1	
10-Oct-17 3:36:25 PM	Info					Process window minimized			1	
10-Oct-17 3:36:27 PM	Info					Process window minimized			1	
10-Oct-17 3:37:00 PM	Info					File loaded	8_EndRepair_TruSeqPCRFree_v1.0	C:\VWorks Workspace\Protocol Files\TruSeqPCRFree\8_EndRepair_TruSeqPCRFree_v1.0.pro	1	
10-Oct-17 3:37:57 PM	Info					Process window un-minimized			1	
10-Oct-17 3:57:05 PM	Info					File unloaded		C:\VWorks Workspace\Protocol Files\Diagnostic Protocols\TruSeqPCRFree_NuncOnMagTestForA5.pro	1	
10-Oct-17 3:57:05 PM	Info					File unloaded		C:\VWorks Workspace\Protocol Files\TruSeqPCRFree\8_EndRepair_TruSeqPCRFree_v1.0.pro	1	
10-Oct-17 3:57:05 PM	Info					File unloaded		C:\VWorks Workspace\Device Files\TruSeq\TruSeq RNA_DNA Sample Prep_v1.0\BravoMiniPHBenchCel_round_magnet_RED_insert.dev	1	
10-Oct-17 3:57:07 PM	Info	Agilent Labware MiniHub - 1				Closing device		C:\VWorks Workspace\Device Files\BravoMiniPHBenchCel_round_magnet_RED_insert.dev	1	
10-Oct-17 3:57:08 PM	Info	BenchCel - 1				Closing device		C:\VWorks Workspace\Device Files\BravoMiniPHBenchCel_round_magnet_RED_insert.dev	1	
10-Oct-17 3:57:08 PM	Info	Bravo - 1				Closing device		C:\VWorks Workspace\Device Files\BravoMiniPHBenchCel_round_magnet_RED_insert.dev	1	
10-Oct-17 3:57:08 PM	Info					File unloaded		C:\VWorks Workspace\Device Files\BravoMiniPHBenchCel_round_magnet_RED_insert.dev	1	
10-Oct-17 3:57:10 PM	Info					administrator logged out. Session 1 closed			1	
10-Oct-17 3:57:10 PM	Info					System Shutdown			0	
