08-Mar-18 2:20:56 PM	Event	3						Main protocol starting	C:\VWorks Workspace\Protocol Files\Accel_NGS_2S\1_RepairI_Accel_NGS_2S_DNA_v1.0.pro	
08-Mar-18 2:21:03 PM	Transfer	3	10	Master Mix Plate 1	Column 1	Reaction Plate 1	Column 1		C:\VWorks Workspace\Protocol Files\Accel_NGS_2S\1_RepairI_Accel_NGS_2S_DNA_v1.0.pro	
08-Mar-18 2:21:09 PM	Transfer	3	50	DNA Plate 1	A1	Reaction Plate 1	A1		C:\VWorks Workspace\Protocol Files\Accel_NGS_2S\1_RepairI_Accel_NGS_2S_DNA_v1.0.pro	
08-Mar-18 2:21:09 PM	Transfer	3	10	DNA Plate 1	A1	Reaction Plate 1	A1		C:\VWorks Workspace\Protocol Files\Accel_NGS_2S\1_RepairI_Accel_NGS_2S_DNA_v1.0.pro	
08-Mar-18 2:21:10 PM	Transfer	3	5	Reaction Plate 1	A1	Reaction Plate 1	A1		C:\VWorks Workspace\Protocol Files\Accel_NGS_2S\1_RepairI_Accel_NGS_2S_DNA_v1.0.pro	
08-Mar-18 2:21:14 PM	Event	3						Main protocol complete	C:\VWorks Workspace\Protocol Files\Accel_NGS_2S\1_RepairI_Accel_NGS_2S_DNA_v1.0.pro	
08-Mar-18 2:21:31 PM	Event	3						Main protocol starting	C:\VWorks Workspace\Protocol Files\Accel_NGS_2S\2b_CleanUp1_Accel_NGS_2S_DNA_v1.0.pro	
08-Mar-18 2:21:36 PM	Transfer	3	15	SPRI reservoir 1	A1	SPRI reservoir 1	A1		C:\VWorks Workspace\Protocol Files\Accel_NGS_2S\2b_CleanUp1_Accel_NGS_2S_DNA_v1.0.pro	
08-Mar-18 2:21:36 PM	Transfer	3	80	SPRI reservoir 1	A1	AMPure XP Cleanup 1 1	A1		C:\VWorks Workspace\Protocol Files\Accel_NGS_2S\2b_CleanUp1_Accel_NGS_2S_DNA_v1.0.pro	
08-Mar-18 2:21:36 PM	Transfer	3	4	SPRI reservoir 1	A1	AMPure XP Cleanup 1 1	A1		C:\VWorks Workspace\Protocol Files\Accel_NGS_2S\2b_CleanUp1_Accel_NGS_2S_DNA_v1.0.pro	
08-Mar-18 2:21:38 PM	Transfer	3	12	AMPure XP Cleanup 1 1	A1	AMPure XP Cleanup 1 1	A1		C:\VWorks Workspace\Protocol Files\Accel_NGS_2S\2b_CleanUp1_Accel_NGS_2S_DNA_v1.0.pro	
08-Mar-18 2:21:46 PM	Transfer	3	139	AMPure XP Cleanup 1 1	A1	1	A1		C:\VWorks Workspace\Protocol Files\Accel_NGS_2S\2b_CleanUp1_Accel_NGS_2S_DNA_v1.0.pro	
08-Mar-18 2:21:50 PM	Transfer	3	180	Ethanol Reservoir 1	A1	AMPure XP Cleanup 1 1	A1		C:\VWorks Workspace\Protocol Files\Accel_NGS_2S\2b_CleanUp1_Accel_NGS_2S_DNA_v1.0.pro	
08-Mar-18 2:21:55 PM	Transfer	3	183	AMPure XP Cleanup 1 1	A1	1	A1		C:\VWorks Workspace\Protocol Files\Accel_NGS_2S\2b_CleanUp1_Accel_NGS_2S_DNA_v1.0.pro	
08-Mar-18 2:21:59 PM	Transfer	3	175	Ethanol Reservoir 1	A1	AMPure XP Cleanup 1 1	A1		C:\VWorks Workspace\Protocol Files\Accel_NGS_2S\2b_CleanUp1_Accel_NGS_2S_DNA_v1.0.pro	
08-Mar-18 2:22:03 PM	Transfer	3	183.5	AMPure XP Cleanup 1 1	A1	1	A1		C:\VWorks Workspace\Protocol Files\Accel_NGS_2S\2b_CleanUp1_Accel_NGS_2S_DNA_v1.0.pro	
08-Mar-18 2:22:07 PM	Event	3						Main protocol complete	C:\VWorks Workspace\Protocol Files\Accel_NGS_2S\2b_CleanUp1_Accel_NGS_2S_DNA_v1.0.pro	
08-Mar-18 2:22:16 PM	Event	3						Main protocol starting	C:\VWorks Workspace\Protocol Files\Accel_NGS_2S\Scratch\InProgress3_Elution1_Accel_NGS_2S_DNA_v1.0.pro	
08-Mar-18 2:22:23 PM	Transfer	3	20	Elution Plate 1	A1	DNA Plate 1	A1		C:\VWorks Workspace\Protocol Files\Accel_NGS_2S\Scratch\InProgress3_Elution1_Accel_NGS_2S_DNA_v1.0.pro	
08-Mar-18 2:22:29 PM	Event	3						Main protocol complete	C:\VWorks Workspace\Protocol Files\Accel_NGS_2S\Scratch\InProgress3_Elution1_Accel_NGS_2S_DNA_v1.0.pro	
08-Mar-18 2:22:39 PM	Event	3						Main protocol starting	C:\VWorks Workspace\Protocol Files\Accel_NGS_2S\Scratch\InProgress3_Repair2_Accel_NGS_2S_DNA_v1.0.pro	
08-Mar-18 2:22:45 PM	Transfer	3	30	Master Mix Plate 1	Column 2	Reaction Plate 1	Column 1		C:\VWorks Workspace\Protocol Files\Accel_NGS_2S\Scratch\InProgress3_Repair2_Accel_NGS_2S_DNA_v1.0.pro	
08-Mar-18 2:22:53 PM	Transfer	3	32	Reaction Plate 1	A1	DNA Plate 1	A1		C:\VWorks Workspace\Protocol Files\Accel_NGS_2S\Scratch\InProgress3_Repair2_Accel_NGS_2S_DNA_v1.0.pro	
08-Mar-18 2:22:58 PM	Event	3						Main protocol complete	C:\VWorks Workspace\Protocol Files\Accel_NGS_2S\Scratch\InProgress3_Repair2_Accel_NGS_2S_DNA_v1.0.pro	
08-Mar-18 2:23:15 PM	Event	3						Main protocol starting	C:\VWorks Workspace\Protocol Files\Accel_NGS_2S\4_CleanUp2_Accel_NGS_2S_DNA_v1.0.pro	
08-Mar-18 2:23:19 PM	Transfer	3	60	PEGNaCl reservoir 1	A1	AMPure XP Cleanup 1 1	A1		C:\VWorks Workspace\Protocol Files\Accel_NGS_2S\4_CleanUp2_Accel_NGS_2S_DNA_v1.0.pro	
08-Mar-18 2:23:20 PM	Transfer	3	12	AMPure XP Cleanup 1 1	A1	AMPure XP Cleanup 1 1	A1		C:\VWorks Workspace\Protocol Files\Accel_NGS_2S\4_CleanUp2_Accel_NGS_2S_DNA_v1.0.pro	
08-Mar-18 2:23:28 PM	Transfer	3	105	AMPure XP Cleanup 1 1	A1	1	A1		C:\VWorks Workspace\Protocol Files\Accel_NGS_2S\4_CleanUp2_Accel_NGS_2S_DNA_v1.0.pro	
08-Mar-18 2:23:33 PM	Transfer	3	180	Ethanol Reservoir 1	A1	AMPure XP Cleanup 1 1	A1		C:\VWorks Workspace\Protocol Files\Accel_NGS_2S\4_CleanUp2_Accel_NGS_2S_DNA_v1.0.pro	
08-Mar-18 2:23:37 PM	Transfer	3	183	AMPure XP Cleanup 1 1	A1	1	A1		C:\VWorks Workspace\Protocol Files\Accel_NGS_2S\4_CleanUp2_Accel_NGS_2S_DNA_v1.0.pro	
08-Mar-18 2:23:41 PM	Transfer	3	175	Ethanol Reservoir 1	A1	AMPure XP Cleanup 1 1	A1		C:\VWorks Workspace\Protocol Files\Accel_NGS_2S\4_CleanUp2_Accel_NGS_2S_DNA_v1.0.pro	
08-Mar-18 2:23:46 PM	Transfer	3	183.5	AMPure XP Cleanup 1 1	A1	1	A1		C:\VWorks Workspace\Protocol Files\Accel_NGS_2S\4_CleanUp2_Accel_NGS_2S_DNA_v1.0.pro	
08-Mar-18 2:23:50 PM	Event	3						Main protocol complete	C:\VWorks Workspace\Protocol Files\Accel_NGS_2S\4_CleanUp2_Accel_NGS_2S_DNA_v1.0.pro	
08-Mar-18 2:24:01 PM	Event	3						Main protocol starting	C:\VWorks Workspace\Protocol Files\Accel_NGS_2S\Scratch\InProgress5b_Elution2_Accel_NGS_2S_DNA_v1.0.pro	
08-Mar-18 2:24:07 PM	Transfer	3	10	Elution Plate 1	A1	DNA Plate 1	A1		C:\VWorks Workspace\Protocol Files\Accel_NGS_2S\Scratch\InProgress5b_Elution2_Accel_NGS_2S_DNA_v1.0.pro	
08-Mar-18 2:24:12 PM	Event	3						Main protocol complete	C:\VWorks Workspace\Protocol Files\Accel_NGS_2S\Scratch\InProgress5b_Elution2_Accel_NGS_2S_DNA_v1.0.pro	
08-Mar-18 2:26:52 PM	Event	3						Main protocol starting	C:\VWorks Workspace\Protocol Files\Accel_NGS_2S\Scratch\InProgress5b_Ligation1_Accel_NGS_2S_DNA_v1.0.pro	
08-Mar-18 2:26:59 PM	Transfer	3	15	Master Mix Plate 1	Column 3	Reaction Plate 1	Column 1		C:\VWorks Workspace\Protocol Files\Accel_NGS_2S\Scratch\InProgress5b_Ligation1_Accel_NGS_2S_DNA_v1.0.pro	
08-Mar-18 2:27:08 PM	Transfer	3	7	Index Plate 1	A1	DNA Plate 1	A1		C:\VWorks Workspace\Protocol Files\Accel_NGS_2S\Scratch\InProgress5b_Ligation1_Accel_NGS_2S_DNA_v1.0.pro	
08-Mar-18 2:27:08 PM	Transfer	3	17	Reaction Plate 1	A1	DNA Plate 1	A1		C:\VWorks Workspace\Protocol Files\Accel_NGS_2S\Scratch\InProgress5b_Ligation1_Accel_NGS_2S_DNA_v1.0.pro	
08-Mar-18 2:27:08 PM	Transfer	3	2	Reaction Plate 1	A1	DNA Plate 1	A1		C:\VWorks Workspace\Protocol Files\Accel_NGS_2S\Scratch\InProgress5b_Ligation1_Accel_NGS_2S_DNA_v1.0.pro	
08-Mar-18 2:27:13 PM	Event	3						Main protocol complete	C:\VWorks Workspace\Protocol Files\Accel_NGS_2S\Scratch\InProgress5b_Ligation1_Accel_NGS_2S_DNA_v1.0.pro	
08-Mar-18 2:27:31 PM	Event	3						Main protocol starting	C:\VWorks Workspace\Protocol Files\Accel_NGS_2S\6_CleanUp3_Accel_NGS_2S_DNA_v1.0.pro	
08-Mar-18 2:27:35 PM	Transfer	3	25.5	PEGNaCl reservoir 1	A1	AMPure XP Cleanup 1 1	A1		C:\VWorks Workspace\Protocol Files\Accel_NGS_2S\6_CleanUp3_Accel_NGS_2S_DNA_v1.0.pro	
08-Mar-18 2:27:37 PM	Transfer	3	12	AMPure XP Cleanup 1 1	A1	AMPure XP Cleanup 1 1	A1		C:\VWorks Workspace\Protocol Files\Accel_NGS_2S\6_CleanUp3_Accel_NGS_2S_DNA_v1.0.pro	
08-Mar-18 2:27:44 PM	Transfer	3	50.5	AMPure XP Cleanup 1 1	A1	1	A1		C:\VWorks Workspace\Protocol Files\Accel_NGS_2S\6_CleanUp3_Accel_NGS_2S_DNA_v1.0.pro	
08-Mar-18 2:27:49 PM	Transfer	3	180	Ethanol Reservoir 1	A1	AMPure XP Cleanup 1 1	A1		C:\VWorks Workspace\Protocol Files\Accel_NGS_2S\6_CleanUp3_Accel_NGS_2S_DNA_v1.0.pro	
08-Mar-18 2:27:53 PM	Transfer	3	183	AMPure XP Cleanup 1 1	A1	1	A1		C:\VWorks Workspace\Protocol Files\Accel_NGS_2S\6_CleanUp3_Accel_NGS_2S_DNA_v1.0.pro	
08-Mar-18 2:27:57 PM	Transfer	3	175	Ethanol Reservoir 1	A1	AMPure XP Cleanup 1 1	A1		C:\VWorks Workspace\Protocol Files\Accel_NGS_2S\6_CleanUp3_Accel_NGS_2S_DNA_v1.0.pro	
08-Mar-18 2:28:02 PM	Transfer	3	183.5	AMPure XP Cleanup 1 1	A1	1	A1		C:\VWorks Workspace\Protocol Files\Accel_NGS_2S\6_CleanUp3_Accel_NGS_2S_DNA_v1.0.pro	
08-Mar-18 2:28:06 PM	Event	3						Main protocol complete	C:\VWorks Workspace\Protocol Files\Accel_NGS_2S\6_CleanUp3_Accel_NGS_2S_DNA_v1.0.pro	
08-Mar-18 2:28:18 PM	Event	3						Main protocol starting	C:\VWorks Workspace\Protocol Files\Accel_NGS_2S\Scratch\InProgress7_Elution3_Accel_NGS_2S_DNA_v1.0.pro	
08-Mar-18 2:28:24 PM	Transfer	3	20	Elution Plate 1	A1	DNA Plate 1	A1		C:\VWorks Workspace\Protocol Files\Accel_NGS_2S\Scratch\InProgress7_Elution3_Accel_NGS_2S_DNA_v1.0.pro	
08-Mar-18 2:28:29 PM	Event	3						Main protocol complete	C:\VWorks Workspace\Protocol Files\Accel_NGS_2S\Scratch\InProgress7_Elution3_Accel_NGS_2S_DNA_v1.0.pro	
08-Mar-18 2:28:42 PM	Event	3						Main protocol starting	C:\VWorks Workspace\Protocol Files\Accel_NGS_2S\Scratch\InProgress7_Ligation2_Accel_NGS_2S_DNA_v1.0.pro	
08-Mar-18 2:28:48 PM	Transfer	3	30	Master Mix Plate 1	Column 4	Reaction Plate 1	Column 1		C:\VWorks Workspace\Protocol Files\Accel_NGS_2S\Scratch\InProgress7_Ligation2_Accel_NGS_2S_DNA_v1.0.pro	
08-Mar-18 2:28:56 PM	Transfer	3	32	Reaction Plate 1	A1	DNA Plate 1	A1		C:\VWorks Workspace\Protocol Files\Accel_NGS_2S\Scratch\InProgress7_Ligation2_Accel_NGS_2S_DNA_v1.0.pro	
08-Mar-18 2:29:00 PM	Event	3						Main protocol complete	C:\VWorks Workspace\Protocol Files\Accel_NGS_2S\Scratch\InProgress7_Ligation2_Accel_NGS_2S_DNA_v1.0.pro	
08-Mar-18 2:29:26 PM	Event	3						Main protocol starting	C:\VWorks Workspace\Protocol Files\Accel_NGS_2S\8_CleanUp4_Accel_NGS_2S_DNA_v1.0.pro	
08-Mar-18 2:29:31 PM	Transfer	3	42.5	PEGNaCl reservoir 1	A1	AMPure XP Cleanup 1 1	A1		C:\VWorks Workspace\Protocol Files\Accel_NGS_2S\8_CleanUp4_Accel_NGS_2S_DNA_v1.0.pro	
08-Mar-18 2:29:33 PM	Transfer	3	12	AMPure XP Cleanup 1 1	A1	AMPure XP Cleanup 1 1	A1		C:\VWorks Workspace\Protocol Files\Accel_NGS_2S\8_CleanUp4_Accel_NGS_2S_DNA_v1.0.pro	
08-Mar-18 2:29:41 PM	Transfer	3	87.5	AMPure XP Cleanup 1 1	A1	1	A1		C:\VWorks Workspace\Protocol Files\Accel_NGS_2S\8_CleanUp4_Accel_NGS_2S_DNA_v1.0.pro	
08-Mar-18 2:29:46 PM	Transfer	3	180	Ethanol Reservoir 1	A1	AMPure XP Cleanup 1 1	A1		C:\VWorks Workspace\Protocol Files\Accel_NGS_2S\8_CleanUp4_Accel_NGS_2S_DNA_v1.0.pro	
08-Mar-18 2:29:51 PM	Transfer	3	183	AMPure XP Cleanup 1 1	A1	1	A1		C:\VWorks Workspace\Protocol Files\Accel_NGS_2S\8_CleanUp4_Accel_NGS_2S_DNA_v1.0.pro	
08-Mar-18 2:29:56 PM	Transfer	3	175	Ethanol Reservoir 1	A1	AMPure XP Cleanup 1 1	A1		C:\VWorks Workspace\Protocol Files\Accel_NGS_2S\8_CleanUp4_Accel_NGS_2S_DNA_v1.0.pro	
08-Mar-18 2:30:02 PM	Transfer	3	183.5	AMPure XP Cleanup 1 1	A1	1	A1		C:\VWorks Workspace\Protocol Files\Accel_NGS_2S\8_CleanUp4_Accel_NGS_2S_DNA_v1.0.pro	
08-Mar-18 2:30:10 PM	Transfer	3	22.5	Resuspension Buffer 1	A1	AMPure XP Cleanup 1 1	A1		C:\VWorks Workspace\Protocol Files\Accel_NGS_2S\8_CleanUp4_Accel_NGS_2S_DNA_v1.0.pro	
08-Mar-18 3:14:42 PM	Event	3						Main protocol aborted by user	C:\VWorks Workspace\Protocol Files\Accel_NGS_2S\8_CleanUp4_Accel_NGS_2S_DNA_v1.0.pro	
08-Mar-18 3:14:42 PM	Event	3						Main protocol aborted by user	C:\VWorks Workspace\Protocol Files\Accel_NGS_2S\8_CleanUp4_Accel_NGS_2S_DNA_v1.0.pro	
08-Mar-18 3:15:41 PM	Event	3						Main protocol starting	C:\VWorks Workspace\Protocol Files\TruSeqPCRFree\7_AMPureXP_TruSeqPCRFree_DNArunset_v1.0.pro	
08-Mar-18 3:15:49 PM	Transfer	3	14.5	SPRI reservoir 1	A1	SPRI reservoir 1	A1		C:\VWorks Workspace\Protocol Files\TruSeqPCRFree\7_AMPureXP_TruSeqPCRFree_DNArunset_v1.0.pro	
08-Mar-18 3:15:50 PM	Transfer	3	80	SPRI reservoir 1	A1	AMPure XP Cleanup 1 1	A1		C:\VWorks Workspace\Protocol Files\TruSeqPCRFree\7_AMPureXP_TruSeqPCRFree_DNArunset_v1.0.pro	
08-Mar-18 3:15:51 PM	Transfer	3	0.5	SPRI reservoir 1	A1	AMPure XP Cleanup 1 1	A1		C:\VWorks Workspace\Protocol Files\TruSeqPCRFree\7_AMPureXP_TruSeqPCRFree_DNArunset_v1.0.pro	
08-Mar-18 3:15:51 PM	Transfer	3	14.5	SPRI reservoir 1	A1	AMPure XP Cleanup 1 1	A1		C:\VWorks Workspace\Protocol Files\TruSeqPCRFree\7_AMPureXP_TruSeqPCRFree_DNArunset_v1.0.pro	
08-Mar-18 3:15:56 PM	Transfer	3	55	DNA plate 1	A1	AMPure XP Cleanup 1 1	A1		C:\VWorks Workspace\Protocol Files\TruSeqPCRFree\7_AMPureXP_TruSeqPCRFree_DNArunset_v1.0.pro	
08-Mar-18 3:15:58 PM	Transfer	3	12	AMPure XP Cleanup 1 1	A1	AMPure XP Cleanup 1 1	A1		C:\VWorks Workspace\Protocol Files\TruSeqPCRFree\7_AMPureXP_TruSeqPCRFree_DNArunset_v1.0.pro	
08-Mar-18 3:16:07 PM	Transfer	3	125	AMPure XP Cleanup 1 1	A1	1	A1		C:\VWorks Workspace\Protocol Files\TruSeqPCRFree\7_AMPureXP_TruSeqPCRFree_DNArunset_v1.0.pro	
08-Mar-18 3:16:12 PM	Transfer	3	180	Ethanol Reservoir 1	A1	AMPure XP Cleanup 1 1	A1		C:\VWorks Workspace\Protocol Files\TruSeqPCRFree\7_AMPureXP_TruSeqPCRFree_DNArunset_v1.0.pro	
08-Mar-18 3:16:17 PM	Transfer	3	183	AMPure XP Cleanup 1 1	A1	1	A1		C:\VWorks Workspace\Protocol Files\TruSeqPCRFree\7_AMPureXP_TruSeqPCRFree_DNArunset_v1.0.pro	
08-Mar-18 3:16:22 PM	Transfer	3	180	Ethanol Reservoir 1	A1	AMPure XP Cleanup 1 1	A1		C:\VWorks Workspace\Protocol Files\TruSeqPCRFree\7_AMPureXP_TruSeqPCRFree_DNArunset_v1.0.pro	
08-Mar-18 3:16:27 PM	Transfer	3	183.5	AMPure XP Cleanup 1 1	A1	1	A1		C:\VWorks Workspace\Protocol Files\TruSeqPCRFree\7_AMPureXP_TruSeqPCRFree_DNArunset_v1.0.pro	
08-Mar-18 3:16:35 PM	Transfer	3	62.5	Resuspension Buffer 1	A1	AMPure XP Cleanup 1 1	A1		C:\VWorks Workspace\Protocol Files\TruSeqPCRFree\7_AMPureXP_TruSeqPCRFree_DNArunset_v1.0.pro	
08-Mar-18 3:16:41 PM	Event	3						Main protocol complete	C:\VWorks Workspace\Protocol Files\TruSeqPCRFree\7_AMPureXP_TruSeqPCRFree_DNArunset_v1.0.pro	
08-Mar-18 3:16:51 PM	Event	3						Main protocol starting	C:\VWorks Workspace\Protocol Files\TruSeqPCRFree\8_EndRepair_TruSeqPCRFree_v1.0.pro	
08-Mar-18 3:16:57 PM	Transfer	3	40	Master Mix Plate 1	Column 1	Reaction Plate 1	Column 1		C:\VWorks Workspace\Protocol Files\TruSeqPCRFree\8_EndRepair_TruSeqPCRFree_v1.0.pro	
08-Mar-18 3:17:04 PM	Event	3						Main protocol aborted by user	C:\VWorks Workspace\Protocol Files\TruSeqPCRFree\8_EndRepair_TruSeqPCRFree_v1.0.pro	
08-Mar-18 3:17:04 PM	Event	3						Main protocol aborted by user	C:\VWorks Workspace\Protocol Files\TruSeqPCRFree\8_EndRepair_TruSeqPCRFree_v1.0.pro	
