22-Sep-17 9:55:07 AM	Event	1						Main protocol starting	C:\VWorks Workspace\Protocol Files\Accel_NGS_2S\Scratch\7_Ligation2_Accel_NGS_2S_DNA_v1.0_Test.pro	
22-Sep-17 9:55:14 AM	Transfer	1	30	Master Mix Plate 1	Column 4	Reaction Plate 1	Column 1		C:\VWorks Workspace\Protocol Files\Accel_NGS_2S\Scratch\7_Ligation2_Accel_NGS_2S_DNA_v1.0_Test.pro	
22-Sep-17 9:55:22 AM	Transfer	1	20	Elution Plate 1	A1	DNA Plate 1	A1		C:\VWorks Workspace\Protocol Files\Accel_NGS_2S\Scratch\7_Ligation2_Accel_NGS_2S_DNA_v1.0_Test.pro	
22-Sep-17 9:55:27 AM	Transfer	1	32	Reaction Plate 1	Entire plate	DNA Plate 1	Entire plate		C:\VWorks Workspace\Protocol Files\Accel_NGS_2S\Scratch\7_Ligation2_Accel_NGS_2S_DNA_v1.0_Test.pro	
22-Sep-17 9:55:30 AM	Event	1						Main protocol complete	C:\VWorks Workspace\Protocol Files\Accel_NGS_2S\Scratch\7_Ligation2_Accel_NGS_2S_DNA_v1.0_Test.pro	
22-Sep-17 9:56:29 AM	Event	1						Main protocol starting	C:\VWorks Workspace\Protocol Files\Accel_NGS_2S\Scratch\7_Ligation2_Accel_NGS_2S_DNA_v1.0_Test.pro	
22-Sep-17 9:57:19 AM	Event	1						Main protocol aborted by user	C:\VWorks Workspace\Protocol Files\Accel_NGS_2S\Scratch\7_Ligation2_Accel_NGS_2S_DNA_v1.0_Test.pro	
22-Sep-17 9:57:19 AM	Event	1						Main protocol aborted by user	C:\VWorks Workspace\Protocol Files\Accel_NGS_2S\Scratch\7_Ligation2_Accel_NGS_2S_DNA_v1.0_Test.pro	
22-Sep-17 10:18:35 AM	Event	1						Main protocol starting	C:\VWorks Workspace\Protocol Files\Accel_NGS_2S\Scratch\7_Ligation2_Accel_NGS_2S_DNA_v1.0_Test.pro	
22-Sep-17 10:18:42 AM	Transfer	1	30	Master Mix Plate 1	Column 4	Reaction Plate 1	Column 1		C:\VWorks Workspace\Protocol Files\Accel_NGS_2S\Scratch\7_Ligation2_Accel_NGS_2S_DNA_v1.0_Test.pro	
22-Sep-17 10:18:49 AM	Transfer	1	20	Elution Plate 1	A1	DNA Plate 1	A1		C:\VWorks Workspace\Protocol Files\Accel_NGS_2S\Scratch\7_Ligation2_Accel_NGS_2S_DNA_v1.0_Test.pro	
22-Sep-17 10:18:53 AM	Transfer	1	32	Reaction Plate 1	Entire plate	DNA Plate 1	Entire plate		C:\VWorks Workspace\Protocol Files\Accel_NGS_2S\Scratch\7_Ligation2_Accel_NGS_2S_DNA_v1.0_Test.pro	
22-Sep-17 10:18:56 AM	Event	1						Main protocol complete	C:\VWorks Workspace\Protocol Files\Accel_NGS_2S\Scratch\7_Ligation2_Accel_NGS_2S_DNA_v1.0_Test.pro	
22-Sep-17 10:20:24 AM	Event	1						Main protocol starting	C:\VWorks Workspace\Protocol Files\Accel_NGS_2S\Scratch\7_Ligation2_Accel_NGS_2S_DNA_v1.0_Test.pro	
22-Sep-17 10:20:30 AM	Transfer	1	30	Master Mix Plate 1	Column 4	Reaction Plate 1	Column 1		C:\VWorks Workspace\Protocol Files\Accel_NGS_2S\Scratch\7_Ligation2_Accel_NGS_2S_DNA_v1.0_Test.pro	
22-Sep-17 10:20:37 AM	Transfer	1	20	Elution Plate 1	A1	DNA Plate 1	A1		C:\VWorks Workspace\Protocol Files\Accel_NGS_2S\Scratch\7_Ligation2_Accel_NGS_2S_DNA_v1.0_Test.pro	
22-Sep-17 10:20:41 AM	Transfer	1	32	Reaction Plate 1	Entire plate	DNA Plate 1	Entire plate		C:\VWorks Workspace\Protocol Files\Accel_NGS_2S\Scratch\7_Ligation2_Accel_NGS_2S_DNA_v1.0_Test.pro	
22-Sep-17 10:20:44 AM	Event	1						Main protocol complete	C:\VWorks Workspace\Protocol Files\Accel_NGS_2S\Scratch\7_Ligation2_Accel_NGS_2S_DNA_v1.0_Test.pro	
22-Sep-17 10:22:34 AM	Event	1						Main protocol starting	C:\VWorks Workspace\Protocol Files\Accel_NGS_2S\Scratch\7_Ligation2_Accel_NGS_2S_DNA_v1.0_Test.pro	
22-Sep-17 10:22:41 AM	Transfer	1	30	Master Mix Plate 1	Column 4	Reaction Plate 1	Column 1		C:\VWorks Workspace\Protocol Files\Accel_NGS_2S\Scratch\7_Ligation2_Accel_NGS_2S_DNA_v1.0_Test.pro	
22-Sep-17 10:22:47 AM	Transfer	1	20	Elution Plate 1	A1	DNA Plate 1	A1		C:\VWorks Workspace\Protocol Files\Accel_NGS_2S\Scratch\7_Ligation2_Accel_NGS_2S_DNA_v1.0_Test.pro	
22-Sep-17 10:22:51 AM	Transfer	1	32	Reaction Plate 1	Entire plate	DNA Plate 1	Entire plate		C:\VWorks Workspace\Protocol Files\Accel_NGS_2S\Scratch\7_Ligation2_Accel_NGS_2S_DNA_v1.0_Test.pro	
22-Sep-17 10:22:54 AM	Event	1						Main protocol complete	C:\VWorks Workspace\Protocol Files\Accel_NGS_2S\Scratch\7_Ligation2_Accel_NGS_2S_DNA_v1.0_Test.pro	
22-Sep-17 10:30:55 AM	Event	1						Main protocol starting	C:\VWorks Workspace\Protocol Files\Accel_NGS_2S\Scratch\7_Ligation2_Accel_NGS_2S_DNA_v1.0_Test.pro	
22-Sep-17 10:31:46 AM	Event	1						Main protocol aborted by user	C:\VWorks Workspace\Protocol Files\Accel_NGS_2S\Scratch\7_Ligation2_Accel_NGS_2S_DNA_v1.0_Test.pro	
22-Sep-17 10:31:46 AM	Event	1						Main protocol aborted by user	C:\VWorks Workspace\Protocol Files\Accel_NGS_2S\Scratch\7_Ligation2_Accel_NGS_2S_DNA_v1.0_Test.pro	
22-Sep-17 10:33:09 AM	Event	1						Main protocol starting	C:\VWorks Workspace\Protocol Files\Accel_NGS_2S\Scratch\7_Ligation2_Accel_NGS_2S_DNA_v1.0_Test.pro	
22-Sep-17 10:33:37 AM	Event	1						Main protocol aborted by user	C:\VWorks Workspace\Protocol Files\Accel_NGS_2S\Scratch\7_Ligation2_Accel_NGS_2S_DNA_v1.0_Test.pro	
22-Sep-17 10:33:38 AM	Event	1						Main protocol aborted by user	C:\VWorks Workspace\Protocol Files\Accel_NGS_2S\Scratch\7_Ligation2_Accel_NGS_2S_DNA_v1.0_Test.pro	
22-Sep-17 10:34:31 AM	Event	1						Main protocol starting	C:\VWorks Workspace\Protocol Files\Accel_NGS_2S\Scratch\7_Ligation2_Accel_NGS_2S_DNA_v1.0_Test.pro	
22-Sep-17 10:38:04 AM	Event	1						Main protocol aborted by user	C:\VWorks Workspace\Protocol Files\Accel_NGS_2S\Scratch\7_Ligation2_Accel_NGS_2S_DNA_v1.0_Test.pro	
22-Sep-17 10:38:04 AM	Event	1						Main protocol aborted by user	C:\VWorks Workspace\Protocol Files\Accel_NGS_2S\Scratch\7_Ligation2_Accel_NGS_2S_DNA_v1.0_Test.pro	
22-Sep-17 10:39:22 AM	Event	1						Main protocol starting	C:\VWorks Workspace\Protocol Files\Accel_NGS_2S\Scratch\7_Ligation2_Accel_NGS_2S_DNA_v1.0_Test.pro	
22-Sep-17 10:39:54 AM	Event	1						Main protocol aborted by user	C:\VWorks Workspace\Protocol Files\Accel_NGS_2S\Scratch\7_Ligation2_Accel_NGS_2S_DNA_v1.0_Test.pro	
22-Sep-17 10:40:47 AM	Event	1						Main protocol starting	C:\VWorks Workspace\Protocol Files\Accel_NGS_2S\Scratch\7_Ligation2_Accel_NGS_2S_DNA_v1.0_Test.pro	
22-Sep-17 10:40:54 AM	Transfer	1	30	Master Mix Plate 1	Column 4	Reaction Plate 1	Column 1		C:\VWorks Workspace\Protocol Files\Accel_NGS_2S\Scratch\7_Ligation2_Accel_NGS_2S_DNA_v1.0_Test.pro	
22-Sep-17 10:41:32 AM	Event	1						Main protocol aborted by user	C:\VWorks Workspace\Protocol Files\Accel_NGS_2S\Scratch\7_Ligation2_Accel_NGS_2S_DNA_v1.0_Test.pro	
22-Sep-17 2:38:02 PM	Event	2						Main protocol starting	C:\VWorks Workspace\Protocol Files\Accel_NGS_2S\Scratch\ReWrite.pro	
22-Sep-17 2:38:28 PM	Transfer	2	30	Master Mix Plate 1	Column 4	Reaction Plate 1	Column 1		C:\VWorks Workspace\Protocol Files\Accel_NGS_2S\Scratch\ReWrite.pro	
22-Sep-17 2:39:05 PM	Event	2						Main protocol aborted by user	C:\VWorks Workspace\Protocol Files\Accel_NGS_2S\Scratch\ReWrite.pro	
22-Sep-17 2:39:06 PM	Event	2						Main protocol aborted by user	C:\VWorks Workspace\Protocol Files\Accel_NGS_2S\Scratch\ReWrite.pro	
22-Sep-17 2:40:04 PM	Event	2						Main protocol starting	C:\VWorks Workspace\Protocol Files\Accel_NGS_2S\Scratch\ReWrite.pro	
22-Sep-17 2:40:10 PM	Transfer	2	30	Master Mix Plate 1	Column 4	Reaction Plate 1	Column 1		C:\VWorks Workspace\Protocol Files\Accel_NGS_2S\Scratch\ReWrite.pro	
22-Sep-17 2:40:23 PM	Event	2						Main protocol aborted by user	C:\VWorks Workspace\Protocol Files\Accel_NGS_2S\Scratch\ReWrite.pro	
22-Sep-17 2:40:23 PM	Event	2						Main protocol aborted by user	C:\VWorks Workspace\Protocol Files\Accel_NGS_2S\Scratch\ReWrite.pro	
22-Sep-17 2:41:48 PM	Event	2						Main protocol starting	C:\VWorks Workspace\Protocol Files\Accel_NGS_2S\Scratch\ReWrite.pro	
22-Sep-17 2:41:55 PM	Transfer	2	30	Master Mix Plate 1	Column 4	Reaction Plate 1	Column 1		C:\VWorks Workspace\Protocol Files\Accel_NGS_2S\Scratch\ReWrite.pro	
22-Sep-17 2:42:15 PM	Event	2						Main protocol aborted by user	C:\VWorks Workspace\Protocol Files\Accel_NGS_2S\Scratch\ReWrite.pro	
22-Sep-17 2:42:15 PM	Event	2						Main protocol aborted by user	C:\VWorks Workspace\Protocol Files\Accel_NGS_2S\Scratch\ReWrite.pro	
22-Sep-17 2:42:55 PM	Event	2						Main protocol starting	C:\VWorks Workspace\Protocol Files\Accel_NGS_2S\Scratch\ReWrite.pro	
22-Sep-17 2:43:02 PM	Transfer	2	30	Master Mix Plate 1	Column 4	Reaction Plate 1	Column 1		C:\VWorks Workspace\Protocol Files\Accel_NGS_2S\Scratch\ReWrite.pro	
22-Sep-17 2:43:11 PM	Event	2						Main protocol aborted by user	C:\VWorks Workspace\Protocol Files\Accel_NGS_2S\Scratch\ReWrite.pro	
22-Sep-17 2:43:11 PM	Event	2						Main protocol aborted by user	C:\VWorks Workspace\Protocol Files\Accel_NGS_2S\Scratch\ReWrite.pro	
22-Sep-17 2:45:55 PM	Event	2						Main protocol starting	C:\VWorks Workspace\Protocol Files\Accel_NGS_2S\Scratch\ReWrite.pro	
22-Sep-17 2:46:02 PM	Transfer	2	30	Master Mix Plate 1	Column 4	Reaction Plate 1	Column 1		C:\VWorks Workspace\Protocol Files\Accel_NGS_2S\Scratch\ReWrite.pro	
22-Sep-17 2:46:18 PM	Event	2						Main protocol aborted by user	C:\VWorks Workspace\Protocol Files\Accel_NGS_2S\Scratch\ReWrite.pro	
22-Sep-17 2:46:19 PM	Event	2						Main protocol aborted by user	C:\VWorks Workspace\Protocol Files\Accel_NGS_2S\Scratch\ReWrite.pro	
22-Sep-17 2:48:50 PM	Event	2						Main protocol starting	C:\VWorks Workspace\Protocol Files\Accel_NGS_2S\Scratch\ReWrite.pro	
22-Sep-17 2:48:57 PM	Transfer	2	30	Master Mix Plate 1	Column 4	Reaction Plate 1	Column 1		C:\VWorks Workspace\Protocol Files\Accel_NGS_2S\Scratch\ReWrite.pro	
22-Sep-17 2:49:14 PM	Event	2						Main protocol aborted by user	C:\VWorks Workspace\Protocol Files\Accel_NGS_2S\Scratch\ReWrite.pro	
22-Sep-17 2:49:14 PM	Event	2						Main protocol aborted by user	C:\VWorks Workspace\Protocol Files\Accel_NGS_2S\Scratch\ReWrite.pro	
22-Sep-17 2:49:58 PM	Event	2						Main protocol starting	C:\VWorks Workspace\Protocol Files\Accel_NGS_2S\Scratch\ReWrite.pro	
22-Sep-17 2:51:07 PM	Event	2						Main protocol aborted by user	C:\VWorks Workspace\Protocol Files\Accel_NGS_2S\Scratch\ReWrite.pro	
22-Sep-17 2:51:07 PM	Event	2						Main protocol aborted by user	C:\VWorks Workspace\Protocol Files\Accel_NGS_2S\Scratch\ReWrite.pro	
22-Sep-17 2:52:22 PM	Event	2						Main protocol starting	C:\VWorks Workspace\Protocol Files\Accel_NGS_2S\Scratch\7_Ligation2_Accel_NGS_2S_DNA_v1.0_Test.pro	
22-Sep-17 2:52:29 PM	Transfer	2	30	Master Mix Plate 1	Column 4	Reaction Plate 1	Column 1		C:\VWorks Workspace\Protocol Files\Accel_NGS_2S\Scratch\7_Ligation2_Accel_NGS_2S_DNA_v1.0_Test.pro	
22-Sep-17 2:52:46 PM	Event	2						Main protocol aborted by user	C:\VWorks Workspace\Protocol Files\Accel_NGS_2S\Scratch\7_Ligation2_Accel_NGS_2S_DNA_v1.0_Test.pro	
22-Sep-17 2:57:53 PM	Event	2						Main protocol starting	C:\VWorks Workspace\Protocol Files\Accel_NGS_2S\Scratch\7_Ligation2_Accel_NGS_2S_DNA_v1.0_Test.pro	
22-Sep-17 2:57:58 PM	Transfer	2	30	Master Mix Plate 1	Column 4	Reaction Plate 1	Column 1		C:\VWorks Workspace\Protocol Files\Accel_NGS_2S\Scratch\7_Ligation2_Accel_NGS_2S_DNA_v1.0_Test.pro	
22-Sep-17 2:58:07 PM	Transfer	2	20	Elution Plate 1	A1	DNA Plate 1	A1		C:\VWorks Workspace\Protocol Files\Accel_NGS_2S\Scratch\7_Ligation2_Accel_NGS_2S_DNA_v1.0_Test.pro	
22-Sep-17 2:58:09 PM	Transfer	2	32	Reaction Plate 1	A1	DNA Plate 1	A1		C:\VWorks Workspace\Protocol Files\Accel_NGS_2S\Scratch\7_Ligation2_Accel_NGS_2S_DNA_v1.0_Test.pro	
22-Sep-17 2:58:14 PM	Event	2						Main protocol complete	C:\VWorks Workspace\Protocol Files\Accel_NGS_2S\Scratch\7_Ligation2_Accel_NGS_2S_DNA_v1.0_Test.pro	
22-Sep-17 3:03:13 PM	Event	2						Main protocol starting	C:\VWorks Workspace\Protocol Files\Accel_NGS_2S\Scratch\7_Ligation2_Accel_NGS_2S_DNA_v1.0_Test.pro	
22-Sep-17 3:04:27 PM	Event	2						Main protocol aborted by user	C:\VWorks Workspace\Protocol Files\Accel_NGS_2S\Scratch\7_Ligation2_Accel_NGS_2S_DNA_v1.0_Test.pro	
22-Sep-17 3:04:28 PM	Event	2						Main protocol aborted by user	C:\VWorks Workspace\Protocol Files\Accel_NGS_2S\Scratch\7_Ligation2_Accel_NGS_2S_DNA_v1.0_Test.pro	
22-Sep-17 3:13:38 PM	Event	2						Main protocol starting	C:\VWorks Workspace\Protocol Files\Accel_NGS_2S\Scratch\ReWrite.pro	
22-Sep-17 3:13:44 PM	Transfer	2	20	Elution Plate 1	A1	DNA Plate 1	A1		C:\VWorks Workspace\Protocol Files\Accel_NGS_2S\Scratch\ReWrite.pro	
22-Sep-17 3:13:49 PM	Event	2						Main protocol complete	C:\VWorks Workspace\Protocol Files\Accel_NGS_2S\Scratch\ReWrite.pro	
22-Sep-17 3:47:59 PM	Event	2						Main protocol starting	C:\VWorks Workspace\Protocol Files\Accel_NGS_2S\Scratch\ReWrite.pro	
22-Sep-17 3:48:19 PM	Event	2						Main protocol aborted by user	C:\VWorks Workspace\Protocol Files\Accel_NGS_2S\Scratch\ReWrite.pro	
22-Sep-17 3:48:19 PM	Event	2						Main protocol aborted by user	C:\VWorks Workspace\Protocol Files\Accel_NGS_2S\Scratch\ReWrite.pro	
