25-Sep-17 10:59:44 AM	Event	1										Main protocol starting	C:\VWorks Workspace\Protocol Files\visitor demo.pro	
25-Sep-17 10:59:52 AM	Event	1										Main protocol aborted by user	C:\VWorks Workspace\Protocol Files\visitor demo.pro	
25-Sep-17 10:59:53 AM	Event	1										Main protocol aborted by user	C:\VWorks Workspace\Protocol Files\visitor demo.pro	
25-Sep-17 11:00:46 AM	Event	1										Main protocol starting	C:\VWorks Workspace\Protocol Files\visitor demo.pro	
25-Sep-17 11:10:35 AM	Event	1										Main protocol complete	C:\VWorks Workspace\Protocol Files\visitor demo.pro	
25-Sep-17 11:11:02 AM	Event	1										Main protocol starting	C:\VWorks Workspace\Protocol Files\visitor demo.pro	
25-Sep-17 11:16:14 AM	Event	1										Main protocol complete	C:\VWorks Workspace\Protocol Files\visitor demo.pro	
25-Sep-17 11:18:03 AM	Event	1										Main protocol starting	C:\VWorks Workspace\Protocol Files\visitor demo.pro	
25-Sep-17 11:18:17 AM	Event	1										Main protocol aborted by user	C:\VWorks Workspace\Protocol Files\visitor demo.pro	
25-Sep-17 11:18:19 AM	Event	1										Main protocol aborted by user	C:\VWorks Workspace\Protocol Files\visitor demo.pro	
25-Sep-17 11:19:38 AM	Event	1										Main protocol starting	C:\VWorks Workspace\Protocol Files\visitor demo.pro	
25-Sep-17 11:24:28 AM	Event	1										Main protocol complete	C:\VWorks Workspace\Protocol Files\visitor demo.pro	
25-Sep-17 2:19:57 PM	Event	2										Main protocol starting	C:\VWorks Workspace\Protocol Files\visitor demo.pro	
25-Sep-17 2:24:47 PM	Event	2										Main protocol complete	C:\VWorks Workspace\Protocol Files\visitor demo.pro	
25-Sep-17 2:28:59 PM	Event	2										Main protocol starting	C:\VWorks Workspace\Protocol Files\visitor demo.pro	
25-Sep-17 2:33:50 PM	Event	2										Main protocol complete	C:\VWorks Workspace\Protocol Files\visitor demo.pro	
25-Sep-17 2:35:30 PM	Event	2										Main protocol starting	C:\VWorks Workspace\Protocol Files\visitor demo.pro	
25-Sep-17 2:40:21 PM	Event	2										Main protocol complete	C:\VWorks Workspace\Protocol Files\visitor demo.pro	
25-Sep-17 2:40:40 PM	Event	2										Main protocol starting	C:\VWorks Workspace\Protocol Files\visitor demo.pro	
25-Sep-17 2:45:30 PM	Event	2										Main protocol complete	C:\VWorks Workspace\Protocol Files\visitor demo.pro	
