05-Jan-18 10:39:19 AM	Info					Error library: The error library file path is empty.			0	
05-Jan-18 10:39:19 AM	Info					System Startup			0	
05-Jan-18 10:39:19 AM	Info	AccessoriesWizard				Dll loaded:    AccessoriesWizard.dll    6.0.0			0	
05-Jan-18 10:39:19 AM	Info	AccessoryManager				Dll loaded:    AccessoryManager.dll    2.0.0			0	
05-Jan-18 10:39:19 AM	Info	AgilentBenchBotController				Dll loaded:    AgilentBenchBotController.dll    1.21.4226			0	
05-Jan-18 10:39:19 AM	Info	ArgonShelfAccessoryDriver				Dll loaded:    ArgonShelfAccessoryDriver.dll    2.0.1			0	
05-Jan-18 10:39:19 AM	Info	BTILHCRunner				Dll loaded:    BTILHCRunner.dll    2.00.2			0	
05-Jan-18 10:39:19 AM	Info	ContextHelp				Dll loaded:    ContextHelp.dll    3.0.0			0	
05-Jan-18 10:39:19 AM	Info	DDRStringTable				Dll loaded:    DDRStringTable.dll    1.2.14			0	
05-Jan-18 10:39:19 AM	Info	DeviceEnumerator				Dll loaded:    DeviceEnumerator.dll    9.0.0			0	
05-Jan-18 10:39:19 AM	Info	EchoAppHelper				Dll loaded:    EchoAppHelper.dll    1.0.0			0	
05-Jan-18 10:39:19 AM	Info	ErrorLibrary				Dll loaded:    ErrorLibrary.dll    2.0.1			0	
05-Jan-18 10:39:19 AM	Info	EvaporatorAccessoryDriver				Dll loaded:    EvaporatorAccessoryDriver.dll    9.0.0			0	
05-Jan-18 10:39:19 AM	Info	GuidanceDiscovery				Dll loaded:    GuidanceDiscovery.dll    2.0.0			0	
05-Jan-18 10:39:19 AM	Info	Host				Dll loaded:    Host.dll    1.0.4226			0	
05-Jan-18 10:39:19 AM	Info	ImportExport				Dll loaded:    ImportExport.dll    2.0.0			0	
05-Jan-18 10:39:19 AM	Info	InhecoMTCdll				Dll loaded:    InhecoMTCdll.dll    1.2.4			0	
05-Jan-18 10:39:19 AM	Info	InhecoShakeandHeatAccessoryDriver				Dll loaded:    InhecoShakeandHeatAccessoryDriver.dll    1.0.0			0	
05-Jan-18 10:39:19 AM	Info	IWorksAccessory				Dll loaded:    IWorksAccessory.dll    8.0.1			0	
05-Jan-18 10:39:19 AM	Info	js32				Dll loaded:    js32.dll    Unknown.0.0			0	
05-Jan-18 10:39:19 AM	Info	LabelDesigner				Dll loaded:    LabelDesigner.dll    5.0.7			0	
05-Jan-18 10:39:19 AM	Info	LabelerHardware				Dll loaded:    LabelerHardware.dll    14.0.23			0	
05-Jan-18 10:39:19 AM	Info	libnspr4				Dll loaded:    libnspr4.dll    4.1.0			0	
05-Jan-18 10:39:19 AM	Info	LidHotelAccessoryDriver				Dll loaded:    LidHotelAccessoryDriver.dll    8.0.0			0	
05-Jan-18 10:39:19 AM	Info	lm				Dll loaded:    lm.dll    3.0.0			0	
05-Jan-18 10:39:19 AM	Info	Loader				Dll loaded:    Loader.dll    1.0.4226			0	
05-Jan-18 10:39:19 AM	Info	MagBeadAccessoryDriver				Dll loaded:    MagBeadAccessoryDriver.dll    8.0.0			0	
05-Jan-18 10:39:19 AM	Info	MetaDataPropertyManager				Dll loaded:    MetaDataPropertyManager.dll    13.0.0			0	
05-Jan-18 10:39:19 AM	Info	mfc71				Dll loaded:    mfc71.dll    7.10.3077			0	
05-Jan-18 10:39:19 AM	Info	mfc71u				Dll loaded:    mfc71u.dll    7.10.3077			0	
05-Jan-18 10:39:19 AM	Info	MicroPierceInterface				Dll loaded:    MicroPierceInterface.dll    1.0.0			0	
05-Jan-18 10:39:19 AM	Info	MicroPierceWrapper				Dll loaded:    MicroPierceWrapper.dll    1.0.0			0	
05-Jan-18 10:39:19 AM	Info	MicroStirInterface				Dll loaded:    MicroStirInterface.dll    1.0.0			0	
05-Jan-18 10:39:19 AM	Info	MicroStirWrapper				Dll loaded:    MicroStirWrapper.dll    1.0.0			0	
05-Jan-18 10:39:19 AM	Info	msvcr71				Dll loaded:    msvcr71.dll    7.10.3052			0	
05-Jan-18 10:39:19 AM	Info	MTController				Dll loaded:    MTController.dll    5.0.0			0	
05-Jan-18 10:39:19 AM	Info	NestableTipBoxInsertAccessoryDriver				Dll loaded:    NestableTipBoxInsertAccessoryDriver.dll    2.0.0			0	
05-Jan-18 10:39:19 AM	Info	ObjectDatabase				Dll loaded:    ObjectDatabase.dll    4.0.0			0	
05-Jan-18 10:39:19 AM	Info	ObjectManager				Dll loaded:    ObjectManager.dll    7.0.1			0	
05-Jan-18 10:39:19 AM	Info	PackardFusionRemoteConnectorOCX				Dll loaded:    PackardFusionRemoteConnectorOCX.dll    4.0.0			0	
05-Jan-18 10:39:19 AM	Info	PackardFusionRemoteControlPlugIn				Dll loaded:    PackardFusionRemoteControlPlugIn.dll    4.0.0			0	
05-Jan-18 10:39:19 AM	Info	PackardFusionRemoteControlWrapperDLL				Dll loaded:    PackardFusionRemoteControlWrapperDLL.dll    4.0.0			0	
05-Jan-18 10:39:19 AM	Info	PicServoExtDll				Dll loaded:    PicServoExtDll.dll    10.0.0			0	
05-Jan-18 10:39:19 AM	Info	PipetteHeadMode				Dll loaded:    PipetteHeadMode.dll    2.0.0			0	
05-Jan-18 10:39:19 AM	Info	PipetteTechniqueEditor				Dll loaded:    PipetteTechniqueEditor.dll    3.0.0			0	
05-Jan-18 10:39:19 AM	Info	PlateMapDatabase				Dll loaded:    PlateMapDatabase.dll    17.0.1			0	
05-Jan-18 10:39:19 AM	Info	ProfileChangeLog				Dll loaded:    ProfileChangeLog.dll    2.0.0			0	
05-Jan-18 10:39:19 AM	Info	ProfileManager				Dll loaded:    ProfileManager.dll    10.0.1			0	
05-Jan-18 10:39:19 AM	Info	ProfSkin284m				Dll loaded:    ProfSkin284m.dll    2.8.4			0	
05-Jan-18 10:39:19 AM	Info	ProfUIS284m				Dll loaded:    ProfUIS284m.dll    2.8.4			0	
05-Jan-18 10:39:19 AM	Info	ProfUisProfileManager				Dll loaded:    ProfUisProfileManager.dll    10.0.0			0	
05-Jan-18 10:39:19 AM	Info	SciLexer				Dll loaded:    SciLexer.dll    1.71.0			0	
05-Jan-18 10:39:19 AM	Info	SerialDilution				Dll loaded:    SerialDilution.dll    13.0.0			0	
05-Jan-18 10:39:19 AM	Info	SSIdll				Dll loaded:    SSIdll.dll    Unknown.0.0			0	
05-Jan-18 10:39:19 AM	Info	TeleshakeAccessoryDriver				Dll loaded:    TeleshakeAccessoryDriver.dll    9.0.2			0	
05-Jan-18 10:39:19 AM	Info	TipPosition				Dll loaded:    TipPosition.dll    3.0.0			0	
05-Jan-18 10:39:19 AM	Info	TipTracking				Dll loaded:    TipTracking.dll    3.0.0			0	
05-Jan-18 10:39:19 AM	Info	tmlcomm				Dll loaded:    tmlcomm.dll    3.2.2			0	
05-Jan-18 10:39:19 AM	Info	TML_lib				Dll loaded:    TML_lib.dll    2.0.1			0	
05-Jan-18 10:39:19 AM	Info	Toolbox				Dll loaded:    Toolbox.dll    1.0.4226			0	
05-Jan-18 10:39:19 AM	Info	V11DeviceDriver				Dll loaded:    V11DeviceDriver.dll    11.0.0			0	
05-Jan-18 10:39:19 AM	Info	V11FieldComposer				Dll loaded:    V11FieldComposer.dll    4.0.0			0	
05-Jan-18 10:39:19 AM	Info	V11GanttChart				Dll loaded:    V11GanttChart.dll    2.0.1			0	
05-Jan-18 10:39:19 AM	Info	V11Labware				Dll loaded:    V11Labware.dll    25.0.14			0	
05-Jan-18 10:39:19 AM	Info	V11Liquids				Dll loaded:    V11Liquids.dll    9.0.0			0	
05-Jan-18 10:39:19 AM	Info	V11Migrator				Dll loaded:    V11Migrator.dll    2.0.3			0	
05-Jan-18 10:39:19 AM	Info	V11PipettingFormatWizard				Dll loaded:    V11PipettingFormatWizard.dll    2.0.0			0	
05-Jan-18 10:39:19 AM	Info	V11PumpAccessoryDriver				Dll loaded:    V11PumpAccessoryDriver.dll    3.0.2			0	
05-Jan-18 10:39:19 AM	Info	V11SharedClasses				Dll loaded:    V11SharedClasses.dll    1.1.0			0	
05-Jan-18 10:39:19 AM	Info	V11WellSelect				Dll loaded:    V11WellSelect.dll    8.0.0			0	
05-Jan-18 10:39:19 AM	Info	V11WellVolumeVisualizer				Dll loaded:    V11WellVolumeVisualizer.dll    6.0.0			0	
05-Jan-18 10:39:19 AM	Info	V11Wizard				Dll loaded:    V11Wizard.dll    2.0.0			0	
05-Jan-18 10:39:19 AM	Info	VacuumFiltrationAccessoryDriver				Dll loaded:    VacuumFiltrationAccessoryDriver.dll    10.0.1			0	
05-Jan-18 10:39:19 AM	Info	VacuumLocatingStationDriver				Dll loaded:    VacuumLocatingStationDriver.dll    7.0.0			0	
05-Jan-18 10:39:19 AM	Info	VacuumShelfAccessoryDriver				Dll loaded:    VacuumShelfAccessoryDriver.dll    2.0.2			0	
05-Jan-18 10:39:19 AM	Info	VHookInterface				Dll loaded:    VHookInterface.dll    7.0.0			0	
05-Jan-18 10:39:19 AM	Info	VWorks4COM				Dll loaded:    VWorks4COM.dll    4.0.0			0	
05-Jan-18 10:39:19 AM	Info	VWorks4Defs				Dll loaded:    VWorks4Defs.dll    6.0.3			0	
05-Jan-18 10:39:19 AM	Info	VWorks4DeviceManager				Dll loaded:    VWorks4DeviceManager.dll    4.0.0			0	
05-Jan-18 10:39:19 AM	Info	VWorks4EmailDaemon				Dll loaded:    VWorks4EmailDaemon.dll    3.0.0			0	
05-Jan-18 10:39:19 AM	Info	VWorks4FormManager				Dll loaded:    VWorks4FormManager.dll    1.0.0			0	
05-Jan-18 10:39:19 AM	Info	VWorks4GUI				Dll loaded:    VWorks4GUI.dll    3.0.0			0	
05-Jan-18 10:39:19 AM	Info	VWorks4GUIFramework				Dll loaded:    VWorks4GUIFramework.dll    3.0.1			0	
05-Jan-18 10:39:19 AM	Info	VWorks4Hooks				Dll loaded:    VWorks4Hooks.dll    3.0.0			0	
05-Jan-18 10:39:19 AM	Info	VWorks4LabelDesigner				Dll loaded:    VWorks4LabelDesigner.dll    3.0.0			0	
05-Jan-18 10:39:19 AM	Info	VWorks4Logger				Dll loaded:    VWorks4Logger.dll    4.0.0			0	
05-Jan-18 10:39:19 AM	Info	VWorks4MacroLibrary				Dll loaded:    VWorks4MacroLibrary.dll    1.0.0			0	
05-Jan-18 10:39:19 AM	Info	VWorks4Progress				Dll loaded:    VWorks4Progress.dll    3.0.0			0	
05-Jan-18 10:39:19 AM	Info	VWorks4ProtocolEditor				Dll loaded:    VWorks4ProtocolEditor.dll    4.0.0			0	
05-Jan-18 10:39:19 AM	Info	VWorks4Security				Dll loaded:    VWorks4Security.dll    3.0.0			0	
05-Jan-18 10:39:19 AM	Info	VWorks4UserDatabase				Dll loaded:    VWorks4UserDatabase.dll    3.0.0			0	
05-Jan-18 10:39:19 AM	Info	VWorks4UserManager				Dll loaded:    VWorks4UserManager.dll    3.0.0			0	
05-Jan-18 10:39:19 AM	Info	WeighPadAccessoryDriver				Dll loaded:    WeighPadAccessoryDriver.dll    2.0.0			0	
05-Jan-18 10:39:19 AM	Info	Agilent BenchCel				Plugin loaded from cache:   AgilentBenchCel.dll   20.1.2			0	
05-Jan-18 10:39:20 AM	Info	Agilent Bravo				Plugin loaded from cache:   AgilentBravo.dll   17.1.0			0	
05-Jan-18 10:39:20 AM	Info	Agilent Generic I/O Module				Plugin loaded from cache:   AgilentGenericIO.dll   5.0.0			0	
05-Jan-18 10:39:20 AM	Info	Agilent Labware MiniHub				Plugin loaded from cache:   AgilentLabwareMiniHub.dll   1.0.3			0	
05-Jan-18 10:39:20 AM	Info	Agilent Phantom Robot				Plugin loaded from cache:   AgilentPhantomRobot.dll   9.0.5			0	
05-Jan-18 10:39:20 AM	Info	Agilent Phantom Stacker				Plugin loaded from cache:   AgilentPhantomStacker.dll   2.0.1			0	
05-Jan-18 10:39:20 AM	Info	Agilent Plate Hotel				Plugin loaded from cache:   AgilentPlateHotel.dll   1.0.3			0	
05-Jan-18 10:39:20 AM	Info	Agilent Plate Hub Carousel				Plugin loaded from cache:   AgilentPlateHubCarousel.dll   8.0.1			0	
05-Jan-18 10:39:20 AM	Info	Waste Bin				Plugin loaded from cache:   AgilentWasteBin.dll   3.0.0			0	
05-Jan-18 10:39:20 AM	Info	Agilent Weigh Pad				Plugin loaded from cache:   AgilentWeighPad.dll   8.0.0			0	
05-Jan-18 10:39:20 AM	Info	Keyence Barcode Reader				Plugin loaded from cache:   KeyenceBarcodeReader.dll   6.0.0			0	
05-Jan-18 10:39:20 AM	Info	Plate Pad, Standard				Plugin loaded from cache:   PlatePad.dll   6.0.0			0	
05-Jan-18 10:43:51 AM	Info					administrator logged in			1	
05-Jan-18 10:43:59 AM	Info					File loaded		C:\VWorks Workspace\Forms\SCELSE\Working Program\TruSeqPCRFree_Nano.VWForm	1	
05-Jan-18 10:44:04 AM	Script					Initializing scripting engine...			1	
05-Jan-18 10:44:04 AM	Script					Fri Jan 05 2018 10:44:04 GMT+0800 (Malay Peninsula Standard Time)			1	
05-Jan-18 10:44:04 AM	Script					var plate_type = "96 ABI PCR half skirt in black carrier";		C:\VWorks Workspace\Forms\SCELSE\Working Program\TruSeqPCRFree_Nano.VWForm	1	
05-Jan-18 10:44:04 AM	Script					var DNA_source = 0;		C:\VWorks Workspace\Forms\SCELSE\Working Program\TruSeqPCRFree_Nano.VWForm	1	
05-Jan-18 10:44:04 AM	Script					var protocol_testing = 0;		C:\VWorks Workspace\Forms\SCELSE\Working Program\TruSeqPCRFree_Nano.VWForm	1	
05-Jan-18 10:44:05 AM	Script					var BasePair = 50;		C:\VWorks Workspace\Forms\SCELSE\Working Program\TruSeqPCRFree_Nano.VWForm	1	
05-Jan-18 10:44:05 AM	Script					var formProtocolName = "TruSeqPCRFree_Nano_runset.rst";		C:\VWorks Workspace\Forms\SCELSE\Working Program\TruSeqPCRFree_Nano.VWForm	1	
05-Jan-18 10:44:05 AM	Script					var columns_samples = 12;		C:\VWorks Workspace\Forms\SCELSE\Working Program\TruSeqPCRFree_Nano.VWForm	1	
05-Jan-18 10:44:05 AM	Script					Number of Columns selected is 12			1	
05-Jan-18 10:44:05 AM	Script					Case: 12 Columns			1	
05-Jan-18 10:44:09 AM	Script					var plate_type = "96 ABI PCR half skirt in black carrier";		C:\VWorks Workspace\Forms\SCELSE\Working Program\TruSeqPCRFree_Nano.VWForm	1	
05-Jan-18 10:44:09 AM	Script					var DNA_source = 0;		C:\VWorks Workspace\Forms\SCELSE\Working Program\TruSeqPCRFree_Nano.VWForm	1	
05-Jan-18 10:44:09 AM	Script					var protocol_testing = 0;		C:\VWorks Workspace\Forms\SCELSE\Working Program\TruSeqPCRFree_Nano.VWForm	1	
05-Jan-18 10:44:09 AM	Script					var BasePair = 50;		C:\VWorks Workspace\Forms\SCELSE\Working Program\TruSeqPCRFree_Nano.VWForm	1	
05-Jan-18 10:44:09 AM	Script					var formProtocolName = "TruSeqPCRFree_Nano_runset.rst";		C:\VWorks Workspace\Forms\SCELSE\Working Program\TruSeqPCRFree_Nano.VWForm	1	
05-Jan-18 10:44:09 AM	Script					var columns_samples = 12;		C:\VWorks Workspace\Forms\SCELSE\Working Program\TruSeqPCRFree_Nano.VWForm	1	
05-Jan-18 10:44:10 AM	Script					Clearing Plate Inventory			1	
05-Jan-18 10:44:10 AM	Script					Clearing Runset			1	
05-Jan-18 10:44:10 AM	Script					Starting runset : TruSeqPCRFree_Nano_runset.rst			1	
05-Jan-18 10:44:10 AM	Info					Runset Manager: Added the run "C:\VWorks Workspace\Protocol Files\TruSeqPCRFree\7_AMPureXP_TruSeqPCRFree_DNArunset_v1.0.pro" to Runset Manager.			1	
05-Jan-18 10:44:10 AM	Info					Runset Manager: Added the run "C:\VWorks Workspace\Protocol Files\TruSeqPCRFree\8_EndRepair_TruSeqPCRFree_v1.0.pro" to Runset Manager.			1	
05-Jan-18 10:44:10 AM	Info					Runset Manager: Added the run "C:\VWorks Workspace\Protocol Files\TruSeqPCRFree\9_AMPureXP_TruSeqPCRFree_DNArunset_v1.0.pro" to Runset Manager.			1	
05-Jan-18 10:44:10 AM	Info					Runset Manager: Added the run "C:\VWorks Workspace\Protocol Files\TruSeqPCRFree\10_A-Tailing_TruSeqPCRFree_v1.0.pro" to Runset Manager.			1	
05-Jan-18 10:44:10 AM	Info					Runset Manager: Added the run "C:\VWorks Workspace\Protocol Files\TruSeqPCRFree\11_AdapterLigation_TruSeqPCRFree_v1.0.pro" to Runset Manager.			1	
05-Jan-18 10:44:10 AM	Info					Runset Manager: Added the run "C:\VWorks Workspace\Protocol Files\TruSeqPCRFree\12_StopLigation_TruSeqPCRFree_v1.0.pro" to Runset Manager.			1	
05-Jan-18 10:44:10 AM	Info					Runset Manager: Added the run "C:\VWorks Workspace\Protocol Files\TruSeqPCRFree\13_AMPureXP_TruSeqPCRFree_runset_v1.0.pro" to Runset Manager.			1	
05-Jan-18 10:44:10 AM	Info					Runset Manager: Added the run "C:\VWorks Workspace\Protocol Files\TruSeqPCRFree\14_AMPureXP_TruSeqPCRFree_runset_v1.0.pro" to Runset Manager.			1	
05-Jan-18 10:44:13 AM	Info	Agilent Labware MiniHub				Plugin loaded:   AgilentLabwareMiniHub.dll   1.0.3			1	
05-Jan-18 10:44:14 AM	Info					Hooks plugin loaded:    AgilentBenchCel.dll			0	
05-Jan-18 10:44:14 AM	Info	Agilent BenchCel				Plugin loaded:   AgilentBenchCel.dll   20.1.2			1	
05-Jan-18 10:44:17 AM	Info					Hooks plugin loaded:    AgilentBravo.dll			0	
05-Jan-18 10:44:18 AM	Info	Agilent Bravo				Plugin loaded:   AgilentBravo.dll   17.1.0			1	
05-Jan-18 10:44:21 AM	Info					File loaded		C:\VWorks Workspace\Device Files\TruSeq\TruSeq RNA_DNA Sample Prep_v1.0\BravoMiniPHBenchCel_round_magnet_RED_insert.dev	1	
05-Jan-18 10:44:22 AM	Info					File loaded	7_AMPureXP_TruSeqPCRFree_DNArunset_v1.0	C:\VWorks Workspace\Protocol Files\TruSeqPCRFree\7_AMPureXP_TruSeqPCRFree_DNArunset_v1.0.pro	1	
05-Jan-18 10:44:32 AM	Error					File C:\VWorks Workspace\Forms\SCELSE\TruSeqPCRFree_Nano.VWForm not found			1	
05-Jan-18 10:45:57 AM	Info					File unloaded		C:\VWorks Workspace\Forms\SCELSE\TruSeqPCRFree_Nano.VWForm	1	
05-Jan-18 10:46:03 AM	Warning			emptytips2	1	No plate to unload from the device Agilent Labware MiniHub - 1 location : cassette 4, slot 1		7_AMPureXP_TruSeqPCRFree_DNArunset_v1.0.pro	1	
05-Jan-18 10:46:03 AM	Warning			emptytips2	1	There aren't any available plates for the unload task to unload		7_AMPureXP_TruSeqPCRFree_DNArunset_v1.0.pro	1	
05-Jan-18 10:46:03 AM	Warning			Ethanol Reservoir	1	No plate to unload from the device Agilent Labware MiniHub - 1 location : cassette 2, slot 1		7_AMPureXP_TruSeqPCRFree_DNArunset_v1.0.pro	1	
05-Jan-18 10:46:03 AM	Warning			Ethanol Reservoir	1	There aren't any available plates for the unload task to unload		7_AMPureXP_TruSeqPCRFree_DNArunset_v1.0.pro	1	
05-Jan-18 10:46:03 AM	Warning			Resuspension Buffer	1	No plate to unload from the device Agilent Labware MiniHub - 1 location : cassette 2, slot 2		7_AMPureXP_TruSeqPCRFree_DNArunset_v1.0.pro	1	
05-Jan-18 10:46:03 AM	Warning			Resuspension Buffer	1	There aren't any available plates for the unload task to unload		7_AMPureXP_TruSeqPCRFree_DNArunset_v1.0.pro	1	
05-Jan-18 10:46:04 AM	Warning			SPRI reservoir	1	No plate to unload from the device Agilent Labware MiniHub - 1 location : cassette 3, slot 2		7_AMPureXP_TruSeqPCRFree_DNArunset_v1.0.pro	1	
05-Jan-18 10:46:04 AM	Warning			SPRI reservoir	1	There aren't any available plates for the unload task to unload		7_AMPureXP_TruSeqPCRFree_DNArunset_v1.0.pro	1	
05-Jan-18 10:46:04 AM	Info					Compile complete with 0 errors and 8 warnings			1	
05-Jan-18 10:46:04 AM	Script					var plate_type = "96 ABI PCR half skirt in black carrier";		C:\VWorks Workspace\Forms\SCELSE\Working Program\TruSeqPCRFree_Nano.VWForm	1	
05-Jan-18 10:46:04 AM	Script					var DNA_source = 0;		C:\VWorks Workspace\Forms\SCELSE\Working Program\TruSeqPCRFree_Nano.VWForm	1	
05-Jan-18 10:46:04 AM	Script					var protocol_testing = 0;		C:\VWorks Workspace\Forms\SCELSE\Working Program\TruSeqPCRFree_Nano.VWForm	1	
05-Jan-18 10:46:04 AM	Script					var BasePair = 50;		C:\VWorks Workspace\Forms\SCELSE\Working Program\TruSeqPCRFree_Nano.VWForm	1	
05-Jan-18 10:46:04 AM	Script					var formProtocolName = "TruSeqPCRFree_Nano_runset.rst";		C:\VWorks Workspace\Forms\SCELSE\Working Program\TruSeqPCRFree_Nano.VWForm	1	
05-Jan-18 10:46:04 AM	Script					var columns_samples = 12;		C:\VWorks Workspace\Forms\SCELSE\Working Program\TruSeqPCRFree_Nano.VWForm	1	
05-Jan-18 10:46:05 AM	Event					Scheduler started			1	
05-Jan-18 10:46:05 AM	Info	Agilent Labware MiniHub - 1				Initializing device		C:\VWorks Workspace\Device Files\TruSeq\TruSeq RNA_DNA Sample Prep_v1.0\BravoMiniPHBenchCel_round_magnet_RED_insert.dev	1	
05-Jan-18 10:46:05 AM	Info	BenchCel - 1				Initializing device		C:\VWorks Workspace\Device Files\TruSeq\TruSeq RNA_DNA Sample Prep_v1.0\BravoMiniPHBenchCel_round_magnet_RED_insert.dev	1	
05-Jan-18 10:46:05 AM	Info	Bravo - 1				Initializing device		C:\VWorks Workspace\Device Files\TruSeq\TruSeq RNA_DNA Sample Prep_v1.0\BravoMiniPHBenchCel_round_magnet_RED_insert.dev	1	
05-Jan-18 10:46:05 AM	Info	BenchCel - 1				Initialization complete		C:\VWorks Workspace\Device Files\TruSeq\TruSeq RNA_DNA Sample Prep_v1.0\BravoMiniPHBenchCel_round_magnet_RED_insert.dev	1	
05-Jan-18 10:46:12 AM	Error	Bravo - 1				There appears to be a plate present in, or in front of the gripper's plate presence sensor.			1	
05-Jan-18 10:46:12 AM	Error	Bravo - 1				  - Choose "Retry" to check the plate presence sensor again.			1	
05-Jan-18 10:46:12 AM	Error	Bravo - 1				  - Choose "Ignore" to continue to home the G axis.  Please note that any plate currently held by the gripper will be dropped.			1	
05-Jan-18 10:46:12 AM	Error	Bravo - 1				  - Choose "Abort" to cancel initialization.			1	
05-Jan-18 10:46:12 AM	Info					Error library: Select best match error handler: "Default" and action type "show error dialog"			1	
05-Jan-18 10:46:18 AM	Info	Agilent Labware MiniHub - 1				Initialization complete		C:\VWorks Workspace\Device Files\TruSeq\TruSeq RNA_DNA Sample Prep_v1.0\BravoMiniPHBenchCel_round_magnet_RED_insert.dev	1	
05-Jan-18 10:46:38 AM	Info	Bravo - 1				Ignoring: There appears to be a plate present in, or in front of the gripper's plate presence sensor.			1	
05-Jan-18 10:46:38 AM	Info	Bravo - 1				  - Choose "Retry" to check the plate presence sensor again.			1	
05-Jan-18 10:46:38 AM	Info	Bravo - 1				  - Choose "Ignore" to continue to home the G axis.  Please note that any plate currently held by the gripper will be dropped.			1	
05-Jan-18 10:46:38 AM	Info	Bravo - 1				  - Choose "Abort" to cancel initialization.			1	
05-Jan-18 10:46:38 AM	Error	Bravo - 1				Please verify that it is safe to home the W-axis (the aspirate/dispense axis).  If there is fluid in the tips you may want to manually home the W-axis in diagnostics over a waste position.			1	
05-Jan-18 10:46:38 AM	Error	Bravo - 1				  - Choose "Retry" to continue homing the W-axis.			1	
05-Jan-18 10:46:38 AM	Error	Bravo - 1				  - Choose "Ignore" to leave the W-axis unhomed.			1	
05-Jan-18 10:46:38 AM	Error	Bravo - 1				  - Choose "Abort" to cancel initialization.			1	
05-Jan-18 10:46:38 AM	Info					Error library: Select best match error handler: "Default" and action type "show error dialog"			1	
05-Jan-18 10:47:05 AM	Info	Bravo - 1				Retrying: Please verify that it is safe to home the W-axis (the aspirate/dispense axis).  If there is fluid in the tips you may want to manually home the W-axis in diagnostics over a waste position.			1	
05-Jan-18 10:47:05 AM	Info	Bravo - 1				  - Choose "Retry" to continue homing the W-axis.			1	
05-Jan-18 10:47:05 AM	Info	Bravo - 1				  - Choose "Ignore" to leave the W-axis unhomed.			1	
05-Jan-18 10:47:05 AM	Info	Bravo - 1				  - Choose "Abort" to cancel initialization.			1	
05-Jan-18 10:47:05 AM	Info	Bravo - 1				Initialization complete		C:\VWorks Workspace\Device Files\TruSeq\TruSeq RNA_DNA Sample Prep_v1.0\BravoMiniPHBenchCel_round_magnet_RED_insert.dev	1	
05-Jan-18 10:47:05 AM	Script					Successfully opened tiptracking.js file.			1	
05-Jan-18 10:47:06 AM	Script					Clearing Plate Inventory			1	
05-Jan-18 10:47:06 AM	Info					Error library: Protocol started using error library file: ""			1	
05-Jan-18 10:47:06 AM	Event					Startup protocol starting	7_AMPureXP_TruSeqPCRFree_DNArunset_v1.0	C:\VWorks Workspace\Protocol Files\TruSeqPCRFree\7_AMPureXP_TruSeqPCRFree_DNArunset_v1.0.pro	1	
05-Jan-18 10:47:06 AM	Event			startup process - 1 1		Process starting, north barcode: No bar code, east barcode: No bar code, south barcode: No bar code, west barcode: No bar code	7_AMPureXP_TruSeqPCRFree_DNArunset_v1.0	C:\VWorks Workspace\Protocol Files\TruSeqPCRFree\7_AMPureXP_TruSeqPCRFree_DNArunset_v1.0.pro	1	
05-Jan-18 10:47:06 AM	Script					END: Fri Jan 05 2018 13:02:23 GMT+0800 (Malay Peninsula Standard Time)			1	
05-Jan-18 10:47:06 AM	Script					ctdown			1	
05-Jan-18 10:47:06 AM	Event			startup process - 1 1	1	JavaScript	7_AMPureXP_TruSeqPCRFree_DNArunset_v1.0	C:\VWorks Workspace\Protocol Files\TruSeqPCRFree\7_AMPureXP_TruSeqPCRFree_DNArunset_v1.0.pro	1	
05-Jan-18 10:47:06 AM	Event			startup process - 1 1	1	Completed: JavaScript	7_AMPureXP_TruSeqPCRFree_DNArunset_v1.0	C:\VWorks Workspace\Protocol Files\TruSeqPCRFree\7_AMPureXP_TruSeqPCRFree_DNArunset_v1.0.pro	1	
05-Jan-18 10:47:06 AM	Script					The state of runset is false			1	
05-Jan-18 10:47:06 AM	Event			startup process - 1 1	2	Configure static labware on Bravo - 1	7_AMPureXP_TruSeqPCRFree_DNArunset_v1.0	C:\VWorks Workspace\Protocol Files\TruSeqPCRFree\7_AMPureXP_TruSeqPCRFree_DNArunset_v1.0.pro	1	
05-Jan-18 10:47:06 AM	Info			startup process - 1	2	Changed "task Configure Labware, changed variable " to "96 Deep Well PP Sqr Well V Btm"	7_AMPureXP_TruSeqPCRFree_DNArunset_v1.0	C:\VWorks Workspace\Protocol Files\TruSeqPCRFree\7_AMPureXP_TruSeqPCRFree_DNArunset_v1.0.pro	1	
05-Jan-18 10:47:07 AM	Info			startup process - 1	2	Changed "task Configure Labware, changed variable " to "96 Nunc Deep Well 1 mL"	7_AMPureXP_TruSeqPCRFree_DNArunset_v1.0	C:\VWorks Workspace\Protocol Files\TruSeqPCRFree\7_AMPureXP_TruSeqPCRFree_DNArunset_v1.0.pro	1	
05-Jan-18 10:47:07 AM	Event			startup process - 1 1	2	Completed: Configure static labware on Bravo - 1	7_AMPureXP_TruSeqPCRFree_DNArunset_v1.0	C:\VWorks Workspace\Protocol Files\TruSeqPCRFree\7_AMPureXP_TruSeqPCRFree_DNArunset_v1.0.pro	1	
05-Jan-18 10:47:07 AM	Script					User has entered 12 columns.			1	
05-Jan-18 10:47:07 AM	Script					The number of columns that will be processed is 12.			1	
05-Jan-18 10:47:07 AM	Script					The head mode configuration is 3,3,8,12			1	
05-Jan-18 10:47:07 AM	Event			startup process - 1 1	5	JavaScript	7_AMPureXP_TruSeqPCRFree_DNArunset_v1.0	C:\VWorks Workspace\Protocol Files\TruSeqPCRFree\7_AMPureXP_TruSeqPCRFree_DNArunset_v1.0.pro	1	
05-Jan-18 10:47:07 AM	Event			startup process - 1 1	5	Completed: JavaScript	7_AMPureXP_TruSeqPCRFree_DNArunset_v1.0	C:\VWorks Workspace\Protocol Files\TruSeqPCRFree\7_AMPureXP_TruSeqPCRFree_DNArunset_v1.0.pro	1	
05-Jan-18 10:47:07 AM	Event			startup process - 1 1	8	JavaScript	7_AMPureXP_TruSeqPCRFree_DNArunset_v1.0	C:\VWorks Workspace\Protocol Files\TruSeqPCRFree\7_AMPureXP_TruSeqPCRFree_DNArunset_v1.0.pro	1	
05-Jan-18 10:47:07 AM	Event			startup process - 1 1	8	Completed: JavaScript	7_AMPureXP_TruSeqPCRFree_DNArunset_v1.0	C:\VWorks Workspace\Protocol Files\TruSeqPCRFree\7_AMPureXP_TruSeqPCRFree_DNArunset_v1.0.pro	1	
05-Jan-18 10:47:07 AM	Event			startup process - 1 1	10	JavaScript	7_AMPureXP_TruSeqPCRFree_DNArunset_v1.0	C:\VWorks Workspace\Protocol Files\TruSeqPCRFree\7_AMPureXP_TruSeqPCRFree_DNArunset_v1.0.pro	1	
05-Jan-18 10:47:08 AM	Event			startup process - 1 1	10	Completed: JavaScript	7_AMPureXP_TruSeqPCRFree_DNArunset_v1.0	C:\VWorks Workspace\Protocol Files\TruSeqPCRFree\7_AMPureXP_TruSeqPCRFree_DNArunset_v1.0.pro	1	
05-Jan-18 10:47:08 AM	Script					script:5:ReferenceError: samples is not defined			1	
05-Jan-18 10:47:08 AM	Event			startup process - 1 1	11	JavaScript	7_AMPureXP_TruSeqPCRFree_DNArunset_v1.0	C:\VWorks Workspace\Protocol Files\TruSeqPCRFree\7_AMPureXP_TruSeqPCRFree_DNArunset_v1.0.pro	1	
05-Jan-18 10:47:08 AM	Event			startup process - 1 1	11	Completed: JavaScript	7_AMPureXP_TruSeqPCRFree_DNArunset_v1.0	C:\VWorks Workspace\Protocol Files\TruSeqPCRFree\7_AMPureXP_TruSeqPCRFree_DNArunset_v1.0.pro	1	
05-Jan-18 10:47:08 AM	Script					The volumes used in this protocol are from case 1			1	
05-Jan-18 10:47:08 AM	Script					The volume of DNA and beads is 130ul			1	
05-Jan-18 10:47:08 AM	Script					The elution volume is 62.5ul			1	
05-Jan-18 10:47:08 AM	Script					The volume of DNA and beads is 130ul			1	
05-Jan-18 10:47:08 AM	Event			startup process - 1 1	12	JavaScript	7_AMPureXP_TruSeqPCRFree_DNArunset_v1.0	C:\VWorks Workspace\Protocol Files\TruSeqPCRFree\7_AMPureXP_TruSeqPCRFree_DNArunset_v1.0.pro	1	
05-Jan-18 10:47:08 AM	Event			startup process - 1 1	12	Completed: JavaScript	7_AMPureXP_TruSeqPCRFree_DNArunset_v1.0	C:\VWorks Workspace\Protocol Files\TruSeqPCRFree\7_AMPureXP_TruSeqPCRFree_DNArunset_v1.0.pro	1	
05-Jan-18 10:47:08 AM	Event	Bravo - 1	1	startup process - 1 1	13	Set temperature - Position at Location 4	7_AMPureXP_TruSeqPCRFree_DNArunset_v1.0	C:\VWorks Workspace\Protocol Files\TruSeqPCRFree\7_AMPureXP_TruSeqPCRFree_DNArunset_v1.0.pro	1	
05-Jan-18 10:47:10 AM	Event	Bravo - 1	1	startup process - 1 1	13	Completed: Set temperature - Position at Location 4	7_AMPureXP_TruSeqPCRFree_DNArunset_v1.0	C:\VWorks Workspace\Protocol Files\TruSeqPCRFree\7_AMPureXP_TruSeqPCRFree_DNArunset_v1.0.pro	1	
05-Jan-18 10:47:10 AM	Event	Bravo - 1	1	startup process - 1 1	14	Set temperature - Position at Location 6	7_AMPureXP_TruSeqPCRFree_DNArunset_v1.0	C:\VWorks Workspace\Protocol Files\TruSeqPCRFree\7_AMPureXP_TruSeqPCRFree_DNArunset_v1.0.pro	1	
05-Jan-18 10:47:12 AM	Event	Bravo - 1	1	startup process - 1 1	14	Completed: Set temperature - Position at Location 6	7_AMPureXP_TruSeqPCRFree_DNArunset_v1.0	C:\VWorks Workspace\Protocol Files\TruSeqPCRFree\7_AMPureXP_TruSeqPCRFree_DNArunset_v1.0.pro	1	
05-Jan-18 10:47:12 AM	Event			startup process - 1 1		Process finishing	7_AMPureXP_TruSeqPCRFree_DNArunset_v1.0	C:\VWorks Workspace\Protocol Files\TruSeqPCRFree\7_AMPureXP_TruSeqPCRFree_DNArunset_v1.0.pro	1	
05-Jan-18 10:47:12 AM	Event	BenchCel - 1	Stacker 1	TipControl		Load stacker rack at location "Stacker 1" of device "BenchCel - 1" with plate "TipControl" of labware type "96 V11 LT250 Tip Box 19477.002"	7_AMPureXP_TruSeqPCRFree_DNArunset_v1.0	C:\VWorks Workspace\Protocol Files\TruSeqPCRFree\7_AMPureXP_TruSeqPCRFree_DNArunset_v1.0.pro	1	
05-Jan-18 10:47:16 AM	Event	BenchCel - 1	Stacker 2	TipControl		Load stacker rack at location "Stacker 2" of device "BenchCel - 1" with plate "TipControl" of labware type "96 V11 LT250 Tip Box 19477.002"	7_AMPureXP_TruSeqPCRFree_DNArunset_v1.0	C:\VWorks Workspace\Protocol Files\TruSeqPCRFree\7_AMPureXP_TruSeqPCRFree_DNArunset_v1.0.pro	1	
05-Jan-18 10:47:21 AM	Event	BenchCel - 1	Stacker 3	Upstack 3		Load stacker rack at location "Stacker 3" of device "BenchCel - 1" with plate "Upstack 3" of labware type "96 V11 LT250 Tip Box 19477.002"	7_AMPureXP_TruSeqPCRFree_DNArunset_v1.0	C:\VWorks Workspace\Protocol Files\TruSeqPCRFree\7_AMPureXP_TruSeqPCRFree_DNArunset_v1.0.pro	1	
05-Jan-18 10:47:26 AM	Event	BenchCel - 1	Stacker 4	Upstack 4		Load stacker rack at location "Stacker 4" of device "BenchCel - 1" with plate "Upstack 4" of labware type "96 V11 LT250 Tip Box 19477.002"	7_AMPureXP_TruSeqPCRFree_DNArunset_v1.0	C:\VWorks Workspace\Protocol Files\TruSeqPCRFree\7_AMPureXP_TruSeqPCRFree_DNArunset_v1.0.pro	1	
05-Jan-18 10:47:30 AM	Info			AMPure XP Cleanup 1		1 plate required	7_AMPureXP_TruSeqPCRFree_DNArunset_v1.0	C:\VWorks Workspace\Protocol Files\TruSeqPCRFree\7_AMPureXP_TruSeqPCRFree_DNArunset_v1.0.pro	1	
05-Jan-18 10:47:30 AM	Info			DNA plate		Plates are spawned on demand	7_AMPureXP_TruSeqPCRFree_DNArunset_v1.0	C:\VWorks Workspace\Protocol Files\TruSeqPCRFree\7_AMPureXP_TruSeqPCRFree_DNArunset_v1.0.pro	1	
05-Jan-18 10:47:31 AM	Info			SPRI reservoir		Plates are spawned on demand	7_AMPureXP_TruSeqPCRFree_DNArunset_v1.0	C:\VWorks Workspace\Protocol Files\TruSeqPCRFree\7_AMPureXP_TruSeqPCRFree_DNArunset_v1.0.pro	1	
05-Jan-18 10:47:31 AM	Info			Ethanol Reservoir		Plates are spawned on demand	7_AMPureXP_TruSeqPCRFree_DNArunset_v1.0	C:\VWorks Workspace\Protocol Files\TruSeqPCRFree\7_AMPureXP_TruSeqPCRFree_DNArunset_v1.0.pro	1	
05-Jan-18 10:47:31 AM	Info			Resuspension Buffer		Plates are spawned on demand	7_AMPureXP_TruSeqPCRFree_DNArunset_v1.0	C:\VWorks Workspace\Protocol Files\TruSeqPCRFree\7_AMPureXP_TruSeqPCRFree_DNArunset_v1.0.pro	1	
05-Jan-18 10:47:31 AM	Info			TipControl		Plates are spawned on demand	7_AMPureXP_TruSeqPCRFree_DNArunset_v1.0	C:\VWorks Workspace\Protocol Files\TruSeqPCRFree\7_AMPureXP_TruSeqPCRFree_DNArunset_v1.0.pro	1	
05-Jan-18 10:47:31 AM	Info			UsedTipUpstack		Plates are spawned on demand	7_AMPureXP_TruSeqPCRFree_DNArunset_v1.0	C:\VWorks Workspace\Protocol Files\TruSeqPCRFree\7_AMPureXP_TruSeqPCRFree_DNArunset_v1.0.pro	1	
05-Jan-18 10:47:31 AM	Info			tips2		Plates are spawned on demand	7_AMPureXP_TruSeqPCRFree_DNArunset_v1.0	C:\VWorks Workspace\Protocol Files\TruSeqPCRFree\7_AMPureXP_TruSeqPCRFree_DNArunset_v1.0.pro	1	
05-Jan-18 10:47:31 AM	Info			emptytips2		Plates are spawned on demand	7_AMPureXP_TruSeqPCRFree_DNArunset_v1.0	C:\VWorks Workspace\Protocol Files\TruSeqPCRFree\7_AMPureXP_TruSeqPCRFree_DNArunset_v1.0.pro	1	
05-Jan-18 10:47:31 AM	Info			tips3		Plates are spawned on demand	7_AMPureXP_TruSeqPCRFree_DNArunset_v1.0	C:\VWorks Workspace\Protocol Files\TruSeqPCRFree\7_AMPureXP_TruSeqPCRFree_DNArunset_v1.0.pro	1	
05-Jan-18 10:47:31 AM	Info			emptytips3		Plates are spawned on demand	7_AMPureXP_TruSeqPCRFree_DNArunset_v1.0	C:\VWorks Workspace\Protocol Files\TruSeqPCRFree\7_AMPureXP_TruSeqPCRFree_DNArunset_v1.0.pro	1	
05-Jan-18 10:47:31 AM	Info			tips4		Plates are spawned on demand	7_AMPureXP_TruSeqPCRFree_DNArunset_v1.0	C:\VWorks Workspace\Protocol Files\TruSeqPCRFree\7_AMPureXP_TruSeqPCRFree_DNArunset_v1.0.pro	1	
05-Jan-18 10:47:31 AM	Info			emptytips4		Plates are spawned on demand	7_AMPureXP_TruSeqPCRFree_DNArunset_v1.0	C:\VWorks Workspace\Protocol Files\TruSeqPCRFree\7_AMPureXP_TruSeqPCRFree_DNArunset_v1.0.pro	1	
05-Jan-18 10:47:31 AM	Info			tips5		Plates are spawned on demand	7_AMPureXP_TruSeqPCRFree_DNArunset_v1.0	C:\VWorks Workspace\Protocol Files\TruSeqPCRFree\7_AMPureXP_TruSeqPCRFree_DNArunset_v1.0.pro	1	
05-Jan-18 10:47:31 AM	Info			emtpytips5		Plates are spawned on demand	7_AMPureXP_TruSeqPCRFree_DNArunset_v1.0	C:\VWorks Workspace\Protocol Files\TruSeqPCRFree\7_AMPureXP_TruSeqPCRFree_DNArunset_v1.0.pro	1	
05-Jan-18 10:47:31 AM	Info			tips6		Plates are spawned on demand	7_AMPureXP_TruSeqPCRFree_DNArunset_v1.0	C:\VWorks Workspace\Protocol Files\TruSeqPCRFree\7_AMPureXP_TruSeqPCRFree_DNArunset_v1.0.pro	1	
05-Jan-18 10:47:31 AM	Info			emptytips6		Plates are spawned on demand	7_AMPureXP_TruSeqPCRFree_DNArunset_v1.0	C:\VWorks Workspace\Protocol Files\TruSeqPCRFree\7_AMPureXP_TruSeqPCRFree_DNArunset_v1.0.pro	1	
05-Jan-18 10:47:31 AM	Info			tips7		Plates are spawned on demand	7_AMPureXP_TruSeqPCRFree_DNArunset_v1.0	C:\VWorks Workspace\Protocol Files\TruSeqPCRFree\7_AMPureXP_TruSeqPCRFree_DNArunset_v1.0.pro	1	
05-Jan-18 10:47:31 AM	Info			emptytips7		Plates are spawned on demand	7_AMPureXP_TruSeqPCRFree_DNArunset_v1.0	C:\VWorks Workspace\Protocol Files\TruSeqPCRFree\7_AMPureXP_TruSeqPCRFree_DNArunset_v1.0.pro	1	
05-Jan-18 10:47:31 AM	Info			tips8		Plates are spawned on demand	7_AMPureXP_TruSeqPCRFree_DNArunset_v1.0	C:\VWorks Workspace\Protocol Files\TruSeqPCRFree\7_AMPureXP_TruSeqPCRFree_DNArunset_v1.0.pro	1	
05-Jan-18 10:47:31 AM	Info			emptytips8		Plates are spawned on demand	7_AMPureXP_TruSeqPCRFree_DNArunset_v1.0	C:\VWorks Workspace\Protocol Files\TruSeqPCRFree\7_AMPureXP_TruSeqPCRFree_DNArunset_v1.0.pro	1	
05-Jan-18 10:47:31 AM	Info			tips9		Plates are spawned on demand	7_AMPureXP_TruSeqPCRFree_DNArunset_v1.0	C:\VWorks Workspace\Protocol Files\TruSeqPCRFree\7_AMPureXP_TruSeqPCRFree_DNArunset_v1.0.pro	1	
05-Jan-18 10:47:31 AM	Info			emptytips9		Plates are spawned on demand	7_AMPureXP_TruSeqPCRFree_DNArunset_v1.0	C:\VWorks Workspace\Protocol Files\TruSeqPCRFree\7_AMPureXP_TruSeqPCRFree_DNArunset_v1.0.pro	1	
05-Jan-18 10:47:31 AM	Info			EmptyNow		Plates are spawned on demand	7_AMPureXP_TruSeqPCRFree_DNArunset_v1.0	C:\VWorks Workspace\Protocol Files\TruSeqPCRFree\7_AMPureXP_TruSeqPCRFree_DNArunset_v1.0.pro	1	
05-Jan-18 10:47:31 AM	Info			Upstack 3		Plates are spawned on demand	7_AMPureXP_TruSeqPCRFree_DNArunset_v1.0	C:\VWorks Workspace\Protocol Files\TruSeqPCRFree\7_AMPureXP_TruSeqPCRFree_DNArunset_v1.0.pro	1	
05-Jan-18 10:47:31 AM	Info			Upstack 4		Plates are spawned on demand	7_AMPureXP_TruSeqPCRFree_DNArunset_v1.0	C:\VWorks Workspace\Protocol Files\TruSeqPCRFree\7_AMPureXP_TruSeqPCRFree_DNArunset_v1.0.pro	1	
05-Jan-18 10:47:31 AM	Event					Main protocol starting	7_AMPureXP_TruSeqPCRFree_DNArunset_v1.0	C:\VWorks Workspace\Protocol Files\TruSeqPCRFree\7_AMPureXP_TruSeqPCRFree_DNArunset_v1.0.pro	1	
05-Jan-18 10:47:32 AM	Event					Startup protocol complete	7_AMPureXP_TruSeqPCRFree_DNArunset_v1.0	C:\VWorks Workspace\Protocol Files\TruSeqPCRFree\7_AMPureXP_TruSeqPCRFree_DNArunset_v1.0.pro	1	
05-Jan-18 10:47:32 AM	Event			AMPure XP Cleanup 1 1		Process starting, north barcode: No bar code, east barcode: No bar code, south barcode: No bar code, west barcode: No bar code	7_AMPureXP_TruSeqPCRFree_DNArunset_v1.0	C:\VWorks Workspace\Protocol Files\TruSeqPCRFree\7_AMPureXP_TruSeqPCRFree_DNArunset_v1.0.pro	1	
05-Jan-18 10:47:32 AM	Event	Bravo - 1	5	AMPure XP Cleanup 1 1	1	Place plate at Bravo - 1 5	7_AMPureXP_TruSeqPCRFree_DNArunset_v1.0	C:\VWorks Workspace\Protocol Files\TruSeqPCRFree\7_AMPureXP_TruSeqPCRFree_DNArunset_v1.0.pro	1	
05-Jan-18 10:47:32 AM	Event	Bravo - 1	5	AMPure XP Cleanup 1 1	1	Completed: Place plate at Bravo - 1 5	7_AMPureXP_TruSeqPCRFree_DNArunset_v1.0	C:\VWorks Workspace\Protocol Files\TruSeqPCRFree\7_AMPureXP_TruSeqPCRFree_DNArunset_v1.0.pro	1	
05-Jan-18 10:47:32 AM	Event			AMPure XP Cleanup 1 1	2	Spawn DNA plate	7_AMPureXP_TruSeqPCRFree_DNArunset_v1.0	C:\VWorks Workspace\Protocol Files\TruSeqPCRFree\7_AMPureXP_TruSeqPCRFree_DNArunset_v1.0.pro	1	
05-Jan-18 10:47:32 AM	Event			AMPure XP Cleanup 1 1	2	Completed: Spawn DNA plate	7_AMPureXP_TruSeqPCRFree_DNArunset_v1.0	C:\VWorks Workspace\Protocol Files\TruSeqPCRFree\7_AMPureXP_TruSeqPCRFree_DNArunset_v1.0.pro	1	
05-Jan-18 10:47:32 AM	Event			DNA plate 1		Process starting, north barcode: No bar code, east barcode: No bar code, south barcode: No bar code, west barcode: No bar code	7_AMPureXP_TruSeqPCRFree_DNArunset_v1.0	C:\VWorks Workspace\Protocol Files\TruSeqPCRFree\7_AMPureXP_TruSeqPCRFree_DNArunset_v1.0.pro	1	
05-Jan-18 10:47:32 AM	Event	Bravo - 1	7	DNA plate 1	1	Place plate at Bravo - 1 7	7_AMPureXP_TruSeqPCRFree_DNArunset_v1.0	C:\VWorks Workspace\Protocol Files\TruSeqPCRFree\7_AMPureXP_TruSeqPCRFree_DNArunset_v1.0.pro	1	
05-Jan-18 10:47:32 AM	Event	Bravo - 1	7	DNA plate 1	1	Completed: Place plate at Bravo - 1 7	7_AMPureXP_TruSeqPCRFree_DNArunset_v1.0	C:\VWorks Workspace\Protocol Files\TruSeqPCRFree\7_AMPureXP_TruSeqPCRFree_DNArunset_v1.0.pro	1	
05-Jan-18 10:47:32 AM	Script					!!!!!!!!!!!!!!!!!!!!!!!!!!!!!!!!!!!!!!!!undefined			1	
05-Jan-18 10:47:32 AM	Event			AMPure XP Cleanup 1 1	3	Spawn TipControl	7_AMPureXP_TruSeqPCRFree_DNArunset_v1.0	C:\VWorks Workspace\Protocol Files\TruSeqPCRFree\7_AMPureXP_TruSeqPCRFree_DNArunset_v1.0.pro	1	
05-Jan-18 10:47:32 AM	Event			AMPure XP Cleanup 1 1	3	Completed: Spawn TipControl	7_AMPureXP_TruSeqPCRFree_DNArunset_v1.0	C:\VWorks Workspace\Protocol Files\TruSeqPCRFree\7_AMPureXP_TruSeqPCRFree_DNArunset_v1.0.pro	1	
05-Jan-18 10:47:32 AM	Event			TipControl 1		Process starting, north barcode: No bar code, east barcode: No bar code, south barcode: No bar code, west barcode: No bar code	7_AMPureXP_TruSeqPCRFree_DNArunset_v1.0	C:\VWorks Workspace\Protocol Files\TruSeqPCRFree\7_AMPureXP_TruSeqPCRFree_DNArunset_v1.0.pro	1	
05-Jan-18 10:47:32 AM	Event	BenchCel - 1	Stacker 1	TipControl 1	1	Downstack from BenchCel - 1.Stacker 1	7_AMPureXP_TruSeqPCRFree_DNArunset_v1.0	C:\VWorks Workspace\Protocol Files\TruSeqPCRFree\7_AMPureXP_TruSeqPCRFree_DNArunset_v1.0.pro	1	
05-Jan-18 10:47:33 AM	Event	BenchCel - 1	Stacker 1	TipControl 1	1	Completed: Downstack from BenchCel - 1.Stacker 1	7_AMPureXP_TruSeqPCRFree_DNArunset_v1.0	C:\VWorks Workspace\Protocol Files\TruSeqPCRFree\7_AMPureXP_TruSeqPCRFree_DNArunset_v1.0.pro	1	
05-Jan-18 10:47:33 AM	Event			AMPure XP Cleanup 1 1	4	Spawn emptytips2	7_AMPureXP_TruSeqPCRFree_DNArunset_v1.0	C:\VWorks Workspace\Protocol Files\TruSeqPCRFree\7_AMPureXP_TruSeqPCRFree_DNArunset_v1.0.pro	1	
05-Jan-18 10:47:33 AM	Event			AMPure XP Cleanup 1 1	4	Completed: Spawn emptytips2	7_AMPureXP_TruSeqPCRFree_DNArunset_v1.0	C:\VWorks Workspace\Protocol Files\TruSeqPCRFree\7_AMPureXP_TruSeqPCRFree_DNArunset_v1.0.pro	1	
05-Jan-18 10:47:33 AM	Event			emptytips2 1		Process starting, north barcode: No bar code, east barcode: No bar code, south barcode: No bar code, west barcode: No bar code	7_AMPureXP_TruSeqPCRFree_DNArunset_v1.0	C:\VWorks Workspace\Protocol Files\TruSeqPCRFree\7_AMPureXP_TruSeqPCRFree_DNArunset_v1.0.pro	1	
05-Jan-18 10:47:33 AM	Event	Bravo - 1	2	TipControl 1	2	Place plate at Bravo - 1 2	7_AMPureXP_TruSeqPCRFree_DNArunset_v1.0	C:\VWorks Workspace\Protocol Files\TruSeqPCRFree\7_AMPureXP_TruSeqPCRFree_DNArunset_v1.0.pro	1	
05-Jan-18 10:47:33 AM	Event	BenchCel - 1		TipControl 1		Move plate from BenchCel - 1 Stacker 1, teachpoint Stacker 1 to Bravo - 1 3, teachpoint Bravo3			1	
05-Jan-18 10:47:33 AM	Event			AMPure XP Cleanup 1 1	5	Spawn SPRI reservoir	7_AMPureXP_TruSeqPCRFree_DNArunset_v1.0	C:\VWorks Workspace\Protocol Files\TruSeqPCRFree\7_AMPureXP_TruSeqPCRFree_DNArunset_v1.0.pro	1	
05-Jan-18 10:47:33 AM	Event			AMPure XP Cleanup 1 1	5	Completed: Spawn SPRI reservoir	7_AMPureXP_TruSeqPCRFree_DNArunset_v1.0	C:\VWorks Workspace\Protocol Files\TruSeqPCRFree\7_AMPureXP_TruSeqPCRFree_DNArunset_v1.0.pro	1	
05-Jan-18 10:47:33 AM	Event			SPRI reservoir 1		Process starting, north barcode: No bar code, east barcode: No bar code, south barcode: No bar code, west barcode: No bar code	7_AMPureXP_TruSeqPCRFree_DNArunset_v1.0	C:\VWorks Workspace\Protocol Files\TruSeqPCRFree\7_AMPureXP_TruSeqPCRFree_DNArunset_v1.0.pro	1	
05-Jan-18 10:47:33 AM	Event	Agilent Labware MiniHub - 1	Cassette 4, slot 1	emptytips2 1	1	Unload from plate storage device	7_AMPureXP_TruSeqPCRFree_DNArunset_v1.0	C:\VWorks Workspace\Protocol Files\TruSeqPCRFree\7_AMPureXP_TruSeqPCRFree_DNArunset_v1.0.pro	1	
05-Jan-18 10:47:33 AM	Event	Agilent Labware MiniHub - 1		emptytips2 1		Agilent Labware MiniHub - 1 Unload the plate from Location : cassette 4, slot 1 to Cassette 4, Slot 1	7_AMPureXP_TruSeqPCRFree_DNArunset_v1.0	C:\VWorks Workspace\Protocol Files\TruSeqPCRFree\7_AMPureXP_TruSeqPCRFree_DNArunset_v1.0.pro	1	
05-Jan-18 10:47:33 AM	Event	Agilent Labware MiniHub - 1	Cassette 4, slot 1	emptytips2 1	1	Completed: Unload from plate storage device	7_AMPureXP_TruSeqPCRFree_DNArunset_v1.0	C:\VWorks Workspace\Protocol Files\TruSeqPCRFree\7_AMPureXP_TruSeqPCRFree_DNArunset_v1.0.pro	1	
05-Jan-18 10:47:33 AM	Event	Agilent Labware MiniHub - 1	Cassette 3, slot 2	SPRI reservoir 1	1	Unload from plate storage device	7_AMPureXP_TruSeqPCRFree_DNArunset_v1.0	C:\VWorks Workspace\Protocol Files\TruSeqPCRFree\7_AMPureXP_TruSeqPCRFree_DNArunset_v1.0.pro	1	
05-Jan-18 10:47:33 AM	Event	Agilent Labware MiniHub - 1		SPRI reservoir 1		Agilent Labware MiniHub - 1 Unload the plate from Location : cassette 3, slot 2 to Cassette 3, Slot 2	7_AMPureXP_TruSeqPCRFree_DNArunset_v1.0	C:\VWorks Workspace\Protocol Files\TruSeqPCRFree\7_AMPureXP_TruSeqPCRFree_DNArunset_v1.0.pro	1	
05-Jan-18 10:47:33 AM	Event	Agilent Labware MiniHub - 1	Cassette 3, slot 2	SPRI reservoir 1	1	Completed: Unload from plate storage device	7_AMPureXP_TruSeqPCRFree_DNArunset_v1.0	C:\VWorks Workspace\Protocol Files\TruSeqPCRFree\7_AMPureXP_TruSeqPCRFree_DNArunset_v1.0.pro	1	
05-Jan-18 10:47:46 AM	Event	BenchCel - 1	Stacker 1			The stack is empty			1	
05-Jan-18 10:47:46 AM	Event	BenchCel - 1		TipControl 1		Finished moving plate from BenchCel - 1 Stacker 1, teachpoint Stacker 1 to Bravo - 1 3, teachpoint Bravo3			1	
05-Jan-18 10:47:46 AM	Event	Bravo - 1		TipControl 1		Move plate from Bravo - 1 3, teachpoint 3 to Bravo - 1 2, teachpoint 2			1	
05-Jan-18 10:47:56 AM	Event	Bravo - 1		TipControl 1		Finished moving plate from Bravo - 1 3, teachpoint 3 to Bravo - 1 2, teachpoint 2			1	
05-Jan-18 10:47:56 AM	Event	Bravo - 1	2	TipControl 1	2	Completed: Place plate at Bravo - 1 2	7_AMPureXP_TruSeqPCRFree_DNArunset_v1.0	C:\VWorks Workspace\Protocol Files\TruSeqPCRFree\7_AMPureXP_TruSeqPCRFree_DNArunset_v1.0.pro	1	
05-Jan-18 10:47:56 AM	Event	Bravo - 1	8	emptytips2 1	2	Place plate at Bravo - 1 8	7_AMPureXP_TruSeqPCRFree_DNArunset_v1.0	C:\VWorks Workspace\Protocol Files\TruSeqPCRFree\7_AMPureXP_TruSeqPCRFree_DNArunset_v1.0.pro	1	
05-Jan-18 10:47:56 AM	Event	BenchCel - 1		emptytips2 1		Move plate from Agilent Labware MiniHub - 1 Cassette 4, Slot 1, teachpoint MiniHub01 to Bravo - 1 3, teachpoint Bravo3			1	
05-Jan-18 10:47:56 AM	Script					Spawning tips2.			1	
05-Jan-18 10:47:56 AM	Event			TipControl 1	3	Spawn tips2	7_AMPureXP_TruSeqPCRFree_DNArunset_v1.0	C:\VWorks Workspace\Protocol Files\TruSeqPCRFree\7_AMPureXP_TruSeqPCRFree_DNArunset_v1.0.pro	1	
05-Jan-18 10:47:56 AM	Event			TipControl 1	3	Completed: Spawn tips2	7_AMPureXP_TruSeqPCRFree_DNArunset_v1.0	C:\VWorks Workspace\Protocol Files\TruSeqPCRFree\7_AMPureXP_TruSeqPCRFree_DNArunset_v1.0.pro	1	
05-Jan-18 10:47:56 AM	Event			tips2 1		Process starting, north barcode: No bar code, east barcode: No bar code, south barcode: No bar code, west barcode: No bar code	7_AMPureXP_TruSeqPCRFree_DNArunset_v1.0	C:\VWorks Workspace\Protocol Files\TruSeqPCRFree\7_AMPureXP_TruSeqPCRFree_DNArunset_v1.0.pro	1	
05-Jan-18 10:47:56 AM	Event			TipControl 1		Process finishing	7_AMPureXP_TruSeqPCRFree_DNArunset_v1.0	C:\VWorks Workspace\Protocol Files\TruSeqPCRFree\7_AMPureXP_TruSeqPCRFree_DNArunset_v1.0.pro	1	
05-Jan-18 10:47:56 AM	Event	Bravo - 1	2	tips2 1	1	Place plate at Bravo - 1 2	7_AMPureXP_TruSeqPCRFree_DNArunset_v1.0	C:\VWorks Workspace\Protocol Files\TruSeqPCRFree\7_AMPureXP_TruSeqPCRFree_DNArunset_v1.0.pro	1	
05-Jan-18 10:47:56 AM	Event	Bravo - 1	2	tips2 1	1	Completed: Place plate at Bravo - 1 2	7_AMPureXP_TruSeqPCRFree_DNArunset_v1.0	C:\VWorks Workspace\Protocol Files\TruSeqPCRFree\7_AMPureXP_TruSeqPCRFree_DNArunset_v1.0.pro	1	
05-Jan-18 10:48:11 AM	Event	BenchCel - 1		emptytips2 1		Finished moving plate from Agilent Labware MiniHub - 1 Cassette 4, Slot 1, teachpoint MiniHub01 to Bravo - 1 3, teachpoint Bravo3			1	
05-Jan-18 10:48:11 AM	Event	Bravo - 1		emptytips2 1		Move plate from Bravo - 1 3, teachpoint 3 to Bravo - 1 8, teachpoint 8			1	
05-Jan-18 10:48:22 AM	Event	Bravo - 1		emptytips2 1		Finished moving plate from Bravo - 1 3, teachpoint 3 to Bravo - 1 8, teachpoint 8			1	
05-Jan-18 10:48:22 AM	Event	Bravo - 1	8	emptytips2 1	2	Completed: Place plate at Bravo - 1 8	7_AMPureXP_TruSeqPCRFree_DNArunset_v1.0	C:\VWorks Workspace\Protocol Files\TruSeqPCRFree\7_AMPureXP_TruSeqPCRFree_DNArunset_v1.0.pro	1	
05-Jan-18 10:48:23 AM	Event	Bravo - 1	6	SPRI reservoir 1	2	Place plate at Bravo - 1 6	7_AMPureXP_TruSeqPCRFree_DNArunset_v1.0	C:\VWorks Workspace\Protocol Files\TruSeqPCRFree\7_AMPureXP_TruSeqPCRFree_DNArunset_v1.0.pro	1	
05-Jan-18 10:48:23 AM	Event	BenchCel - 1		SPRI reservoir 1		Move plate from Agilent Labware MiniHub - 1 Cassette 3, Slot 2, teachpoint MiniHub02 to Bravo - 1 3, teachpoint Bravo3			1	
05-Jan-18 10:48:38 AM	Event	BenchCel - 1		SPRI reservoir 1		Finished moving plate from Agilent Labware MiniHub - 1 Cassette 3, Slot 2, teachpoint MiniHub02 to Bravo - 1 3, teachpoint Bravo3			1	
05-Jan-18 10:48:38 AM	Event	Bravo - 1		SPRI reservoir 1		Move plate from Bravo - 1 3, teachpoint 3 to Bravo - 1 6, teachpoint 6			1	
05-Jan-18 10:48:48 AM	Event	Bravo - 1		SPRI reservoir 1		Finished moving plate from Bravo - 1 3, teachpoint 3 to Bravo - 1 6, teachpoint 6			1	
05-Jan-18 10:48:48 AM	Event	Bravo - 1	6	SPRI reservoir 1	2	Completed: Place plate at Bravo - 1 6	7_AMPureXP_TruSeqPCRFree_DNArunset_v1.0	C:\VWorks Workspace\Protocol Files\TruSeqPCRFree\7_AMPureXP_TruSeqPCRFree_DNArunset_v1.0.pro	1	
05-Jan-18 10:48:48 AM	Event	Bravo - 1	5	AMPure XP Addition 1	1	Begin task group	7_AMPureXP_TruSeqPCRFree_DNArunset_v1.0	C:\VWorks Workspace\Protocol Files\TruSeqPCRFree\7_AMPureXP_TruSeqPCRFree_DNArunset_v1.0.pro	1	
05-Jan-18 10:48:48 AM	Event	Bravo - 1	6	AMPure XP Addition 1	1	Begin task group	7_AMPureXP_TruSeqPCRFree_DNArunset_v1.0	C:\VWorks Workspace\Protocol Files\TruSeqPCRFree\7_AMPureXP_TruSeqPCRFree_DNArunset_v1.0.pro	1	
05-Jan-18 10:48:48 AM	Event	Bravo - 1	8	AMPure XP Addition 1	1	Begin task group	7_AMPureXP_TruSeqPCRFree_DNArunset_v1.0	C:\VWorks Workspace\Protocol Files\TruSeqPCRFree\7_AMPureXP_TruSeqPCRFree_DNArunset_v1.0.pro	1	
05-Jan-18 10:48:48 AM	Event	Bravo - 1	2	AMPure XP Addition 1	1	Begin task group	7_AMPureXP_TruSeqPCRFree_DNArunset_v1.0	C:\VWorks Workspace\Protocol Files\TruSeqPCRFree\7_AMPureXP_TruSeqPCRFree_DNArunset_v1.0.pro	1	
05-Jan-18 10:48:48 AM	Event	Bravo - 1	5	AMPure XP Addition 1	1	Completed: Begin task group	7_AMPureXP_TruSeqPCRFree_DNArunset_v1.0	C:\VWorks Workspace\Protocol Files\TruSeqPCRFree\7_AMPureXP_TruSeqPCRFree_DNArunset_v1.0.pro	1	
05-Jan-18 10:48:48 AM	Event	Bravo - 1	6	AMPure XP Addition 1	1	Completed: Begin task group	7_AMPureXP_TruSeqPCRFree_DNArunset_v1.0	C:\VWorks Workspace\Protocol Files\TruSeqPCRFree\7_AMPureXP_TruSeqPCRFree_DNArunset_v1.0.pro	1	
05-Jan-18 10:48:48 AM	Event	Bravo - 1	8	AMPure XP Addition 1	1	Completed: Begin task group	7_AMPureXP_TruSeqPCRFree_DNArunset_v1.0	C:\VWorks Workspace\Protocol Files\TruSeqPCRFree\7_AMPureXP_TruSeqPCRFree_DNArunset_v1.0.pro	1	
05-Jan-18 10:48:48 AM	Event	Bravo - 1	2	AMPure XP Addition 1	1	Completed: Begin task group	7_AMPureXP_TruSeqPCRFree_DNArunset_v1.0	C:\VWorks Workspace\Protocol Files\TruSeqPCRFree\7_AMPureXP_TruSeqPCRFree_DNArunset_v1.0.pro	1	
05-Jan-18 10:48:48 AM	Script					The head mode is 3,3,8,12			1	
05-Jan-18 10:48:49 AM	Event	Bravo - 1	Default Location	AMPure XP Addition 1	2	Set head mode to 8 rows: A-H, 12 columns: 1-12	7_AMPureXP_TruSeqPCRFree_DNArunset_v1.0	C:\VWorks Workspace\Protocol Files\TruSeqPCRFree\7_AMPureXP_TruSeqPCRFree_DNArunset_v1.0.pro	1	
05-Jan-18 10:48:49 AM	Event	Bravo - 1	Default Location	AMPure XP Addition 1	2	Completed: Set head mode to 8 rows: A-H, 12 columns: 1-12	7_AMPureXP_TruSeqPCRFree_DNArunset_v1.0	C:\VWorks Workspace\Protocol Files\TruSeqPCRFree\7_AMPureXP_TruSeqPCRFree_DNArunset_v1.0.pro	1	
05-Jan-18 10:48:49 AM	Script					Pressing tips on at 1,1			1	
05-Jan-18 10:48:49 AM	Event	Bravo - 1	2	AMPure XP Addition 1	3	Tips On in 1 selection(s) from tips2 1 at Location 2	7_AMPureXP_TruSeqPCRFree_DNArunset_v1.0	C:\VWorks Workspace\Protocol Files\TruSeqPCRFree\7_AMPureXP_TruSeqPCRFree_DNArunset_v1.0.pro	1	
05-Jan-18 10:48:58 AM	Event	Bravo - 1	2	AMPure XP Addition 1	3	Completed: Tips On in 1 selection(s) from tips2 1 at Location 2	7_AMPureXP_TruSeqPCRFree_DNArunset_v1.0	C:\VWorks Workspace\Protocol Files\TruSeqPCRFree\7_AMPureXP_TruSeqPCRFree_DNArunset_v1.0.pro	1	
05-Jan-18 10:48:59 AM	Event	Bravo - 1	6	AMPure XP Addition 1	4	Aspirate 15 킠 in 1 selection(s) from SPRI reservoir 1	7_AMPureXP_TruSeqPCRFree_DNArunset_v1.0	C:\VWorks Workspace\Protocol Files\TruSeqPCRFree\7_AMPureXP_TruSeqPCRFree_DNArunset_v1.0.pro	1	
05-Jan-18 10:49:05 AM	Event	Bravo - 1	6	AMPure XP Addition 1	4	Completed: Aspirate 15 킠 in 1 selection(s) from SPRI reservoir 1	7_AMPureXP_TruSeqPCRFree_DNArunset_v1.0	C:\VWorks Workspace\Protocol Files\TruSeqPCRFree\7_AMPureXP_TruSeqPCRFree_DNArunset_v1.0.pro	1	
05-Jan-18 10:49:05 AM	Script					Volume used to mix is 150			1	
05-Jan-18 10:49:05 AM	Event	Bravo - 1	6	AMPure XP Addition 1	5	Mix 150 킠 in 1 selection(s) from SPRI reservoir 1 at Location 6	7_AMPureXP_TruSeqPCRFree_DNArunset_v1.0	C:\VWorks Workspace\Protocol Files\TruSeqPCRFree\7_AMPureXP_TruSeqPCRFree_DNArunset_v1.0.pro	1	
05-Jan-18 10:49:41 AM	Event	Bravo - 1	6	AMPure XP Addition 1	5	Completed: Mix 150 킠 in 1 selection(s) from SPRI reservoir 1 at Location 6	7_AMPureXP_TruSeqPCRFree_DNArunset_v1.0	C:\VWorks Workspace\Protocol Files\TruSeqPCRFree\7_AMPureXP_TruSeqPCRFree_DNArunset_v1.0.pro	1	
05-Jan-18 10:49:42 AM	Script					Dispense height during mix is 8			1	
05-Jan-18 10:49:42 AM	Script					Aspirate height during mix is 2			1	
05-Jan-18 10:49:42 AM	Script					The volume is 90			1	
05-Jan-18 10:49:42 AM	Event	Bravo - 1	6	AMPure XP Addition 1	6	Mix 90 킠 in 1 selection(s) from SPRI reservoir 1	7_AMPureXP_TruSeqPCRFree_DNArunset_v1.0	C:\VWorks Workspace\Protocol Files\TruSeqPCRFree\7_AMPureXP_TruSeqPCRFree_DNArunset_v1.0.pro	1	
05-Jan-18 10:50:41 AM	Event	Bravo - 1	6	AMPure XP Addition 1	6	Completed: Mix 90 킠 in 1 selection(s) from SPRI reservoir 1	7_AMPureXP_TruSeqPCRFree_DNArunset_v1.0	C:\VWorks Workspace\Protocol Files\TruSeqPCRFree\7_AMPureXP_TruSeqPCRFree_DNArunset_v1.0.pro	1	
05-Jan-18 10:50:41 AM	Event	Bravo - 1	6	AMPure XP Addition 1	7	Dispense 0.5 킠 in 1 selection(s) to SPRI reservoir 1	7_AMPureXP_TruSeqPCRFree_DNArunset_v1.0	C:\VWorks Workspace\Protocol Files\TruSeqPCRFree\7_AMPureXP_TruSeqPCRFree_DNArunset_v1.0.pro	1	
05-Jan-18 10:50:47 AM	Event	Bravo - 1	6	AMPure XP Addition 1	7	Completed: Dispense 0.5 킠 in 1 selection(s) to SPRI reservoir 1	7_AMPureXP_TruSeqPCRFree_DNArunset_v1.0	C:\VWorks Workspace\Protocol Files\TruSeqPCRFree\7_AMPureXP_TruSeqPCRFree_DNArunset_v1.0.pro	1	
05-Jan-18 10:50:47 AM	Event	Bravo - 1	6	AMPure XP Addition 1	8	Dispense 14.45982143 킠 in 1 selection(s) to SPRI reservoir 1	7_AMPureXP_TruSeqPCRFree_DNArunset_v1.0	C:\VWorks Workspace\Protocol Files\TruSeqPCRFree\7_AMPureXP_TruSeqPCRFree_DNArunset_v1.0.pro	1	
05-Jan-18 10:50:53 AM	Event	Bravo - 1	6	AMPure XP Addition 1	8	Completed: Dispense 14.45982143 킠 in 1 selection(s) to SPRI reservoir 1	7_AMPureXP_TruSeqPCRFree_DNArunset_v1.0	C:\VWorks Workspace\Protocol Files\TruSeqPCRFree\7_AMPureXP_TruSeqPCRFree_DNArunset_v1.0.pro	1	
05-Jan-18 10:50:53 AM	Event	Bravo - 1	6	AMPure XP Addition 1	9	Aspirate 15 킠 in 1 selection(s) from SPRI reservoir 1 at Location 6	7_AMPureXP_TruSeqPCRFree_DNArunset_v1.0	C:\VWorks Workspace\Protocol Files\TruSeqPCRFree\7_AMPureXP_TruSeqPCRFree_DNArunset_v1.0.pro	1	
05-Jan-18 10:50:56 AM	Event	Bravo - 1	6	AMPure XP Addition 1	9	Completed: Aspirate 15 킠 in 1 selection(s) from SPRI reservoir 1 at Location 6	7_AMPureXP_TruSeqPCRFree_DNArunset_v1.0	C:\VWorks Workspace\Protocol Files\TruSeqPCRFree\7_AMPureXP_TruSeqPCRFree_DNArunset_v1.0.pro	1	
05-Jan-18 10:50:56 AM	Event	Bravo - 1	6	AMPure XP Addition 1	10	Aspirate 80 킠 (pre-aspirate 4 킠) in 1 selection(s) from SPRI reservoir 1 at Location 6	7_AMPureXP_TruSeqPCRFree_DNArunset_v1.0	C:\VWorks Workspace\Protocol Files\TruSeqPCRFree\7_AMPureXP_TruSeqPCRFree_DNArunset_v1.0.pro	1	
05-Jan-18 10:51:08 AM	Event	Bravo - 1	6	AMPure XP Addition 1	10	Completed: Aspirate 80 킠 (pre-aspirate 4 킠) in 1 selection(s) from SPRI reservoir 1 at Location 6	7_AMPureXP_TruSeqPCRFree_DNArunset_v1.0	C:\VWorks Workspace\Protocol Files\TruSeqPCRFree\7_AMPureXP_TruSeqPCRFree_DNArunset_v1.0.pro	1	
05-Jan-18 10:51:08 AM	Script					Dispensing 80ul of beads			1	
05-Jan-18 10:51:08 AM	Event	Bravo - 1	5	AMPure XP Addition 1	11	Dispense 80 킠 in 1 selection(s) to AMPure XP Cleanup 1 1 at Location 5	7_AMPureXP_TruSeqPCRFree_DNArunset_v1.0	C:\VWorks Workspace\Protocol Files\TruSeqPCRFree\7_AMPureXP_TruSeqPCRFree_DNArunset_v1.0.pro	1	
05-Jan-18 10:51:19 AM	Event	Bravo - 1	5	AMPure XP Addition 1	11	Completed: Dispense 80 킠 in 1 selection(s) to AMPure XP Cleanup 1 1 at Location 5	7_AMPureXP_TruSeqPCRFree_DNArunset_v1.0	C:\VWorks Workspace\Protocol Files\TruSeqPCRFree\7_AMPureXP_TruSeqPCRFree_DNArunset_v1.0.pro	1	
05-Jan-18 10:51:19 AM	Event	Bravo - 1	5	AMPure XP Addition 1	12	Dispense 0.5 킠 in 1 selection(s) to AMPure XP Cleanup 1 1 at Location 5	7_AMPureXP_TruSeqPCRFree_DNArunset_v1.0	C:\VWorks Workspace\Protocol Files\TruSeqPCRFree\7_AMPureXP_TruSeqPCRFree_DNArunset_v1.0.pro	1	
05-Jan-18 10:51:24 AM	Event	Bravo - 1	5	AMPure XP Addition 1	12	Completed: Dispense 0.5 킠 in 1 selection(s) to AMPure XP Cleanup 1 1 at Location 5	7_AMPureXP_TruSeqPCRFree_DNArunset_v1.0	C:\VWorks Workspace\Protocol Files\TruSeqPCRFree\7_AMPureXP_TruSeqPCRFree_DNArunset_v1.0.pro	1	
05-Jan-18 10:51:24 AM	Event	Bravo - 1	5	AMPure XP Addition 1	13	Dispense 14.50223214 킠 in 1 selection(s) to AMPure XP Cleanup 1 1 at Location 5	7_AMPureXP_TruSeqPCRFree_DNArunset_v1.0	C:\VWorks Workspace\Protocol Files\TruSeqPCRFree\7_AMPureXP_TruSeqPCRFree_DNArunset_v1.0.pro	1	
05-Jan-18 10:51:30 AM	Event	Bravo - 1	5	AMPure XP Addition 1	13	Completed: Dispense 14.50223214 킠 in 1 selection(s) to AMPure XP Cleanup 1 1 at Location 5	7_AMPureXP_TruSeqPCRFree_DNArunset_v1.0	C:\VWorks Workspace\Protocol Files\TruSeqPCRFree\7_AMPureXP_TruSeqPCRFree_DNArunset_v1.0.pro	1	
05-Jan-18 10:51:30 AM	Event			AMPure XP Addition 1	16	End task group	7_AMPureXP_TruSeqPCRFree_DNArunset_v1.0	C:\VWorks Workspace\Protocol Files\TruSeqPCRFree\7_AMPureXP_TruSeqPCRFree_DNArunset_v1.0.pro	1	
05-Jan-18 10:51:30 AM	Event			AMPure XP Addition 1	16	Completed: End task group	7_AMPureXP_TruSeqPCRFree_DNArunset_v1.0	C:\VWorks Workspace\Protocol Files\TruSeqPCRFree\7_AMPureXP_TruSeqPCRFree_DNArunset_v1.0.pro	1	
05-Jan-18 10:51:30 AM	Event			AMPure XP Addition 1		Process finishing	7_AMPureXP_TruSeqPCRFree_DNArunset_v1.0	C:\VWorks Workspace\Protocol Files\TruSeqPCRFree\7_AMPureXP_TruSeqPCRFree_DNArunset_v1.0.pro	1	
05-Jan-18 10:51:30 AM	Event	Bravo - 1	8	emptytips2 1	4	Place plate at Bravo - 1 8	7_AMPureXP_TruSeqPCRFree_DNArunset_v1.0	C:\VWorks Workspace\Protocol Files\TruSeqPCRFree\7_AMPureXP_TruSeqPCRFree_DNArunset_v1.0.pro	1	
05-Jan-18 10:51:30 AM	Event	Bravo - 1	8	emptytips2 1	4	Completed: Place plate at Bravo - 1 8	7_AMPureXP_TruSeqPCRFree_DNArunset_v1.0	C:\VWorks Workspace\Protocol Files\TruSeqPCRFree\7_AMPureXP_TruSeqPCRFree_DNArunset_v1.0.pro	1	
05-Jan-18 10:51:31 AM	Event	Agilent Labware MiniHub - 1	Cassette 3, slot 2	SPRI reservoir 1	4	Load into plate storage device	7_AMPureXP_TruSeqPCRFree_DNArunset_v1.0	C:\VWorks Workspace\Protocol Files\TruSeqPCRFree\7_AMPureXP_TruSeqPCRFree_DNArunset_v1.0.pro	1	
05-Jan-18 10:51:31 AM	Event	Bravo - 1		SPRI reservoir 1		Move plate from Bravo - 1 6, teachpoint 6 to Bravo - 1 3, teachpoint 3			1	
05-Jan-18 10:51:31 AM	Script					emptytips2 1 Used tip box is not full.			1	
05-Jan-18 10:51:31 AM	Script					Tip box is not full so it will move to next subprocess.			1	
05-Jan-18 10:51:31 AM	Event			emptytips2 1	5	Spawn emptytips3	7_AMPureXP_TruSeqPCRFree_DNArunset_v1.0	C:\VWorks Workspace\Protocol Files\TruSeqPCRFree\7_AMPureXP_TruSeqPCRFree_DNArunset_v1.0.pro	1	
05-Jan-18 10:51:31 AM	Event			emptytips3 1		Process starting, north barcode: No bar code, east barcode: No bar code, south barcode: No bar code, west barcode: No bar code	7_AMPureXP_TruSeqPCRFree_DNArunset_v1.0	C:\VWorks Workspace\Protocol Files\TruSeqPCRFree\7_AMPureXP_TruSeqPCRFree_DNArunset_v1.0.pro	1	
05-Jan-18 10:51:31 AM	Event			emptytips2 1	5	Completed: Spawn emptytips3	7_AMPureXP_TruSeqPCRFree_DNArunset_v1.0	C:\VWorks Workspace\Protocol Files\TruSeqPCRFree\7_AMPureXP_TruSeqPCRFree_DNArunset_v1.0.pro	1	
05-Jan-18 10:51:31 AM	Script					emptytips2 1 Used tip box is not full.			1	
05-Jan-18 10:51:31 AM	Script					Tip box still has space.			1	
05-Jan-18 10:51:31 AM	Event			emptytips2 1		Process finishing	7_AMPureXP_TruSeqPCRFree_DNArunset_v1.0	C:\VWorks Workspace\Protocol Files\TruSeqPCRFree\7_AMPureXP_TruSeqPCRFree_DNArunset_v1.0.pro	1	
05-Jan-18 10:51:31 AM	Event	Bravo - 1	8	emptytips3 1	1	Place plate at Bravo - 1 8	7_AMPureXP_TruSeqPCRFree_DNArunset_v1.0	C:\VWorks Workspace\Protocol Files\TruSeqPCRFree\7_AMPureXP_TruSeqPCRFree_DNArunset_v1.0.pro	1	
05-Jan-18 10:51:31 AM	Event	Bravo - 1	8	emptytips3 1	1	Completed: Place plate at Bravo - 1 8	7_AMPureXP_TruSeqPCRFree_DNArunset_v1.0	C:\VWorks Workspace\Protocol Files\TruSeqPCRFree\7_AMPureXP_TruSeqPCRFree_DNArunset_v1.0.pro	1	
05-Jan-18 10:51:41 AM	Event	Bravo - 1		SPRI reservoir 1		Finished moving plate from Bravo - 1 6, teachpoint 6 to Bravo - 1 3, teachpoint 3			1	
05-Jan-18 10:51:41 AM	Event	BenchCel - 1		SPRI reservoir 1		Move plate from Bravo - 1 3, teachpoint Bravo3 to Agilent Labware MiniHub - 1 Cassette 3, Slot 2, teachpoint MiniHub02			1	
05-Jan-18 10:51:42 AM	Event	Bravo - 1	2	tips2 1	3	Place plate at Bravo - 1 2	7_AMPureXP_TruSeqPCRFree_DNArunset_v1.0	C:\VWorks Workspace\Protocol Files\TruSeqPCRFree\7_AMPureXP_TruSeqPCRFree_DNArunset_v1.0.pro	1	
05-Jan-18 10:51:42 AM	Event	Bravo - 1	2	tips2 1	3	Completed: Place plate at Bravo - 1 2	7_AMPureXP_TruSeqPCRFree_DNArunset_v1.0	C:\VWorks Workspace\Protocol Files\TruSeqPCRFree\7_AMPureXP_TruSeqPCRFree_DNArunset_v1.0.pro	1	
05-Jan-18 10:51:42 AM	Script					tips2 1 Tip box is not empty.			1	
05-Jan-18 10:51:42 AM	Event			tips2 1	4	Spawn tips3	7_AMPureXP_TruSeqPCRFree_DNArunset_v1.0	C:\VWorks Workspace\Protocol Files\TruSeqPCRFree\7_AMPureXP_TruSeqPCRFree_DNArunset_v1.0.pro	1	
05-Jan-18 10:51:42 AM	Event			tips2 1	4	Completed: Spawn tips3	7_AMPureXP_TruSeqPCRFree_DNArunset_v1.0	C:\VWorks Workspace\Protocol Files\TruSeqPCRFree\7_AMPureXP_TruSeqPCRFree_DNArunset_v1.0.pro	1	
05-Jan-18 10:51:42 AM	Event			tips3 1		Process starting, north barcode: No bar code, east barcode: No bar code, south barcode: No bar code, west barcode: No bar code	7_AMPureXP_TruSeqPCRFree_DNArunset_v1.0	C:\VWorks Workspace\Protocol Files\TruSeqPCRFree\7_AMPureXP_TruSeqPCRFree_DNArunset_v1.0.pro	1	
05-Jan-18 10:51:42 AM	Script					tips2 1 Tip box is not empty.			1	
05-Jan-18 10:51:42 AM	Script					tips2 1 Tip box is not empty.			1	
05-Jan-18 10:51:42 AM	Script					tips2 1 Tip box is not empty.			1	
05-Jan-18 10:51:42 AM	Event			tips2 1		Process finishing	7_AMPureXP_TruSeqPCRFree_DNArunset_v1.0	C:\VWorks Workspace\Protocol Files\TruSeqPCRFree\7_AMPureXP_TruSeqPCRFree_DNArunset_v1.0.pro	1	
05-Jan-18 10:51:42 AM	Event	Bravo - 1	2	tips3 1	1	Place plate at Bravo - 1 2	7_AMPureXP_TruSeqPCRFree_DNArunset_v1.0	C:\VWorks Workspace\Protocol Files\TruSeqPCRFree\7_AMPureXP_TruSeqPCRFree_DNArunset_v1.0.pro	1	
05-Jan-18 10:51:42 AM	Event	Bravo - 1	2	tips3 1	1	Completed: Place plate at Bravo - 1 2	7_AMPureXP_TruSeqPCRFree_DNArunset_v1.0	C:\VWorks Workspace\Protocol Files\TruSeqPCRFree\7_AMPureXP_TruSeqPCRFree_DNArunset_v1.0.pro	1	
05-Jan-18 10:51:53 AM	Event	BenchCel - 1		SPRI reservoir 1		Finished moving plate from Bravo - 1 3, teachpoint Bravo3 to Agilent Labware MiniHub - 1 Cassette 3, Slot 2, teachpoint MiniHub02			1	
05-Jan-18 10:51:53 AM	Event	Agilent Labware MiniHub - 1		SPRI reservoir 1	4	Agilent Labware MiniHub - 1 Load the plate from Cassette 3, Slot 2 into Location : cassette 3, slot 2	7_AMPureXP_TruSeqPCRFree_DNArunset_v1.0	C:\VWorks Workspace\Protocol Files\TruSeqPCRFree\7_AMPureXP_TruSeqPCRFree_DNArunset_v1.0.pro	1	
05-Jan-18 10:51:53 AM	Event	Bravo - 1	5	DNA Addition 1	1	Begin task group	7_AMPureXP_TruSeqPCRFree_DNArunset_v1.0	C:\VWorks Workspace\Protocol Files\TruSeqPCRFree\7_AMPureXP_TruSeqPCRFree_DNArunset_v1.0.pro	1	
05-Jan-18 10:51:53 AM	Event	Bravo - 1	7	DNA Addition 1	1	Begin task group	7_AMPureXP_TruSeqPCRFree_DNArunset_v1.0	C:\VWorks Workspace\Protocol Files\TruSeqPCRFree\7_AMPureXP_TruSeqPCRFree_DNArunset_v1.0.pro	1	
05-Jan-18 10:51:53 AM	Event	Bravo - 1	8	DNA Addition 1	1	Begin task group	7_AMPureXP_TruSeqPCRFree_DNArunset_v1.0	C:\VWorks Workspace\Protocol Files\TruSeqPCRFree\7_AMPureXP_TruSeqPCRFree_DNArunset_v1.0.pro	1	
05-Jan-18 10:51:53 AM	Event	Bravo - 1	2	DNA Addition 1	1	Begin task group	7_AMPureXP_TruSeqPCRFree_DNArunset_v1.0	C:\VWorks Workspace\Protocol Files\TruSeqPCRFree\7_AMPureXP_TruSeqPCRFree_DNArunset_v1.0.pro	1	
05-Jan-18 10:51:53 AM	Event	Bravo - 1	5	DNA Addition 1	1	Completed: Begin task group	7_AMPureXP_TruSeqPCRFree_DNArunset_v1.0	C:\VWorks Workspace\Protocol Files\TruSeqPCRFree\7_AMPureXP_TruSeqPCRFree_DNArunset_v1.0.pro	1	
05-Jan-18 10:51:53 AM	Event	Bravo - 1	7	DNA Addition 1	1	Completed: Begin task group	7_AMPureXP_TruSeqPCRFree_DNArunset_v1.0	C:\VWorks Workspace\Protocol Files\TruSeqPCRFree\7_AMPureXP_TruSeqPCRFree_DNArunset_v1.0.pro	1	
05-Jan-18 10:51:53 AM	Event	Bravo - 1	8	DNA Addition 1	1	Completed: Begin task group	7_AMPureXP_TruSeqPCRFree_DNArunset_v1.0	C:\VWorks Workspace\Protocol Files\TruSeqPCRFree\7_AMPureXP_TruSeqPCRFree_DNArunset_v1.0.pro	1	
05-Jan-18 10:51:53 AM	Event	Bravo - 1	2	DNA Addition 1	1	Completed: Begin task group	7_AMPureXP_TruSeqPCRFree_DNArunset_v1.0	C:\VWorks Workspace\Protocol Files\TruSeqPCRFree\7_AMPureXP_TruSeqPCRFree_DNArunset_v1.0.pro	1	
05-Jan-18 10:51:53 AM	Event	Agilent Labware MiniHub - 1	Cassette 3, slot 2	SPRI reservoir 1	4	Completed: Load into plate storage device	7_AMPureXP_TruSeqPCRFree_DNArunset_v1.0	C:\VWorks Workspace\Protocol Files\TruSeqPCRFree\7_AMPureXP_TruSeqPCRFree_DNArunset_v1.0.pro	1	
05-Jan-18 10:51:53 AM	Event			SPRI reservoir 1		Process finishing	7_AMPureXP_TruSeqPCRFree_DNArunset_v1.0	C:\VWorks Workspace\Protocol Files\TruSeqPCRFree\7_AMPureXP_TruSeqPCRFree_DNArunset_v1.0.pro	1	
05-Jan-18 10:51:53 AM	Script					The head mode is 3,3,8,12			1	
05-Jan-18 10:51:53 AM	Event	Bravo - 1	Default Location	DNA Addition 1	2	Set head mode to 8 rows: A-H, 12 columns: 1-12	7_AMPureXP_TruSeqPCRFree_DNArunset_v1.0	C:\VWorks Workspace\Protocol Files\TruSeqPCRFree\7_AMPureXP_TruSeqPCRFree_DNArunset_v1.0.pro	1	
05-Jan-18 10:51:53 AM	Event	Bravo - 1	Default Location	DNA Addition 1	2	Completed: Set head mode to 8 rows: A-H, 12 columns: 1-12	7_AMPureXP_TruSeqPCRFree_DNArunset_v1.0	C:\VWorks Workspace\Protocol Files\TruSeqPCRFree\7_AMPureXP_TruSeqPCRFree_DNArunset_v1.0.pro	1	
05-Jan-18 10:51:53 AM	Script					The number of columns taken from the new tip box is 12 columns.			1	
05-Jan-18 10:51:53 AM	Event			DNA Addition 1	4	JavaScript	7_AMPureXP_TruSeqPCRFree_DNArunset_v1.0	C:\VWorks Workspace\Protocol Files\TruSeqPCRFree\7_AMPureXP_TruSeqPCRFree_DNArunset_v1.0.pro	1	
05-Jan-18 10:51:53 AM	Event			DNA Addition 1	4	Completed: JavaScript	7_AMPureXP_TruSeqPCRFree_DNArunset_v1.0	C:\VWorks Workspace\Protocol Files\TruSeqPCRFree\7_AMPureXP_TruSeqPCRFree_DNArunset_v1.0.pro	1	
05-Jan-18 10:51:53 AM	Script					adding 55			1	
05-Jan-18 10:51:54 AM	Event	Bravo - 1	7	DNA Addition 1	5	Aspirate 55 킠 (pre-aspirate 2 킠) in 1 selection(s) from DNA plate 1 at Location 7	7_AMPureXP_TruSeqPCRFree_DNArunset_v1.0	C:\VWorks Workspace\Protocol Files\TruSeqPCRFree\7_AMPureXP_TruSeqPCRFree_DNArunset_v1.0.pro	1	
05-Jan-18 10:52:03 AM	Event	Bravo - 1	7	DNA Addition 1	5	Completed: Aspirate 55 킠 (pre-aspirate 2 킠) in 1 selection(s) from DNA plate 1 at Location 7	7_AMPureXP_TruSeqPCRFree_DNArunset_v1.0	C:\VWorks Workspace\Protocol Files\TruSeqPCRFree\7_AMPureXP_TruSeqPCRFree_DNArunset_v1.0.pro	1	
05-Jan-18 10:52:03 AM	Event	Bravo - 1	5	DNA Addition 1	6	Dispense 55 킠 in 1 selection(s) to AMPure XP Cleanup 1 1 at Location 5	7_AMPureXP_TruSeqPCRFree_DNArunset_v1.0	C:\VWorks Workspace\Protocol Files\TruSeqPCRFree\7_AMPureXP_TruSeqPCRFree_DNArunset_v1.0.pro	1	
05-Jan-18 10:52:14 AM	Event	Bravo - 1	5	DNA Addition 1	6	Completed: Dispense 55 킠 in 1 selection(s) to AMPure XP Cleanup 1 1 at Location 5	7_AMPureXP_TruSeqPCRFree_DNArunset_v1.0	C:\VWorks Workspace\Protocol Files\TruSeqPCRFree\7_AMPureXP_TruSeqPCRFree_DNArunset_v1.0.pro	1	
05-Jan-18 10:52:14 AM	Event	Bravo - 1	5	DNA Addition 1	7	Aspirate 12 킠 in 1 selection(s) from AMPure XP Cleanup 1 1	7_AMPureXP_TruSeqPCRFree_DNArunset_v1.0	C:\VWorks Workspace\Protocol Files\TruSeqPCRFree\7_AMPureXP_TruSeqPCRFree_DNArunset_v1.0.pro	1	
05-Jan-18 10:52:18 AM	Event	Bravo - 1	5	DNA Addition 1	7	Completed: Aspirate 12 킠 in 1 selection(s) from AMPure XP Cleanup 1 1	7_AMPureXP_TruSeqPCRFree_DNArunset_v1.0	C:\VWorks Workspace\Protocol Files\TruSeqPCRFree\7_AMPureXP_TruSeqPCRFree_DNArunset_v1.0.pro	1	
05-Jan-18 10:52:18 AM	Event	Bravo - 1	5	DNA Addition 1	8	Shake from AMPure XP Cleanup 1 1 at Location 5	7_AMPureXP_TruSeqPCRFree_DNArunset_v1.0	C:\VWorks Workspace\Protocol Files\TruSeqPCRFree\7_AMPureXP_TruSeqPCRFree_DNArunset_v1.0.pro	1	
05-Jan-18 10:52:19 AM	Event	Bravo - 1	5	DNA Addition 1	8	Completed: Shake from AMPure XP Cleanup 1 1 at Location 5	7_AMPureXP_TruSeqPCRFree_DNArunset_v1.0	C:\VWorks Workspace\Protocol Files\TruSeqPCRFree\7_AMPureXP_TruSeqPCRFree_DNArunset_v1.0.pro	1	
05-Jan-18 10:52:19 AM	Script					Mixing DNA and beads with volume 90			1	
05-Jan-18 10:52:19 AM	Event	Bravo - 1	5	DNA Addition 1	9	Mix 90 킠 in 1 selection(s) from AMPure XP Cleanup 1 1 at Location 5	7_AMPureXP_TruSeqPCRFree_DNArunset_v1.0	C:\VWorks Workspace\Protocol Files\TruSeqPCRFree\7_AMPureXP_TruSeqPCRFree_DNArunset_v1.0.pro	1	
05-Jan-18 10:52:19 AM	Info	Bravo - 1				The following liquid class settings will be replaced with the maximum allowable values:			1	
05-Jan-18 10:52:19 AM	Info	Bravo - 1				Aspirate acceleration into wells [maximum value: 375]			1	
05-Jan-18 10:52:19 AM	Info	Bravo - 1				Dispense acceleration into wells [maximum value: 375]			1	
05-Jan-18 10:52:19 AM	Info	Bravo - 1				Dispense acceleration out of wells [maximum value: 375]			1	
05-Jan-18 10:53:21 AM	Event	Bravo - 1	5	DNA Addition 1	9	Completed: Mix 90 킠 in 1 selection(s) from AMPure XP Cleanup 1 1 at Location 5	7_AMPureXP_TruSeqPCRFree_DNArunset_v1.0	C:\VWorks Workspace\Protocol Files\TruSeqPCRFree\7_AMPureXP_TruSeqPCRFree_DNArunset_v1.0.pro	1	
05-Jan-18 10:53:21 AM	Event	Bravo - 1	5	DNA Addition 1	10	Shake from AMPure XP Cleanup 1 1 at Location 5	7_AMPureXP_TruSeqPCRFree_DNArunset_v1.0	C:\VWorks Workspace\Protocol Files\TruSeqPCRFree\7_AMPureXP_TruSeqPCRFree_DNArunset_v1.0.pro	1	
05-Jan-18 10:53:22 AM	Event	Bravo - 1	5	DNA Addition 1	10	Completed: Shake from AMPure XP Cleanup 1 1 at Location 5	7_AMPureXP_TruSeqPCRFree_DNArunset_v1.0	C:\VWorks Workspace\Protocol Files\TruSeqPCRFree\7_AMPureXP_TruSeqPCRFree_DNArunset_v1.0.pro	1	
05-Jan-18 10:53:23 AM	Event	Bravo - 1	5	DNA Addition 1	11	Dispense 11.97321429 킠 in 1 selection(s) to AMPure XP Cleanup 1 1	7_AMPureXP_TruSeqPCRFree_DNArunset_v1.0	C:\VWorks Workspace\Protocol Files\TruSeqPCRFree\7_AMPureXP_TruSeqPCRFree_DNArunset_v1.0.pro	1	
05-Jan-18 10:53:23 AM	Info	Bravo - 1				The following liquid class settings will be replaced with the maximum allowable values:			1	
05-Jan-18 10:53:23 AM	Info	Bravo - 1				Aspirate acceleration into wells [maximum value: 375]			1	
05-Jan-18 10:53:23 AM	Info	Bravo - 1				Dispense acceleration into wells [maximum value: 375]			1	
05-Jan-18 10:53:30 AM	Event	Bravo - 1	5	DNA Addition 1	11	Completed: Dispense 11.97321429 킠 in 1 selection(s) to AMPure XP Cleanup 1 1	7_AMPureXP_TruSeqPCRFree_DNArunset_v1.0	C:\VWorks Workspace\Protocol Files\TruSeqPCRFree\7_AMPureXP_TruSeqPCRFree_DNArunset_v1.0.pro	1	
05-Jan-18 10:53:30 AM	Script					Taking tips off at 1,1			1	
05-Jan-18 10:53:30 AM	Event	Bravo - 1	8	DNA Addition 1	12	Tips Off in 1 selection(s) from emptytips3 1 at Location 8	7_AMPureXP_TruSeqPCRFree_DNArunset_v1.0	C:\VWorks Workspace\Protocol Files\TruSeqPCRFree\7_AMPureXP_TruSeqPCRFree_DNArunset_v1.0.pro	1	
05-Jan-18 10:53:37 AM	Error	Bravo - 1	8	emptytips3 1		The robot disable is active.  The Bravo was ejecting tips into the tip box at Location 8.	7_AMPureXP_TruSeqPCRFree_DNArunset_v1.0	C:\VWorks Workspace\Protocol Files\TruSeqPCRFree\7_AMPureXP_TruSeqPCRFree_DNArunset_v1.0.pro	1	
05-Jan-18 10:53:37 AM	Info					Error library: Select best match error handler: "Default" and action type "show error dialog"			1	
05-Jan-18 11:02:57 AM	Info	Bravo - 1	8			Retrying: The robot disable is active.  The Bravo was ejecting tips into the tip box at Location 8.			1	
05-Jan-18 11:02:57 AM	Event	Bravo - 1	8	DNA Addition 1	12	Completed: Tips Off in 1 selection(s) from emptytips3 1 at Location 8	7_AMPureXP_TruSeqPCRFree_DNArunset_v1.0	C:\VWorks Workspace\Protocol Files\TruSeqPCRFree\7_AMPureXP_TruSeqPCRFree_DNArunset_v1.0.pro	1	
05-Jan-18 11:02:57 AM	Script					The number of columns placed in the used tip box is 12 columns.			1	
05-Jan-18 11:02:57 AM	Event			DNA Addition 1	13	JavaScript	7_AMPureXP_TruSeqPCRFree_DNArunset_v1.0	C:\VWorks Workspace\Protocol Files\TruSeqPCRFree\7_AMPureXP_TruSeqPCRFree_DNArunset_v1.0.pro	1	
05-Jan-18 11:02:57 AM	Event			DNA Addition 1	13	Completed: JavaScript	7_AMPureXP_TruSeqPCRFree_DNArunset_v1.0	C:\VWorks Workspace\Protocol Files\TruSeqPCRFree\7_AMPureXP_TruSeqPCRFree_DNArunset_v1.0.pro	1	
05-Jan-18 11:02:57 AM	Event			DNA Addition 1	14	End task group	7_AMPureXP_TruSeqPCRFree_DNArunset_v1.0	C:\VWorks Workspace\Protocol Files\TruSeqPCRFree\7_AMPureXP_TruSeqPCRFree_DNArunset_v1.0.pro	1	
05-Jan-18 11:02:57 AM	Event			DNA Addition 1	14	Completed: End task group	7_AMPureXP_TruSeqPCRFree_DNArunset_v1.0	C:\VWorks Workspace\Protocol Files\TruSeqPCRFree\7_AMPureXP_TruSeqPCRFree_DNArunset_v1.0.pro	1	
05-Jan-18 11:02:57 AM	Event			DNA Addition 1		Process finishing	7_AMPureXP_TruSeqPCRFree_DNArunset_v1.0	C:\VWorks Workspace\Protocol Files\TruSeqPCRFree\7_AMPureXP_TruSeqPCRFree_DNArunset_v1.0.pro	1	
05-Jan-18 11:02:57 AM	Event	Bravo - 1	5	AMPure XP Cleanup 1 1	8	Incubate for 5 minutes	7_AMPureXP_TruSeqPCRFree_DNArunset_v1.0	C:\VWorks Workspace\Protocol Files\TruSeqPCRFree\7_AMPureXP_TruSeqPCRFree_DNArunset_v1.0.pro	1	
05-Jan-18 11:02:57 AM	Script					Loading plate into 			1	
05-Jan-18 11:02:57 AM	Event	Agilent Labware MiniHub - 1	Cassette 3, slot 4	DNA plate 1	3	Load into plate storage device	7_AMPureXP_TruSeqPCRFree_DNArunset_v1.0	C:\VWorks Workspace\Protocol Files\TruSeqPCRFree\7_AMPureXP_TruSeqPCRFree_DNArunset_v1.0.pro	1	
05-Jan-18 11:02:57 AM	Event	Bravo - 1		DNA plate 1		Move plate from Bravo - 1 7, teachpoint 7 to Bravo - 1 3, teachpoint 3			1	
05-Jan-18 11:02:59 AM	Info					Pause protocol			1	
05-Jan-18 11:02:59 AM	Event					Scheduler stopped			1	
05-Jan-18 11:03:07 AM	Event	Bravo - 1		DNA plate 1		Finished moving plate from Bravo - 1 7, teachpoint 7 to Bravo - 1 3, teachpoint 3			1	
05-Jan-18 11:03:14 AM	Event					Scheduler aborted			1	
05-Jan-18 11:03:14 AM	Event	Bravo - 1	5	AMPure XP Cleanup 1 1	8	Completed: Incubate for 5 minutes	7_AMPureXP_TruSeqPCRFree_DNArunset_v1.0	C:\VWorks Workspace\Protocol Files\TruSeqPCRFree\7_AMPureXP_TruSeqPCRFree_DNArunset_v1.0.pro	1	
05-Jan-18 11:03:14 AM	Event	Agilent Labware MiniHub - 1	Cassette 3, slot 4	DNA plate 1	3	Completed: Load into plate storage device	7_AMPureXP_TruSeqPCRFree_DNArunset_v1.0	C:\VWorks Workspace\Protocol Files\TruSeqPCRFree\7_AMPureXP_TruSeqPCRFree_DNArunset_v1.0.pro	1	
05-Jan-18 11:03:15 AM	Event					Main protocol aborted by user	7_AMPureXP_TruSeqPCRFree_DNArunset_v1.0	C:\VWorks Workspace\Protocol Files\TruSeqPCRFree\7_AMPureXP_TruSeqPCRFree_DNArunset_v1.0.pro	1	
05-Jan-18 11:03:15 AM	Event			AMPure XP Cleanup 1 1		Process finishing	7_AMPureXP_TruSeqPCRFree_DNArunset_v1.0	C:\VWorks Workspace\Protocol Files\TruSeqPCRFree\7_AMPureXP_TruSeqPCRFree_DNArunset_v1.0.pro	1	
05-Jan-18 11:03:15 AM	Event			DNA plate 1		Process finishing	7_AMPureXP_TruSeqPCRFree_DNArunset_v1.0	C:\VWorks Workspace\Protocol Files\TruSeqPCRFree\7_AMPureXP_TruSeqPCRFree_DNArunset_v1.0.pro	1	
05-Jan-18 11:03:16 AM	Event			emptytips3 1		Process finishing	7_AMPureXP_TruSeqPCRFree_DNArunset_v1.0	C:\VWorks Workspace\Protocol Files\TruSeqPCRFree\7_AMPureXP_TruSeqPCRFree_DNArunset_v1.0.pro	1	
05-Jan-18 11:03:16 AM	Event			tips3 1		Process finishing	7_AMPureXP_TruSeqPCRFree_DNArunset_v1.0	C:\VWorks Workspace\Protocol Files\TruSeqPCRFree\7_AMPureXP_TruSeqPCRFree_DNArunset_v1.0.pro	1	
05-Jan-18 11:03:16 AM	Event					Cleanup protocol starting	7_AMPureXP_TruSeqPCRFree_DNArunset_v1.0	C:\VWorks Workspace\Protocol Files\TruSeqPCRFree\7_AMPureXP_TruSeqPCRFree_DNArunset_v1.0.pro	1	
05-Jan-18 11:03:17 AM	Event					Main protocol aborted by user	7_AMPureXP_TruSeqPCRFree_DNArunset_v1.0	C:\VWorks Workspace\Protocol Files\TruSeqPCRFree\7_AMPureXP_TruSeqPCRFree_DNArunset_v1.0.pro	1	
05-Jan-18 11:03:17 AM	Event			tips3 1		Process finishing	7_AMPureXP_TruSeqPCRFree_DNArunset_v1.0	C:\VWorks Workspace\Protocol Files\TruSeqPCRFree\7_AMPureXP_TruSeqPCRFree_DNArunset_v1.0.pro	1	
05-Jan-18 11:03:17 AM	Event			DNA plate 1		Process finishing	7_AMPureXP_TruSeqPCRFree_DNArunset_v1.0	C:\VWorks Workspace\Protocol Files\TruSeqPCRFree\7_AMPureXP_TruSeqPCRFree_DNArunset_v1.0.pro	1	
05-Jan-18 11:03:17 AM	Event			AMPure XP Cleanup 1 1		Process finishing	7_AMPureXP_TruSeqPCRFree_DNArunset_v1.0	C:\VWorks Workspace\Protocol Files\TruSeqPCRFree\7_AMPureXP_TruSeqPCRFree_DNArunset_v1.0.pro	1	
05-Jan-18 11:03:17 AM	Event			emptytips3 1		Process finishing	7_AMPureXP_TruSeqPCRFree_DNArunset_v1.0	C:\VWorks Workspace\Protocol Files\TruSeqPCRFree\7_AMPureXP_TruSeqPCRFree_DNArunset_v1.0.pro	1	
05-Jan-18 11:03:21 AM	Info					File unloaded		C:\VWorks Workspace\Forms\SCELSE\Working Program\TruSeqPCRFree_Nano.VWForm	1	
05-Jan-18 11:03:23 AM	Info					File unloaded		C:\VWorks Workspace\Protocol Files\TruSeqPCRFree\7_AMPureXP_TruSeqPCRFree_DNArunset_v1.0.pro	1	
05-Jan-18 11:03:24 AM	Info	Agilent Labware MiniHub - 1				Closing device		C:\VWorks Workspace\Device Files\TruSeq\TruSeq RNA_DNA Sample Prep_v1.0\BravoMiniPHBenchCel_round_magnet_RED_insert.dev	1	
05-Jan-18 11:03:24 AM	Info	BenchCel - 1				Closing device		C:\VWorks Workspace\Device Files\TruSeq\TruSeq RNA_DNA Sample Prep_v1.0\BravoMiniPHBenchCel_round_magnet_RED_insert.dev	1	
05-Jan-18 11:03:24 AM	Info	Bravo - 1				Closing device		C:\VWorks Workspace\Device Files\TruSeq\TruSeq RNA_DNA Sample Prep_v1.0\BravoMiniPHBenchCel_round_magnet_RED_insert.dev	1	
05-Jan-18 11:03:24 AM	Info					File unloaded		C:\VWorks Workspace\Device Files\TruSeq\TruSeq RNA_DNA Sample Prep_v1.0\BravoMiniPHBenchCel_round_magnet_RED_insert.dev	1	
05-Jan-18 11:03:31 AM	Info					File loaded		C:\VWorks Workspace\Forms\SCELSE\Working Program\TruSeqPCRFree_Nano.VWForm	1	
05-Jan-18 11:03:33 AM	Info					File unloaded		C:\VWorks Workspace\Forms\SCELSE\Working Program\TruSeqPCRFree_Nano.VWForm	1	
05-Jan-18 11:03:33 AM	Info					administrator logged out. Session 1 closed			1	
05-Jan-18 11:03:33 AM	Info					System Shutdown			0	
