03-Jan-18 11:44:13 AM	Info					Error library: The error library file path is empty.			0	
03-Jan-18 11:44:13 AM	Info					System Startup			0	
03-Jan-18 11:44:13 AM	Info	AccessoriesWizard				Dll loaded:    AccessoriesWizard.dll    6.0.0			0	
03-Jan-18 11:44:13 AM	Info	AccessoryManager				Dll loaded:    AccessoryManager.dll    2.0.0			0	
03-Jan-18 11:44:13 AM	Info	AgilentBenchBotController				Dll loaded:    AgilentBenchBotController.dll    1.21.4226			0	
03-Jan-18 11:44:13 AM	Info	ArgonShelfAccessoryDriver				Dll loaded:    ArgonShelfAccessoryDriver.dll    2.0.1			0	
03-Jan-18 11:44:13 AM	Info	BTILHCRunner				Dll loaded:    BTILHCRunner.dll    2.00.2			0	
03-Jan-18 11:44:13 AM	Info	ContextHelp				Dll loaded:    ContextHelp.dll    3.0.0			0	
03-Jan-18 11:44:13 AM	Info	DDRStringTable				Dll loaded:    DDRStringTable.dll    1.2.14			0	
03-Jan-18 11:44:13 AM	Info	DeviceEnumerator				Dll loaded:    DeviceEnumerator.dll    9.0.0			0	
03-Jan-18 11:44:13 AM	Info	EchoAppHelper				Dll loaded:    EchoAppHelper.dll    1.0.0			0	
03-Jan-18 11:44:13 AM	Info	ErrorLibrary				Dll loaded:    ErrorLibrary.dll    2.0.1			0	
03-Jan-18 11:44:13 AM	Info	EvaporatorAccessoryDriver				Dll loaded:    EvaporatorAccessoryDriver.dll    9.0.0			0	
03-Jan-18 11:44:13 AM	Info	GuidanceDiscovery				Dll loaded:    GuidanceDiscovery.dll    2.0.0			0	
03-Jan-18 11:44:13 AM	Info	Host				Dll loaded:    Host.dll    1.0.4226			0	
03-Jan-18 11:44:13 AM	Info	ImportExport				Dll loaded:    ImportExport.dll    2.0.0			0	
03-Jan-18 11:44:13 AM	Info	InhecoMTCdll				Dll loaded:    InhecoMTCdll.dll    1.2.4			0	
03-Jan-18 11:44:13 AM	Info	InhecoShakeandHeatAccessoryDriver				Dll loaded:    InhecoShakeandHeatAccessoryDriver.dll    1.0.0			0	
03-Jan-18 11:44:13 AM	Info	IWorksAccessory				Dll loaded:    IWorksAccessory.dll    8.0.1			0	
03-Jan-18 11:44:13 AM	Info	js32				Dll loaded:    js32.dll    Unknown.0.0			0	
03-Jan-18 11:44:13 AM	Info	LabelDesigner				Dll loaded:    LabelDesigner.dll    5.0.7			0	
03-Jan-18 11:44:13 AM	Info	LabelerHardware				Dll loaded:    LabelerHardware.dll    14.0.23			0	
03-Jan-18 11:44:13 AM	Info	libnspr4				Dll loaded:    libnspr4.dll    4.1.0			0	
03-Jan-18 11:44:13 AM	Info	LidHotelAccessoryDriver				Dll loaded:    LidHotelAccessoryDriver.dll    8.0.0			0	
03-Jan-18 11:44:13 AM	Info	lm				Dll loaded:    lm.dll    3.0.0			0	
03-Jan-18 11:44:13 AM	Info	Loader				Dll loaded:    Loader.dll    1.0.4226			0	
03-Jan-18 11:44:13 AM	Info	MagBeadAccessoryDriver				Dll loaded:    MagBeadAccessoryDriver.dll    8.0.0			0	
03-Jan-18 11:44:13 AM	Info	MetaDataPropertyManager				Dll loaded:    MetaDataPropertyManager.dll    13.0.0			0	
03-Jan-18 11:44:13 AM	Info	mfc71				Dll loaded:    mfc71.dll    7.10.3077			0	
03-Jan-18 11:44:13 AM	Info	mfc71u				Dll loaded:    mfc71u.dll    7.10.3077			0	
03-Jan-18 11:44:13 AM	Info	MicroPierceInterface				Dll loaded:    MicroPierceInterface.dll    1.0.0			0	
03-Jan-18 11:44:13 AM	Info	MicroPierceWrapper				Dll loaded:    MicroPierceWrapper.dll    1.0.0			0	
03-Jan-18 11:44:13 AM	Info	MicroStirInterface				Dll loaded:    MicroStirInterface.dll    1.0.0			0	
03-Jan-18 11:44:13 AM	Info	MicroStirWrapper				Dll loaded:    MicroStirWrapper.dll    1.0.0			0	
03-Jan-18 11:44:13 AM	Info	msvcr71				Dll loaded:    msvcr71.dll    7.10.3052			0	
03-Jan-18 11:44:13 AM	Info	MTController				Dll loaded:    MTController.dll    5.0.0			0	
03-Jan-18 11:44:13 AM	Info	NestableTipBoxInsertAccessoryDriver				Dll loaded:    NestableTipBoxInsertAccessoryDriver.dll    2.0.0			0	
03-Jan-18 11:44:13 AM	Info	ObjectDatabase				Dll loaded:    ObjectDatabase.dll    4.0.0			0	
03-Jan-18 11:44:13 AM	Info	ObjectManager				Dll loaded:    ObjectManager.dll    7.0.1			0	
03-Jan-18 11:44:13 AM	Info	PackardFusionRemoteConnectorOCX				Dll loaded:    PackardFusionRemoteConnectorOCX.dll    4.0.0			0	
03-Jan-18 11:44:13 AM	Info	PackardFusionRemoteControlPlugIn				Dll loaded:    PackardFusionRemoteControlPlugIn.dll    4.0.0			0	
03-Jan-18 11:44:13 AM	Info	PackardFusionRemoteControlWrapperDLL				Dll loaded:    PackardFusionRemoteControlWrapperDLL.dll    4.0.0			0	
03-Jan-18 11:44:13 AM	Info	PicServoExtDll				Dll loaded:    PicServoExtDll.dll    10.0.0			0	
03-Jan-18 11:44:13 AM	Info	PipetteHeadMode				Dll loaded:    PipetteHeadMode.dll    2.0.0			0	
03-Jan-18 11:44:13 AM	Info	PipetteTechniqueEditor				Dll loaded:    PipetteTechniqueEditor.dll    3.0.0			0	
03-Jan-18 11:44:13 AM	Info	PlateMapDatabase				Dll loaded:    PlateMapDatabase.dll    17.0.1			0	
03-Jan-18 11:44:13 AM	Info	ProfileChangeLog				Dll loaded:    ProfileChangeLog.dll    2.0.0			0	
03-Jan-18 11:44:13 AM	Info	ProfileManager				Dll loaded:    ProfileManager.dll    10.0.1			0	
03-Jan-18 11:44:13 AM	Info	ProfSkin284m				Dll loaded:    ProfSkin284m.dll    2.8.4			0	
03-Jan-18 11:44:13 AM	Info	ProfUIS284m				Dll loaded:    ProfUIS284m.dll    2.8.4			0	
03-Jan-18 11:44:13 AM	Info	ProfUisProfileManager				Dll loaded:    ProfUisProfileManager.dll    10.0.0			0	
03-Jan-18 11:44:13 AM	Info	SciLexer				Dll loaded:    SciLexer.dll    1.71.0			0	
03-Jan-18 11:44:13 AM	Info	SerialDilution				Dll loaded:    SerialDilution.dll    13.0.0			0	
03-Jan-18 11:44:13 AM	Info	SSIdll				Dll loaded:    SSIdll.dll    Unknown.0.0			0	
03-Jan-18 11:44:13 AM	Info	TeleshakeAccessoryDriver				Dll loaded:    TeleshakeAccessoryDriver.dll    9.0.2			0	
03-Jan-18 11:44:13 AM	Info	TipPosition				Dll loaded:    TipPosition.dll    3.0.0			0	
03-Jan-18 11:44:13 AM	Info	TipTracking				Dll loaded:    TipTracking.dll    3.0.0			0	
03-Jan-18 11:44:13 AM	Info	tmlcomm				Dll loaded:    tmlcomm.dll    3.2.2			0	
03-Jan-18 11:44:13 AM	Info	TML_lib				Dll loaded:    TML_lib.dll    2.0.1			0	
03-Jan-18 11:44:13 AM	Info	Toolbox				Dll loaded:    Toolbox.dll    1.0.4226			0	
03-Jan-18 11:44:13 AM	Info	V11DeviceDriver				Dll loaded:    V11DeviceDriver.dll    11.0.0			0	
03-Jan-18 11:44:13 AM	Info	V11FieldComposer				Dll loaded:    V11FieldComposer.dll    4.0.0			0	
03-Jan-18 11:44:13 AM	Info	V11GanttChart				Dll loaded:    V11GanttChart.dll    2.0.1			0	
03-Jan-18 11:44:13 AM	Info	V11Labware				Dll loaded:    V11Labware.dll    25.0.14			0	
03-Jan-18 11:44:13 AM	Info	V11Liquids				Dll loaded:    V11Liquids.dll    9.0.0			0	
03-Jan-18 11:44:13 AM	Info	V11Migrator				Dll loaded:    V11Migrator.dll    2.0.3			0	
03-Jan-18 11:44:13 AM	Info	V11PipettingFormatWizard				Dll loaded:    V11PipettingFormatWizard.dll    2.0.0			0	
03-Jan-18 11:44:13 AM	Info	V11PumpAccessoryDriver				Dll loaded:    V11PumpAccessoryDriver.dll    3.0.2			0	
03-Jan-18 11:44:13 AM	Info	V11SharedClasses				Dll loaded:    V11SharedClasses.dll    1.1.0			0	
03-Jan-18 11:44:13 AM	Info	V11WellSelect				Dll loaded:    V11WellSelect.dll    8.0.0			0	
03-Jan-18 11:44:13 AM	Info	V11WellVolumeVisualizer				Dll loaded:    V11WellVolumeVisualizer.dll    6.0.0			0	
03-Jan-18 11:44:13 AM	Info	V11Wizard				Dll loaded:    V11Wizard.dll    2.0.0			0	
03-Jan-18 11:44:13 AM	Info	VacuumFiltrationAccessoryDriver				Dll loaded:    VacuumFiltrationAccessoryDriver.dll    10.0.1			0	
03-Jan-18 11:44:13 AM	Info	VacuumLocatingStationDriver				Dll loaded:    VacuumLocatingStationDriver.dll    7.0.0			0	
03-Jan-18 11:44:13 AM	Info	VacuumShelfAccessoryDriver				Dll loaded:    VacuumShelfAccessoryDriver.dll    2.0.2			0	
03-Jan-18 11:44:14 AM	Info	VHookInterface				Dll loaded:    VHookInterface.dll    7.0.0			0	
03-Jan-18 11:44:14 AM	Info	VWorks4COM				Dll loaded:    VWorks4COM.dll    4.0.0			0	
03-Jan-18 11:44:14 AM	Info	VWorks4Defs				Dll loaded:    VWorks4Defs.dll    6.0.3			0	
03-Jan-18 11:44:14 AM	Info	VWorks4DeviceManager				Dll loaded:    VWorks4DeviceManager.dll    4.0.0			0	
03-Jan-18 11:44:14 AM	Info	VWorks4EmailDaemon				Dll loaded:    VWorks4EmailDaemon.dll    3.0.0			0	
03-Jan-18 11:44:14 AM	Info	VWorks4FormManager				Dll loaded:    VWorks4FormManager.dll    1.0.0			0	
03-Jan-18 11:44:14 AM	Info	VWorks4GUI				Dll loaded:    VWorks4GUI.dll    3.0.0			0	
03-Jan-18 11:44:14 AM	Info	VWorks4GUIFramework				Dll loaded:    VWorks4GUIFramework.dll    3.0.1			0	
03-Jan-18 11:44:14 AM	Info	VWorks4Hooks				Dll loaded:    VWorks4Hooks.dll    3.0.0			0	
03-Jan-18 11:44:14 AM	Info	VWorks4LabelDesigner				Dll loaded:    VWorks4LabelDesigner.dll    3.0.0			0	
03-Jan-18 11:44:14 AM	Info	VWorks4Logger				Dll loaded:    VWorks4Logger.dll    4.0.0			0	
03-Jan-18 11:44:14 AM	Info	VWorks4MacroLibrary				Dll loaded:    VWorks4MacroLibrary.dll    1.0.0			0	
03-Jan-18 11:44:14 AM	Info	VWorks4Progress				Dll loaded:    VWorks4Progress.dll    3.0.0			0	
03-Jan-18 11:44:14 AM	Info	VWorks4ProtocolEditor				Dll loaded:    VWorks4ProtocolEditor.dll    4.0.0			0	
03-Jan-18 11:44:14 AM	Info	VWorks4Security				Dll loaded:    VWorks4Security.dll    3.0.0			0	
03-Jan-18 11:44:14 AM	Info	VWorks4UserDatabase				Dll loaded:    VWorks4UserDatabase.dll    3.0.0			0	
03-Jan-18 11:44:14 AM	Info	VWorks4UserManager				Dll loaded:    VWorks4UserManager.dll    3.0.0			0	
03-Jan-18 11:44:14 AM	Info	WeighPadAccessoryDriver				Dll loaded:    WeighPadAccessoryDriver.dll    2.0.0			0	
03-Jan-18 11:44:14 AM	Info	Agilent BenchCel				Plugin loaded from cache:   AgilentBenchCel.dll   20.1.2			0	
03-Jan-18 11:44:14 AM	Info	Agilent Bravo				Plugin loaded from cache:   AgilentBravo.dll   17.1.0			0	
03-Jan-18 11:44:14 AM	Info	Agilent Generic I/O Module				Plugin loaded from cache:   AgilentGenericIO.dll   5.0.0			0	
03-Jan-18 11:44:14 AM	Info	Agilent Labware MiniHub				Plugin loaded from cache:   AgilentLabwareMiniHub.dll   1.0.3			0	
03-Jan-18 11:44:14 AM	Info	Agilent Phantom Robot				Plugin loaded from cache:   AgilentPhantomRobot.dll   9.0.5			0	
03-Jan-18 11:44:15 AM	Info	Agilent Phantom Stacker				Plugin loaded from cache:   AgilentPhantomStacker.dll   2.0.1			0	
03-Jan-18 11:44:15 AM	Info	Agilent Plate Hotel				Plugin loaded from cache:   AgilentPlateHotel.dll   1.0.3			0	
03-Jan-18 11:44:15 AM	Info	Agilent Plate Hub Carousel				Plugin loaded from cache:   AgilentPlateHubCarousel.dll   8.0.1			0	
03-Jan-18 11:44:15 AM	Info	Waste Bin				Plugin loaded from cache:   AgilentWasteBin.dll   3.0.0			0	
03-Jan-18 11:44:15 AM	Info	Agilent Weigh Pad				Plugin loaded from cache:   AgilentWeighPad.dll   8.0.0			0	
03-Jan-18 11:44:15 AM	Info	Keyence Barcode Reader				Plugin loaded from cache:   KeyenceBarcodeReader.dll   6.0.0			0	
03-Jan-18 11:44:15 AM	Info	Plate Pad, Standard				Plugin loaded from cache:   PlatePad.dll   6.0.0			0	
03-Jan-18 11:44:51 AM	Info					administrator logged in			1	
03-Jan-18 11:45:01 AM	Info					File loaded		C:\VWorks Workspace\Forms\SCELSE\Accel_NGS_2S_DNA\Accel_NGS.VWForm	1	
03-Jan-18 11:45:04 AM	Script					Initializing scripting engine...			1	
03-Jan-18 11:45:04 AM	Script					Wed Jan 03 2018 11:45:04 GMT+0800 (Malay Peninsula Standard Time)			1	
03-Jan-18 11:45:04 AM	Script					var plate_type = "96 ABI PCR half skirt in black carrier";		C:\VWorks Workspace\Forms\SCELSE\Accel_NGS_2S_DNA\Accel_NGS.VWForm	1	
03-Jan-18 11:45:04 AM	Script					var DNA_source = 0;		C:\VWorks Workspace\Forms\SCELSE\Accel_NGS_2S_DNA\Accel_NGS.VWForm	1	
03-Jan-18 11:45:04 AM	Script					var protocol_testing = 0;		C:\VWorks Workspace\Forms\SCELSE\Accel_NGS_2S_DNA\Accel_NGS.VWForm	1	
03-Jan-18 11:45:04 AM	Script					var DNAconc = 1;		C:\VWorks Workspace\Forms\SCELSE\Accel_NGS_2S_DNA\Accel_NGS.VWForm	1	
03-Jan-18 11:45:04 AM	Script					var formProtocolName = "Accel_Dual_Index_NGS_2SPlus_DNALibrary_Runset_v2.0.rst";		C:\VWorks Workspace\Forms\SCELSE\Accel_NGS_2S_DNA\Accel_NGS.VWForm	1	
03-Jan-18 11:45:04 AM	Script					var columns_samples = 12;		C:\VWorks Workspace\Forms\SCELSE\Accel_NGS_2S_DNA\Accel_NGS.VWForm	1	
03-Jan-18 11:45:05 AM	Script					Number of Columns selected is 12			1	
03-Jan-18 11:45:05 AM	Script					Case: 12 Columns			1	
03-Jan-18 11:46:31 AM	Info	Agilent Labware MiniHub				Plugin loaded:   AgilentLabwareMiniHub.dll   1.0.3			1	
03-Jan-18 11:46:32 AM	Info					Hooks plugin loaded:    AgilentBenchCel.dll			0	
03-Jan-18 11:46:32 AM	Info	Agilent BenchCel				Plugin loaded:   AgilentBenchCel.dll   20.1.2			1	
03-Jan-18 11:46:36 AM	Info					Hooks plugin loaded:    AgilentBravo.dll			0	
03-Jan-18 11:46:36 AM	Info	Agilent Bravo				Plugin loaded:   AgilentBravo.dll   17.1.0			1	
03-Jan-18 11:46:40 AM	Info					File loaded		C:\VWorks Workspace\Device Files\BravoMiniPHBenchCel_round_magnet_RED_insert.dev	1	
03-Jan-18 11:46:42 AM	Info	Agilent Labware MiniHub - 1				Initializing device		C:\VWorks Workspace\Device Files\BravoMiniPHBenchCel_round_magnet_RED_insert.dev	1	
03-Jan-18 11:46:42 AM	Info	BenchCel - 1				Initializing device		C:\VWorks Workspace\Device Files\BravoMiniPHBenchCel_round_magnet_RED_insert.dev	1	
03-Jan-18 11:46:42 AM	Info	Bravo - 1				Initializing device		C:\VWorks Workspace\Device Files\BravoMiniPHBenchCel_round_magnet_RED_insert.dev	1	
03-Jan-18 11:46:43 AM	Error	BenchCel - 1				The X axis failed to home			1	
03-Jan-18 11:46:43 AM	Info					Error library: Select best match error handler: "Default" and action type "show error dialog"			1	
03-Jan-18 11:46:48 AM	Error	Bravo - 1				There appears to be a plate present in, or in front of the gripper's plate presence sensor.			1	
03-Jan-18 11:46:48 AM	Error	Bravo - 1				  - Choose "Retry" to check the plate presence sensor again.			1	
03-Jan-18 11:46:48 AM	Error	Bravo - 1				  - Choose "Ignore" to continue to home the G axis.  Please note that any plate currently held by the gripper will be dropped.			1	
03-Jan-18 11:46:48 AM	Error	Bravo - 1				  - Choose "Abort" to cancel initialization.			1	
03-Jan-18 11:46:48 AM	Info					Error library: Select best match error handler: "Default" and action type "show error dialog"			1	
03-Jan-18 11:46:52 AM	Info	Bravo - 1				Aborting on: There appears to be a plate present in, or in front of the gripper's plate presence sensor.			1	
03-Jan-18 11:46:52 AM	Info	Bravo - 1				  - Choose "Retry" to check the plate presence sensor again.			1	
03-Jan-18 11:46:52 AM	Info	Bravo - 1				  - Choose "Ignore" to continue to home the G axis.  Please note that any plate currently held by the gripper will be dropped.			1	
03-Jan-18 11:46:52 AM	Info	Bravo - 1				  - Choose "Abort" to cancel initialization.			1	
03-Jan-18 11:46:52 AM	Info	Bravo - 1				Initialization failed		C:\VWorks Workspace\Device Files\BravoMiniPHBenchCel_round_magnet_RED_insert.dev	1	
03-Jan-18 11:46:54 AM	Info	BenchCel - 1				Aborting on: The X axis failed to home			1	
03-Jan-18 11:46:54 AM	Info	BenchCel - 1				Initialization failed		C:\VWorks Workspace\Device Files\BravoMiniPHBenchCel_round_magnet_RED_insert.dev	1	
03-Jan-18 11:46:56 AM	Info	Agilent Labware MiniHub - 1				Initialization complete		C:\VWorks Workspace\Device Files\BravoMiniPHBenchCel_round_magnet_RED_insert.dev	1	
03-Jan-18 11:46:59 AM	Info	Agilent Labware MiniHub - 1				Opening diagnostics		C:\VWorks Workspace\Device Files\BravoMiniPHBenchCel_round_magnet_RED_insert.dev	1	
03-Jan-18 11:47:01 AM	Info	Agilent Labware MiniHub - 1				motor stopped.			1	
03-Jan-18 11:47:03 AM	Info	Agilent Labware MiniHub - 1				Closing diagnostics		C:\VWorks Workspace\Device Files\BravoMiniPHBenchCel_round_magnet_RED_insert.dev	1	
03-Jan-18 11:48:05 AM	Script					var plate_type = "96 ABI PCR half skirt in black carrier";		C:\VWorks Workspace\Forms\SCELSE\Accel_NGS_2S_DNA\Accel_NGS.VWForm	1	
03-Jan-18 11:48:05 AM	Script					var DNA_source = 0;		C:\VWorks Workspace\Forms\SCELSE\Accel_NGS_2S_DNA\Accel_NGS.VWForm	1	
03-Jan-18 11:48:05 AM	Script					var protocol_testing = 0;		C:\VWorks Workspace\Forms\SCELSE\Accel_NGS_2S_DNA\Accel_NGS.VWForm	1	
03-Jan-18 11:48:05 AM	Script					var DNAconc = 1;		C:\VWorks Workspace\Forms\SCELSE\Accel_NGS_2S_DNA\Accel_NGS.VWForm	1	
03-Jan-18 11:48:05 AM	Script					var formProtocolName = "Accel_Dual_Index_NGS_2SPlus_DNALibrary_Runset_v2.0.rst";		C:\VWorks Workspace\Forms\SCELSE\Accel_NGS_2S_DNA\Accel_NGS.VWForm	1	
03-Jan-18 11:48:05 AM	Script					var columns_samples = 12;		C:\VWorks Workspace\Forms\SCELSE\Accel_NGS_2S_DNA\Accel_NGS.VWForm	1	
03-Jan-18 11:48:06 AM	Script					Clearing Plate Inventory			1	
03-Jan-18 11:48:06 AM	Script					Clearing Runset			1	
03-Jan-18 11:48:06 AM	Script					Starting runset : Accel_Dual_Index_NGS_2SPlus_DNALibrary_Runset_v2.0.rst			1	
03-Jan-18 11:48:06 AM	Info					Runset Manager: Added the run "C:\VWorks Workspace\Protocol Files\Accel_NGS_2S\1_RepairI_Accel_NGS_2S_DNA_v1.0.pro" to Runset Manager.			1	
03-Jan-18 11:48:06 AM	Info					Runset Manager: Added the run "C:\VWorks Workspace\Protocol Files\Accel_NGS_2S\2b_CleanUp1_Accel_NGS_2S_DNA_v1.0.pro" to Runset Manager.			1	
03-Jan-18 11:48:06 AM	Info					Runset Manager: Added the run "C:\VWorks Workspace\Protocol Files\Accel_NGS_2S\Scratch\InProgress3_Elution1_Accel_NGS_2S_DNA_v1.0.pro" to Runset Manager.			1	
03-Jan-18 11:48:06 AM	Info					Runset Manager: Added the run "C:\VWorks Workspace\Protocol Files\Accel_NGS_2S\Scratch\InProgress3_Repair2_Accel_NGS_2S_DNA_v1.0.pro" to Runset Manager.			1	
03-Jan-18 11:48:06 AM	Info					Runset Manager: Added the run "C:\VWorks Workspace\Protocol Files\Accel_NGS_2S\4_CleanUp2_Accel_NGS_2S_DNA_v1.0.pro" to Runset Manager.			1	
03-Jan-18 11:48:06 AM	Info					Runset Manager: Added the run "C:\VWorks Workspace\Protocol Files\Accel_NGS_2S\Scratch\InProgress5b_Elution2_Accel_NGS_2S_DNA_v1.0.pro" to Runset Manager.			1	
03-Jan-18 11:48:06 AM	Info					Runset Manager: Added the run "C:\VWorks Workspace\Protocol Files\Accel_NGS_2S\Scratch\InProgress5b_Ligation1_Accel_NGS_2S_DNA_v1.0.pro" to Runset Manager.			1	
03-Jan-18 11:48:06 AM	Info					Runset Manager: Added the run "C:\VWorks Workspace\Protocol Files\Accel_NGS_2S\6_CleanUp3_Accel_NGS_2S_DNA_v1.0.pro" to Runset Manager.			1	
03-Jan-18 11:48:06 AM	Info					Runset Manager: Added the run "C:\VWorks Workspace\Protocol Files\Accel_NGS_2S\Scratch\InProgress7_Elution3_Accel_NGS_2S_DNA_v1.0.pro" to Runset Manager.			1	
03-Jan-18 11:48:06 AM	Info					Runset Manager: Added the run "C:\VWorks Workspace\Protocol Files\Accel_NGS_2S\Scratch\InProgress7_Ligation2_Accel_NGS_2S_DNA_v1.0.pro" to Runset Manager.			1	
03-Jan-18 11:48:06 AM	Info					Runset Manager: Added the run "C:\VWorks Workspace\Protocol Files\Accel_NGS_2S\8_CleanUp4_Accel_NGS_2S_DNA_v1.0.pro" to Runset Manager.			1	
03-Jan-18 11:48:11 AM	Info					File loaded	1_RepairI_Accel_NGS_2S_DNA_v1.0	C:\VWorks Workspace\Protocol Files\Accel_NGS_2S\1_RepairI_Accel_NGS_2S_DNA_v1.0.pro	1	
03-Jan-18 11:48:15 AM	Warning			DNA transfer tips	2	No plate to unload from the device Agilent Labware MiniHub - 1 location : cassette 4, slot 2		1_RepairI_Accel_NGS_2S_DNA_v1.0.pro	1	
03-Jan-18 11:48:15 AM	Warning			DNA transfer tips	2	There aren't any available plates for the unload task to unload		1_RepairI_Accel_NGS_2S_DNA_v1.0.pro	1	
03-Jan-18 11:48:15 AM	Warning			MasterMix tips	1	No plate to unload from the device Agilent Labware MiniHub - 1 location : cassette 1, slot 2		1_RepairI_Accel_NGS_2S_DNA_v1.0.pro	1	
03-Jan-18 11:48:15 AM	Warning			MasterMix tips	1	There aren't any available plates for the unload task to unload		1_RepairI_Accel_NGS_2S_DNA_v1.0.pro	1	
03-Jan-18 11:48:15 AM	Warning			Reaction Plate	2	No plate to unload from the device Agilent Labware MiniHub - 1 location : cassette 2, slot 5		1_RepairI_Accel_NGS_2S_DNA_v1.0.pro	1	
03-Jan-18 11:48:15 AM	Warning			Reaction Plate	2	There aren't any available plates for the unload task to unload		1_RepairI_Accel_NGS_2S_DNA_v1.0.pro	1	
03-Jan-18 11:48:15 AM	Warning			Used DNA transfer tips	1	No plate to unload from the device Agilent Labware MiniHub - 1 location : cassette 4, slot 1		1_RepairI_Accel_NGS_2S_DNA_v1.0.pro	1	
03-Jan-18 11:48:15 AM	Warning			Used DNA transfer tips	1	There aren't any available plates for the unload task to unload		1_RepairI_Accel_NGS_2S_DNA_v1.0.pro	1	
03-Jan-18 11:48:15 AM	Warning			Used MasterMix Tips	1	No plate to unload from the device Agilent Labware MiniHub - 1 location : cassette 1, slot 1		1_RepairI_Accel_NGS_2S_DNA_v1.0.pro	1	
03-Jan-18 11:48:15 AM	Warning			Used MasterMix Tips	1	There aren't any available plates for the unload task to unload		1_RepairI_Accel_NGS_2S_DNA_v1.0.pro	1	
03-Jan-18 11:48:15 AM	Info					Compile complete with 0 errors and 10 warnings			1	
03-Jan-18 11:48:15 AM	Script					var plate_type = "96 ABI PCR half skirt in black carrier";		C:\VWorks Workspace\Forms\SCELSE\Accel_NGS_2S_DNA\Accel_NGS.VWForm	1	
03-Jan-18 11:48:15 AM	Script					var DNA_source = 0;		C:\VWorks Workspace\Forms\SCELSE\Accel_NGS_2S_DNA\Accel_NGS.VWForm	1	
03-Jan-18 11:48:16 AM	Script					var protocol_testing = 0;		C:\VWorks Workspace\Forms\SCELSE\Accel_NGS_2S_DNA\Accel_NGS.VWForm	1	
03-Jan-18 11:48:16 AM	Script					var DNAconc = 1;		C:\VWorks Workspace\Forms\SCELSE\Accel_NGS_2S_DNA\Accel_NGS.VWForm	1	
03-Jan-18 11:48:16 AM	Script					var formProtocolName = "Accel_Dual_Index_NGS_2SPlus_DNALibrary_Runset_v2.0.rst";		C:\VWorks Workspace\Forms\SCELSE\Accel_NGS_2S_DNA\Accel_NGS.VWForm	1	
03-Jan-18 11:48:16 AM	Script					var columns_samples = 12;		C:\VWorks Workspace\Forms\SCELSE\Accel_NGS_2S_DNA\Accel_NGS.VWForm	1	
03-Jan-18 11:48:16 AM	Event					Scheduler started			1	
03-Jan-18 11:48:16 AM	Info					Runset Manager: Changed the field "Start" of the run "C:\VWorks Workspace\Protocol Files\Accel_NGS_2S\2b_CleanUp1_Accel_NGS_2S_DNA_v1.0.pro" from "29-Sep-17 9:59:01 AM (As soon as possible)" to "When C:\VWorks Workspace\Protocol Files\Accel_NGS_2S\1_RepairI_Accel_NGS_2S_DNA_v1.0.pro ends"			1	
03-Jan-18 11:48:17 AM	Info					Runset Manager: Changed the field "Start" of the run "C:\VWorks Workspace\Protocol Files\Accel_NGS_2S\Scratch\InProgress3_Elution1_Accel_NGS_2S_DNA_v1.0.pro" from "29-Sep-17 10:00:16 AM (As soon as possible)" to "When C:\VWorks Workspace\Protocol Files\Accel_NGS_2S\1_RepairI_Accel_NGS_2S_DNA_v1.0.pro ends"			1	
03-Jan-18 11:48:17 AM	Info	BenchCel - 1				Initializing device		C:\VWorks Workspace\Device Files\BravoMiniPHBenchCel_round_magnet_RED_insert.dev	1	
03-Jan-18 11:48:17 AM	Info	Bravo - 1				Initializing device		C:\VWorks Workspace\Device Files\BravoMiniPHBenchCel_round_magnet_RED_insert.dev	1	
03-Jan-18 11:48:17 AM	Info					Runset Manager: Changed the field "Start" of the run "C:\VWorks Workspace\Protocol Files\Accel_NGS_2S\Scratch\InProgress3_Repair2_Accel_NGS_2S_DNA_v1.0.pro" from "29-Sep-17 10:01:03 AM (As soon as possible)" to "When C:\VWorks Workspace\Protocol Files\Accel_NGS_2S\1_RepairI_Accel_NGS_2S_DNA_v1.0.pro ends"			1	
03-Jan-18 11:48:17 AM	Info					Runset Manager: Changed the field "Start" of the run "C:\VWorks Workspace\Protocol Files\Accel_NGS_2S\4_CleanUp2_Accel_NGS_2S_DNA_v1.0.pro" from "29-Sep-17 10:01:59 AM (As soon as possible)" to "When C:\VWorks Workspace\Protocol Files\Accel_NGS_2S\1_RepairI_Accel_NGS_2S_DNA_v1.0.pro ends"			1	
03-Jan-18 11:48:17 AM	Info					Runset Manager: Changed the field "Start" of the run "C:\VWorks Workspace\Protocol Files\Accel_NGS_2S\Scratch\InProgress5b_Elution2_Accel_NGS_2S_DNA_v1.0.pro" from "29-Sep-17 10:03:17 AM (As soon as possible)" to "When C:\VWorks Workspace\Protocol Files\Accel_NGS_2S\1_RepairI_Accel_NGS_2S_DNA_v1.0.pro ends"			1	
03-Jan-18 11:48:17 AM	Info					Runset Manager: Changed the field "Start" of the run "C:\VWorks Workspace\Protocol Files\Accel_NGS_2S\Scratch\InProgress5b_Ligation1_Accel_NGS_2S_DNA_v1.0.pro" from "29-Sep-17 10:03:58 AM (As soon as possible)" to "When C:\VWorks Workspace\Protocol Files\Accel_NGS_2S\1_RepairI_Accel_NGS_2S_DNA_v1.0.pro ends"			1	
03-Jan-18 11:48:17 AM	Info					Runset Manager: Changed the field "Start" of the run "C:\VWorks Workspace\Protocol Files\Accel_NGS_2S\6_CleanUp3_Accel_NGS_2S_DNA_v1.0.pro" from "29-Sep-17 10:04:58 AM (As soon as possible)" to "When C:\VWorks Workspace\Protocol Files\Accel_NGS_2S\1_RepairI_Accel_NGS_2S_DNA_v1.0.pro ends"			1	
03-Jan-18 11:48:17 AM	Info					Runset Manager: Changed the field "Start" of the run "C:\VWorks Workspace\Protocol Files\Accel_NGS_2S\Scratch\InProgress7_Elution3_Accel_NGS_2S_DNA_v1.0.pro" from "29-Sep-17 10:06:03 AM (As soon as possible)" to "When C:\VWorks Workspace\Protocol Files\Accel_NGS_2S\1_RepairI_Accel_NGS_2S_DNA_v1.0.pro ends"			1	
03-Jan-18 11:48:17 AM	Info					Runset Manager: Changed the field "Start" of the run "C:\VWorks Workspace\Protocol Files\Accel_NGS_2S\Scratch\InProgress7_Ligation2_Accel_NGS_2S_DNA_v1.0.pro" from "29-Sep-17 10:06:44 AM (As soon as possible)" to "When C:\VWorks Workspace\Protocol Files\Accel_NGS_2S\1_RepairI_Accel_NGS_2S_DNA_v1.0.pro ends"			1	
03-Jan-18 11:48:17 AM	Info					Runset Manager: Changed the field "Start" of the run "C:\VWorks Workspace\Protocol Files\Accel_NGS_2S\8_CleanUp4_Accel_NGS_2S_DNA_v1.0.pro" from "29-Sep-17 10:07:43 AM (As soon as possible)" to "When C:\VWorks Workspace\Protocol Files\Accel_NGS_2S\1_RepairI_Accel_NGS_2S_DNA_v1.0.pro ends"			1	
03-Jan-18 11:48:17 AM	Error	BenchCel - 1				The X axis failed to home			1	
03-Jan-18 11:48:17 AM	Info					Error library: Select best match error handler: "Default" and action type "show error dialog"			1	
03-Jan-18 11:48:19 AM	Info	BenchCel - 1				Retrying: The X axis failed to home			1	
03-Jan-18 11:48:19 AM	Error	BenchCel - 1				The X axis failed to home			1	
03-Jan-18 11:48:19 AM	Info					Error library: Select best match error handler: "Default" and action type "show error dialog"			1	
03-Jan-18 11:48:21 AM	Error	Bravo - 1				There appears to be a plate present in, or in front of the gripper's plate presence sensor.			1	
03-Jan-18 11:48:21 AM	Error	Bravo - 1				  - Choose "Retry" to check the plate presence sensor again.			1	
03-Jan-18 11:48:21 AM	Error	Bravo - 1				  - Choose "Ignore" to continue to home the G axis.  Please note that any plate currently held by the gripper will be dropped.			1	
03-Jan-18 11:48:21 AM	Error	Bravo - 1				  - Choose "Abort" to cancel initialization.			1	
03-Jan-18 11:48:21 AM	Info					Error library: Select best match error handler: "Default" and action type "show error dialog"			1	
03-Jan-18 11:48:28 AM	Info	Bravo - 1				Retrying: There appears to be a plate present in, or in front of the gripper's plate presence sensor.			1	
03-Jan-18 11:48:28 AM	Info	Bravo - 1				  - Choose "Retry" to check the plate presence sensor again.			1	
03-Jan-18 11:48:28 AM	Info	Bravo - 1				  - Choose "Ignore" to continue to home the G axis.  Please note that any plate currently held by the gripper will be dropped.			1	
03-Jan-18 11:48:28 AM	Info	Bravo - 1				  - Choose "Abort" to cancel initialization.			1	
03-Jan-18 11:48:28 AM	Error	Bravo - 1				There appears to be a plate present in, or in front of the gripper's plate presence sensor.			1	
03-Jan-18 11:48:28 AM	Error	Bravo - 1				  - Choose "Retry" to check the plate presence sensor again.			1	
03-Jan-18 11:48:28 AM	Error	Bravo - 1				  - Choose "Ignore" to continue to home the G axis.  Please note that any plate currently held by the gripper will be dropped.			1	
03-Jan-18 11:48:28 AM	Error	Bravo - 1				  - Choose "Abort" to cancel initialization.			1	
03-Jan-18 11:48:28 AM	Info					Error library: Select best match error handler: "Default" and action type "show error dialog"			1	
03-Jan-18 11:48:43 AM	Info	BenchCel - 1				Retrying: The X axis failed to home			1	
03-Jan-18 11:48:43 AM	Error	BenchCel - 1				The X axis failed to home			1	
03-Jan-18 11:48:43 AM	Info					Error library: Select best match error handler: "Default" and action type "show error dialog"			1	
03-Jan-18 11:48:44 AM	Info	BenchCel - 1				Opening diagnostics		C:\VWorks Workspace\Device Files\BravoMiniPHBenchCel_round_magnet_RED_insert.dev	1	
03-Jan-18 11:48:49 AM	Info	BenchCel - 1				Closing diagnostics		C:\VWorks Workspace\Device Files\BravoMiniPHBenchCel_round_magnet_RED_insert.dev	1	
03-Jan-18 11:48:55 AM	Info	Bravo - 1				Ignoring: There appears to be a plate present in, or in front of the gripper's plate presence sensor.			1	
03-Jan-18 11:48:55 AM	Info	Bravo - 1				  - Choose "Retry" to check the plate presence sensor again.			1	
03-Jan-18 11:48:55 AM	Info	Bravo - 1				  - Choose "Ignore" to continue to home the G axis.  Please note that any plate currently held by the gripper will be dropped.			1	
03-Jan-18 11:48:55 AM	Info	Bravo - 1				  - Choose "Abort" to cancel initialization.			1	
03-Jan-18 11:48:55 AM	Error	Bravo - 1				Please verify that it is safe to home the W-axis (the aspirate/dispense axis).  If there is fluid in the tips you may want to manually home the W-axis in diagnostics over a waste position.			1	
03-Jan-18 11:48:55 AM	Error	Bravo - 1				  - Choose "Retry" to continue homing the W-axis.			1	
03-Jan-18 11:48:55 AM	Error	Bravo - 1				  - Choose "Ignore" to leave the W-axis unhomed.			1	
03-Jan-18 11:48:55 AM	Error	Bravo - 1				  - Choose "Abort" to cancel initialization.			1	
03-Jan-18 11:48:55 AM	Info					Error library: Select best match error handler: "Default" and action type "show error dialog"			1	
03-Jan-18 11:49:01 AM	Info	BenchCel - 1				Retrying: The X axis failed to home			1	
03-Jan-18 11:49:01 AM	Error	BenchCel - 1				The X axis failed to home			1	
03-Jan-18 11:49:01 AM	Info					Error library: Select best match error handler: "Default" and action type "show error dialog"			1	
03-Jan-18 11:49:09 AM	Info	BenchCel - 1				Retrying: The X axis failed to home			1	
03-Jan-18 11:49:09 AM	Error	BenchCel - 1				The X axis failed to home			1	
03-Jan-18 11:49:09 AM	Info					Error library: Select best match error handler: "Default" and action type "show error dialog"			1	
03-Jan-18 11:49:10 AM	Info	BenchCel - 1				Retrying: The X axis failed to home			1	
03-Jan-18 11:49:10 AM	Error	BenchCel - 1				The X axis failed to home			1	
03-Jan-18 11:49:10 AM	Info					Error library: Select best match error handler: "Default" and action type "show error dialog"			1	
03-Jan-18 11:49:12 AM	Info	BenchCel - 1				Aborting on: The X axis failed to home			1	
03-Jan-18 11:49:12 AM	Event					Scheduler stopped			1	
03-Jan-18 11:49:12 AM	Info	BenchCel - 1				Initialization failed		C:\VWorks Workspace\Device Files\BravoMiniPHBenchCel_round_magnet_RED_insert.dev	1	
03-Jan-18 11:49:18 AM	Info	Bravo - 1				Retrying: Please verify that it is safe to home the W-axis (the aspirate/dispense axis).  If there is fluid in the tips you may want to manually home the W-axis in diagnostics over a waste position.			1	
03-Jan-18 11:49:18 AM	Info	Bravo - 1				  - Choose "Retry" to continue homing the W-axis.			1	
03-Jan-18 11:49:18 AM	Info	Bravo - 1				  - Choose "Ignore" to leave the W-axis unhomed.			1	
03-Jan-18 11:49:18 AM	Info	Bravo - 1				  - Choose "Abort" to cancel initialization.			1	
03-Jan-18 11:49:18 AM	Error	Bravo - 1				User abort			1	
03-Jan-18 11:49:18 AM	Info					Error library: Select best match error handler: "Default" and action type "show error dialog"			1	
03-Jan-18 11:49:18 AM	Event					Scheduler aborted			1	
03-Jan-18 11:49:18 AM	Info	Bravo - 1				Aborting on: User abort			1	
03-Jan-18 11:49:18 AM	Info	Bravo - 1				Initialization failed		C:\VWorks Workspace\Device Files\BravoMiniPHBenchCel_round_magnet_RED_insert.dev	1	
03-Jan-18 11:49:19 AM	Event					None protocol aborted by user	1_RepairI_Accel_NGS_2S_DNA_v1.0	C:\VWorks Workspace\Protocol Files\Accel_NGS_2S\1_RepairI_Accel_NGS_2S_DNA_v1.0.pro	1	
03-Jan-18 11:49:21 AM	Script					var plate_type = "96 ABI PCR half skirt in black carrier";		C:\VWorks Workspace\Forms\SCELSE\Accel_NGS_2S_DNA\Accel_NGS.VWForm	1	
03-Jan-18 11:49:21 AM	Script					var DNA_source = 0;		C:\VWorks Workspace\Forms\SCELSE\Accel_NGS_2S_DNA\Accel_NGS.VWForm	1	
03-Jan-18 11:49:22 AM	Script					var protocol_testing = 0;		C:\VWorks Workspace\Forms\SCELSE\Accel_NGS_2S_DNA\Accel_NGS.VWForm	1	
03-Jan-18 11:49:22 AM	Script					var DNAconc = 1;		C:\VWorks Workspace\Forms\SCELSE\Accel_NGS_2S_DNA\Accel_NGS.VWForm	1	
03-Jan-18 11:49:22 AM	Script					var formProtocolName = "Accel_Dual_Index_NGS_2SPlus_DNALibrary_Runset_v2.0.rst";		C:\VWorks Workspace\Forms\SCELSE\Accel_NGS_2S_DNA\Accel_NGS.VWForm	1	
03-Jan-18 11:49:22 AM	Script					var columns_samples = 12;		C:\VWorks Workspace\Forms\SCELSE\Accel_NGS_2S_DNA\Accel_NGS.VWForm	1	
03-Jan-18 11:49:22 AM	Script					Clearing Plate Inventory			1	
03-Jan-18 11:49:22 AM	Info					Runset Manager: Deleted the run "C:\VWorks Workspace\Protocol Files\Accel_NGS_2S\1_RepairI_Accel_NGS_2S_DNA_v1.0.pro" from Runset Manager.			1	
03-Jan-18 11:49:22 AM	Info					Runset Manager: Deleted the run "C:\VWorks Workspace\Protocol Files\Accel_NGS_2S\2b_CleanUp1_Accel_NGS_2S_DNA_v1.0.pro" from Runset Manager.			1	
03-Jan-18 11:49:22 AM	Info					Runset Manager: Deleted the run "C:\VWorks Workspace\Protocol Files\Accel_NGS_2S\Scratch\InProgress3_Elution1_Accel_NGS_2S_DNA_v1.0.pro" from Runset Manager.			1	
03-Jan-18 11:49:23 AM	Info					Runset Manager: Deleted the run "C:\VWorks Workspace\Protocol Files\Accel_NGS_2S\Scratch\InProgress3_Repair2_Accel_NGS_2S_DNA_v1.0.pro" from Runset Manager.			1	
03-Jan-18 11:49:23 AM	Info					Runset Manager: Deleted the run "C:\VWorks Workspace\Protocol Files\Accel_NGS_2S\4_CleanUp2_Accel_NGS_2S_DNA_v1.0.pro" from Runset Manager.			1	
03-Jan-18 11:49:23 AM	Info					Runset Manager: Deleted the run "C:\VWorks Workspace\Protocol Files\Accel_NGS_2S\Scratch\InProgress5b_Elution2_Accel_NGS_2S_DNA_v1.0.pro" from Runset Manager.			1	
03-Jan-18 11:49:23 AM	Info					Runset Manager: Deleted the run "C:\VWorks Workspace\Protocol Files\Accel_NGS_2S\Scratch\InProgress5b_Ligation1_Accel_NGS_2S_DNA_v1.0.pro" from Runset Manager.			1	
03-Jan-18 11:49:23 AM	Info					Runset Manager: Deleted the run "C:\VWorks Workspace\Protocol Files\Accel_NGS_2S\6_CleanUp3_Accel_NGS_2S_DNA_v1.0.pro" from Runset Manager.			1	
03-Jan-18 11:49:23 AM	Info					Runset Manager: Deleted the run "C:\VWorks Workspace\Protocol Files\Accel_NGS_2S\Scratch\InProgress7_Elution3_Accel_NGS_2S_DNA_v1.0.pro" from Runset Manager.			1	
03-Jan-18 11:49:23 AM	Info					Runset Manager: Deleted the run "C:\VWorks Workspace\Protocol Files\Accel_NGS_2S\Scratch\InProgress7_Ligation2_Accel_NGS_2S_DNA_v1.0.pro" from Runset Manager.			1	
03-Jan-18 11:49:23 AM	Info					Runset Manager: Deleted the run "C:\VWorks Workspace\Protocol Files\Accel_NGS_2S\8_CleanUp4_Accel_NGS_2S_DNA_v1.0.pro" from Runset Manager.			1	
03-Jan-18 11:49:23 AM	Script					Clearing Runset			1	
03-Jan-18 11:49:23 AM	Script					Starting runset : Accel_Dual_Index_NGS_2SPlus_DNALibrary_Runset_v2.0.rst			1	
03-Jan-18 11:49:23 AM	Info					Runset Manager: Added the run "C:\VWorks Workspace\Protocol Files\Accel_NGS_2S\1_RepairI_Accel_NGS_2S_DNA_v1.0.pro" to Runset Manager.			1	
03-Jan-18 11:49:23 AM	Info					Runset Manager: Added the run "C:\VWorks Workspace\Protocol Files\Accel_NGS_2S\2b_CleanUp1_Accel_NGS_2S_DNA_v1.0.pro" to Runset Manager.			1	
03-Jan-18 11:49:23 AM	Info					Runset Manager: Added the run "C:\VWorks Workspace\Protocol Files\Accel_NGS_2S\Scratch\InProgress3_Elution1_Accel_NGS_2S_DNA_v1.0.pro" to Runset Manager.			1	
03-Jan-18 11:49:23 AM	Info					Runset Manager: Added the run "C:\VWorks Workspace\Protocol Files\Accel_NGS_2S\Scratch\InProgress3_Repair2_Accel_NGS_2S_DNA_v1.0.pro" to Runset Manager.			1	
03-Jan-18 11:49:23 AM	Info					Runset Manager: Added the run "C:\VWorks Workspace\Protocol Files\Accel_NGS_2S\4_CleanUp2_Accel_NGS_2S_DNA_v1.0.pro" to Runset Manager.			1	
03-Jan-18 11:49:23 AM	Info					Runset Manager: Added the run "C:\VWorks Workspace\Protocol Files\Accel_NGS_2S\Scratch\InProgress5b_Elution2_Accel_NGS_2S_DNA_v1.0.pro" to Runset Manager.			1	
03-Jan-18 11:49:23 AM	Info					Runset Manager: Added the run "C:\VWorks Workspace\Protocol Files\Accel_NGS_2S\Scratch\InProgress5b_Ligation1_Accel_NGS_2S_DNA_v1.0.pro" to Runset Manager.			1	
03-Jan-18 11:49:23 AM	Info					Runset Manager: Added the run "C:\VWorks Workspace\Protocol Files\Accel_NGS_2S\6_CleanUp3_Accel_NGS_2S_DNA_v1.0.pro" to Runset Manager.			1	
03-Jan-18 11:49:23 AM	Info					Runset Manager: Added the run "C:\VWorks Workspace\Protocol Files\Accel_NGS_2S\Scratch\InProgress7_Elution3_Accel_NGS_2S_DNA_v1.0.pro" to Runset Manager.			1	
03-Jan-18 11:49:23 AM	Info					Runset Manager: Added the run "C:\VWorks Workspace\Protocol Files\Accel_NGS_2S\Scratch\InProgress7_Ligation2_Accel_NGS_2S_DNA_v1.0.pro" to Runset Manager.			1	
03-Jan-18 11:49:23 AM	Info					Runset Manager: Added the run "C:\VWorks Workspace\Protocol Files\Accel_NGS_2S\8_CleanUp4_Accel_NGS_2S_DNA_v1.0.pro" to Runset Manager.			1	
03-Jan-18 11:49:27 AM	Warning			DNA transfer tips	2	No plate to unload from the device Agilent Labware MiniHub - 1 location : cassette 4, slot 2		1_RepairI_Accel_NGS_2S_DNA_v1.0.pro	1	
03-Jan-18 11:49:27 AM	Warning			DNA transfer tips	2	There aren't any available plates for the unload task to unload		1_RepairI_Accel_NGS_2S_DNA_v1.0.pro	1	
03-Jan-18 11:49:27 AM	Warning			MasterMix tips	1	No plate to unload from the device Agilent Labware MiniHub - 1 location : cassette 1, slot 2		1_RepairI_Accel_NGS_2S_DNA_v1.0.pro	1	
03-Jan-18 11:49:27 AM	Warning			MasterMix tips	1	There aren't any available plates for the unload task to unload		1_RepairI_Accel_NGS_2S_DNA_v1.0.pro	1	
03-Jan-18 11:49:27 AM	Warning			Reaction Plate	2	No plate to unload from the device Agilent Labware MiniHub - 1 location : cassette 2, slot 5		1_RepairI_Accel_NGS_2S_DNA_v1.0.pro	1	
03-Jan-18 11:49:27 AM	Warning			Reaction Plate	2	There aren't any available plates for the unload task to unload		1_RepairI_Accel_NGS_2S_DNA_v1.0.pro	1	
03-Jan-18 11:49:27 AM	Warning			Used DNA transfer tips	1	No plate to unload from the device Agilent Labware MiniHub - 1 location : cassette 4, slot 1		1_RepairI_Accel_NGS_2S_DNA_v1.0.pro	1	
03-Jan-18 11:49:27 AM	Warning			Used DNA transfer tips	1	There aren't any available plates for the unload task to unload		1_RepairI_Accel_NGS_2S_DNA_v1.0.pro	1	
03-Jan-18 11:49:27 AM	Warning			Used MasterMix Tips	1	No plate to unload from the device Agilent Labware MiniHub - 1 location : cassette 1, slot 1		1_RepairI_Accel_NGS_2S_DNA_v1.0.pro	1	
03-Jan-18 11:49:27 AM	Warning			Used MasterMix Tips	1	There aren't any available plates for the unload task to unload		1_RepairI_Accel_NGS_2S_DNA_v1.0.pro	1	
03-Jan-18 11:49:27 AM	Info					Compile complete with 0 errors and 10 warnings			1	
03-Jan-18 11:49:28 AM	Script					var plate_type = "96 ABI PCR half skirt in black carrier";		C:\VWorks Workspace\Forms\SCELSE\Accel_NGS_2S_DNA\Accel_NGS.VWForm	1	
03-Jan-18 11:49:28 AM	Script					var DNA_source = 0;		C:\VWorks Workspace\Forms\SCELSE\Accel_NGS_2S_DNA\Accel_NGS.VWForm	1	
03-Jan-18 11:49:28 AM	Script					var protocol_testing = 0;		C:\VWorks Workspace\Forms\SCELSE\Accel_NGS_2S_DNA\Accel_NGS.VWForm	1	
03-Jan-18 11:49:28 AM	Script					var DNAconc = 1;		C:\VWorks Workspace\Forms\SCELSE\Accel_NGS_2S_DNA\Accel_NGS.VWForm	1	
03-Jan-18 11:49:28 AM	Script					var formProtocolName = "Accel_Dual_Index_NGS_2SPlus_DNALibrary_Runset_v2.0.rst";		C:\VWorks Workspace\Forms\SCELSE\Accel_NGS_2S_DNA\Accel_NGS.VWForm	1	
03-Jan-18 11:49:28 AM	Script					var columns_samples = 12;		C:\VWorks Workspace\Forms\SCELSE\Accel_NGS_2S_DNA\Accel_NGS.VWForm	1	
03-Jan-18 11:49:29 AM	Event					Scheduler started			1	
03-Jan-18 11:49:29 AM	Info	BenchCel - 1				Initializing device		C:\VWorks Workspace\Device Files\BravoMiniPHBenchCel_round_magnet_RED_insert.dev	1	
03-Jan-18 11:49:29 AM	Info	Bravo - 1				Initializing device		C:\VWorks Workspace\Device Files\BravoMiniPHBenchCel_round_magnet_RED_insert.dev	1	
03-Jan-18 11:49:29 AM	Error	BenchCel - 1				The X axis failed to home			1	
03-Jan-18 11:49:29 AM	Info					Error library: Select best match error handler: "Default" and action type "show error dialog"			1	
03-Jan-18 11:49:30 AM	Info					File loaded	2b_CleanUp1_Accel_NGS_2S_DNA_v1.0	C:\VWorks Workspace\Protocol Files\Accel_NGS_2S\2b_CleanUp1_Accel_NGS_2S_DNA_v1.0.pro	1	
03-Jan-18 11:49:41 AM	Warning			Ethanol Reservoir	1	No plate to unload from the device Agilent Labware MiniHub - 1 location : cassette 2, slot 1		2b_CleanUp1_Accel_NGS_2S_DNA_v1.0.pro	1	
03-Jan-18 11:49:41 AM	Warning			Ethanol Reservoir	1	There aren't any available plates for the unload task to unload		2b_CleanUp1_Accel_NGS_2S_DNA_v1.0.pro	1	
03-Jan-18 11:49:41 AM	Warning			SPRI reservoir	1	No plate to unload from the device Agilent Labware MiniHub - 1 location : cassette 3, slot 2		2b_CleanUp1_Accel_NGS_2S_DNA_v1.0.pro	1	
03-Jan-18 11:49:41 AM	Warning			SPRI reservoir	1	There aren't any available plates for the unload task to unload		2b_CleanUp1_Accel_NGS_2S_DNA_v1.0.pro	1	
03-Jan-18 11:49:41 AM	Info					Compile complete with 0 errors and 4 warnings			1	
03-Jan-18 11:49:41 AM	Event					Scheduler started			1	
03-Jan-18 11:49:41 AM	Info					Runset Manager: Changed the field "Start" of the run "C:\VWorks Workspace\Protocol Files\Accel_NGS_2S\Scratch\InProgress3_Elution1_Accel_NGS_2S_DNA_v1.0.pro" from "29-Sep-17 10:00:16 AM (As soon as possible)" to "When C:\VWorks Workspace\Protocol Files\Accel_NGS_2S\1_RepairI_Accel_NGS_2S_DNA_v1.0.pro ends"			1	
03-Jan-18 11:49:41 AM	Info					Runset Manager: Changed the field "Start" of the run "C:\VWorks Workspace\Protocol Files\Accel_NGS_2S\Scratch\InProgress3_Repair2_Accel_NGS_2S_DNA_v1.0.pro" from "29-Sep-17 10:01:03 AM (As soon as possible)" to "When C:\VWorks Workspace\Protocol Files\Accel_NGS_2S\1_RepairI_Accel_NGS_2S_DNA_v1.0.pro ends"			1	
03-Jan-18 11:49:41 AM	Info					Runset Manager: Changed the field "Start" of the run "C:\VWorks Workspace\Protocol Files\Accel_NGS_2S\4_CleanUp2_Accel_NGS_2S_DNA_v1.0.pro" from "29-Sep-17 10:01:59 AM (As soon as possible)" to "When C:\VWorks Workspace\Protocol Files\Accel_NGS_2S\1_RepairI_Accel_NGS_2S_DNA_v1.0.pro ends"			1	
03-Jan-18 11:49:42 AM	Info					Runset Manager: Changed the field "Start" of the run "C:\VWorks Workspace\Protocol Files\Accel_NGS_2S\Scratch\InProgress5b_Elution2_Accel_NGS_2S_DNA_v1.0.pro" from "29-Sep-17 10:03:17 AM (As soon as possible)" to "When C:\VWorks Workspace\Protocol Files\Accel_NGS_2S\1_RepairI_Accel_NGS_2S_DNA_v1.0.pro ends"			1	
03-Jan-18 11:49:42 AM	Info					Runset Manager: Changed the field "Start" of the run "C:\VWorks Workspace\Protocol Files\Accel_NGS_2S\Scratch\InProgress5b_Ligation1_Accel_NGS_2S_DNA_v1.0.pro" from "29-Sep-17 10:03:58 AM (As soon as possible)" to "When C:\VWorks Workspace\Protocol Files\Accel_NGS_2S\1_RepairI_Accel_NGS_2S_DNA_v1.0.pro ends"			1	
03-Jan-18 11:49:42 AM	Info					Runset Manager: Changed the field "Start" of the run "C:\VWorks Workspace\Protocol Files\Accel_NGS_2S\6_CleanUp3_Accel_NGS_2S_DNA_v1.0.pro" from "29-Sep-17 10:04:58 AM (As soon as possible)" to "When C:\VWorks Workspace\Protocol Files\Accel_NGS_2S\1_RepairI_Accel_NGS_2S_DNA_v1.0.pro ends"			1	
03-Jan-18 11:49:42 AM	Info					Runset Manager: Changed the field "Start" of the run "C:\VWorks Workspace\Protocol Files\Accel_NGS_2S\Scratch\InProgress7_Elution3_Accel_NGS_2S_DNA_v1.0.pro" from "29-Sep-17 10:06:03 AM (As soon as possible)" to "When C:\VWorks Workspace\Protocol Files\Accel_NGS_2S\1_RepairI_Accel_NGS_2S_DNA_v1.0.pro ends"			1	
03-Jan-18 11:49:42 AM	Info					Runset Manager: Changed the field "Start" of the run "C:\VWorks Workspace\Protocol Files\Accel_NGS_2S\Scratch\InProgress7_Ligation2_Accel_NGS_2S_DNA_v1.0.pro" from "29-Sep-17 10:06:44 AM (As soon as possible)" to "When C:\VWorks Workspace\Protocol Files\Accel_NGS_2S\1_RepairI_Accel_NGS_2S_DNA_v1.0.pro ends"			1	
03-Jan-18 11:49:42 AM	Info					Runset Manager: Changed the field "Start" of the run "C:\VWorks Workspace\Protocol Files\Accel_NGS_2S\8_CleanUp4_Accel_NGS_2S_DNA_v1.0.pro" from "29-Sep-17 10:07:43 AM (As soon as possible)" to "When C:\VWorks Workspace\Protocol Files\Accel_NGS_2S\1_RepairI_Accel_NGS_2S_DNA_v1.0.pro ends"			1	
03-Jan-18 11:49:48 AM	Info	BenchCel - 1				Retrying: The X axis failed to home			1	
03-Jan-18 11:49:48 AM	Error	BenchCel - 1				The X axis failed to home			1	
03-Jan-18 11:49:48 AM	Info					Error library: Select best match error handler: "Default" and action type "show error dialog"			1	
03-Jan-18 11:49:50 AM	Info	BenchCel - 1				Retrying: The X axis failed to home			1	
03-Jan-18 11:49:50 AM	Error	BenchCel - 1				The X axis failed to home			1	
03-Jan-18 11:49:50 AM	Info					Error library: Select best match error handler: "Default" and action type "show error dialog"			1	
03-Jan-18 11:49:51 AM	Info	BenchCel - 1				Aborting on: The X axis failed to home			1	
03-Jan-18 11:49:51 AM	Event					Scheduler stopped			1	
03-Jan-18 11:49:51 AM	Info	BenchCel - 1				Initialization failed		C:\VWorks Workspace\Device Files\BravoMiniPHBenchCel_round_magnet_RED_insert.dev	1	
03-Jan-18 11:49:57 AM	Error	Bravo - 1				User abort			1	
03-Jan-18 11:49:57 AM	Info					Error library: Select best match error handler: "Default" and action type "show error dialog"			1	
03-Jan-18 11:49:58 AM	Event					Scheduler aborted			1	
03-Jan-18 11:49:58 AM	Info	Bravo - 1				Aborting on: User abort			1	
03-Jan-18 11:49:58 AM	Info	Bravo - 1				Initialization failed		C:\VWorks Workspace\Device Files\BravoMiniPHBenchCel_round_magnet_RED_insert.dev	1	
03-Jan-18 11:50:00 AM	Event					None protocol aborted by user	1_RepairI_Accel_NGS_2S_DNA_v1.0	C:\VWorks Workspace\Protocol Files\Accel_NGS_2S\1_RepairI_Accel_NGS_2S_DNA_v1.0.pro	1	
03-Jan-18 11:50:01 AM	Event					None protocol aborted by user	2b_CleanUp1_Accel_NGS_2S_DNA_v1.0	C:\VWorks Workspace\Protocol Files\Accel_NGS_2S\2b_CleanUp1_Accel_NGS_2S_DNA_v1.0.pro	1	
03-Jan-18 11:50:06 AM	Info					File unloaded		C:\VWorks Workspace\Forms\SCELSE\Accel_NGS_2S_DNA\Accel_NGS.VWForm	1	
03-Jan-18 11:50:06 AM	Info					File unloaded		C:\VWorks Workspace\Protocol Files\Accel_NGS_2S\2b_CleanUp1_Accel_NGS_2S_DNA_v1.0.pro	1	
03-Jan-18 11:50:06 AM	Info					File unloaded		C:\VWorks Workspace\Protocol Files\Accel_NGS_2S\1_RepairI_Accel_NGS_2S_DNA_v1.0.pro	1	
03-Jan-18 11:50:06 AM	Info	Agilent Labware MiniHub - 1				Closing device		C:\VWorks Workspace\Device Files\BravoMiniPHBenchCel_round_magnet_RED_insert.dev	1	
03-Jan-18 11:50:08 AM	Info	BenchCel - 1				Closing device		C:\VWorks Workspace\Device Files\BravoMiniPHBenchCel_round_magnet_RED_insert.dev	1	
03-Jan-18 11:50:08 AM	Info	Bravo - 1				Closing device		C:\VWorks Workspace\Device Files\BravoMiniPHBenchCel_round_magnet_RED_insert.dev	1	
03-Jan-18 11:50:08 AM	Info					File unloaded		C:\VWorks Workspace\Device Files\BravoMiniPHBenchCel_round_magnet_RED_insert.dev	1	
03-Jan-18 11:50:10 AM	Info					administrator logged out. Session 1 closed			1	
03-Jan-18 11:50:10 AM	Info					System Shutdown			0	
