09-Oct-17 9:29:26 AM	Event	2						Main protocol starting	C:\VWorks Workspace\Protocol Files\TruSeqPCRFree\7_AMPureXP_TruSeqPCRFree_DNArunset_v1.0.pro	
09-Oct-17 10:18:40 AM	Transfer	2	14.5	SPRI reservoir 1	A1	SPRI reservoir 1	A1		C:\VWorks Workspace\Protocol Files\TruSeqPCRFree\7_AMPureXP_TruSeqPCRFree_DNArunset_v1.0.pro	
09-Oct-17 10:19:56 AM	Transfer	2	80	SPRI reservoir 1	A1	AMPure XP Cleanup 1 1	A1		C:\VWorks Workspace\Protocol Files\TruSeqPCRFree\7_AMPureXP_TruSeqPCRFree_DNArunset_v1.0.pro	
09-Oct-17 10:20:01 AM	Transfer	2	0.5	SPRI reservoir 1	A1	AMPure XP Cleanup 1 1	A1		C:\VWorks Workspace\Protocol Files\TruSeqPCRFree\7_AMPureXP_TruSeqPCRFree_DNArunset_v1.0.pro	
09-Oct-17 10:20:07 AM	Transfer	2	14.5	SPRI reservoir 1	A1	AMPure XP Cleanup 1 1	A1		C:\VWorks Workspace\Protocol Files\TruSeqPCRFree\7_AMPureXP_TruSeqPCRFree_DNArunset_v1.0.pro	
09-Oct-17 10:24:36 AM	Transfer	2	55	DNA plate 1	A1	AMPure XP Cleanup 1 1	A1		C:\VWorks Workspace\Protocol Files\TruSeqPCRFree\7_AMPureXP_TruSeqPCRFree_DNArunset_v1.0.pro	
09-Oct-17 10:25:52 AM	Transfer	2	12	AMPure XP Cleanup 1 1	A1	AMPure XP Cleanup 1 1	A1		C:\VWorks Workspace\Protocol Files\TruSeqPCRFree\7_AMPureXP_TruSeqPCRFree_DNArunset_v1.0.pro	
09-Oct-17 10:40:17 AM	Transfer	2	125	AMPure XP Cleanup 1 1	A1	1	A1		C:\VWorks Workspace\Protocol Files\TruSeqPCRFree\7_AMPureXP_TruSeqPCRFree_DNArunset_v1.0.pro	
09-Oct-17 10:42:02 AM	Transfer	2	180	Ethanol Reservoir 1	A1	AMPure XP Cleanup 1 1	A1		C:\VWorks Workspace\Protocol Files\TruSeqPCRFree\7_AMPureXP_TruSeqPCRFree_DNArunset_v1.0.pro	
09-Oct-17 10:44:02 AM	Transfer	2	183	AMPure XP Cleanup 1 1	A1	1	A1		C:\VWorks Workspace\Protocol Files\TruSeqPCRFree\7_AMPureXP_TruSeqPCRFree_DNArunset_v1.0.pro	
09-Oct-17 10:44:54 AM	Transfer	2	180	Ethanol Reservoir 1	A1	AMPure XP Cleanup 1 1	A1		C:\VWorks Workspace\Protocol Files\TruSeqPCRFree\7_AMPureXP_TruSeqPCRFree_DNArunset_v1.0.pro	
09-Oct-17 10:46:56 AM	Transfer	2	183.5	AMPure XP Cleanup 1 1	A1	1	A1		C:\VWorks Workspace\Protocol Files\TruSeqPCRFree\7_AMPureXP_TruSeqPCRFree_DNArunset_v1.0.pro	
09-Oct-17 10:53:01 AM	Transfer	2	62.5	Resuspension Buffer 1	A1	AMPure XP Cleanup 1 1	A1		C:\VWorks Workspace\Protocol Files\TruSeqPCRFree\7_AMPureXP_TruSeqPCRFree_DNArunset_v1.0.pro	
09-Oct-17 11:02:05 AM	Event	2						Main protocol complete	C:\VWorks Workspace\Protocol Files\TruSeqPCRFree\7_AMPureXP_TruSeqPCRFree_DNArunset_v1.0.pro	
09-Oct-17 11:02:16 AM	Event	2						Main protocol starting	C:\VWorks Workspace\Protocol Files\TruSeqPCRFree\8_EndRepair_TruSeqPCRFree_v1.0.pro	
09-Oct-17 11:04:12 AM	Transfer	2	40	Master Mix Plate 1	Column 1	Reaction Plate 1	Column 1		C:\VWorks Workspace\Protocol Files\TruSeqPCRFree\8_EndRepair_TruSeqPCRFree_v1.0.pro	
09-Oct-17 11:04:34 AM	Transfer	2	40	Master Mix Plate 1	Column 1	Reaction Plate 1	Column 2		C:\VWorks Workspace\Protocol Files\TruSeqPCRFree\8_EndRepair_TruSeqPCRFree_v1.0.pro	
09-Oct-17 11:04:57 AM	Transfer	2	40	Master Mix Plate 1	Column 1	Reaction Plate 1	Column 3		C:\VWorks Workspace\Protocol Files\TruSeqPCRFree\8_EndRepair_TruSeqPCRFree_v1.0.pro	
09-Oct-17 11:05:19 AM	Transfer	2	40	Master Mix Plate 1	Column 1	Reaction Plate 1	Column 4		C:\VWorks Workspace\Protocol Files\TruSeqPCRFree\8_EndRepair_TruSeqPCRFree_v1.0.pro	
09-Oct-17 11:05:42 AM	Transfer	2	40	Master Mix Plate 1	Column 1	Reaction Plate 1	Column 5		C:\VWorks Workspace\Protocol Files\TruSeqPCRFree\8_EndRepair_TruSeqPCRFree_v1.0.pro	
09-Oct-17 11:06:05 AM	Transfer	2	40	Master Mix Plate 1	Column 1	Reaction Plate 1	Column 6		C:\VWorks Workspace\Protocol Files\TruSeqPCRFree\8_EndRepair_TruSeqPCRFree_v1.0.pro	
09-Oct-17 11:08:12 AM	Transfer	2	60	DNA Plate 1	A1	Reaction Plate 1	A1		C:\VWorks Workspace\Protocol Files\TruSeqPCRFree\8_EndRepair_TruSeqPCRFree_v1.0.pro	
09-Oct-17 11:08:12 AM	Transfer	2	10	DNA Plate 1	A1	Reaction Plate 1	A1		C:\VWorks Workspace\Protocol Files\TruSeqPCRFree\8_EndRepair_TruSeqPCRFree_v1.0.pro	
09-Oct-17 11:41:57 AM	Event	2						Main protocol complete	C:\VWorks Workspace\Protocol Files\TruSeqPCRFree\8_EndRepair_TruSeqPCRFree_v1.0.pro	
09-Oct-17 11:42:38 AM	Event	2						Main protocol starting	C:\VWorks Workspace\Protocol Files\TruSeqPCRFree\9_AMPureXP_TruSeqPCRFree_DNArunset_v1.0.pro	
09-Oct-17 11:44:37 AM	Transfer	2	69	Water Reservoir 1	A1	AMPure XP Cleanup 1 1	A1		C:\VWorks Workspace\Protocol Files\TruSeqPCRFree\9_AMPureXP_TruSeqPCRFree_DNArunset_v1.0.pro	
09-Oct-17 11:44:42 AM	Transfer	2	0.5	Water Reservoir 1	A1	AMPure XP Cleanup 1 1	A1		C:\VWorks Workspace\Protocol Files\TruSeqPCRFree\9_AMPureXP_TruSeqPCRFree_DNArunset_v1.0.pro	
09-Oct-17 11:44:47 AM	Transfer	2	4.5	Water Reservoir 1	A1	AMPure XP Cleanup 1 1	A1		C:\VWorks Workspace\Protocol Files\TruSeqPCRFree\9_AMPureXP_TruSeqPCRFree_DNArunset_v1.0.pro	
09-Oct-17 11:48:07 AM	Transfer	2	14.5	SPRI reservoir 1	A1	SPRI reservoir 1	A1		C:\VWorks Workspace\Protocol Files\TruSeqPCRFree\9_AMPureXP_TruSeqPCRFree_DNArunset_v1.0.pro	
09-Oct-17 11:48:34 AM	Transfer	2	91	SPRI reservoir 1	A1	AMPure XP Cleanup 1 1	A1		C:\VWorks Workspace\Protocol Files\TruSeqPCRFree\9_AMPureXP_TruSeqPCRFree_DNArunset_v1.0.pro	
09-Oct-17 11:48:57 AM	Transfer	2	0.5	SPRI reservoir 1	A1	AMPure XP Cleanup 1 1	A1		C:\VWorks Workspace\Protocol Files\TruSeqPCRFree\9_AMPureXP_TruSeqPCRFree_DNArunset_v1.0.pro	
09-Oct-17 11:49:04 AM	Transfer	2	14.5	SPRI reservoir 1	A1	AMPure XP Cleanup 1 1	A1		C:\VWorks Workspace\Protocol Files\TruSeqPCRFree\9_AMPureXP_TruSeqPCRFree_DNArunset_v1.0.pro	
09-Oct-17 11:49:50 AM	Transfer	2	105	DNA plate 1	A1	AMPure XP Cleanup 1 1	A1		C:\VWorks Workspace\Protocol Files\TruSeqPCRFree\9_AMPureXP_TruSeqPCRFree_DNArunset_v1.0.pro	
09-Oct-17 11:51:17 AM	Transfer	2	12	AMPure XP Cleanup 1 1	A1	AMPure XP Cleanup 1 1	A1		C:\VWorks Workspace\Protocol Files\TruSeqPCRFree\9_AMPureXP_TruSeqPCRFree_DNArunset_v1.0.pro	
09-Oct-17 12:03:30 PM	Transfer	2	125	AMPure XP Cleanup 1 1	A1	supernatantNUNC 1	A1		C:\VWorks Workspace\Protocol Files\TruSeqPCRFree\9_AMPureXP_TruSeqPCRFree_DNArunset_v1.0.pro	
09-Oct-17 12:04:23 PM	Transfer	2	125	AMPure XP Cleanup 1 1	A1	supernatantNUNC 1	A1		C:\VWorks Workspace\Protocol Files\TruSeqPCRFree\9_AMPureXP_TruSeqPCRFree_DNArunset_v1.0.pro	
09-Oct-17 12:08:54 PM	Transfer	2	14.5	SPRI reservoir 2 1	A1	SPRI reservoir 2 1	A1		C:\VWorks Workspace\Protocol Files\TruSeqPCRFree\9_AMPureXP_TruSeqPCRFree_DNArunset_v1.0.pro	
09-Oct-17 12:09:22 PM	Transfer	2	30	SPRI reservoir 2 1	A1	supernatantNUNC 1	A1		C:\VWorks Workspace\Protocol Files\TruSeqPCRFree\9_AMPureXP_TruSeqPCRFree_DNArunset_v1.0.pro	
09-Oct-17 12:09:22 PM	Transfer	2	15	SPRI reservoir 2 1	A1	supernatantNUNC 1	A1		C:\VWorks Workspace\Protocol Files\TruSeqPCRFree\9_AMPureXP_TruSeqPCRFree_DNArunset_v1.0.pro	
09-Oct-17 12:22:04 PM	Transfer	2	138	supernatantNUNC 1	A1	1	A1		C:\VWorks Workspace\Protocol Files\TruSeqPCRFree\9_AMPureXP_TruSeqPCRFree_DNArunset_v1.0.pro	
09-Oct-17 12:23:05 PM	Transfer	2	138	supernatantNUNC 1	A1	1	A1		C:\VWorks Workspace\Protocol Files\TruSeqPCRFree\9_AMPureXP_TruSeqPCRFree_DNArunset_v1.0.pro	
09-Oct-17 12:25:23 PM	Transfer	2	180	Ethanol Reservoir 1	A1	supernatantNUNC 1	A1		C:\VWorks Workspace\Protocol Files\TruSeqPCRFree\9_AMPureXP_TruSeqPCRFree_DNArunset_v1.0.pro	
09-Oct-17 12:27:23 PM	Transfer	2	183	supernatantNUNC 1	A1	1	A1		C:\VWorks Workspace\Protocol Files\TruSeqPCRFree\9_AMPureXP_TruSeqPCRFree_DNArunset_v1.0.pro	
09-Oct-17 12:28:15 PM	Transfer	2	180	Ethanol Reservoir 1	A1	supernatantNUNC 1	A1		C:\VWorks Workspace\Protocol Files\TruSeqPCRFree\9_AMPureXP_TruSeqPCRFree_DNArunset_v1.0.pro	
09-Oct-17 12:30:17 PM	Transfer	2	183.5	supernatantNUNC 1	A1	1	A1		C:\VWorks Workspace\Protocol Files\TruSeqPCRFree\9_AMPureXP_TruSeqPCRFree_DNArunset_v1.0.pro	
09-Oct-17 12:36:14 PM	Transfer	2	20	Resuspension Buffer 1	A1	supernatantNUNC 1	A1		C:\VWorks Workspace\Protocol Files\TruSeqPCRFree\9_AMPureXP_TruSeqPCRFree_DNArunset_v1.0.pro	
09-Oct-17 12:39:57 PM	Event	2						Main protocol complete	C:\VWorks Workspace\Protocol Files\TruSeqPCRFree\9_AMPureXP_TruSeqPCRFree_DNArunset_v1.0.pro	
09-Oct-17 12:40:11 PM	Event	2						Main protocol starting	C:\VWorks Workspace\Protocol Files\TruSeqPCRFree\10_A-Tailing_TruSeqPCRFree_v1.0.pro	
09-Oct-17 12:42:00 PM	Transfer	2	12.5	Master Mix Plate 1	Column 2	Reaction Plate 1	Column 1		C:\VWorks Workspace\Protocol Files\TruSeqPCRFree\10_A-Tailing_TruSeqPCRFree_v1.0.pro	
09-Oct-17 12:42:26 PM	Transfer	2	12.5	Master Mix Plate 1	Column 2	Reaction Plate 1	Column 2		C:\VWorks Workspace\Protocol Files\TruSeqPCRFree\10_A-Tailing_TruSeqPCRFree_v1.0.pro	
09-Oct-17 12:42:51 PM	Transfer	2	12.5	Master Mix Plate 1	Column 2	Reaction Plate 1	Column 3		C:\VWorks Workspace\Protocol Files\TruSeqPCRFree\10_A-Tailing_TruSeqPCRFree_v1.0.pro	
09-Oct-17 12:43:16 PM	Transfer	2	12.5	Master Mix Plate 1	Column 2	Reaction Plate 1	Column 4		C:\VWorks Workspace\Protocol Files\TruSeqPCRFree\10_A-Tailing_TruSeqPCRFree_v1.0.pro	
09-Oct-17 12:43:41 PM	Transfer	2	12.5	Master Mix Plate 1	Column 2	Reaction Plate 1	Column 5		C:\VWorks Workspace\Protocol Files\TruSeqPCRFree\10_A-Tailing_TruSeqPCRFree_v1.0.pro	
09-Oct-17 12:44:06 PM	Transfer	2	12.5	Master Mix Plate 1	Column 2	Reaction Plate 1	Column 6		C:\VWorks Workspace\Protocol Files\TruSeqPCRFree\10_A-Tailing_TruSeqPCRFree_v1.0.pro	
09-Oct-17 12:46:32 PM	Transfer	2	17.5	DNA Plate 1	A1	Reaction Plate 1	A1		C:\VWorks Workspace\Protocol Files\TruSeqPCRFree\10_A-Tailing_TruSeqPCRFree_v1.0.pro	
09-Oct-17 12:46:32 PM	Transfer	2	5	DNA Plate 1	A1	Reaction Plate 1	A1		C:\VWorks Workspace\Protocol Files\TruSeqPCRFree\10_A-Tailing_TruSeqPCRFree_v1.0.pro	
09-Oct-17 1:31:11 PM	Event	2						Main protocol complete	C:\VWorks Workspace\Protocol Files\TruSeqPCRFree\10_A-Tailing_TruSeqPCRFree_v1.0.pro	
09-Oct-17 1:31:29 PM	Event	2						Main protocol starting	C:\VWorks Workspace\Protocol Files\TruSeqPCRFree\11_AdapterLigation_TruSeqPCRFree_v1.0.pro	
09-Oct-17 1:33:57 PM	Transfer	2	5	Master Mix Plate 1	Column 3	Reaction Plate 1	Column 1		C:\VWorks Workspace\Protocol Files\TruSeqPCRFree\11_AdapterLigation_TruSeqPCRFree_v1.0.pro	
09-Oct-17 1:34:28 PM	Transfer	2	5	Master Mix Plate 1	Column 3	Reaction Plate 1	Column 2		C:\VWorks Workspace\Protocol Files\TruSeqPCRFree\11_AdapterLigation_TruSeqPCRFree_v1.0.pro	
09-Oct-17 1:35:00 PM	Transfer	2	5	Master Mix Plate 1	Column 3	Reaction Plate 1	Column 3		C:\VWorks Workspace\Protocol Files\TruSeqPCRFree\11_AdapterLigation_TruSeqPCRFree_v1.0.pro	
09-Oct-17 1:35:31 PM	Transfer	2	5	Master Mix Plate 1	Column 3	Reaction Plate 1	Column 4		C:\VWorks Workspace\Protocol Files\TruSeqPCRFree\11_AdapterLigation_TruSeqPCRFree_v1.0.pro	
09-Oct-17 1:36:02 PM	Transfer	2	5	Master Mix Plate 1	Column 3	Reaction Plate 1	Column 5		C:\VWorks Workspace\Protocol Files\TruSeqPCRFree\11_AdapterLigation_TruSeqPCRFree_v1.0.pro	
09-Oct-17 1:36:33 PM	Transfer	2	5	Master Mix Plate 1	Column 3	Reaction Plate 1	Column 6		C:\VWorks Workspace\Protocol Files\TruSeqPCRFree\11_AdapterLigation_TruSeqPCRFree_v1.0.pro	
09-Oct-17 1:38:53 PM	Transfer	2	31	DNA Plate 1	A1	Reaction Plate 1	A1		C:\VWorks Workspace\Protocol Files\TruSeqPCRFree\11_AdapterLigation_TruSeqPCRFree_v1.0.pro	
09-Oct-17 1:40:02 PM	Transfer	2	36	Reaction Plate 1	A1	Index Plate 1	A1		C:\VWorks Workspace\Protocol Files\TruSeqPCRFree\11_AdapterLigation_TruSeqPCRFree_v1.0.pro	
09-Oct-17 1:41:01 PM	Transfer	2	5	DNA Plate 1	A1	Index Plate 1	A1		C:\VWorks Workspace\Protocol Files\TruSeqPCRFree\11_AdapterLigation_TruSeqPCRFree_v1.0.pro	
09-Oct-17 1:55:03 PM	Event	2						Main protocol complete	C:\VWorks Workspace\Protocol Files\TruSeqPCRFree\11_AdapterLigation_TruSeqPCRFree_v1.0.pro	
09-Oct-17 1:55:14 PM	Event	2						Main protocol starting	C:\VWorks Workspace\Protocol Files\TruSeqPCRFree\12_StopLigation_TruSeqPCRFree_v1.0.pro	
09-Oct-17 1:57:09 PM	Transfer	2	5	Master Mix Plate 1	Column 4	Reaction Plate 1	Column 1		C:\VWorks Workspace\Protocol Files\TruSeqPCRFree\12_StopLigation_TruSeqPCRFree_v1.0.pro	
09-Oct-17 1:57:32 PM	Transfer	2	5	Master Mix Plate 1	Column 4	Reaction Plate 1	Column 2		C:\VWorks Workspace\Protocol Files\TruSeqPCRFree\12_StopLigation_TruSeqPCRFree_v1.0.pro	
09-Oct-17 1:57:56 PM	Transfer	2	5	Master Mix Plate 1	Column 4	Reaction Plate 1	Column 3		C:\VWorks Workspace\Protocol Files\TruSeqPCRFree\12_StopLigation_TruSeqPCRFree_v1.0.pro	
09-Oct-17 1:58:20 PM	Transfer	2	5	Master Mix Plate 1	Column 4	Reaction Plate 1	Column 4		C:\VWorks Workspace\Protocol Files\TruSeqPCRFree\12_StopLigation_TruSeqPCRFree_v1.0.pro	
09-Oct-17 1:58:44 PM	Transfer	2	5	Master Mix Plate 1	Column 4	Reaction Plate 1	Column 5		C:\VWorks Workspace\Protocol Files\TruSeqPCRFree\12_StopLigation_TruSeqPCRFree_v1.0.pro	
09-Oct-17 1:59:07 PM	Transfer	2	5	Master Mix Plate 1	Column 4	Reaction Plate 1	Column 6		C:\VWorks Workspace\Protocol Files\TruSeqPCRFree\12_StopLigation_TruSeqPCRFree_v1.0.pro	
09-Oct-17 2:01:30 PM	Transfer	2	38	DNA Plate 1	A1	Reaction Plate 1	A1		C:\VWorks Workspace\Protocol Files\TruSeqPCRFree\12_StopLigation_TruSeqPCRFree_v1.0.pro	
09-Oct-17 2:02:26 PM	Transfer	2	5	DNA Plate 1	A1	Reaction Plate 1	A1		C:\VWorks Workspace\Protocol Files\TruSeqPCRFree\12_StopLigation_TruSeqPCRFree_v1.0.pro	
09-Oct-17 2:03:40 PM	Event	2						Main protocol complete	C:\VWorks Workspace\Protocol Files\TruSeqPCRFree\12_StopLigation_TruSeqPCRFree_v1.0.pro	
09-Oct-17 2:04:05 PM	Event	2						Main protocol starting	C:\VWorks Workspace\Protocol Files\TruSeqPCRFree\13_AMPureXP_TruSeqPCRFree_runset_v1.0.pro	
09-Oct-17 2:10:15 PM	Transfer	2	14.5	SPRI reservoir 1	A1	SPRI reservoir 1	A1		C:\VWorks Workspace\Protocol Files\TruSeqPCRFree\13_AMPureXP_TruSeqPCRFree_runset_v1.0.pro	
09-Oct-17 2:10:37 PM	Transfer	2	42.5	SPRI reservoir 1	A1	AMPure XP Cleanup 1 1	A1		C:\VWorks Workspace\Protocol Files\TruSeqPCRFree\13_AMPureXP_TruSeqPCRFree_runset_v1.0.pro	
09-Oct-17 2:11:24 PM	Transfer	2	42	DNA plate 1	A1	AMPure XP Cleanup 1 1	A1		C:\VWorks Workspace\Protocol Files\TruSeqPCRFree\13_AMPureXP_TruSeqPCRFree_runset_v1.0.pro	
09-Oct-17 2:12:28 PM	Transfer	2	12	AMPure XP Cleanup 1 1	A1	AMPure XP Cleanup 1 1	A1		C:\VWorks Workspace\Protocol Files\TruSeqPCRFree\13_AMPureXP_TruSeqPCRFree_runset_v1.0.pro	
09-Oct-17 2:23:43 PM	Transfer	2	80	AMPure XP Cleanup 1 1	A1	1	A1		C:\VWorks Workspace\Protocol Files\TruSeqPCRFree\13_AMPureXP_TruSeqPCRFree_runset_v1.0.pro	
09-Oct-17 2:25:28 PM	Transfer	2	180	Ethanol Reservoir 1	A1	AMPure XP Cleanup 1 1	A1		C:\VWorks Workspace\Protocol Files\TruSeqPCRFree\13_AMPureXP_TruSeqPCRFree_runset_v1.0.pro	
09-Oct-17 2:27:26 PM	Transfer	2	183	AMPure XP Cleanup 1 1	A1	1	A1		C:\VWorks Workspace\Protocol Files\TruSeqPCRFree\13_AMPureXP_TruSeqPCRFree_runset_v1.0.pro	
09-Oct-17 2:28:13 PM	Transfer	2	180	Ethanol Reservoir 1	A1	AMPure XP Cleanup 1 1	A1		C:\VWorks Workspace\Protocol Files\TruSeqPCRFree\13_AMPureXP_TruSeqPCRFree_runset_v1.0.pro	
09-Oct-17 2:30:13 PM	Transfer	2	183.5	AMPure XP Cleanup 1 1	A1	1	A1		C:\VWorks Workspace\Protocol Files\TruSeqPCRFree\13_AMPureXP_TruSeqPCRFree_runset_v1.0.pro	
09-Oct-17 2:36:11 PM	Transfer	2	52.5	Resuspension Buffer 1	A1	AMPure XP Cleanup 1 1	A1		C:\VWorks Workspace\Protocol Files\TruSeqPCRFree\13_AMPureXP_TruSeqPCRFree_runset_v1.0.pro	
09-Oct-17 2:40:18 PM	Event	2						Main protocol complete	C:\VWorks Workspace\Protocol Files\TruSeqPCRFree\13_AMPureXP_TruSeqPCRFree_runset_v1.0.pro	
09-Oct-17 2:40:46 PM	Event	2						Main protocol starting	C:\VWorks Workspace\Protocol Files\TruSeqPCRFree\14_AMPureXP_TruSeqPCRFree_runset_v1.0.pro	
09-Oct-17 2:44:50 PM	Transfer	2	14.5	SPRI reservoir 1	A1	SPRI reservoir 1	A1		C:\VWorks Workspace\Protocol Files\TruSeqPCRFree\14_AMPureXP_TruSeqPCRFree_runset_v1.0.pro	
09-Oct-17 2:45:11 PM	Transfer	2	50	SPRI reservoir 1	A1	AMPure XP Cleanup 1 1	A1		C:\VWorks Workspace\Protocol Files\TruSeqPCRFree\14_AMPureXP_TruSeqPCRFree_runset_v1.0.pro	
09-Oct-17 2:45:51 PM	Transfer	2	50	DNA plate 1	A1	AMPure XP Cleanup 1 1	A1		C:\VWorks Workspace\Protocol Files\TruSeqPCRFree\14_AMPureXP_TruSeqPCRFree_runset_v1.0.pro	
09-Oct-17 2:46:50 PM	Transfer	2	12	AMPure XP Cleanup 1 1	A1	AMPure XP Cleanup 1 1	A1		C:\VWorks Workspace\Protocol Files\TruSeqPCRFree\14_AMPureXP_TruSeqPCRFree_runset_v1.0.pro	
09-Oct-17 2:58:13 PM	Transfer	2	95	AMPure XP Cleanup 1 1	A1	1	A1		C:\VWorks Workspace\Protocol Files\TruSeqPCRFree\14_AMPureXP_TruSeqPCRFree_runset_v1.0.pro	
09-Oct-17 2:59:00 PM	Transfer	2	180	Ethanol Reservoir 1	A1	AMPure XP Cleanup 1 1	A1		C:\VWorks Workspace\Protocol Files\TruSeqPCRFree\14_AMPureXP_TruSeqPCRFree_runset_v1.0.pro	
09-Oct-17 3:00:58 PM	Transfer	2	183	AMPure XP Cleanup 1 1	A1	1	A1		C:\VWorks Workspace\Protocol Files\TruSeqPCRFree\14_AMPureXP_TruSeqPCRFree_runset_v1.0.pro	
09-Oct-17 3:02:34 PM	Transfer	2	180	Ethanol Reservoir 1	A1	AMPure XP Cleanup 1 1	A1		C:\VWorks Workspace\Protocol Files\TruSeqPCRFree\14_AMPureXP_TruSeqPCRFree_runset_v1.0.pro	
09-Oct-17 3:04:36 PM	Transfer	2	183.5	AMPure XP Cleanup 1 1	A1	1	A1		C:\VWorks Workspace\Protocol Files\TruSeqPCRFree\14_AMPureXP_TruSeqPCRFree_runset_v1.0.pro	
09-Oct-17 3:10:37 PM	Transfer	2	27.5	Resuspension Buffer 1	A1	AMPure XP Cleanup 1 1	A1		C:\VWorks Workspace\Protocol Files\TruSeqPCRFree\14_AMPureXP_TruSeqPCRFree_runset_v1.0.pro	
09-Oct-17 3:21:02 PM	Transfer	2	24.5	Transfer to PCR 1	A1	Sample Collection Plate 1	A1		C:\VWorks Workspace\Protocol Files\TruSeqPCRFree\14_AMPureXP_TruSeqPCRFree_runset_v1.0.pro	
09-Oct-17 3:22:58 PM	Event	2						Main protocol complete	C:\VWorks Workspace\Protocol Files\TruSeqPCRFree\14_AMPureXP_TruSeqPCRFree_runset_v1.0.pro	
