06-Oct-17 8:37:11 AM	Info					Error library: The error library file path is empty.			0	
06-Oct-17 8:37:12 AM	Info					System Startup			0	
06-Oct-17 8:37:12 AM	Info	AccessoriesWizard				Dll loaded:    AccessoriesWizard.dll    6.0.0			0	
06-Oct-17 8:37:12 AM	Info	AccessoryManager				Dll loaded:    AccessoryManager.dll    2.0.0			0	
06-Oct-17 8:37:12 AM	Info	AgilentBenchBotController				Dll loaded:    AgilentBenchBotController.dll    1.21.4226			0	
06-Oct-17 8:37:12 AM	Info	ArgonShelfAccessoryDriver				Dll loaded:    ArgonShelfAccessoryDriver.dll    2.0.1			0	
06-Oct-17 8:37:12 AM	Info	BTILHCRunner				Dll loaded:    BTILHCRunner.dll    2.00.2			0	
06-Oct-17 8:37:12 AM	Info	ContextHelp				Dll loaded:    ContextHelp.dll    3.0.0			0	
06-Oct-17 8:37:12 AM	Info	DDRStringTable				Dll loaded:    DDRStringTable.dll    1.2.14			0	
06-Oct-17 8:37:12 AM	Info	DeviceEnumerator				Dll loaded:    DeviceEnumerator.dll    9.0.0			0	
06-Oct-17 8:37:12 AM	Info	EchoAppHelper				Dll loaded:    EchoAppHelper.dll    1.0.0			0	
06-Oct-17 8:37:12 AM	Info	ErrorLibrary				Dll loaded:    ErrorLibrary.dll    2.0.1			0	
06-Oct-17 8:37:12 AM	Info	EvaporatorAccessoryDriver				Dll loaded:    EvaporatorAccessoryDriver.dll    9.0.0			0	
06-Oct-17 8:37:12 AM	Info	GuidanceDiscovery				Dll loaded:    GuidanceDiscovery.dll    2.0.0			0	
06-Oct-17 8:37:12 AM	Info	Host				Dll loaded:    Host.dll    1.0.4226			0	
06-Oct-17 8:37:12 AM	Info	ImportExport				Dll loaded:    ImportExport.dll    2.0.0			0	
06-Oct-17 8:37:12 AM	Info	InhecoMTCdll				Dll loaded:    InhecoMTCdll.dll    1.2.4			0	
06-Oct-17 8:37:12 AM	Info	InhecoShakeandHeatAccessoryDriver				Dll loaded:    InhecoShakeandHeatAccessoryDriver.dll    1.0.0			0	
06-Oct-17 8:37:12 AM	Info	IWorksAccessory				Dll loaded:    IWorksAccessory.dll    8.0.1			0	
06-Oct-17 8:37:12 AM	Info	js32				Dll loaded:    js32.dll    Unknown.0.0			0	
06-Oct-17 8:37:12 AM	Info	LabelDesigner				Dll loaded:    LabelDesigner.dll    5.0.7			0	
06-Oct-17 8:37:12 AM	Info	LabelerHardware				Dll loaded:    LabelerHardware.dll    14.0.23			0	
06-Oct-17 8:37:12 AM	Info	libnspr4				Dll loaded:    libnspr4.dll    4.1.0			0	
06-Oct-17 8:37:12 AM	Info	LidHotelAccessoryDriver				Dll loaded:    LidHotelAccessoryDriver.dll    8.0.0			0	
06-Oct-17 8:37:12 AM	Info	lm				Dll loaded:    lm.dll    3.0.0			0	
06-Oct-17 8:37:12 AM	Info	Loader				Dll loaded:    Loader.dll    1.0.4226			0	
06-Oct-17 8:37:12 AM	Info	MagBeadAccessoryDriver				Dll loaded:    MagBeadAccessoryDriver.dll    8.0.0			0	
06-Oct-17 8:37:12 AM	Info	MetaDataPropertyManager				Dll loaded:    MetaDataPropertyManager.dll    13.0.0			0	
06-Oct-17 8:37:12 AM	Info	mfc71				Dll loaded:    mfc71.dll    7.10.3077			0	
06-Oct-17 8:37:12 AM	Info	mfc71u				Dll loaded:    mfc71u.dll    7.10.3077			0	
06-Oct-17 8:37:12 AM	Info	MicroPierceInterface				Dll loaded:    MicroPierceInterface.dll    1.0.0			0	
06-Oct-17 8:37:12 AM	Info	MicroPierceWrapper				Dll loaded:    MicroPierceWrapper.dll    1.0.0			0	
06-Oct-17 8:37:12 AM	Info	MicroStirInterface				Dll loaded:    MicroStirInterface.dll    1.0.0			0	
06-Oct-17 8:37:12 AM	Info	MicroStirWrapper				Dll loaded:    MicroStirWrapper.dll    1.0.0			0	
06-Oct-17 8:37:12 AM	Info	msvcr71				Dll loaded:    msvcr71.dll    7.10.3052			0	
06-Oct-17 8:37:12 AM	Info	MTController				Dll loaded:    MTController.dll    5.0.0			0	
06-Oct-17 8:37:12 AM	Info	NestableTipBoxInsertAccessoryDriver				Dll loaded:    NestableTipBoxInsertAccessoryDriver.dll    2.0.0			0	
06-Oct-17 8:37:12 AM	Info	ObjectDatabase				Dll loaded:    ObjectDatabase.dll    4.0.0			0	
06-Oct-17 8:37:12 AM	Info	ObjectManager				Dll loaded:    ObjectManager.dll    7.0.1			0	
06-Oct-17 8:37:12 AM	Info	PackardFusionRemoteConnectorOCX				Dll loaded:    PackardFusionRemoteConnectorOCX.dll    4.0.0			0	
06-Oct-17 8:37:12 AM	Info	PackardFusionRemoteControlPlugIn				Dll loaded:    PackardFusionRemoteControlPlugIn.dll    4.0.0			0	
06-Oct-17 8:37:12 AM	Info	PackardFusionRemoteControlWrapperDLL				Dll loaded:    PackardFusionRemoteControlWrapperDLL.dll    4.0.0			0	
06-Oct-17 8:37:12 AM	Info	PicServoExtDll				Dll loaded:    PicServoExtDll.dll    10.0.0			0	
06-Oct-17 8:37:12 AM	Info	PipetteHeadMode				Dll loaded:    PipetteHeadMode.dll    2.0.0			0	
06-Oct-17 8:37:12 AM	Info	PipetteTechniqueEditor				Dll loaded:    PipetteTechniqueEditor.dll    3.0.0			0	
06-Oct-17 8:37:12 AM	Info	PlateMapDatabase				Dll loaded:    PlateMapDatabase.dll    17.0.1			0	
06-Oct-17 8:37:12 AM	Info	ProfileChangeLog				Dll loaded:    ProfileChangeLog.dll    2.0.0			0	
06-Oct-17 8:37:12 AM	Info	ProfileManager				Dll loaded:    ProfileManager.dll    10.0.1			0	
06-Oct-17 8:37:12 AM	Info	ProfSkin284m				Dll loaded:    ProfSkin284m.dll    2.8.4			0	
06-Oct-17 8:37:12 AM	Info	ProfUIS284m				Dll loaded:    ProfUIS284m.dll    2.8.4			0	
06-Oct-17 8:37:12 AM	Info	ProfUisProfileManager				Dll loaded:    ProfUisProfileManager.dll    10.0.0			0	
06-Oct-17 8:37:12 AM	Info	SciLexer				Dll loaded:    SciLexer.dll    1.71.0			0	
06-Oct-17 8:37:12 AM	Info	SerialDilution				Dll loaded:    SerialDilution.dll    13.0.0			0	
06-Oct-17 8:37:12 AM	Info	SSIdll				Dll loaded:    SSIdll.dll    Unknown.0.0			0	
06-Oct-17 8:37:12 AM	Info	TeleshakeAccessoryDriver				Dll loaded:    TeleshakeAccessoryDriver.dll    9.0.2			0	
06-Oct-17 8:37:12 AM	Info	TipPosition				Dll loaded:    TipPosition.dll    3.0.0			0	
06-Oct-17 8:37:12 AM	Info	TipTracking				Dll loaded:    TipTracking.dll    3.0.0			0	
06-Oct-17 8:37:12 AM	Info	tmlcomm				Dll loaded:    tmlcomm.dll    3.2.2			0	
06-Oct-17 8:37:12 AM	Info	TML_lib				Dll loaded:    TML_lib.dll    2.0.1			0	
06-Oct-17 8:37:12 AM	Info	Toolbox				Dll loaded:    Toolbox.dll    1.0.4226			0	
06-Oct-17 8:37:12 AM	Info	V11DeviceDriver				Dll loaded:    V11DeviceDriver.dll    11.0.0			0	
06-Oct-17 8:37:12 AM	Info	V11FieldComposer				Dll loaded:    V11FieldComposer.dll    4.0.0			0	
06-Oct-17 8:37:12 AM	Info	V11GanttChart				Dll loaded:    V11GanttChart.dll    2.0.1			0	
06-Oct-17 8:37:12 AM	Info	V11Labware				Dll loaded:    V11Labware.dll    25.0.14			0	
06-Oct-17 8:37:12 AM	Info	V11Liquids				Dll loaded:    V11Liquids.dll    9.0.0			0	
06-Oct-17 8:37:12 AM	Info	V11Migrator				Dll loaded:    V11Migrator.dll    2.0.3			0	
06-Oct-17 8:37:12 AM	Info	V11PipettingFormatWizard				Dll loaded:    V11PipettingFormatWizard.dll    2.0.0			0	
06-Oct-17 8:37:12 AM	Info	V11PumpAccessoryDriver				Dll loaded:    V11PumpAccessoryDriver.dll    3.0.2			0	
06-Oct-17 8:37:12 AM	Info	V11SharedClasses				Dll loaded:    V11SharedClasses.dll    1.1.0			0	
06-Oct-17 8:37:12 AM	Info	V11WellSelect				Dll loaded:    V11WellSelect.dll    8.0.0			0	
06-Oct-17 8:37:12 AM	Info	V11WellVolumeVisualizer				Dll loaded:    V11WellVolumeVisualizer.dll    6.0.0			0	
06-Oct-17 8:37:12 AM	Info	V11Wizard				Dll loaded:    V11Wizard.dll    2.0.0			0	
06-Oct-17 8:37:12 AM	Info	VacuumFiltrationAccessoryDriver				Dll loaded:    VacuumFiltrationAccessoryDriver.dll    10.0.1			0	
06-Oct-17 8:37:12 AM	Info	VacuumLocatingStationDriver				Dll loaded:    VacuumLocatingStationDriver.dll    7.0.0			0	
06-Oct-17 8:37:12 AM	Info	VacuumShelfAccessoryDriver				Dll loaded:    VacuumShelfAccessoryDriver.dll    2.0.2			0	
06-Oct-17 8:37:12 AM	Info	VHookInterface				Dll loaded:    VHookInterface.dll    7.0.0			0	
06-Oct-17 8:37:12 AM	Info	VWorks4COM				Dll loaded:    VWorks4COM.dll    4.0.0			0	
06-Oct-17 8:37:12 AM	Info	VWorks4Defs				Dll loaded:    VWorks4Defs.dll    6.0.3			0	
06-Oct-17 8:37:12 AM	Info	VWorks4DeviceManager				Dll loaded:    VWorks4DeviceManager.dll    4.0.0			0	
06-Oct-17 8:37:12 AM	Info	VWorks4EmailDaemon				Dll loaded:    VWorks4EmailDaemon.dll    3.0.0			0	
06-Oct-17 8:37:12 AM	Info	VWorks4FormManager				Dll loaded:    VWorks4FormManager.dll    1.0.0			0	
06-Oct-17 8:37:12 AM	Info	VWorks4GUI				Dll loaded:    VWorks4GUI.dll    3.0.0			0	
06-Oct-17 8:37:12 AM	Info	VWorks4GUIFramework				Dll loaded:    VWorks4GUIFramework.dll    3.0.1			0	
06-Oct-17 8:37:12 AM	Info	VWorks4Hooks				Dll loaded:    VWorks4Hooks.dll    3.0.0			0	
06-Oct-17 8:37:12 AM	Info	VWorks4LabelDesigner				Dll loaded:    VWorks4LabelDesigner.dll    3.0.0			0	
06-Oct-17 8:37:12 AM	Info	VWorks4Logger				Dll loaded:    VWorks4Logger.dll    4.0.0			0	
06-Oct-17 8:37:12 AM	Info	VWorks4MacroLibrary				Dll loaded:    VWorks4MacroLibrary.dll    1.0.0			0	
06-Oct-17 8:37:12 AM	Info	VWorks4Progress				Dll loaded:    VWorks4Progress.dll    3.0.0			0	
06-Oct-17 8:37:12 AM	Info	VWorks4ProtocolEditor				Dll loaded:    VWorks4ProtocolEditor.dll    4.0.0			0	
06-Oct-17 8:37:12 AM	Info	VWorks4Security				Dll loaded:    VWorks4Security.dll    3.0.0			0	
06-Oct-17 8:37:12 AM	Info	VWorks4UserDatabase				Dll loaded:    VWorks4UserDatabase.dll    3.0.0			0	
06-Oct-17 8:37:12 AM	Info	VWorks4UserManager				Dll loaded:    VWorks4UserManager.dll    3.0.0			0	
06-Oct-17 8:37:12 AM	Info	WeighPadAccessoryDriver				Dll loaded:    WeighPadAccessoryDriver.dll    2.0.0			0	
06-Oct-17 8:37:12 AM	Info	Agilent BenchCel				Plugin loaded from cache:   AgilentBenchCel.dll   20.1.2			0	
06-Oct-17 8:37:13 AM	Info	Agilent Bravo				Plugin loaded from cache:   AgilentBravo.dll   17.1.0			0	
06-Oct-17 8:37:13 AM	Info	Agilent Generic I/O Module				Plugin loaded from cache:   AgilentGenericIO.dll   5.0.0			0	
06-Oct-17 8:37:13 AM	Info	Agilent Labware MiniHub				Plugin loaded from cache:   AgilentLabwareMiniHub.dll   1.0.3			0	
06-Oct-17 8:37:13 AM	Info	Agilent Phantom Robot				Plugin loaded from cache:   AgilentPhantomRobot.dll   9.0.5			0	
06-Oct-17 8:37:13 AM	Info	Agilent Phantom Stacker				Plugin loaded from cache:   AgilentPhantomStacker.dll   2.0.1			0	
06-Oct-17 8:37:13 AM	Info	Agilent Plate Hotel				Plugin loaded from cache:   AgilentPlateHotel.dll   1.0.3			0	
06-Oct-17 8:37:13 AM	Info	Agilent Plate Hub Carousel				Plugin loaded from cache:   AgilentPlateHubCarousel.dll   8.0.1			0	
06-Oct-17 8:37:13 AM	Info	Waste Bin				Plugin loaded from cache:   AgilentWasteBin.dll   3.0.0			0	
06-Oct-17 8:37:13 AM	Info	Agilent Weigh Pad				Plugin loaded from cache:   AgilentWeighPad.dll   8.0.0			0	
06-Oct-17 8:37:14 AM	Info	Keyence Barcode Reader				Plugin loaded from cache:   KeyenceBarcodeReader.dll   6.0.0			0	
06-Oct-17 8:37:14 AM	Info	Plate Pad, Standard				Plugin loaded from cache:   PlatePad.dll   6.0.0			0	
06-Oct-17 8:37:37 AM	Info					administrator logged in			1	
06-Oct-17 8:37:43 AM	Info					File loaded		C:\VWorks Workspace\Forms\SCELSE\TruSeqPCRFree_Nano.VWForm	1	
06-Oct-17 8:38:01 AM	Info					File loaded		C:\VWorks Workspace\Forms\SCELSE\TruSeqPCRFree_Nano\TruSeqPCRFree_Nano.VWForm	1	
06-Oct-17 8:38:12 AM	Script					Initializing scripting engine...			1	
06-Oct-17 8:38:13 AM	Script					Fri Oct 06 2017 08:38:12 GMT+0800 (Malay Peninsula Standard Time)			1	
06-Oct-17 8:38:13 AM	Script					var plate_type = "96 ABI PCR half skirt in black carrier";		C:\VWorks Workspace\Forms\SCELSE\TruSeqPCRFree_Nano\TruSeqPCRFree_Nano.VWForm	1	
06-Oct-17 8:38:13 AM	Script					var DNA_source = 0;		C:\VWorks Workspace\Forms\SCELSE\TruSeqPCRFree_Nano\TruSeqPCRFree_Nano.VWForm	1	
06-Oct-17 8:38:13 AM	Script					var protocol_testing = 0;		C:\VWorks Workspace\Forms\SCELSE\TruSeqPCRFree_Nano\TruSeqPCRFree_Nano.VWForm	1	
06-Oct-17 8:38:13 AM	Script					var BasePair = 57;		C:\VWorks Workspace\Forms\SCELSE\TruSeqPCRFree_Nano\TruSeqPCRFree_Nano.VWForm	1	
06-Oct-17 8:38:13 AM	Script					var formProtocolName = "TruSeqPCRFree_Nano_runset.rst";		C:\VWorks Workspace\Forms\SCELSE\TruSeqPCRFree_Nano\TruSeqPCRFree_Nano.VWForm	1	
06-Oct-17 8:38:13 AM	Script					var columns_samples = 6;		C:\VWorks Workspace\Forms\SCELSE\TruSeqPCRFree_Nano\TruSeqPCRFree_Nano.VWForm	1	
06-Oct-17 8:38:13 AM	Script					Number of Columns selected is 6			1	
06-Oct-17 8:38:13 AM	Script					Case: 6 Columns			1	
06-Oct-17 9:13:12 AM	Script					var plate_type = "96 ABI PCR half skirt in black carrier";		C:\VWorks Workspace\Forms\SCELSE\TruSeqPCRFree_Nano\TruSeqPCRFree_Nano.VWForm	1	
06-Oct-17 9:13:12 AM	Script					var DNA_source = 0;		C:\VWorks Workspace\Forms\SCELSE\TruSeqPCRFree_Nano\TruSeqPCRFree_Nano.VWForm	1	
06-Oct-17 9:13:12 AM	Script					var protocol_testing = 0;		C:\VWorks Workspace\Forms\SCELSE\TruSeqPCRFree_Nano\TruSeqPCRFree_Nano.VWForm	1	
06-Oct-17 9:13:12 AM	Script					var BasePair = 57;		C:\VWorks Workspace\Forms\SCELSE\TruSeqPCRFree_Nano\TruSeqPCRFree_Nano.VWForm	1	
06-Oct-17 9:13:12 AM	Script					var formProtocolName = "TruSeqPCRFree_Nano_runset.rst";		C:\VWorks Workspace\Forms\SCELSE\TruSeqPCRFree_Nano\TruSeqPCRFree_Nano.VWForm	1	
06-Oct-17 9:13:12 AM	Script					var columns_samples = 6;		C:\VWorks Workspace\Forms\SCELSE\TruSeqPCRFree_Nano\TruSeqPCRFree_Nano.VWForm	1	
06-Oct-17 9:13:13 AM	Script					Number of Columns selected is 6			1	
06-Oct-17 9:13:13 AM	Script					Case: 6 Columns			1	
06-Oct-17 9:13:25 AM	Info					Simulation mode toggled on			1	
06-Oct-17 9:13:36 AM	Script					var plate_type = "96 ABI PCR half skirt in black carrier";		C:\VWorks Workspace\Forms\SCELSE\TruSeqPCRFree_Nano\TruSeqPCRFree_Nano.VWForm	1	
06-Oct-17 9:13:36 AM	Script					var DNA_source = 0;		C:\VWorks Workspace\Forms\SCELSE\TruSeqPCRFree_Nano\TruSeqPCRFree_Nano.VWForm	1	
06-Oct-17 9:13:36 AM	Script					var protocol_testing = 0;		C:\VWorks Workspace\Forms\SCELSE\TruSeqPCRFree_Nano\TruSeqPCRFree_Nano.VWForm	1	
06-Oct-17 9:13:36 AM	Script					var BasePair = 57;		C:\VWorks Workspace\Forms\SCELSE\TruSeqPCRFree_Nano\TruSeqPCRFree_Nano.VWForm	1	
06-Oct-17 9:13:36 AM	Script					var formProtocolName = "TruSeqPCRFree_Nano_runset.rst";		C:\VWorks Workspace\Forms\SCELSE\TruSeqPCRFree_Nano\TruSeqPCRFree_Nano.VWForm	1	
06-Oct-17 9:13:36 AM	Script					var columns_samples = 6;		C:\VWorks Workspace\Forms\SCELSE\TruSeqPCRFree_Nano\TruSeqPCRFree_Nano.VWForm	1	
06-Oct-17 9:13:36 AM	Script					Clearing Plate Inventory			1	
06-Oct-17 9:13:37 AM	Script					Clearing Runset			1	
06-Oct-17 9:13:37 AM	Script					Starting runset : TruSeqPCRFree_Nano_runset.rst			1	
06-Oct-17 9:13:37 AM	Info					Runset Manager: Added the run "C:\VWorks Workspace\Protocol Files\TruSeqPCRFree\7_AMPureXP_TruSeqPCRFree_DNArunset_v1.0.pro" to Runset Manager.			1	
06-Oct-17 9:13:37 AM	Info					Runset Manager: Added the run "C:\VWorks Workspace\Protocol Files\TruSeqPCRFree\8_EndRepair_TruSeqPCRFree_v1.0.pro" to Runset Manager.			1	
06-Oct-17 9:13:37 AM	Info					Runset Manager: Added the run "C:\VWorks Workspace\Protocol Files\TruSeqPCRFree\9_AMPureXP_TruSeqPCRFree_DNArunset_v1.0.pro" to Runset Manager.			1	
06-Oct-17 9:13:37 AM	Info					Runset Manager: Added the run "C:\VWorks Workspace\Protocol Files\TruSeqPCRFree\10_A-Tailing_TruSeqPCRFree_v1.0.pro" to Runset Manager.			1	
06-Oct-17 9:13:37 AM	Info					Runset Manager: Added the run "C:\VWorks Workspace\Protocol Files\TruSeqPCRFree\11_AdapterLigation_TruSeqPCRFree_v1.0.pro" to Runset Manager.			1	
06-Oct-17 9:13:37 AM	Info					Runset Manager: Added the run "C:\VWorks Workspace\Protocol Files\TruSeqPCRFree\12_StopLigation_TruSeqPCRFree_v1.0.pro" to Runset Manager.			1	
06-Oct-17 9:13:37 AM	Info					Runset Manager: Added the run "C:\VWorks Workspace\Protocol Files\TruSeqPCRFree\13_AMPureXP_TruSeqPCRFree_runset_v1.0.pro" to Runset Manager.			1	
06-Oct-17 9:13:37 AM	Info					Runset Manager: Added the run "C:\VWorks Workspace\Protocol Files\TruSeqPCRFree\14_AMPureXP_TruSeqPCRFree_runset_v1.0.pro" to Runset Manager.			1	
06-Oct-17 9:13:48 AM	Script					var plate_type = "ABI PCR half skirt in black carrier";		C:\VWorks Workspace\Forms\SCELSE\TruSeqPCRFree_Nano.VWForm	1	
06-Oct-17 9:13:48 AM	Script					var DNA_source = 0;		C:\VWorks Workspace\Forms\SCELSE\TruSeqPCRFree_Nano.VWForm	1	
06-Oct-17 9:13:48 AM	Script					var protocol_testing = 0;		C:\VWorks Workspace\Forms\SCELSE\TruSeqPCRFree_Nano.VWForm	1	
06-Oct-17 9:13:49 AM	Script					var BasePair = 57;		C:\VWorks Workspace\Forms\SCELSE\TruSeqPCRFree_Nano.VWForm	1	
06-Oct-17 9:13:49 AM	Script					var formProtocolName = "TruSeqPCRFree_Nano_runset.rst";		C:\VWorks Workspace\Forms\SCELSE\TruSeqPCRFree_Nano.VWForm	1	
06-Oct-17 9:13:49 AM	Script					var columns_samples = 1;		C:\VWorks Workspace\Forms\SCELSE\TruSeqPCRFree_Nano.VWForm	1	
06-Oct-17 9:13:49 AM	Script					Number of Columns selected is 1			1	
06-Oct-17 9:13:49 AM	Script					Case: 1 Columns			1	
06-Oct-17 9:13:49 AM	Script					var plate_type = "ABI PCR half skirt in black carrier";		C:\VWorks Workspace\Forms\SCELSE\TruSeqPCRFree_Nano.VWForm	1	
06-Oct-17 9:13:50 AM	Script					var DNA_source = 0;		C:\VWorks Workspace\Forms\SCELSE\TruSeqPCRFree_Nano.VWForm	1	
06-Oct-17 9:13:50 AM	Script					var protocol_testing = 0;		C:\VWorks Workspace\Forms\SCELSE\TruSeqPCRFree_Nano.VWForm	1	
06-Oct-17 9:13:50 AM	Script					var BasePair = 57;		C:\VWorks Workspace\Forms\SCELSE\TruSeqPCRFree_Nano.VWForm	1	
06-Oct-17 9:13:50 AM	Script					var formProtocolName = "TruSeqPCRFree_Nano_runset.rst";		C:\VWorks Workspace\Forms\SCELSE\TruSeqPCRFree_Nano.VWForm	1	
06-Oct-17 9:13:50 AM	Script					var columns_samples = 1;		C:\VWorks Workspace\Forms\SCELSE\TruSeqPCRFree_Nano.VWForm	1	
06-Oct-17 9:13:50 AM	Script					Clearing Plate Inventory			1	
06-Oct-17 9:13:50 AM	Info					Runset Manager: Deleted the run "C:\VWorks Workspace\Protocol Files\TruSeqPCRFree\7_AMPureXP_TruSeqPCRFree_DNArunset_v1.0.pro" from Runset Manager.			1	
06-Oct-17 9:13:50 AM	Info					Runset Manager: Deleted the run "C:\VWorks Workspace\Protocol Files\TruSeqPCRFree\8_EndRepair_TruSeqPCRFree_v1.0.pro" from Runset Manager.			1	
06-Oct-17 9:13:51 AM	Info					Runset Manager: Deleted the run "C:\VWorks Workspace\Protocol Files\TruSeqPCRFree\9_AMPureXP_TruSeqPCRFree_DNArunset_v1.0.pro" from Runset Manager.			1	
06-Oct-17 9:13:51 AM	Info					Runset Manager: Deleted the run "C:\VWorks Workspace\Protocol Files\TruSeqPCRFree\10_A-Tailing_TruSeqPCRFree_v1.0.pro" from Runset Manager.			1	
06-Oct-17 9:13:51 AM	Info					Runset Manager: Deleted the run "C:\VWorks Workspace\Protocol Files\TruSeqPCRFree\11_AdapterLigation_TruSeqPCRFree_v1.0.pro" from Runset Manager.			1	
06-Oct-17 9:13:51 AM	Info					Runset Manager: Deleted the run "C:\VWorks Workspace\Protocol Files\TruSeqPCRFree\12_StopLigation_TruSeqPCRFree_v1.0.pro" from Runset Manager.			1	
06-Oct-17 9:13:51 AM	Info					Runset Manager: Deleted the run "C:\VWorks Workspace\Protocol Files\TruSeqPCRFree\13_AMPureXP_TruSeqPCRFree_runset_v1.0.pro" from Runset Manager.			1	
06-Oct-17 9:13:51 AM	Info					Runset Manager: Deleted the run "C:\VWorks Workspace\Protocol Files\TruSeqPCRFree\14_AMPureXP_TruSeqPCRFree_runset_v1.0.pro" from Runset Manager.			1	
06-Oct-17 9:13:51 AM	Script					Clearing Runset			1	
06-Oct-17 9:13:51 AM	Script					Starting runset : TruSeqPCRFree_Nano_runset.rst			1	
06-Oct-17 9:13:51 AM	Info					Runset Manager: Added the run "C:\VWorks Workspace\Protocol Files\TruSeqPCRFree\7_AMPureXP_TruSeqPCRFree_DNArunset_v1.0.pro" to Runset Manager.			1	
06-Oct-17 9:13:51 AM	Info					Runset Manager: Added the run "C:\VWorks Workspace\Protocol Files\TruSeqPCRFree\8_EndRepair_TruSeqPCRFree_v1.0.pro" to Runset Manager.			1	
06-Oct-17 9:13:51 AM	Info					Runset Manager: Added the run "C:\VWorks Workspace\Protocol Files\TruSeqPCRFree\9_AMPureXP_TruSeqPCRFree_DNArunset_v1.0.pro" to Runset Manager.			1	
06-Oct-17 9:13:51 AM	Info					Runset Manager: Added the run "C:\VWorks Workspace\Protocol Files\TruSeqPCRFree\10_A-Tailing_TruSeqPCRFree_v1.0.pro" to Runset Manager.			1	
06-Oct-17 9:13:51 AM	Info					Runset Manager: Added the run "C:\VWorks Workspace\Protocol Files\TruSeqPCRFree\11_AdapterLigation_TruSeqPCRFree_v1.0.pro" to Runset Manager.			1	
06-Oct-17 9:13:51 AM	Info					Runset Manager: Added the run "C:\VWorks Workspace\Protocol Files\TruSeqPCRFree\12_StopLigation_TruSeqPCRFree_v1.0.pro" to Runset Manager.			1	
06-Oct-17 9:13:51 AM	Info					Runset Manager: Added the run "C:\VWorks Workspace\Protocol Files\TruSeqPCRFree\13_AMPureXP_TruSeqPCRFree_runset_v1.0.pro" to Runset Manager.			1	
06-Oct-17 9:13:51 AM	Info					Runset Manager: Added the run "C:\VWorks Workspace\Protocol Files\TruSeqPCRFree\14_AMPureXP_TruSeqPCRFree_runset_v1.0.pro" to Runset Manager.			1	
06-Oct-17 9:14:41 AM	Info					Simulation mode toggled off			1	
06-Oct-17 9:14:56 AM	Info					File unloaded		C:\VWorks Workspace\Forms\SCELSE\TruSeqPCRFree_Nano.VWForm	1	
06-Oct-17 9:14:58 AM	Info					File unloaded		C:\VWorks Workspace\Forms\SCELSE\TruSeqPCRFree_Nano\TruSeqPCRFree_Nano.VWForm	1	
06-Oct-17 9:14:58 AM	Info					administrator logged out. Session 1 closed			1	
06-Oct-17 9:14:58 AM	Info					System Shutdown			0	
