21-Sep-17 9:58:56 AM	Info					Simulation mode toggled on			0	
21-Sep-17 9:58:56 AM	Info					Error library: The error library file path is empty.			0	
21-Sep-17 9:58:56 AM	Info					System Startup			0	
21-Sep-17 9:58:56 AM	Info	AccessoriesWizard				Dll loaded:    AccessoriesWizard.dll    6.0.0			0	
21-Sep-17 9:58:56 AM	Info	AccessoryManager				Dll loaded:    AccessoryManager.dll    2.0.0			0	
21-Sep-17 9:58:56 AM	Info	AgilentBenchBotController				Dll loaded:    AgilentBenchBotController.dll    1.21.4226			0	
21-Sep-17 9:58:56 AM	Info	ArgonShelfAccessoryDriver				Dll loaded:    ArgonShelfAccessoryDriver.dll    2.0.1			0	
21-Sep-17 9:58:56 AM	Info	BTILHCRunner				Dll loaded:    BTILHCRunner.dll    2.00.2			0	
21-Sep-17 9:58:56 AM	Info	ContextHelp				Dll loaded:    ContextHelp.dll    3.0.0			0	
21-Sep-17 9:58:56 AM	Info	DDRStringTable				Dll loaded:    DDRStringTable.dll    1.2.14			0	
21-Sep-17 9:58:56 AM	Info	DeviceEnumerator				Dll loaded:    DeviceEnumerator.dll    9.0.0			0	
21-Sep-17 9:58:56 AM	Info	EchoAppHelper				Dll loaded:    EchoAppHelper.dll    1.0.0			0	
21-Sep-17 9:58:56 AM	Info	ErrorLibrary				Dll loaded:    ErrorLibrary.dll    2.0.1			0	
21-Sep-17 9:58:56 AM	Info	EvaporatorAccessoryDriver				Dll loaded:    EvaporatorAccessoryDriver.dll    9.0.0			0	
21-Sep-17 9:58:56 AM	Info	GuidanceDiscovery				Dll loaded:    GuidanceDiscovery.dll    2.0.0			0	
21-Sep-17 9:58:56 AM	Info	Host				Dll loaded:    Host.dll    1.0.4226			0	
21-Sep-17 9:58:56 AM	Info	ImportExport				Dll loaded:    ImportExport.dll    2.0.0			0	
21-Sep-17 9:58:56 AM	Info	InhecoMTCdll				Dll loaded:    InhecoMTCdll.dll    1.2.4			0	
21-Sep-17 9:58:56 AM	Info	InhecoShakeandHeatAccessoryDriver				Dll loaded:    InhecoShakeandHeatAccessoryDriver.dll    1.0.0			0	
21-Sep-17 9:58:56 AM	Info	IWorksAccessory				Dll loaded:    IWorksAccessory.dll    8.0.1			0	
21-Sep-17 9:58:56 AM	Info	js32				Dll loaded:    js32.dll    Unknown.0.0			0	
21-Sep-17 9:58:56 AM	Info	LabelDesigner				Dll loaded:    LabelDesigner.dll    5.0.7			0	
21-Sep-17 9:58:56 AM	Info	LabelerHardware				Dll loaded:    LabelerHardware.dll    14.0.23			0	
21-Sep-17 9:58:56 AM	Info	libnspr4				Dll loaded:    libnspr4.dll    4.1.0			0	
21-Sep-17 9:58:56 AM	Info	LidHotelAccessoryDriver				Dll loaded:    LidHotelAccessoryDriver.dll    8.0.0			0	
21-Sep-17 9:58:56 AM	Info	lm				Dll loaded:    lm.dll    3.0.0			0	
21-Sep-17 9:58:56 AM	Info	Loader				Dll loaded:    Loader.dll    1.0.4226			0	
21-Sep-17 9:58:56 AM	Info	MagBeadAccessoryDriver				Dll loaded:    MagBeadAccessoryDriver.dll    8.0.0			0	
21-Sep-17 9:58:56 AM	Info	MetaDataPropertyManager				Dll loaded:    MetaDataPropertyManager.dll    13.0.0			0	
21-Sep-17 9:58:56 AM	Info	mfc71				Dll loaded:    mfc71.dll    7.10.3077			0	
21-Sep-17 9:58:56 AM	Info	mfc71u				Dll loaded:    mfc71u.dll    7.10.3077			0	
21-Sep-17 9:58:56 AM	Info	MicroPierceInterface				Dll loaded:    MicroPierceInterface.dll    1.0.0			0	
21-Sep-17 9:58:56 AM	Info	MicroPierceWrapper				Dll loaded:    MicroPierceWrapper.dll    1.0.0			0	
21-Sep-17 9:58:56 AM	Info	MicroStirInterface				Dll loaded:    MicroStirInterface.dll    1.0.0			0	
21-Sep-17 9:58:56 AM	Info	MicroStirWrapper				Dll loaded:    MicroStirWrapper.dll    1.0.0			0	
21-Sep-17 9:58:56 AM	Info	msvcr71				Dll loaded:    msvcr71.dll    7.10.3052			0	
21-Sep-17 9:58:56 AM	Info	MTController				Dll loaded:    MTController.dll    5.0.0			0	
21-Sep-17 9:58:56 AM	Info	NestableTipBoxInsertAccessoryDriver				Dll loaded:    NestableTipBoxInsertAccessoryDriver.dll    2.0.0			0	
21-Sep-17 9:58:56 AM	Info	ObjectDatabase				Dll loaded:    ObjectDatabase.dll    4.0.0			0	
21-Sep-17 9:58:56 AM	Info	ObjectManager				Dll loaded:    ObjectManager.dll    7.0.1			0	
21-Sep-17 9:58:56 AM	Info	PackardFusionRemoteConnectorOCX				Dll loaded:    PackardFusionRemoteConnectorOCX.dll    4.0.0			0	
21-Sep-17 9:58:56 AM	Info	PackardFusionRemoteControlPlugIn				Dll loaded:    PackardFusionRemoteControlPlugIn.dll    4.0.0			0	
21-Sep-17 9:58:56 AM	Info	PackardFusionRemoteControlWrapperDLL				Dll loaded:    PackardFusionRemoteControlWrapperDLL.dll    4.0.0			0	
21-Sep-17 9:58:56 AM	Info	PicServoExtDll				Dll loaded:    PicServoExtDll.dll    10.0.0			0	
21-Sep-17 9:58:56 AM	Info	PipetteHeadMode				Dll loaded:    PipetteHeadMode.dll    2.0.0			0	
21-Sep-17 9:58:56 AM	Info	PipetteTechniqueEditor				Dll loaded:    PipetteTechniqueEditor.dll    3.0.0			0	
21-Sep-17 9:58:56 AM	Info	PlateMapDatabase				Dll loaded:    PlateMapDatabase.dll    17.0.1			0	
21-Sep-17 9:58:56 AM	Info	ProfileChangeLog				Dll loaded:    ProfileChangeLog.dll    2.0.0			0	
21-Sep-17 9:58:56 AM	Info	ProfileManager				Dll loaded:    ProfileManager.dll    10.0.1			0	
21-Sep-17 9:58:56 AM	Info	ProfSkin284m				Dll loaded:    ProfSkin284m.dll    2.8.4			0	
21-Sep-17 9:58:56 AM	Info	ProfUIS284m				Dll loaded:    ProfUIS284m.dll    2.8.4			0	
21-Sep-17 9:58:56 AM	Info	ProfUisProfileManager				Dll loaded:    ProfUisProfileManager.dll    10.0.0			0	
21-Sep-17 9:58:56 AM	Info	SciLexer				Dll loaded:    SciLexer.dll    1.71.0			0	
21-Sep-17 9:58:56 AM	Info	SerialDilution				Dll loaded:    SerialDilution.dll    13.0.0			0	
21-Sep-17 9:58:56 AM	Info	SSIdll				Dll loaded:    SSIdll.dll    Unknown.0.0			0	
21-Sep-17 9:58:56 AM	Info	TeleshakeAccessoryDriver				Dll loaded:    TeleshakeAccessoryDriver.dll    9.0.2			0	
21-Sep-17 9:58:56 AM	Info	TipPosition				Dll loaded:    TipPosition.dll    3.0.0			0	
21-Sep-17 9:58:56 AM	Info	TipTracking				Dll loaded:    TipTracking.dll    3.0.0			0	
21-Sep-17 9:58:56 AM	Info	tmlcomm				Dll loaded:    tmlcomm.dll    3.2.2			0	
21-Sep-17 9:58:56 AM	Info	TML_lib				Dll loaded:    TML_lib.dll    2.0.1			0	
21-Sep-17 9:58:56 AM	Info	Toolbox				Dll loaded:    Toolbox.dll    1.0.4226			0	
21-Sep-17 9:58:56 AM	Info	V11DeviceDriver				Dll loaded:    V11DeviceDriver.dll    11.0.0			0	
21-Sep-17 9:58:56 AM	Info	V11FieldComposer				Dll loaded:    V11FieldComposer.dll    4.0.0			0	
21-Sep-17 9:58:56 AM	Info	V11GanttChart				Dll loaded:    V11GanttChart.dll    2.0.1			0	
21-Sep-17 9:58:56 AM	Info	V11Labware				Dll loaded:    V11Labware.dll    25.0.14			0	
21-Sep-17 9:58:56 AM	Info	V11Liquids				Dll loaded:    V11Liquids.dll    9.0.0			0	
21-Sep-17 9:58:56 AM	Info	V11Migrator				Dll loaded:    V11Migrator.dll    2.0.3			0	
21-Sep-17 9:58:56 AM	Info	V11PipettingFormatWizard				Dll loaded:    V11PipettingFormatWizard.dll    2.0.0			0	
21-Sep-17 9:58:56 AM	Info	V11PumpAccessoryDriver				Dll loaded:    V11PumpAccessoryDriver.dll    3.0.2			0	
21-Sep-17 9:58:56 AM	Info	V11SharedClasses				Dll loaded:    V11SharedClasses.dll    1.1.0			0	
21-Sep-17 9:58:56 AM	Info	V11WellSelect				Dll loaded:    V11WellSelect.dll    8.0.0			0	
21-Sep-17 9:58:56 AM	Info	V11WellVolumeVisualizer				Dll loaded:    V11WellVolumeVisualizer.dll    6.0.0			0	
21-Sep-17 9:58:56 AM	Info	V11Wizard				Dll loaded:    V11Wizard.dll    2.0.0			0	
21-Sep-17 9:58:56 AM	Info	VacuumFiltrationAccessoryDriver				Dll loaded:    VacuumFiltrationAccessoryDriver.dll    10.0.1			0	
21-Sep-17 9:58:56 AM	Info	VacuumLocatingStationDriver				Dll loaded:    VacuumLocatingStationDriver.dll    7.0.0			0	
21-Sep-17 9:58:56 AM	Info	VacuumShelfAccessoryDriver				Dll loaded:    VacuumShelfAccessoryDriver.dll    2.0.2			0	
21-Sep-17 9:58:56 AM	Info	VHookInterface				Dll loaded:    VHookInterface.dll    7.0.0			0	
21-Sep-17 9:58:56 AM	Info	VWorks4COM				Dll loaded:    VWorks4COM.dll    4.0.0			0	
21-Sep-17 9:58:56 AM	Info	VWorks4Defs				Dll loaded:    VWorks4Defs.dll    6.0.3			0	
21-Sep-17 9:58:56 AM	Info	VWorks4DeviceManager				Dll loaded:    VWorks4DeviceManager.dll    4.0.0			0	
21-Sep-17 9:58:56 AM	Info	VWorks4EmailDaemon				Dll loaded:    VWorks4EmailDaemon.dll    3.0.0			0	
21-Sep-17 9:58:56 AM	Info	VWorks4FormManager				Dll loaded:    VWorks4FormManager.dll    1.0.0			0	
21-Sep-17 9:58:56 AM	Info	VWorks4GUI				Dll loaded:    VWorks4GUI.dll    3.0.0			0	
21-Sep-17 9:58:56 AM	Info	VWorks4GUIFramework				Dll loaded:    VWorks4GUIFramework.dll    3.0.1			0	
21-Sep-17 9:58:56 AM	Info	VWorks4Hooks				Dll loaded:    VWorks4Hooks.dll    3.0.0			0	
21-Sep-17 9:58:56 AM	Info	VWorks4LabelDesigner				Dll loaded:    VWorks4LabelDesigner.dll    3.0.0			0	
21-Sep-17 9:58:56 AM	Info	VWorks4Logger				Dll loaded:    VWorks4Logger.dll    4.0.0			0	
21-Sep-17 9:58:56 AM	Info	VWorks4MacroLibrary				Dll loaded:    VWorks4MacroLibrary.dll    1.0.0			0	
21-Sep-17 9:58:56 AM	Info	VWorks4Progress				Dll loaded:    VWorks4Progress.dll    3.0.0			0	
21-Sep-17 9:58:56 AM	Info	VWorks4ProtocolEditor				Dll loaded:    VWorks4ProtocolEditor.dll    4.0.0			0	
21-Sep-17 9:58:56 AM	Info	VWorks4Security				Dll loaded:    VWorks4Security.dll    3.0.0			0	
21-Sep-17 9:58:56 AM	Info	VWorks4UserDatabase				Dll loaded:    VWorks4UserDatabase.dll    3.0.0			0	
21-Sep-17 9:58:56 AM	Info	VWorks4UserManager				Dll loaded:    VWorks4UserManager.dll    3.0.0			0	
21-Sep-17 9:58:56 AM	Info	WeighPadAccessoryDriver				Dll loaded:    WeighPadAccessoryDriver.dll    2.0.0			0	
21-Sep-17 9:58:56 AM	Info	Agilent BenchCel				Plugin loaded from cache:   AgilentBenchCel.dll   20.1.2			0	
21-Sep-17 9:58:56 AM	Info	Agilent Bravo				Plugin loaded from cache:   AgilentBravo.dll   17.1.0			0	
21-Sep-17 9:58:57 AM	Info	Agilent Generic I/O Module				Plugin loaded from cache:   AgilentGenericIO.dll   5.0.0			0	
21-Sep-17 9:58:57 AM	Info	Agilent Labware MiniHub				Plugin loaded from cache:   AgilentLabwareMiniHub.dll   1.0.3			0	
21-Sep-17 9:58:57 AM	Info	Agilent Phantom Robot				Plugin loaded from cache:   AgilentPhantomRobot.dll   9.0.5			0	
21-Sep-17 9:58:57 AM	Info	Agilent Phantom Stacker				Plugin loaded from cache:   AgilentPhantomStacker.dll   2.0.1			0	
21-Sep-17 9:58:57 AM	Info	Agilent Plate Hotel				Plugin loaded from cache:   AgilentPlateHotel.dll   1.0.3			0	
21-Sep-17 9:58:57 AM	Info	Agilent Plate Hub Carousel				Plugin loaded from cache:   AgilentPlateHubCarousel.dll   8.0.1			0	
21-Sep-17 9:58:57 AM	Info	Waste Bin				Plugin loaded from cache:   AgilentWasteBin.dll   3.0.0			0	
21-Sep-17 9:58:57 AM	Info	Agilent Weigh Pad				Plugin loaded from cache:   AgilentWeighPad.dll   8.0.0			0	
21-Sep-17 9:58:57 AM	Info	Keyence Barcode Reader				Plugin loaded from cache:   KeyenceBarcodeReader.dll   6.0.0			0	
21-Sep-17 9:58:57 AM	Info	Plate Pad, Standard				Plugin loaded from cache:   PlatePad.dll   6.0.0			0	
21-Sep-17 9:59:15 AM	Info					administrator logged in			1	
21-Sep-17 9:59:23 AM	Info	Agilent Labware MiniHub				Plugin loaded:   AgilentLabwareMiniHub.dll   1.0.3			1	
21-Sep-17 9:59:24 AM	Info					Hooks plugin loaded:    AgilentBenchCel.dll			0	
21-Sep-17 9:59:24 AM	Info	Agilent BenchCel				Plugin loaded:   AgilentBenchCel.dll   20.1.2			1	
21-Sep-17 9:59:27 AM	Info					Hooks plugin loaded:    AgilentBravo.dll			0	
21-Sep-17 9:59:28 AM	Info	Agilent Bravo				Plugin loaded:   AgilentBravo.dll   17.1.0			1	
21-Sep-17 9:59:31 AM	Info					File loaded		C:\VWorks Workspace\Device Files\BravoMiniPHBenchCel_round_magnet_RED_insert.dev	1	
21-Sep-17 9:59:31 AM	Info					File loaded	7_Ligation2_Accel_NGS_2S_DNA_v1.0	C:\VWorks Workspace\Protocol Files\Accel_NGS_2S\7_Ligation2_Accel_NGS_2S_DNA_v1.0.pro	1	
21-Sep-17 9:59:56 AM	Script					Initializing scripting engine...			1	
21-Sep-17 9:59:56 AM	Script					Thu Sep 21 2017 09:59:56 GMT+0800 (Malay Peninsula Standard Time)			1	
21-Sep-17 10:05:26 AM	Info					Runset Manager: Added the run "C:\VWorks Workspace\Protocol Files\Accel_NGS_2S\1_RepairI_Accel_NGS_2S_DNA_v1.0.pro" to Runset Manager.			1	
21-Sep-17 10:05:26 AM	Info					Runset Manager: Added the run "C:\VWorks Workspace\Protocol Files\Accel_NGS_2S\2b_CleanUp1_Accel_NGS_2S_DNA_v1.0.pro" to Runset Manager.			1	
21-Sep-17 10:05:26 AM	Info					Runset Manager: Added the run "C:\VWorks Workspace\Protocol Files\Accel_NGS_2S\3_Repair2_Accel_NGS_2S_DNA_v1.0.pro" to Runset Manager.			1	
21-Sep-17 10:05:26 AM	Info					Runset Manager: Added the run "C:\VWorks Workspace\Protocol Files\Accel_NGS_2S\4_CleanUp2_Accel_NGS_2S_DNA_v1.0.pro" to Runset Manager.			1	
21-Sep-17 10:05:26 AM	Info					Runset Manager: Added the run "C:\VWorks Workspace\Protocol Files\Accel_NGS_2S\5b_Ligation1_Accel_NGS_2S_DNA_v1.0.pro" to Runset Manager.			1	
21-Sep-17 10:05:27 AM	Info					Runset Manager: Added the run "C:\VWorks Workspace\Protocol Files\Accel_NGS_2S\6_CleanUp3_Accel_NGS_2S_DNA_v1.0.pro" to Runset Manager.			1	
21-Sep-17 10:05:27 AM	Info					Runset Manager: Added the run "C:\VWorks Workspace\Protocol Files\Accel_NGS_2S\7_Ligation2_Accel_NGS_2S_DNA_v1.0.pro" to Runset Manager.			1	
21-Sep-17 10:05:27 AM	Info					Runset Manager: Added the run "C:\VWorks Workspace\Protocol Files\Accel_NGS_2S\8_CleanUp4_Accel_NGS_2S_DNA_v1.0.pro" to Runset Manager.			1	
21-Sep-17 10:05:27 AM	Info					Runset Manager: Added the run "C:\VWorks Workspace\Protocol Files\Accel_NGS_2S\9_PCRSetUp_Accel_NGS_2S_DNA_v1.0.pro" to Runset Manager.			1	
21-Sep-17 10:05:27 AM	Info					Runset Manager: Added the run "C:\VWorks Workspace\Protocol Files\Accel_NGS_2S\10b_CleanUp5_Accel_NGS_2S_DNA_v1.0.pro" to Runset Manager.			1	
21-Sep-17 10:07:16 AM	Info					Changed "protocol file" from "C:\VWorks Workspace\Protocol Files\Accel_NGS_2S\7_Ligation2_Accel_NGS_2S_DNA_v1.0.pro" to "C:\VWorks Workspace\Protocol Files\Accel_NGS_2S\Scratch\7_Ligation2_Accel_NGS_2S_DNA_v1.0.pro"			1	
21-Sep-17 10:07:16 AM	Info					File saved	7_Ligation2_Accel_NGS_2S_DNA_v1.0	C:\VWorks Workspace\Protocol Files\Accel_NGS_2S\Scratch\7_Ligation2_Accel_NGS_2S_DNA_v1.0.pro	1	
21-Sep-17 10:07:19 AM	Info					File unloaded		C:\VWorks Workspace\Protocol Files\Accel_NGS_2S\Scratch\7_Ligation2_Accel_NGS_2S_DNA_v1.0.pro	1	
21-Sep-17 10:07:19 AM	Info					File unloaded		C:\VWorks Workspace\Device Files\BravoMiniPHBenchCel_round_magnet_RED_insert.dev	1	
21-Sep-17 10:07:59 AM	Error					File C:\VWorks Workspace\Protocol Files\Accel_NGS_2S\Scratch\7_Ligation2_Accel_NGS_2S_DNA_v1.0.pro not found			1	
21-Sep-17 10:08:02 AM	Info					File unloaded		C:\VWorks Workspace\Protocol Files\Accel_NGS_2S\Scratch\7_Ligation2_Accel_NGS_2S_DNA_v1.0.pro	1	
21-Sep-17 10:08:11 AM	Info					File loaded		C:\VWorks Workspace\Device Files\BravoMiniPHBenchCel_round_magnet_RED_insert.dev	1	
21-Sep-17 10:08:11 AM	Info					File loaded	7_Ligation2_Accel_NGS_2S_DNA_v1.0_Test	C:\VWorks Workspace\Protocol Files\Accel_NGS_2S\Scratch\7_Ligation2_Accel_NGS_2S_DNA_v1.0_Test.pro	1	
21-Sep-17 10:16:22 AM	Info			Reaction Plate	3	Deleted task "SubProcess (Bravo)" from process "Reaction Plate"	7_Ligation2_Accel_NGS_2S_DNA_v1.0_Test	C:\VWorks Workspace\Protocol Files\Accel_NGS_2S\Scratch\7_Ligation2_Accel_NGS_2S_DNA_v1.0_Test.pro	1	
21-Sep-17 10:16:35 AM	Info			Reaction Plate	5	Added task "SubProcess (Bravo)" to process "Reaction Plate"	7_Ligation2_Accel_NGS_2S_DNA_v1.0_Test	C:\VWorks Workspace\Protocol Files\Accel_NGS_2S\Scratch\7_Ligation2_Accel_NGS_2S_DNA_v1.0_Test.pro	1	
21-Sep-17 10:21:48 AM	Info			Transfer DNA	11	Added task "JavaScript" to process "Transfer DNA"	7_Ligation2_Accel_NGS_2S_DNA_v1.0_Test	C:\VWorks Workspace\Protocol Files\Accel_NGS_2S\Scratch\7_Ligation2_Accel_NGS_2S_DNA_v1.0_Test.pro	1	
21-Sep-17 10:23:24 AM	Info			Transfer DNA	11	Changed "task JavaScript, script" from "<No script>" to "	7_Ligation2_Accel_NGS_2S_DNA_v1.0_Test	C:\VWorks Workspace\Protocol Files\Accel_NGS_2S\Scratch\7_Ligation2_Accel_NGS_2S_DNA_v1.0_Test.pro	1	
21-Sep-17 10:23:24 AM	Info			Transfer DNA	11	////Put the Rxn plate to DNA plate here.	7_Ligation2_Accel_NGS_2S_DNA_v1.0_Test	C:\VWorks Workspace\Protocol Files\Accel_NGS_2S\Scratch\7_Ligation2_Accel_NGS_2S_DNA_v1.0_Test.pro	1	
21-Sep-17 10:23:24 AM	Info			Transfer DNA	11	"	7_Ligation2_Accel_NGS_2S_DNA_v1.0_Test	C:\VWorks Workspace\Protocol Files\Accel_NGS_2S\Scratch\7_Ligation2_Accel_NGS_2S_DNA_v1.0_Test.pro	1	
21-Sep-17 10:44:42 AM	Info			Reaction Plate	5	Deleted task "SubProcess (Bravo)" from process "Reaction Plate"	7_Ligation2_Accel_NGS_2S_DNA_v1.0_Test	C:\VWorks Workspace\Protocol Files\Accel_NGS_2S\Scratch\7_Ligation2_Accel_NGS_2S_DNA_v1.0_Test.pro	1	
21-Sep-17 10:44:49 AM	Info			Reaction Plate	6	Added task "SubProcess (Bravo)" to process "Reaction Plate"	7_Ligation2_Accel_NGS_2S_DNA_v1.0_Test	C:\VWorks Workspace\Protocol Files\Accel_NGS_2S\Scratch\7_Ligation2_Accel_NGS_2S_DNA_v1.0_Test.pro	1	
21-Sep-17 10:45:16 AM	Info			Reaction Plate	3	Deleted task "Wait For" from process "Reaction Plate"	7_Ligation2_Accel_NGS_2S_DNA_v1.0_Test	C:\VWorks Workspace\Protocol Files\Accel_NGS_2S\Scratch\7_Ligation2_Accel_NGS_2S_DNA_v1.0_Test.pro	1	
21-Sep-17 10:45:53 AM	Info			Reaction Plate	7	Added task "Wait For" to process "Reaction Plate"	7_Ligation2_Accel_NGS_2S_DNA_v1.0_Test	C:\VWorks Workspace\Protocol Files\Accel_NGS_2S\Scratch\7_Ligation2_Accel_NGS_2S_DNA_v1.0_Test.pro	1	
21-Sep-17 10:46:14 AM	Info					Moved task within process	7_Ligation2_Accel_NGS_2S_DNA_v1.0_Test	C:\VWorks Workspace\Protocol Files\Accel_NGS_2S\Scratch\7_Ligation2_Accel_NGS_2S_DNA_v1.0_Test.pro	1	
21-Sep-17 10:51:41 AM	Info			MasterMix Tips	5	Deleted task "Signal" from process "MasterMix Tips"	7_Ligation2_Accel_NGS_2S_DNA_v1.0_Test	C:\VWorks Workspace\Protocol Files\Accel_NGS_2S\Scratch\7_Ligation2_Accel_NGS_2S_DNA_v1.0_Test.pro	1	
21-Sep-17 10:55:22 AM	Info			Reaction Plate	6	Added task "SubProcess (Bravo)" to process "Reaction Plate"	7_Ligation2_Accel_NGS_2S_DNA_v1.0_Test	C:\VWorks Workspace\Protocol Files\Accel_NGS_2S\Scratch\7_Ligation2_Accel_NGS_2S_DNA_v1.0_Test.pro	1	
21-Sep-17 10:55:43 AM	Info			Reaction Plate	5	Changed "task SubProcess (Bravo), parameter Sub-process name" from "Master Mix Addition" to "Prep"	7_Ligation2_Accel_NGS_2S_DNA_v1.0_Test	C:\VWorks Workspace\Protocol Files\Accel_NGS_2S\Scratch\7_Ligation2_Accel_NGS_2S_DNA_v1.0_Test.pro	1	
21-Sep-17 10:56:03 AM	Info			Reaction Plate	5	Changed "task SubProcess (Bravo), parameter Sub-process name" from "Prep" to "Prep MasterMix"	7_Ligation2_Accel_NGS_2S_DNA_v1.0_Test	C:\VWorks Workspace\Protocol Files\Accel_NGS_2S\Scratch\7_Ligation2_Accel_NGS_2S_DNA_v1.0_Test.pro	1	
21-Sep-17 10:57:12 AM	Info			Reaction Plate	6	Changed "task SubProcess (Bravo), parameter Sub-process name" from "Bravo SubProcess 19" to "Add MasterMix"	7_Ligation2_Accel_NGS_2S_DNA_v1.0_Test	C:\VWorks Workspace\Protocol Files\Accel_NGS_2S\Scratch\7_Ligation2_Accel_NGS_2S_DNA_v1.0_Test.pro	1	
21-Sep-17 11:28:31 AM	Info					administrator logged out. Session 1 closed			1	
21-Sep-17 1:29:10 PM	Info					administrator logged in			2	
21-Sep-17 1:29:20 PM	Info					File loaded		C:\VWorks Workspace\Forms\SCELSE\Accel_NGS_2S_DNA\Accel_NGS.VWForm	2	
21-Sep-17 1:29:30 PM	Script					var plate_type = "96 ABI PCR half skirt in black carrier";		C:\VWorks Workspace\Forms\SCELSE\Accel_NGS_2S_DNA\Accel_NGS.VWForm	2	
21-Sep-17 1:29:30 PM	Script					var DNA_source = 0;		C:\VWorks Workspace\Forms\SCELSE\Accel_NGS_2S_DNA\Accel_NGS.VWForm	2	
21-Sep-17 1:29:30 PM	Script					var protocol_testing = 0;		C:\VWorks Workspace\Forms\SCELSE\Accel_NGS_2S_DNA\Accel_NGS.VWForm	2	
21-Sep-17 1:29:30 PM	Script					var DNAconc = 1;		C:\VWorks Workspace\Forms\SCELSE\Accel_NGS_2S_DNA\Accel_NGS.VWForm	2	
21-Sep-17 1:29:30 PM	Script					var formProtocolName = "AirAmplicons_PCR1_CleanUp.pro";		C:\VWorks Workspace\Forms\SCELSE\Accel_NGS_2S_DNA\Accel_NGS.VWForm	2	
21-Sep-17 1:29:30 PM	Script					var columns_samples = 12;		C:\VWorks Workspace\Forms\SCELSE\Accel_NGS_2S_DNA\Accel_NGS.VWForm	2	
21-Sep-17 1:29:30 PM	Script					Number of Columns selected is 12			1	
21-Sep-17 1:29:30 PM	Script					Case: 12 Columns			1	
21-Sep-17 1:29:41 PM	Script					var plate_type = "96 ABI PCR half skirt in black carrier";		C:\VWorks Workspace\Forms\SCELSE\Accel_NGS_2S_DNA\Accel_NGS.VWForm	2	
21-Sep-17 1:29:41 PM	Script					var DNA_source = 0;		C:\VWorks Workspace\Forms\SCELSE\Accel_NGS_2S_DNA\Accel_NGS.VWForm	2	
21-Sep-17 1:29:41 PM	Script					var protocol_testing = 0;		C:\VWorks Workspace\Forms\SCELSE\Accel_NGS_2S_DNA\Accel_NGS.VWForm	2	
21-Sep-17 1:29:41 PM	Script					var DNAconc = 1;		C:\VWorks Workspace\Forms\SCELSE\Accel_NGS_2S_DNA\Accel_NGS.VWForm	2	
21-Sep-17 1:29:41 PM	Script					var formProtocolName = "Accel_Dual_Index_NGS_2SPlus_DNALibrary_Runset_v1.0.rst";		C:\VWorks Workspace\Forms\SCELSE\Accel_NGS_2S_DNA\Accel_NGS.VWForm	2	
21-Sep-17 1:29:41 PM	Script					var columns_samples = 12;		C:\VWorks Workspace\Forms\SCELSE\Accel_NGS_2S_DNA\Accel_NGS.VWForm	2	
21-Sep-17 1:29:42 PM	Script					Number of Columns selected is 12			1	
21-Sep-17 1:29:42 PM	Script					Case: 12 Columns			1	
21-Sep-17 2:02:01 PM	Info					administrator logged out. Session 2 closed			2	
21-Sep-17 3:23:55 PM	Info					administrator logged in			3	
21-Sep-17 3:25:01 PM	Info			Transfer DNA	11	Added task "Tips Off (Bravo)" to process "Transfer DNA"	7_Ligation2_Accel_NGS_2S_DNA_v1.0_Test	C:\VWorks Workspace\Protocol Files\Accel_NGS_2S\Scratch\7_Ligation2_Accel_NGS_2S_DNA_v1.0_Test.pro	3	
21-Sep-17 3:25:29 PM	Info			Transfer DNA	11	Changed "task Tips Off (Bravo), parameter Location, plate" to "DNA transfer tips"	7_Ligation2_Accel_NGS_2S_DNA_v1.0_Test	C:\VWorks Workspace\Protocol Files\Accel_NGS_2S\Scratch\7_Ligation2_Accel_NGS_2S_DNA_v1.0_Test.pro	3	
21-Sep-17 3:25:45 PM	Info			Transfer DNA	11	Changed "task Tips Off (Bravo), parameter Location, location" from "<auto-select>" to "7"	7_Ligation2_Accel_NGS_2S_DNA_v1.0_Test	C:\VWorks Workspace\Protocol Files\Accel_NGS_2S\Scratch\7_Ligation2_Accel_NGS_2S_DNA_v1.0_Test.pro	3	
21-Sep-17 3:26:57 PM	Info			Transfer DNA	11	Changed "task Tips Off (Bravo), script" from "<No script>" to "	7_Ligation2_Accel_NGS_2S_DNA_v1.0_Test	C:\VWorks Workspace\Protocol Files\Accel_NGS_2S\Scratch\7_Ligation2_Accel_NGS_2S_DNA_v1.0_Test.pro	3	
21-Sep-17 3:26:57 PM	Info			Transfer DNA	11	tips_on_loc = tips_on_loc - columns_samples	7_Ligation2_Accel_NGS_2S_DNA_v1.0_Test	C:\VWorks Workspace\Protocol Files\Accel_NGS_2S\Scratch\7_Ligation2_Accel_NGS_2S_DNA_v1.0_Test.pro	3	
21-Sep-17 3:26:57 PM	Info			Transfer DNA	11	task.Wellselection = [[ 1 , tips_on_loc ]]	7_Ligation2_Accel_NGS_2S_DNA_v1.0_Test	C:\VWorks Workspace\Protocol Files\Accel_NGS_2S\Scratch\7_Ligation2_Accel_NGS_2S_DNA_v1.0_Test.pro	3	
21-Sep-17 3:26:57 PM	Info			Transfer DNA	11	print("Pressing tips on at " + task.Wellselection)"	7_Ligation2_Accel_NGS_2S_DNA_v1.0_Test	C:\VWorks Workspace\Protocol Files\Accel_NGS_2S\Scratch\7_Ligation2_Accel_NGS_2S_DNA_v1.0_Test.pro	3	
21-Sep-17 3:27:29 PM	Info			Add MasterMix	1	Added task "Set Head Mode (Bravo)" to process "Add MasterMix"	7_Ligation2_Accel_NGS_2S_DNA_v1.0_Test	C:\VWorks Workspace\Protocol Files\Accel_NGS_2S\Scratch\7_Ligation2_Accel_NGS_2S_DNA_v1.0_Test.pro	3	
21-Sep-17 3:27:38 PM	Info			Add MasterMix	2	Added task "Tips On (Bravo)" to process "Add MasterMix"	7_Ligation2_Accel_NGS_2S_DNA_v1.0_Test	C:\VWorks Workspace\Protocol Files\Accel_NGS_2S\Scratch\7_Ligation2_Accel_NGS_2S_DNA_v1.0_Test.pro	3	
21-Sep-17 3:28:28 PM	Info			Add MasterMix	3	Added task "Tips On (Bravo)" to process "Add MasterMix"	7_Ligation2_Accel_NGS_2S_DNA_v1.0_Test	C:\VWorks Workspace\Protocol Files\Accel_NGS_2S\Scratch\7_Ligation2_Accel_NGS_2S_DNA_v1.0_Test.pro	3	
21-Sep-17 3:28:39 PM	Info			Add MasterMix	3	Deleted task "Tips On (Bravo)" from process "Add MasterMix"	7_Ligation2_Accel_NGS_2S_DNA_v1.0_Test	C:\VWorks Workspace\Protocol Files\Accel_NGS_2S\Scratch\7_Ligation2_Accel_NGS_2S_DNA_v1.0_Test.pro	3	
21-Sep-17 3:29:49 PM	Info			Used MasterMix tips	4	Added task "SubProcess (Bravo)" to process "Used MasterMix tips"	7_Ligation2_Accel_NGS_2S_DNA_v1.0_Test	C:\VWorks Workspace\Protocol Files\Accel_NGS_2S\Scratch\7_Ligation2_Accel_NGS_2S_DNA_v1.0_Test.pro	3	
21-Sep-17 3:30:22 PM	Info			MasterMix Tips	4	Added task "SubProcess (Bravo)" to process "MasterMix Tips"	7_Ligation2_Accel_NGS_2S_DNA_v1.0_Test	C:\VWorks Workspace\Protocol Files\Accel_NGS_2S\Scratch\7_Ligation2_Accel_NGS_2S_DNA_v1.0_Test.pro	3	
21-Sep-17 3:30:30 PM	Info			Add MasterMix	2	Changed "task Tips On (Bravo), parameter Location, plate" to "MasterMix Tips"	7_Ligation2_Accel_NGS_2S_DNA_v1.0_Test	C:\VWorks Workspace\Protocol Files\Accel_NGS_2S\Scratch\7_Ligation2_Accel_NGS_2S_DNA_v1.0_Test.pro	3	
21-Sep-17 3:30:48 PM	Info			Transfer DNA	13	Deleted task "Aspirate (Bravo)" from process "Transfer DNA"	7_Ligation2_Accel_NGS_2S_DNA_v1.0_Test	C:\VWorks Workspace\Protocol Files\Accel_NGS_2S\Scratch\7_Ligation2_Accel_NGS_2S_DNA_v1.0_Test.pro	3	
21-Sep-17 3:31:05 PM	Info			Add MasterMix	3	Added task "Aspirate (Bravo)" to process "Add MasterMix"	7_Ligation2_Accel_NGS_2S_DNA_v1.0_Test	C:\VWorks Workspace\Protocol Files\Accel_NGS_2S\Scratch\7_Ligation2_Accel_NGS_2S_DNA_v1.0_Test.pro	3	
21-Sep-17 3:31:16 PM	Info			Transfer DNA	13	Deleted task "Dispense (Bravo)" from process "Transfer DNA"	7_Ligation2_Accel_NGS_2S_DNA_v1.0_Test	C:\VWorks Workspace\Protocol Files\Accel_NGS_2S\Scratch\7_Ligation2_Accel_NGS_2S_DNA_v1.0_Test.pro	3	
21-Sep-17 3:31:22 PM	Info			Add MasterMix	4	Added task "Dispense (Bravo)" to process "Add MasterMix"	7_Ligation2_Accel_NGS_2S_DNA_v1.0_Test	C:\VWorks Workspace\Protocol Files\Accel_NGS_2S\Scratch\7_Ligation2_Accel_NGS_2S_DNA_v1.0_Test.pro	3	
21-Sep-17 3:31:34 PM	Info			Transfer DNA	13	Deleted task "Mix (Bravo)" from process "Transfer DNA"	7_Ligation2_Accel_NGS_2S_DNA_v1.0_Test	C:\VWorks Workspace\Protocol Files\Accel_NGS_2S\Scratch\7_Ligation2_Accel_NGS_2S_DNA_v1.0_Test.pro	3	
21-Sep-17 3:31:42 PM	Info			Add MasterMix	5	Added task "Mix (Bravo)" to process "Add MasterMix"	7_Ligation2_Accel_NGS_2S_DNA_v1.0_Test	C:\VWorks Workspace\Protocol Files\Accel_NGS_2S\Scratch\7_Ligation2_Accel_NGS_2S_DNA_v1.0_Test.pro	3	
21-Sep-17 3:32:05 PM	Info			Transfer DNA	13	Deleted task "Dispense (Bravo)" from process "Transfer DNA"	7_Ligation2_Accel_NGS_2S_DNA_v1.0_Test	C:\VWorks Workspace\Protocol Files\Accel_NGS_2S\Scratch\7_Ligation2_Accel_NGS_2S_DNA_v1.0_Test.pro	3	
21-Sep-17 3:32:11 PM	Info			Add MasterMix	6	Added task "Dispense (Bravo)" to process "Add MasterMix"	7_Ligation2_Accel_NGS_2S_DNA_v1.0_Test	C:\VWorks Workspace\Protocol Files\Accel_NGS_2S\Scratch\7_Ligation2_Accel_NGS_2S_DNA_v1.0_Test.pro	3	
21-Sep-17 3:32:27 PM	Info			Add MasterMix	7	Added task "Dispense (Bravo)" to process "Add MasterMix"	7_Ligation2_Accel_NGS_2S_DNA_v1.0_Test	C:\VWorks Workspace\Protocol Files\Accel_NGS_2S\Scratch\7_Ligation2_Accel_NGS_2S_DNA_v1.0_Test.pro	3	
21-Sep-17 3:32:36 PM	Info			Add MasterMix	7	Deleted task "Dispense (Bravo)" from process "Add MasterMix"	7_Ligation2_Accel_NGS_2S_DNA_v1.0_Test	C:\VWorks Workspace\Protocol Files\Accel_NGS_2S\Scratch\7_Ligation2_Accel_NGS_2S_DNA_v1.0_Test.pro	3	
21-Sep-17 3:32:47 PM	Info			Transfer DNA	13	Deleted task "Tips Off (Bravo)" from process "Transfer DNA"	7_Ligation2_Accel_NGS_2S_DNA_v1.0_Test	C:\VWorks Workspace\Protocol Files\Accel_NGS_2S\Scratch\7_Ligation2_Accel_NGS_2S_DNA_v1.0_Test.pro	3	
21-Sep-17 3:32:55 PM	Info			Add MasterMix	7	Added task "Tips Off (Bravo)" to process "Add MasterMix"	7_Ligation2_Accel_NGS_2S_DNA_v1.0_Test	C:\VWorks Workspace\Protocol Files\Accel_NGS_2S\Scratch\7_Ligation2_Accel_NGS_2S_DNA_v1.0_Test.pro	3	
21-Sep-17 3:33:08 PM	Info			Transfer DNA	13	Deleted task "JavaScript" from process "Transfer DNA"	7_Ligation2_Accel_NGS_2S_DNA_v1.0_Test	C:\VWorks Workspace\Protocol Files\Accel_NGS_2S\Scratch\7_Ligation2_Accel_NGS_2S_DNA_v1.0_Test.pro	3	
21-Sep-17 3:33:19 PM	Info			Add MasterMix	8	Added task "JavaScript" to process "Add MasterMix"	7_Ligation2_Accel_NGS_2S_DNA_v1.0_Test	C:\VWorks Workspace\Protocol Files\Accel_NGS_2S\Scratch\7_Ligation2_Accel_NGS_2S_DNA_v1.0_Test.pro	3	
21-Sep-17 3:34:28 PM	Info			MasterMix Tips	4	Deleted task "SubProcess (Bravo)" from process "MasterMix Tips"	7_Ligation2_Accel_NGS_2S_DNA_v1.0_Test	C:\VWorks Workspace\Protocol Files\Accel_NGS_2S\Scratch\7_Ligation2_Accel_NGS_2S_DNA_v1.0_Test.pro	3	
21-Sep-17 3:35:50 PM	Info			DNA transfer tips	3	Added task "SubProcess (Bravo)" to process "DNA transfer tips"	7_Ligation2_Accel_NGS_2S_DNA_v1.0_Test	C:\VWorks Workspace\Protocol Files\Accel_NGS_2S\Scratch\7_Ligation2_Accel_NGS_2S_DNA_v1.0_Test.pro	3	
21-Sep-17 3:36:07 PM	Info			Used DNA transfer tips	3	Added task "SubProcess (Bravo)" to process "Used DNA transfer tips"	7_Ligation2_Accel_NGS_2S_DNA_v1.0_Test	C:\VWorks Workspace\Protocol Files\Accel_NGS_2S\Scratch\7_Ligation2_Accel_NGS_2S_DNA_v1.0_Test.pro	3	
21-Sep-17 3:36:36 PM	Info					Process window minimized			3	
21-Sep-17 3:37:11 PM	Info			Add MasterMix	2	Changed "task Tips On (Bravo), parameter Location, plate" to "DNA transfer tips"	7_Ligation2_Accel_NGS_2S_DNA_v1.0_Test	C:\VWorks Workspace\Protocol Files\Accel_NGS_2S\Scratch\7_Ligation2_Accel_NGS_2S_DNA_v1.0_Test.pro	3	
21-Sep-17 3:37:32 PM	Info			Add MasterMix	7	Changed "task Tips Off (Bravo), parameter Location, plate" to "Used DNA transfer tips"	7_Ligation2_Accel_NGS_2S_DNA_v1.0_Test	C:\VWorks Workspace\Protocol Files\Accel_NGS_2S\Scratch\7_Ligation2_Accel_NGS_2S_DNA_v1.0_Test.pro	3	
21-Sep-17 3:42:55 PM	Info					File unloaded		C:\VWorks Workspace\Protocol Files\Accel_NGS_2S\Scratch\7_Ligation2_Accel_NGS_2S_DNA_v1.0_Test.pro	3	
21-Sep-17 3:42:55 PM	Info					File unloaded		C:\VWorks Workspace\Device Files\BravoMiniPHBenchCel_round_magnet_RED_insert.dev	3	
21-Sep-17 3:43:10 PM	Info					File loaded		C:\VWorks Workspace\Device Files\BravoMiniPHBenchCel_round_magnet_RED_insert.dev	3	
21-Sep-17 3:43:10 PM	Info					File loaded	7_Ligation2_Accel_NGS_2S_DNA_v1.0_Test	C:\VWorks Workspace\Protocol Files\Accel_NGS_2S\Scratch\7_Ligation2_Accel_NGS_2S_DNA_v1.0_Test.pro	3	
21-Sep-17 3:50:19 PM	Info			Reaction Plate	5	Deleted task "Spawn Process" from process "Reaction Plate"	7_Ligation2_Accel_NGS_2S_DNA_v1.0_Test	C:\VWorks Workspace\Protocol Files\Accel_NGS_2S\Scratch\7_Ligation2_Accel_NGS_2S_DNA_v1.0_Test.pro	3	
21-Sep-17 3:50:34 PM	Info			Reaction Plate	1	Added task "Spawn Process" to process "Reaction Plate"	7_Ligation2_Accel_NGS_2S_DNA_v1.0_Test	C:\VWorks Workspace\Protocol Files\Accel_NGS_2S\Scratch\7_Ligation2_Accel_NGS_2S_DNA_v1.0_Test.pro	3	
21-Sep-17 3:56:32 PM	Info			Elution Plate	3	Changed "task SubProcess (Bravo), parameter Sub-process name" from "Transfer DNA" to "Transfer Elution"	7_Ligation2_Accel_NGS_2S_DNA_v1.0_Test	C:\VWorks Workspace\Protocol Files\Accel_NGS_2S\Scratch\7_Ligation2_Accel_NGS_2S_DNA_v1.0_Test.pro	3	
21-Sep-17 3:56:55 PM	Info			Elution Plate	4	New Waitfor's name "Waitfor" is used already. The name is changed to "Waitfor_1_1"			3	
21-Sep-17 3:56:55 PM	Info			Elution Plate	4	Added task "Wait For" to process "Elution Plate"	7_Ligation2_Accel_NGS_2S_DNA_v1.0_Test	C:\VWorks Workspace\Protocol Files\Accel_NGS_2S\Scratch\7_Ligation2_Accel_NGS_2S_DNA_v1.0_Test.pro	3	
21-Sep-17 3:58:15 PM	Info			Reaction Plate	5	Deleted task "Wait For" from process "Reaction Plate"	7_Ligation2_Accel_NGS_2S_DNA_v1.0_Test	C:\VWorks Workspace\Protocol Files\Accel_NGS_2S\Scratch\7_Ligation2_Accel_NGS_2S_DNA_v1.0_Test.pro	3	
21-Sep-17 3:58:44 PM	Info			Reaction Plate	2	Added task "Spawn Process" to process "Reaction Plate"	7_Ligation2_Accel_NGS_2S_DNA_v1.0_Test	C:\VWorks Workspace\Protocol Files\Accel_NGS_2S\Scratch\7_Ligation2_Accel_NGS_2S_DNA_v1.0_Test.pro	3	
21-Sep-17 3:58:54 PM	Info			Reaction Plate	2	Deleted task "Spawn Process" from process "Reaction Plate"	7_Ligation2_Accel_NGS_2S_DNA_v1.0_Test	C:\VWorks Workspace\Protocol Files\Accel_NGS_2S\Scratch\7_Ligation2_Accel_NGS_2S_DNA_v1.0_Test.pro	3	
21-Sep-17 4:04:29 PM	Info			Transfer Elution	11	Added task "Tips Off (Bravo)" to process "Transfer Elution"	7_Ligation2_Accel_NGS_2S_DNA_v1.0_Test	C:\VWorks Workspace\Protocol Files\Accel_NGS_2S\Scratch\7_Ligation2_Accel_NGS_2S_DNA_v1.0_Test.pro	3	
21-Sep-17 4:05:35 PM	Info			Transfer Elution	3	Changed "task Tips On (Bravo), parameter Location, plate" from "DNA transfer tips" to "Used DNA transfer tips"	7_Ligation2_Accel_NGS_2S_DNA_v1.0_Test	C:\VWorks Workspace\Protocol Files\Accel_NGS_2S\Scratch\7_Ligation2_Accel_NGS_2S_DNA_v1.0_Test.pro	3	
21-Sep-17 4:06:50 PM	Info					Changed "device file" to "C:\VWorks Workspace\Device Files\BravoMiniPHBenchCel_round_magnet_RED_insert.dev"		Protocol File - 1	3	
21-Sep-17 4:06:50 PM	Info					File created		Protocol File - 1	3	
21-Sep-17 4:07:16 PM	Info					File unloaded		Protocol File - 1	3	
21-Sep-17 4:08:13 PM	Info			Reaction Plate	2	Added task "Wait For" to process "Reaction Plate"	7_Ligation2_Accel_NGS_2S_DNA_v1.0_Test	C:\VWorks Workspace\Protocol Files\Accel_NGS_2S\Scratch\7_Ligation2_Accel_NGS_2S_DNA_v1.0_Test.pro	3	
21-Sep-17 4:08:43 PM	Info			Elution Plate	4	Added task "Signal" to process "Elution Plate"	7_Ligation2_Accel_NGS_2S_DNA_v1.0_Test	C:\VWorks Workspace\Protocol Files\Accel_NGS_2S\Scratch\7_Ligation2_Accel_NGS_2S_DNA_v1.0_Test.pro	3	
21-Sep-17 4:08:46 PM	Info			Elution Plate	4	Selected "Waitfor" for task "Signal"	7_Ligation2_Accel_NGS_2S_DNA_v1.0_Test	C:\VWorks Workspace\Protocol Files\Accel_NGS_2S\Scratch\7_Ligation2_Accel_NGS_2S_DNA_v1.0_Test.pro	3	
21-Sep-17 4:08:56 PM	Info			Elution Plate	5	Deleted task "Wait For" from process "Elution Plate"	7_Ligation2_Accel_NGS_2S_DNA_v1.0_Test	C:\VWorks Workspace\Protocol Files\Accel_NGS_2S\Scratch\7_Ligation2_Accel_NGS_2S_DNA_v1.0_Test.pro	3	
21-Sep-17 4:09:49 PM	Info			Reaction Plate	6	Deleted task "SubProcess (Bravo)" from process "Reaction Plate"	7_Ligation2_Accel_NGS_2S_DNA_v1.0_Test	C:\VWorks Workspace\Protocol Files\Accel_NGS_2S\Scratch\7_Ligation2_Accel_NGS_2S_DNA_v1.0_Test.pro	3	
21-Sep-17 4:10:02 PM	Info			Reaction Plate	2	Added task "SubProcess (Bravo)" to process "Reaction Plate"	7_Ligation2_Accel_NGS_2S_DNA_v1.0_Test	C:\VWorks Workspace\Protocol Files\Accel_NGS_2S\Scratch\7_Ligation2_Accel_NGS_2S_DNA_v1.0_Test.pro	3	
21-Sep-17 4:10:20 PM	Info			Transfer Elution	3	Changed "task Tips On (Bravo), parameter Location, plate" from "Used DNA transfer tips" to "DNA transfer tips"	7_Ligation2_Accel_NGS_2S_DNA_v1.0_Test	C:\VWorks Workspace\Protocol Files\Accel_NGS_2S\Scratch\7_Ligation2_Accel_NGS_2S_DNA_v1.0_Test.pro	3	
21-Sep-17 4:11:00 PM	Info			Reaction Plate	3	Deleted task "Wait For" from process "Reaction Plate"	7_Ligation2_Accel_NGS_2S_DNA_v1.0_Test	C:\VWorks Workspace\Protocol Files\Accel_NGS_2S\Scratch\7_Ligation2_Accel_NGS_2S_DNA_v1.0_Test.pro	3	
21-Sep-17 4:12:51 PM	Info			Reaction Plate	6	Added task "SubProcess (Bravo)" to process "Reaction Plate"	7_Ligation2_Accel_NGS_2S_DNA_v1.0_Test	C:\VWorks Workspace\Protocol Files\Accel_NGS_2S\Scratch\7_Ligation2_Accel_NGS_2S_DNA_v1.0_Test.pro	3	
21-Sep-17 4:13:22 PM	Info			Reaction Plate	6	Changed "task SubProcess (Bravo), parameter Sub-process name" from "Bravo SubProcess 29" to "A"	7_Ligation2_Accel_NGS_2S_DNA_v1.0_Test	C:\VWorks Workspace\Protocol Files\Accel_NGS_2S\Scratch\7_Ligation2_Accel_NGS_2S_DNA_v1.0_Test.pro	3	
21-Sep-17 4:13:43 PM	Info			Reaction Plate	5	Changed "task SubProcess (Bravo), parameter Sub-process name" from "Master Mix Addition" to "Master Mix Split"	7_Ligation2_Accel_NGS_2S_DNA_v1.0_Test	C:\VWorks Workspace\Protocol Files\Accel_NGS_2S\Scratch\7_Ligation2_Accel_NGS_2S_DNA_v1.0_Test.pro	3	
21-Sep-17 4:14:00 PM	Info			Reaction Plate	6	Changed "task SubProcess (Bravo), parameter Sub-process name" from "A" to "Master Mix Addition"	7_Ligation2_Accel_NGS_2S_DNA_v1.0_Test	C:\VWorks Workspace\Protocol Files\Accel_NGS_2S\Scratch\7_Ligation2_Accel_NGS_2S_DNA_v1.0_Test.pro	3	
21-Sep-17 4:14:43 PM	Info			DNA Plate	7	Added task "SubProcess (Bravo)" to process "DNA Plate"	7_Ligation2_Accel_NGS_2S_DNA_v1.0_Test	C:\VWorks Workspace\Protocol Files\Accel_NGS_2S\Scratch\7_Ligation2_Accel_NGS_2S_DNA_v1.0_Test.pro	3	
21-Sep-17 4:15:20 PM	Info					Process window minimized			3	
21-Sep-17 4:15:22 PM	Info					Process window minimized			3	
21-Sep-17 4:15:24 PM	Info					Process window minimized			3	
21-Sep-17 4:15:25 PM	Info					Process window minimized			3	
21-Sep-17 4:15:27 PM	Info					Process window minimized			3	
21-Sep-17 4:15:30 PM	Info					Process window minimized			3	
21-Sep-17 4:15:34 PM	Info					Process window minimized			3	
21-Sep-17 4:15:36 PM	Info					Process window minimized			3	
21-Sep-17 4:15:42 PM	Info					Process window minimized			3	
21-Sep-17 4:15:55 PM	Info			Used DNA transfer tips	3	Added task "SubProcess (Bravo)" to process "Used DNA transfer tips"	7_Ligation2_Accel_NGS_2S_DNA_v1.0_Test	C:\VWorks Workspace\Protocol Files\Accel_NGS_2S\Scratch\7_Ligation2_Accel_NGS_2S_DNA_v1.0_Test.pro	3	
21-Sep-17 4:16:03 PM	Info					Process window un-minimized			3	
21-Sep-17 4:17:35 PM	Info			Master Mix Addition	1	Added task "Tips On (Bravo)" to process "Master Mix Addition"	7_Ligation2_Accel_NGS_2S_DNA_v1.0_Test	C:\VWorks Workspace\Protocol Files\Accel_NGS_2S\Scratch\7_Ligation2_Accel_NGS_2S_DNA_v1.0_Test.pro	3	
21-Sep-17 4:18:07 PM	Info			Master Mix Addition	1	Changed "task Tips On (Bravo), script" from "<No script>" to "	7_Ligation2_Accel_NGS_2S_DNA_v1.0_Test	C:\VWorks Workspace\Protocol Files\Accel_NGS_2S\Scratch\7_Ligation2_Accel_NGS_2S_DNA_v1.0_Test.pro	3	
21-Sep-17 4:18:07 PM	Info			Master Mix Addition	1	tips_off_loc = tips_off_loc - columns_samples	7_Ligation2_Accel_NGS_2S_DNA_v1.0_Test	C:\VWorks Workspace\Protocol Files\Accel_NGS_2S\Scratch\7_Ligation2_Accel_NGS_2S_DNA_v1.0_Test.pro	3	
21-Sep-17 4:18:07 PM	Info			Master Mix Addition	1	task.Wellselection = [[ 1 , tips_off_loc ]]	7_Ligation2_Accel_NGS_2S_DNA_v1.0_Test	C:\VWorks Workspace\Protocol Files\Accel_NGS_2S\Scratch\7_Ligation2_Accel_NGS_2S_DNA_v1.0_Test.pro	3	
21-Sep-17 4:18:07 PM	Info			Master Mix Addition	1	print("Tips on at " + task.Wellselection)"	7_Ligation2_Accel_NGS_2S_DNA_v1.0_Test	C:\VWorks Workspace\Protocol Files\Accel_NGS_2S\Scratch\7_Ligation2_Accel_NGS_2S_DNA_v1.0_Test.pro	3	
21-Sep-17 4:18:11 PM	Info			Master Mix Addition	1	Changed "task Tips On (Bravo), parameter Location, plate" to "Used DNA transfer tips"	7_Ligation2_Accel_NGS_2S_DNA_v1.0_Test	C:\VWorks Workspace\Protocol Files\Accel_NGS_2S\Scratch\7_Ligation2_Accel_NGS_2S_DNA_v1.0_Test.pro	3	
21-Sep-17 4:18:26 PM	Info			Master Mix Addition	1	Changed "task Tips On (Bravo), parameter Location, location" from "<auto-select>" to "2"	7_Ligation2_Accel_NGS_2S_DNA_v1.0_Test	C:\VWorks Workspace\Protocol Files\Accel_NGS_2S\Scratch\7_Ligation2_Accel_NGS_2S_DNA_v1.0_Test.pro	3	
21-Sep-17 4:19:23 PM	Info			Transfer Elution	12	Deleted task "Aspirate (Bravo)" from process "Transfer Elution"	7_Ligation2_Accel_NGS_2S_DNA_v1.0_Test	C:\VWorks Workspace\Protocol Files\Accel_NGS_2S\Scratch\7_Ligation2_Accel_NGS_2S_DNA_v1.0_Test.pro	3	
21-Sep-17 4:19:30 PM	Info			Master Mix Addition	2	Added task "Aspirate (Bravo)" to process "Master Mix Addition"	7_Ligation2_Accel_NGS_2S_DNA_v1.0_Test	C:\VWorks Workspace\Protocol Files\Accel_NGS_2S\Scratch\7_Ligation2_Accel_NGS_2S_DNA_v1.0_Test.pro	3	
21-Sep-17 4:19:55 PM	Info			Transfer Elution	12	Deleted task "Dispense (Bravo)" from process "Transfer Elution"	7_Ligation2_Accel_NGS_2S_DNA_v1.0_Test	C:\VWorks Workspace\Protocol Files\Accel_NGS_2S\Scratch\7_Ligation2_Accel_NGS_2S_DNA_v1.0_Test.pro	3	
21-Sep-17 4:20:01 PM	Info			Master Mix Addition	3	Added task "Dispense (Bravo)" to process "Master Mix Addition"	7_Ligation2_Accel_NGS_2S_DNA_v1.0_Test	C:\VWorks Workspace\Protocol Files\Accel_NGS_2S\Scratch\7_Ligation2_Accel_NGS_2S_DNA_v1.0_Test.pro	3	
21-Sep-17 4:20:12 PM	Info			Transfer Elution	10	Deleted task "Dispense (Bravo)" from process "Transfer Elution"	7_Ligation2_Accel_NGS_2S_DNA_v1.0_Test	C:\VWorks Workspace\Protocol Files\Accel_NGS_2S\Scratch\7_Ligation2_Accel_NGS_2S_DNA_v1.0_Test.pro	3	
21-Sep-17 4:20:19 PM	Info			Master Mix Addition	4	Added task "Dispense (Bravo)" to process "Master Mix Addition"	7_Ligation2_Accel_NGS_2S_DNA_v1.0_Test	C:\VWorks Workspace\Protocol Files\Accel_NGS_2S\Scratch\7_Ligation2_Accel_NGS_2S_DNA_v1.0_Test.pro	3	
21-Sep-17 4:20:33 PM	Info			Transfer Elution	14	Deleted task "JavaScript" from process "Transfer Elution"	7_Ligation2_Accel_NGS_2S_DNA_v1.0_Test	C:\VWorks Workspace\Protocol Files\Accel_NGS_2S\Scratch\7_Ligation2_Accel_NGS_2S_DNA_v1.0_Test.pro	3	
21-Sep-17 4:20:40 PM	Info			Master Mix Addition	5	Added task "JavaScript" to process "Master Mix Addition"	7_Ligation2_Accel_NGS_2S_DNA_v1.0_Test	C:\VWorks Workspace\Protocol Files\Accel_NGS_2S\Scratch\7_Ligation2_Accel_NGS_2S_DNA_v1.0_Test.pro	3	
21-Sep-17 4:21:03 PM	Info			Master Mix Addition	1	Changed "task Tips On (Bravo), parameter Location, location" from "2" to "8"	7_Ligation2_Accel_NGS_2S_DNA_v1.0_Test	C:\VWorks Workspace\Protocol Files\Accel_NGS_2S\Scratch\7_Ligation2_Accel_NGS_2S_DNA_v1.0_Test.pro	3	
21-Sep-17 4:21:43 PM	Info			Transfer Elution	11	Deleted task "Mix (Bravo)" from process "Transfer Elution"	7_Ligation2_Accel_NGS_2S_DNA_v1.0_Test	C:\VWorks Workspace\Protocol Files\Accel_NGS_2S\Scratch\7_Ligation2_Accel_NGS_2S_DNA_v1.0_Test.pro	3	
21-Sep-17 4:21:50 PM	Info			Master Mix Addition	5	Added task "Mix (Bravo)" to process "Master Mix Addition"	7_Ligation2_Accel_NGS_2S_DNA_v1.0_Test	C:\VWorks Workspace\Protocol Files\Accel_NGS_2S\Scratch\7_Ligation2_Accel_NGS_2S_DNA_v1.0_Test.pro	3	
21-Sep-17 4:22:01 PM	Info			Transfer Elution	11	Deleted task "Dispense (Bravo)" from process "Transfer Elution"	7_Ligation2_Accel_NGS_2S_DNA_v1.0_Test	C:\VWorks Workspace\Protocol Files\Accel_NGS_2S\Scratch\7_Ligation2_Accel_NGS_2S_DNA_v1.0_Test.pro	3	
21-Sep-17 4:22:08 PM	Info			Master Mix Addition	6	Added task "Dispense (Bravo)" to process "Master Mix Addition"	7_Ligation2_Accel_NGS_2S_DNA_v1.0_Test	C:\VWorks Workspace\Protocol Files\Accel_NGS_2S\Scratch\7_Ligation2_Accel_NGS_2S_DNA_v1.0_Test.pro	3	
21-Sep-17 4:22:17 PM	Info			Transfer Elution	11	Deleted task "Tips Off (Bravo)" from process "Transfer Elution"	7_Ligation2_Accel_NGS_2S_DNA_v1.0_Test	C:\VWorks Workspace\Protocol Files\Accel_NGS_2S\Scratch\7_Ligation2_Accel_NGS_2S_DNA_v1.0_Test.pro	3	
21-Sep-17 4:22:22 PM	Info			Master Mix Addition	7	Added task "Tips Off (Bravo)" to process "Master Mix Addition"	7_Ligation2_Accel_NGS_2S_DNA_v1.0_Test	C:\VWorks Workspace\Protocol Files\Accel_NGS_2S\Scratch\7_Ligation2_Accel_NGS_2S_DNA_v1.0_Test.pro	3	
21-Sep-17 4:24:15 PM	Info			Used DNA transfer tips	3	Added task "Place Plate" to process "Used DNA transfer tips"	7_Ligation2_Accel_NGS_2S_DNA_v1.0_Test	C:\VWorks Workspace\Protocol Files\Accel_NGS_2S\Scratch\7_Ligation2_Accel_NGS_2S_DNA_v1.0_Test.pro	3	
21-Sep-17 4:24:19 PM	Info			Used DNA transfer tips	3	Changed "task Place Plate, parameter Device to use" to "Bravo - 1"	7_Ligation2_Accel_NGS_2S_DNA_v1.0_Test	C:\VWorks Workspace\Protocol Files\Accel_NGS_2S\Scratch\7_Ligation2_Accel_NGS_2S_DNA_v1.0_Test.pro	3	
21-Sep-17 4:24:23 PM	Info			Used DNA transfer tips	3	Changed "task Place Plate, parameter Location to use" from "1" to "7"	7_Ligation2_Accel_NGS_2S_DNA_v1.0_Test	C:\VWorks Workspace\Protocol Files\Accel_NGS_2S\Scratch\7_Ligation2_Accel_NGS_2S_DNA_v1.0_Test.pro	3	
21-Sep-17 4:24:58 PM	Info					File saved	7_Ligation2_Accel_NGS_2S_DNA_v1.0_Test	C:\VWorks Workspace\Protocol Files\Accel_NGS_2S\Scratch\7_Ligation2_Accel_NGS_2S_DNA_v1.0_Test.pro	3	
21-Sep-17 4:25:00 PM	Info					File unloaded		C:\VWorks Workspace\Protocol Files\Accel_NGS_2S\Scratch\7_Ligation2_Accel_NGS_2S_DNA_v1.0_Test.pro	3	
21-Sep-17 4:25:00 PM	Info					File unloaded		C:\VWorks Workspace\Device Files\BravoMiniPHBenchCel_round_magnet_RED_insert.dev	3	
21-Sep-17 4:25:04 PM	Info					File unloaded		C:\VWorks Workspace\Forms\SCELSE\Accel_NGS_2S_DNA\Accel_NGS.VWForm	3	
21-Sep-17 4:25:06 PM	Info					administrator logged out. Session 3 closed			3	
21-Sep-17 4:25:06 PM	Info					System Shutdown			0	
