10-Oct-17 1:39:52 PM	Event	1										Main protocol starting	C:\VWorks Workspace\Forms\SCELSE\TruSeqPCRFree_Nano\RunSet Files\15_Enrich Fragments_v1.0.pro	
10-Oct-17 1:40:32 PM	Event	1										Main protocol starting	C:\VWorks Workspace\Forms\SCELSE\TruSeqPCRFree_Nano\RunSet Files\16_STANDALONE_AMPureXP_TS_FINAL_v1.0.pro	
10-Oct-17 2:04:58 PM	Event	1										Main protocol starting	C:\VWorks Workspace\Protocol Files\TruSeqPCRFree\7_AMPureXP_TruSeqPCRFree_DNArunset_v1.0.pro	
10-Oct-17 2:05:57 PM	Event	1										Main protocol complete	C:\VWorks Workspace\Protocol Files\TruSeqPCRFree\7_AMPureXP_TruSeqPCRFree_DNArunset_v1.0.pro	
10-Oct-17 2:06:07 PM	Event	1										Main protocol starting	C:\VWorks Workspace\Protocol Files\TruSeqPCRFree\8_EndRepair_TruSeqPCRFree_v1.0.pro	
10-Oct-17 2:06:24 PM	Event	1										Main protocol complete	C:\VWorks Workspace\Protocol Files\TruSeqPCRFree\8_EndRepair_TruSeqPCRFree_v1.0.pro	
10-Oct-17 2:07:02 PM	Event	1										Main protocol starting	C:\VWorks Workspace\Protocol Files\TruSeqPCRFree\9_AMPureXP_TruSeqPCRFree_DNArunset_v1.0.pro	
10-Oct-17 2:08:27 PM	Event	1										Main protocol complete	C:\VWorks Workspace\Protocol Files\TruSeqPCRFree\9_AMPureXP_TruSeqPCRFree_DNArunset_v1.0.pro	
10-Oct-17 2:08:38 PM	Event	1										Main protocol starting	C:\VWorks Workspace\Protocol Files\TruSeqPCRFree\10_A-Tailing_TruSeqPCRFree_v1.0.pro	
10-Oct-17 2:08:58 PM	Event	1										Main protocol complete	C:\VWorks Workspace\Protocol Files\TruSeqPCRFree\10_A-Tailing_TruSeqPCRFree_v1.0.pro	
10-Oct-17 2:09:10 PM	Event	1										Main protocol starting	C:\VWorks Workspace\Protocol Files\TruSeqPCRFree\11_AdapterLigation_TruSeqPCRFree_v1.0.pro	
10-Oct-17 2:09:31 PM	Event	1										Main protocol complete	C:\VWorks Workspace\Protocol Files\TruSeqPCRFree\11_AdapterLigation_TruSeqPCRFree_v1.0.pro	
10-Oct-17 2:09:42 PM	Event	1										Main protocol starting	C:\VWorks Workspace\Protocol Files\TruSeqPCRFree\12_StopLigation_TruSeqPCRFree_v1.0.pro	
10-Oct-17 2:09:59 PM	Event	1										Main protocol complete	C:\VWorks Workspace\Protocol Files\TruSeqPCRFree\12_StopLigation_TruSeqPCRFree_v1.0.pro	
10-Oct-17 2:10:23 PM	Event	1										Main protocol starting	C:\VWorks Workspace\Protocol Files\TruSeqPCRFree\13_AMPureXP_TruSeqPCRFree_runset_v1.0.pro	
10-Oct-17 2:11:17 PM	Event	1										Main protocol complete	C:\VWorks Workspace\Protocol Files\TruSeqPCRFree\13_AMPureXP_TruSeqPCRFree_runset_v1.0.pro	
10-Oct-17 2:11:47 PM	Event	1										Main protocol starting	C:\VWorks Workspace\Protocol Files\TruSeqPCRFree\14_AMPureXP_TruSeqPCRFree_runset_v1.0.pro	
10-Oct-17 2:13:03 PM	Event	1										Main protocol complete	C:\VWorks Workspace\Protocol Files\TruSeqPCRFree\14_AMPureXP_TruSeqPCRFree_runset_v1.0.pro	
10-Oct-17 2:18:07 PM	Event	1										Main protocol starting	Protocol File - 1	
10-Oct-17 2:18:08 PM	Event	1										Main protocol complete	Protocol File - 1	
10-Oct-17 2:18:53 PM	Event	1										Main protocol starting	Protocol File - 1	
10-Oct-17 2:20:26 PM	Event	1										Main protocol complete	Protocol File - 1	
10-Oct-17 2:20:38 PM	Event	1										Main protocol starting	Protocol File - 1	
10-Oct-17 2:22:43 PM	Event	1										Main protocol complete	Protocol File - 1	
10-Oct-17 2:22:52 PM	Event	1										Main protocol starting	Protocol File - 1	
10-Oct-17 2:28:57 PM	Event	1										Main protocol complete	Protocol File - 1	
10-Oct-17 2:29:03 PM	Event	1										Main protocol starting	Protocol File - 1	
10-Oct-17 2:31:38 PM	Event	1										Main protocol complete	Protocol File - 1	
10-Oct-17 2:31:47 PM	Event	1										Main protocol starting	Protocol File - 1	
10-Oct-17 2:32:12 PM	Event	1										Main protocol aborted by user	Protocol File - 1	
10-Oct-17 2:32:13 PM	Event	1										Main protocol aborted by user	Protocol File - 1	
10-Oct-17 2:32:20 PM	Event	1										Main protocol starting	Protocol File - 1	
10-Oct-17 2:34:18 PM	Event	1										Main protocol complete	Protocol File - 1	
10-Oct-17 2:40:53 PM	Event	1										Main protocol starting	Protocol File - 1	
10-Oct-17 2:42:15 PM	Event	1										Main protocol complete	Protocol File - 1	
