12-Oct-17 11:29:54 AM	Info					Error library: The error library file path is empty.			0	
12-Oct-17 11:29:54 AM	Info					System Startup			0	
12-Oct-17 11:29:54 AM	Info	AccessoriesWizard				Dll loaded:    AccessoriesWizard.dll    6.0.0			0	
12-Oct-17 11:29:54 AM	Info	AccessoryManager				Dll loaded:    AccessoryManager.dll    2.0.0			0	
12-Oct-17 11:29:54 AM	Info	AgilentBenchBotController				Dll loaded:    AgilentBenchBotController.dll    1.21.4226			0	
12-Oct-17 11:29:54 AM	Info	ArgonShelfAccessoryDriver				Dll loaded:    ArgonShelfAccessoryDriver.dll    2.0.1			0	
12-Oct-17 11:29:54 AM	Info	BTILHCRunner				Dll loaded:    BTILHCRunner.dll    2.00.2			0	
12-Oct-17 11:29:54 AM	Info	ContextHelp				Dll loaded:    ContextHelp.dll    3.0.0			0	
12-Oct-17 11:29:54 AM	Info	DDRStringTable				Dll loaded:    DDRStringTable.dll    1.2.14			0	
12-Oct-17 11:29:54 AM	Info	DeviceEnumerator				Dll loaded:    DeviceEnumerator.dll    9.0.0			0	
12-Oct-17 11:29:54 AM	Info	EchoAppHelper				Dll loaded:    EchoAppHelper.dll    1.0.0			0	
12-Oct-17 11:29:54 AM	Info	ErrorLibrary				Dll loaded:    ErrorLibrary.dll    2.0.1			0	
12-Oct-17 11:29:54 AM	Info	EvaporatorAccessoryDriver				Dll loaded:    EvaporatorAccessoryDriver.dll    9.0.0			0	
12-Oct-17 11:29:54 AM	Info	GuidanceDiscovery				Dll loaded:    GuidanceDiscovery.dll    2.0.0			0	
12-Oct-17 11:29:54 AM	Info	Host				Dll loaded:    Host.dll    1.0.4226			0	
12-Oct-17 11:29:54 AM	Info	ImportExport				Dll loaded:    ImportExport.dll    2.0.0			0	
12-Oct-17 11:29:54 AM	Info	InhecoMTCdll				Dll loaded:    InhecoMTCdll.dll    1.2.4			0	
12-Oct-17 11:29:54 AM	Info	InhecoShakeandHeatAccessoryDriver				Dll loaded:    InhecoShakeandHeatAccessoryDriver.dll    1.0.0			0	
12-Oct-17 11:29:54 AM	Info	IWorksAccessory				Dll loaded:    IWorksAccessory.dll    8.0.1			0	
12-Oct-17 11:29:54 AM	Info	js32				Dll loaded:    js32.dll    Unknown.0.0			0	
12-Oct-17 11:29:54 AM	Info	LabelDesigner				Dll loaded:    LabelDesigner.dll    5.0.7			0	
12-Oct-17 11:29:54 AM	Info	LabelerHardware				Dll loaded:    LabelerHardware.dll    14.0.23			0	
12-Oct-17 11:29:54 AM	Info	libnspr4				Dll loaded:    libnspr4.dll    4.1.0			0	
12-Oct-17 11:29:54 AM	Info	LidHotelAccessoryDriver				Dll loaded:    LidHotelAccessoryDriver.dll    8.0.0			0	
12-Oct-17 11:29:54 AM	Info	lm				Dll loaded:    lm.dll    3.0.0			0	
12-Oct-17 11:29:54 AM	Info	Loader				Dll loaded:    Loader.dll    1.0.4226			0	
12-Oct-17 11:29:54 AM	Info	MagBeadAccessoryDriver				Dll loaded:    MagBeadAccessoryDriver.dll    8.0.0			0	
12-Oct-17 11:29:54 AM	Info	MetaDataPropertyManager				Dll loaded:    MetaDataPropertyManager.dll    13.0.0			0	
12-Oct-17 11:29:54 AM	Info	mfc71				Dll loaded:    mfc71.dll    7.10.3077			0	
12-Oct-17 11:29:54 AM	Info	mfc71u				Dll loaded:    mfc71u.dll    7.10.3077			0	
12-Oct-17 11:29:54 AM	Info	MicroPierceInterface				Dll loaded:    MicroPierceInterface.dll    1.0.0			0	
12-Oct-17 11:29:54 AM	Info	MicroPierceWrapper				Dll loaded:    MicroPierceWrapper.dll    1.0.0			0	
12-Oct-17 11:29:54 AM	Info	MicroStirInterface				Dll loaded:    MicroStirInterface.dll    1.0.0			0	
12-Oct-17 11:29:54 AM	Info	MicroStirWrapper				Dll loaded:    MicroStirWrapper.dll    1.0.0			0	
12-Oct-17 11:29:54 AM	Info	msvcr71				Dll loaded:    msvcr71.dll    7.10.3052			0	
12-Oct-17 11:29:54 AM	Info	MTController				Dll loaded:    MTController.dll    5.0.0			0	
12-Oct-17 11:29:54 AM	Info	NestableTipBoxInsertAccessoryDriver				Dll loaded:    NestableTipBoxInsertAccessoryDriver.dll    2.0.0			0	
12-Oct-17 11:29:54 AM	Info	ObjectDatabase				Dll loaded:    ObjectDatabase.dll    4.0.0			0	
12-Oct-17 11:29:54 AM	Info	ObjectManager				Dll loaded:    ObjectManager.dll    7.0.1			0	
12-Oct-17 11:29:54 AM	Info	PackardFusionRemoteConnectorOCX				Dll loaded:    PackardFusionRemoteConnectorOCX.dll    4.0.0			0	
12-Oct-17 11:29:54 AM	Info	PackardFusionRemoteControlPlugIn				Dll loaded:    PackardFusionRemoteControlPlugIn.dll    4.0.0			0	
12-Oct-17 11:29:54 AM	Info	PackardFusionRemoteControlWrapperDLL				Dll loaded:    PackardFusionRemoteControlWrapperDLL.dll    4.0.0			0	
12-Oct-17 11:29:54 AM	Info	PicServoExtDll				Dll loaded:    PicServoExtDll.dll    10.0.0			0	
12-Oct-17 11:29:54 AM	Info	PipetteHeadMode				Dll loaded:    PipetteHeadMode.dll    2.0.0			0	
12-Oct-17 11:29:54 AM	Info	PipetteTechniqueEditor				Dll loaded:    PipetteTechniqueEditor.dll    3.0.0			0	
12-Oct-17 11:29:54 AM	Info	PlateMapDatabase				Dll loaded:    PlateMapDatabase.dll    17.0.1			0	
12-Oct-17 11:29:54 AM	Info	ProfileChangeLog				Dll loaded:    ProfileChangeLog.dll    2.0.0			0	
12-Oct-17 11:29:54 AM	Info	ProfileManager				Dll loaded:    ProfileManager.dll    10.0.1			0	
12-Oct-17 11:29:54 AM	Info	ProfSkin284m				Dll loaded:    ProfSkin284m.dll    2.8.4			0	
12-Oct-17 11:29:54 AM	Info	ProfUIS284m				Dll loaded:    ProfUIS284m.dll    2.8.4			0	
12-Oct-17 11:29:54 AM	Info	ProfUisProfileManager				Dll loaded:    ProfUisProfileManager.dll    10.0.0			0	
12-Oct-17 11:29:55 AM	Info	SciLexer				Dll loaded:    SciLexer.dll    1.71.0			0	
12-Oct-17 11:29:55 AM	Info	SerialDilution				Dll loaded:    SerialDilution.dll    13.0.0			0	
12-Oct-17 11:29:55 AM	Info	SSIdll				Dll loaded:    SSIdll.dll    Unknown.0.0			0	
12-Oct-17 11:29:55 AM	Info	TeleshakeAccessoryDriver				Dll loaded:    TeleshakeAccessoryDriver.dll    9.0.2			0	
12-Oct-17 11:29:55 AM	Info	TipPosition				Dll loaded:    TipPosition.dll    3.0.0			0	
12-Oct-17 11:29:55 AM	Info	TipTracking				Dll loaded:    TipTracking.dll    3.0.0			0	
12-Oct-17 11:29:55 AM	Info	tmlcomm				Dll loaded:    tmlcomm.dll    3.2.2			0	
12-Oct-17 11:29:55 AM	Info	TML_lib				Dll loaded:    TML_lib.dll    2.0.1			0	
12-Oct-17 11:29:55 AM	Info	Toolbox				Dll loaded:    Toolbox.dll    1.0.4226			0	
12-Oct-17 11:29:55 AM	Info	V11DeviceDriver				Dll loaded:    V11DeviceDriver.dll    11.0.0			0	
12-Oct-17 11:29:55 AM	Info	V11FieldComposer				Dll loaded:    V11FieldComposer.dll    4.0.0			0	
12-Oct-17 11:29:55 AM	Info	V11GanttChart				Dll loaded:    V11GanttChart.dll    2.0.1			0	
12-Oct-17 11:29:55 AM	Info	V11Labware				Dll loaded:    V11Labware.dll    25.0.14			0	
12-Oct-17 11:29:55 AM	Info	V11Liquids				Dll loaded:    V11Liquids.dll    9.0.0			0	
12-Oct-17 11:29:55 AM	Info	V11Migrator				Dll loaded:    V11Migrator.dll    2.0.3			0	
12-Oct-17 11:29:55 AM	Info	V11PipettingFormatWizard				Dll loaded:    V11PipettingFormatWizard.dll    2.0.0			0	
12-Oct-17 11:29:55 AM	Info	V11PumpAccessoryDriver				Dll loaded:    V11PumpAccessoryDriver.dll    3.0.2			0	
12-Oct-17 11:29:55 AM	Info	V11SharedClasses				Dll loaded:    V11SharedClasses.dll    1.1.0			0	
12-Oct-17 11:29:55 AM	Info	V11WellSelect				Dll loaded:    V11WellSelect.dll    8.0.0			0	
12-Oct-17 11:29:55 AM	Info	V11WellVolumeVisualizer				Dll loaded:    V11WellVolumeVisualizer.dll    6.0.0			0	
12-Oct-17 11:29:55 AM	Info	V11Wizard				Dll loaded:    V11Wizard.dll    2.0.0			0	
12-Oct-17 11:29:55 AM	Info	VacuumFiltrationAccessoryDriver				Dll loaded:    VacuumFiltrationAccessoryDriver.dll    10.0.1			0	
12-Oct-17 11:29:55 AM	Info	VacuumLocatingStationDriver				Dll loaded:    VacuumLocatingStationDriver.dll    7.0.0			0	
12-Oct-17 11:29:55 AM	Info	VacuumShelfAccessoryDriver				Dll loaded:    VacuumShelfAccessoryDriver.dll    2.0.2			0	
12-Oct-17 11:29:55 AM	Info	VHookInterface				Dll loaded:    VHookInterface.dll    7.0.0			0	
12-Oct-17 11:29:55 AM	Info	VWorks4COM				Dll loaded:    VWorks4COM.dll    4.0.0			0	
12-Oct-17 11:29:55 AM	Info	VWorks4Defs				Dll loaded:    VWorks4Defs.dll    6.0.3			0	
12-Oct-17 11:29:55 AM	Info	VWorks4DeviceManager				Dll loaded:    VWorks4DeviceManager.dll    4.0.0			0	
12-Oct-17 11:29:55 AM	Info	VWorks4EmailDaemon				Dll loaded:    VWorks4EmailDaemon.dll    3.0.0			0	
12-Oct-17 11:29:55 AM	Info	VWorks4FormManager				Dll loaded:    VWorks4FormManager.dll    1.0.0			0	
12-Oct-17 11:29:55 AM	Info	VWorks4GUI				Dll loaded:    VWorks4GUI.dll    3.0.0			0	
12-Oct-17 11:29:55 AM	Info	VWorks4GUIFramework				Dll loaded:    VWorks4GUIFramework.dll    3.0.1			0	
12-Oct-17 11:29:55 AM	Info	VWorks4Hooks				Dll loaded:    VWorks4Hooks.dll    3.0.0			0	
12-Oct-17 11:29:55 AM	Info	VWorks4LabelDesigner				Dll loaded:    VWorks4LabelDesigner.dll    3.0.0			0	
12-Oct-17 11:29:55 AM	Info	VWorks4Logger				Dll loaded:    VWorks4Logger.dll    4.0.0			0	
12-Oct-17 11:29:55 AM	Info	VWorks4MacroLibrary				Dll loaded:    VWorks4MacroLibrary.dll    1.0.0			0	
12-Oct-17 11:29:55 AM	Info	VWorks4Progress				Dll loaded:    VWorks4Progress.dll    3.0.0			0	
12-Oct-17 11:29:55 AM	Info	VWorks4ProtocolEditor				Dll loaded:    VWorks4ProtocolEditor.dll    4.0.0			0	
12-Oct-17 11:29:55 AM	Info	VWorks4Security				Dll loaded:    VWorks4Security.dll    3.0.0			0	
12-Oct-17 11:29:55 AM	Info	VWorks4UserDatabase				Dll loaded:    VWorks4UserDatabase.dll    3.0.0			0	
12-Oct-17 11:29:55 AM	Info	VWorks4UserManager				Dll loaded:    VWorks4UserManager.dll    3.0.0			0	
12-Oct-17 11:29:55 AM	Info	WeighPadAccessoryDriver				Dll loaded:    WeighPadAccessoryDriver.dll    2.0.0			0	
12-Oct-17 11:29:55 AM	Info					Hooks plugin loaded:    AgilentBenchCel.dll			0	
12-Oct-17 11:29:55 AM	Info	Agilent BenchCel				Plugin loaded:   AgilentBenchCel.dll   20.1.2			0	
12-Oct-17 11:29:58 AM	Info					Hooks plugin loaded:    AgilentBravo.dll			0	
12-Oct-17 11:29:59 AM	Info	Agilent Bravo				Plugin loaded:   AgilentBravo.dll   17.1.0			0	
12-Oct-17 11:29:59 AM	Info	Agilent Generic I/O Module				Plugin loaded:   AgilentGenericIO.dll   5.0.0			0	
12-Oct-17 11:29:59 AM	Info	Agilent Labware MiniHub				Plugin loaded:   AgilentLabwareMiniHub.dll   1.0.3			0	
12-Oct-17 11:29:59 AM	Info	Agilent Phantom Robot				Plugin loaded:   AgilentPhantomRobot.dll   9.0.5			0	
12-Oct-17 11:29:59 AM	Info	Agilent Phantom Stacker				Plugin loaded:   AgilentPhantomStacker.dll   2.0.1			0	
12-Oct-17 11:29:59 AM	Info	Agilent Plate Hotel				Plugin loaded:   AgilentPlateHotel.dll   1.0.3			0	
12-Oct-17 11:29:59 AM	Info	Agilent Plate Hub Carousel				Plugin loaded:   AgilentPlateHubCarousel.dll   8.0.1			0	
12-Oct-17 11:29:59 AM	Info	Waste Bin				Plugin loaded:   AgilentWasteBin.dll   3.0.0			0	
12-Oct-17 11:30:00 AM	Info	Agilent Weigh Pad				Plugin loaded:   AgilentWeighPad.dll   8.0.0			0	
12-Oct-17 11:30:00 AM	Info	Keyence Barcode Reader				Plugin loaded:   KeyenceBarcodeReader.dll   6.0.0			0	
12-Oct-17 11:30:00 AM	Info	Plate Pad, Standard				Plugin loaded:   PlatePad.dll   6.0.0			0	
12-Oct-17 11:30:00 AM	Info					File loaded		C:\VWorks Workspace\Forms\SCELSE\TruSeqPCRFree_Nano.VWForm	0	
12-Oct-17 11:30:30 AM	Info					administrator logged in			1	
12-Oct-17 11:31:46 AM	Script					Initializing scripting engine...			1	
12-Oct-17 11:31:46 AM	Script					Thu Oct 12 2017 11:31:46 GMT+0800 (Malay Peninsula Standard Time)			1	
12-Oct-17 11:31:46 AM	Script					var plate_type = "96 ABI PCR half skirt in black carrier";		C:\VWorks Workspace\Forms\SCELSE\TruSeqPCRFree_Nano.VWForm	1	
12-Oct-17 11:31:46 AM	Script					var DNA_source = 0;		C:\VWorks Workspace\Forms\SCELSE\TruSeqPCRFree_Nano.VWForm	1	
12-Oct-17 11:31:46 AM	Script					var protocol_testing = 0;		C:\VWorks Workspace\Forms\SCELSE\TruSeqPCRFree_Nano.VWForm	1	
12-Oct-17 11:31:46 AM	Script					var BasePair = 62;		C:\VWorks Workspace\Forms\SCELSE\TruSeqPCRFree_Nano.VWForm	1	
12-Oct-17 11:31:46 AM	Script					var formProtocolName = "TruSeqPCRFree_Nano_runset.rst";		C:\VWorks Workspace\Forms\SCELSE\TruSeqPCRFree_Nano.VWForm	1	
12-Oct-17 11:31:46 AM	Script					var columns_samples = 1;		C:\VWorks Workspace\Forms\SCELSE\TruSeqPCRFree_Nano.VWForm	1	
12-Oct-17 11:31:46 AM	Script					Clearing Plate Inventory			1	
12-Oct-17 11:31:46 AM	Script					Clearing Runset			1	
12-Oct-17 11:31:46 AM	Script					Starting runset : TruSeqPCRFree_Nano_runset.rst			1	
12-Oct-17 11:31:46 AM	Info					Runset Manager: Added the run "C:\VWorks Workspace\Protocol Files\TruSeqPCRFree\7_AMPureXP_TruSeqPCRFree_DNArunset_v1.0.pro" to Runset Manager.			1	
12-Oct-17 11:31:47 AM	Info					Runset Manager: Added the run "C:\VWorks Workspace\Protocol Files\TruSeqPCRFree\8_EndRepair_TruSeqPCRFree_v1.0.pro" to Runset Manager.			1	
12-Oct-17 11:31:47 AM	Info					Runset Manager: Added the run "C:\VWorks Workspace\Protocol Files\TruSeqPCRFree\9_AMPureXP_TruSeqPCRFree_DNArunset_v1.0.pro" to Runset Manager.			1	
12-Oct-17 11:31:47 AM	Info					Runset Manager: Added the run "C:\VWorks Workspace\Protocol Files\TruSeqPCRFree\10_A-Tailing_TruSeqPCRFree_v1.0.pro" to Runset Manager.			1	
12-Oct-17 11:31:47 AM	Info					Runset Manager: Added the run "C:\VWorks Workspace\Protocol Files\TruSeqPCRFree\11_AdapterLigation_TruSeqPCRFree_v1.0.pro" to Runset Manager.			1	
12-Oct-17 11:31:47 AM	Info					Runset Manager: Added the run "C:\VWorks Workspace\Protocol Files\TruSeqPCRFree\12_StopLigation_TruSeqPCRFree_v1.0.pro" to Runset Manager.			1	
12-Oct-17 11:31:47 AM	Info					Runset Manager: Added the run "C:\VWorks Workspace\Protocol Files\TruSeqPCRFree\13_AMPureXP_TruSeqPCRFree_runset_v1.0.pro" to Runset Manager.			1	
12-Oct-17 11:31:47 AM	Info					Runset Manager: Added the run "C:\VWorks Workspace\Protocol Files\TruSeqPCRFree\14_AMPureXP_TruSeqPCRFree_runset_v1.0.pro" to Runset Manager.			1	
12-Oct-17 11:31:56 AM	Info					File loaded		C:\VWorks Workspace\Device Files\TruSeq\TruSeq RNA_DNA Sample Prep_v1.0\BravoMiniPHBenchCel_round_magnet_RED_insert.dev	1	
12-Oct-17 11:31:56 AM	Info					File loaded	7_AMPureXP_TruSeqPCRFree_DNArunset_v1.0	C:\VWorks Workspace\Protocol Files\TruSeqPCRFree\7_AMPureXP_TruSeqPCRFree_DNArunset_v1.0.pro	1	
12-Oct-17 11:32:11 AM	Warning			emptytips2	1	No plate to unload from the device Agilent Labware MiniHub - 1 location : cassette 4, slot 1		7_AMPureXP_TruSeqPCRFree_DNArunset_v1.0.pro	1	
12-Oct-17 11:32:12 AM	Warning			emptytips2	1	There aren't any available plates for the unload task to unload		7_AMPureXP_TruSeqPCRFree_DNArunset_v1.0.pro	1	
12-Oct-17 11:32:12 AM	Warning			Ethanol Reservoir	1	No plate to unload from the device Agilent Labware MiniHub - 1 location : cassette 2, slot 1		7_AMPureXP_TruSeqPCRFree_DNArunset_v1.0.pro	1	
12-Oct-17 11:32:12 AM	Warning			Ethanol Reservoir	1	There aren't any available plates for the unload task to unload		7_AMPureXP_TruSeqPCRFree_DNArunset_v1.0.pro	1	
12-Oct-17 11:32:12 AM	Warning			Resuspension Buffer	1	No plate to unload from the device Agilent Labware MiniHub - 1 location : cassette 2, slot 2		7_AMPureXP_TruSeqPCRFree_DNArunset_v1.0.pro	1	
12-Oct-17 11:32:12 AM	Warning			Resuspension Buffer	1	There aren't any available plates for the unload task to unload		7_AMPureXP_TruSeqPCRFree_DNArunset_v1.0.pro	1	
12-Oct-17 11:32:12 AM	Warning			SPRI reservoir	1	No plate to unload from the device Agilent Labware MiniHub - 1 location : cassette 3, slot 2		7_AMPureXP_TruSeqPCRFree_DNArunset_v1.0.pro	1	
12-Oct-17 11:32:12 AM	Warning			SPRI reservoir	1	There aren't any available plates for the unload task to unload		7_AMPureXP_TruSeqPCRFree_DNArunset_v1.0.pro	1	
12-Oct-17 11:32:12 AM	Info					Compile complete with 0 errors and 8 warnings			1	
12-Oct-17 11:32:12 AM	Script					var plate_type = "96 ABI PCR half skirt in black carrier";		C:\VWorks Workspace\Forms\SCELSE\TruSeqPCRFree_Nano.VWForm	1	
12-Oct-17 11:32:12 AM	Script					var DNA_source = 0;		C:\VWorks Workspace\Forms\SCELSE\TruSeqPCRFree_Nano.VWForm	1	
12-Oct-17 11:32:12 AM	Script					var protocol_testing = 0;		C:\VWorks Workspace\Forms\SCELSE\TruSeqPCRFree_Nano.VWForm	1	
12-Oct-17 11:32:12 AM	Script					var BasePair = 62;		C:\VWorks Workspace\Forms\SCELSE\TruSeqPCRFree_Nano.VWForm	1	
12-Oct-17 11:32:12 AM	Script					var formProtocolName = "TruSeqPCRFree_Nano_runset.rst";		C:\VWorks Workspace\Forms\SCELSE\TruSeqPCRFree_Nano.VWForm	1	
12-Oct-17 11:32:12 AM	Script					var columns_samples = 1;		C:\VWorks Workspace\Forms\SCELSE\TruSeqPCRFree_Nano.VWForm	1	
12-Oct-17 11:32:12 AM	Event					Scheduler started			1	
12-Oct-17 11:32:12 AM	Info	Agilent Labware MiniHub - 1				Initializing device		C:\VWorks Workspace\Device Files\TruSeq\TruSeq RNA_DNA Sample Prep_v1.0\BravoMiniPHBenchCel_round_magnet_RED_insert.dev	1	
12-Oct-17 11:32:12 AM	Info	BenchCel - 1				Initializing device		C:\VWorks Workspace\Device Files\TruSeq\TruSeq RNA_DNA Sample Prep_v1.0\BravoMiniPHBenchCel_round_magnet_RED_insert.dev	1	
12-Oct-17 11:32:12 AM	Info	Bravo - 1				Initializing device		C:\VWorks Workspace\Device Files\TruSeq\TruSeq RNA_DNA Sample Prep_v1.0\BravoMiniPHBenchCel_round_magnet_RED_insert.dev	1	
12-Oct-17 11:32:13 AM	Info	BenchCel - 1				Initialization complete		C:\VWorks Workspace\Device Files\TruSeq\TruSeq RNA_DNA Sample Prep_v1.0\BravoMiniPHBenchCel_round_magnet_RED_insert.dev	1	
12-Oct-17 11:32:18 AM	Error	Bravo - 1				There appears to be a plate present in, or in front of the gripper's plate presence sensor.			1	
12-Oct-17 11:32:18 AM	Error	Bravo - 1				  - Choose "Retry" to check the plate presence sensor again.			1	
12-Oct-17 11:32:18 AM	Error	Bravo - 1				  - Choose "Ignore" to continue to home the G axis.  Please note that any plate currently held by the gripper will be dropped.			1	
12-Oct-17 11:32:18 AM	Error	Bravo - 1				  - Choose "Abort" to cancel initialization.			1	
12-Oct-17 11:32:18 AM	Info					Error library: Select best match error handler: "Default" and action type "show error dialog"			1	
12-Oct-17 11:32:38 AM	Info	Bravo - 1				Ignoring: There appears to be a plate present in, or in front of the gripper's plate presence sensor.			1	
12-Oct-17 11:32:38 AM	Info	Bravo - 1				  - Choose "Retry" to check the plate presence sensor again.			1	
12-Oct-17 11:32:38 AM	Info	Bravo - 1				  - Choose "Ignore" to continue to home the G axis.  Please note that any plate currently held by the gripper will be dropped.			1	
12-Oct-17 11:32:38 AM	Info	Bravo - 1				  - Choose "Abort" to cancel initialization.			1	
12-Oct-17 11:32:38 AM	Error	Bravo - 1				Please verify that it is safe to home the W-axis (the aspirate/dispense axis).  If there is fluid in the tips you may want to manually home the W-axis in diagnostics over a waste position.			1	
12-Oct-17 11:32:38 AM	Error	Bravo - 1				  - Choose "Retry" to continue homing the W-axis.			1	
12-Oct-17 11:32:38 AM	Error	Bravo - 1				  - Choose "Ignore" to leave the W-axis unhomed.			1	
12-Oct-17 11:32:38 AM	Error	Bravo - 1				  - Choose "Abort" to cancel initialization.			1	
12-Oct-17 11:32:38 AM	Info					Error library: Select best match error handler: "Default" and action type "show error dialog"			1	
12-Oct-17 11:33:01 AM	Info	Bravo - 1				Retrying: Please verify that it is safe to home the W-axis (the aspirate/dispense axis).  If there is fluid in the tips you may want to manually home the W-axis in diagnostics over a waste position.			1	
12-Oct-17 11:33:01 AM	Info	Bravo - 1				  - Choose "Retry" to continue homing the W-axis.			1	
12-Oct-17 11:33:01 AM	Info	Bravo - 1				  - Choose "Ignore" to leave the W-axis unhomed.			1	
12-Oct-17 11:33:01 AM	Info	Bravo - 1				  - Choose "Abort" to cancel initialization.			1	
12-Oct-17 11:33:01 AM	Info	Bravo - 1				Initialization complete		C:\VWorks Workspace\Device Files\TruSeq\TruSeq RNA_DNA Sample Prep_v1.0\BravoMiniPHBenchCel_round_magnet_RED_insert.dev	1	
12-Oct-17 11:33:23 AM	Error	Agilent Labware MiniHub - 1				Cannot Home. Please check below for details.			1	
12-Oct-17 11:33:23 AM	Error	Agilent Labware MiniHub - 1				The controller reported the following faults:			1	
12-Oct-17 11:33:23 AM	Error	Agilent Labware MiniHub - 1				Controller - NodeID=0			1	
12-Oct-17 11:33:23 AM	Error	Agilent Labware MiniHub - 1				Axis:1			1	
12-Oct-17 11:33:23 AM	Error	Agilent Labware MiniHub - 1				Non-Fatal Error: Excessive Following Error			1	
12-Oct-17 11:33:23 AM	Info					Error library: Select best match error handler: "Default" and action type "show error dialog"			1	
12-Oct-17 11:33:33 AM	Info	Agilent Labware MiniHub - 1				Opening diagnostics		C:\VWorks Workspace\Device Files\TruSeq\TruSeq RNA_DNA Sample Prep_v1.0\BravoMiniPHBenchCel_round_magnet_RED_insert.dev	1	
12-Oct-17 11:33:34 AM	Info	Agilent Labware MiniHub - 1				An error occured.			1	
12-Oct-17 11:33:34 AM	Info	Agilent Labware MiniHub - 1				The controller reported the following faults:			1	
12-Oct-17 11:33:34 AM	Info	Agilent Labware MiniHub - 1				Controller - NodeID=0			1	
12-Oct-17 11:33:34 AM	Info	Agilent Labware MiniHub - 1				Axis:1			1	
12-Oct-17 11:33:34 AM	Info	Agilent Labware MiniHub - 1				Non-Fatal Error: Excessive Following Error			1	
12-Oct-17 11:33:51 AM	Info	Agilent Labware MiniHub - 1				Closing diagnostics		C:\VWorks Workspace\Device Files\TruSeq\TruSeq RNA_DNA Sample Prep_v1.0\BravoMiniPHBenchCel_round_magnet_RED_insert.dev	1	
12-Oct-17 11:33:54 AM	Info	Agilent Labware MiniHub - 1				Aborting on: Cannot Home. Please check below for details.			1	
12-Oct-17 11:33:54 AM	Info	Agilent Labware MiniHub - 1				The controller reported the following faults:			1	
12-Oct-17 11:33:54 AM	Info	Agilent Labware MiniHub - 1				Controller - NodeID=0			1	
12-Oct-17 11:33:54 AM	Info	Agilent Labware MiniHub - 1				Axis:1			1	
12-Oct-17 11:33:54 AM	Info	Agilent Labware MiniHub - 1				Non-Fatal Error: Excessive Following Error			1	
12-Oct-17 11:33:54 AM	Event					Scheduler stopped			1	
12-Oct-17 11:33:54 AM	Info	Agilent Labware MiniHub - 1				Initialization failed		C:\VWorks Workspace\Device Files\TruSeq\TruSeq RNA_DNA Sample Prep_v1.0\BravoMiniPHBenchCel_round_magnet_RED_insert.dev	1	
12-Oct-17 11:33:59 AM	Event					Scheduler aborted			1	
12-Oct-17 11:34:00 AM	Event					None protocol aborted by user	7_AMPureXP_TruSeqPCRFree_DNArunset_v1.0	C:\VWorks Workspace\Protocol Files\TruSeqPCRFree\7_AMPureXP_TruSeqPCRFree_DNArunset_v1.0.pro	1	
12-Oct-17 11:35:04 AM	Info					File unloaded		C:\VWorks Workspace\Forms\SCELSE\TruSeqPCRFree_Nano.VWForm	1	
12-Oct-17 11:35:06 AM	Info					File unloaded		C:\VWorks Workspace\Protocol Files\TruSeqPCRFree\7_AMPureXP_TruSeqPCRFree_DNArunset_v1.0.pro	1	
12-Oct-17 11:35:07 AM	Info	Agilent Labware MiniHub - 1				Closing device		C:\VWorks Workspace\Device Files\TruSeq\TruSeq RNA_DNA Sample Prep_v1.0\BravoMiniPHBenchCel_round_magnet_RED_insert.dev	1	
12-Oct-17 11:35:07 AM	Info	BenchCel - 1				Closing device		C:\VWorks Workspace\Device Files\TruSeq\TruSeq RNA_DNA Sample Prep_v1.0\BravoMiniPHBenchCel_round_magnet_RED_insert.dev	1	
12-Oct-17 11:35:07 AM	Info	Bravo - 1				Closing device		C:\VWorks Workspace\Device Files\TruSeq\TruSeq RNA_DNA Sample Prep_v1.0\BravoMiniPHBenchCel_round_magnet_RED_insert.dev	1	
12-Oct-17 11:35:07 AM	Info					File unloaded		C:\VWorks Workspace\Device Files\TruSeq\TruSeq RNA_DNA Sample Prep_v1.0\BravoMiniPHBenchCel_round_magnet_RED_insert.dev	1	
12-Oct-17 11:35:12 AM	Info					File loaded		C:\VWorks Workspace\Forms\SCELSE\TruSeqPCRFree_Nano.VWForm	1	
12-Oct-17 11:35:19 AM	Script					var plate_type = "96 ABI PCR half skirt in black carrier";		C:\VWorks Workspace\Forms\SCELSE\TruSeqPCRFree_Nano.VWForm	1	
12-Oct-17 11:35:19 AM	Script					var DNA_source = 0;		C:\VWorks Workspace\Forms\SCELSE\TruSeqPCRFree_Nano.VWForm	1	
12-Oct-17 11:35:19 AM	Script					var protocol_testing = 0;		C:\VWorks Workspace\Forms\SCELSE\TruSeqPCRFree_Nano.VWForm	1	
12-Oct-17 11:35:19 AM	Script					var BasePair = 57;		C:\VWorks Workspace\Forms\SCELSE\TruSeqPCRFree_Nano.VWForm	1	
12-Oct-17 11:35:19 AM	Script					var formProtocolName = "TruSeqPCRFree_Nano_runset.rst";		C:\VWorks Workspace\Forms\SCELSE\TruSeqPCRFree_Nano.VWForm	1	
12-Oct-17 11:35:19 AM	Script					var columns_samples = 1;		C:\VWorks Workspace\Forms\SCELSE\TruSeqPCRFree_Nano.VWForm	1	
12-Oct-17 11:35:19 AM	Script					Number of Columns selected is 1			1	
12-Oct-17 11:35:20 AM	Script					Case: 1 Columns			1	
12-Oct-17 11:40:55 AM	Info					File loaded		C:\VWorks Workspace\Forms\SCELSE\Working Program\Accel_NGS.VWForm	1	
12-Oct-17 11:42:27 AM	Info					File loaded		C:\VWorks Workspace\Forms\QPCR\QPCR.VWForm	1	
12-Oct-17 11:44:48 AM	Info					File unloaded		C:\VWorks Workspace\Forms\QPCR\QPCR.VWForm	1	
12-Oct-17 11:44:51 AM	Info					File unloaded		C:\VWorks Workspace\Forms\SCELSE\Working Program\Accel_NGS.VWForm	1	
12-Oct-17 11:44:53 AM	Info					File unloaded		C:\VWorks Workspace\Forms\SCELSE\TruSeqPCRFree_Nano.VWForm	1	
