27-Sep-17 8:52:53 AM	Event	1						Main protocol starting	C:\VWorks Workspace\Protocol Files\Accel_NGS_2S\Scratch\7a_Elution.pro	
27-Sep-17 8:55:52 AM	Transfer	1	20	Elution Plate 1	A1	DNA Plate 1	A1		C:\VWorks Workspace\Protocol Files\Accel_NGS_2S\Scratch\7a_Elution.pro	
27-Sep-17 9:00:18 AM	Transfer	1	30	Master Mix Plate 1	Column 4	Reaction Plate 1	Column 1		C:\VWorks Workspace\Protocol Files\Accel_NGS_2S\Scratch\7a_Elution.pro	
27-Sep-17 9:03:31 AM	Event	1						Main protocol aborted by user	C:\VWorks Workspace\Protocol Files\Accel_NGS_2S\Scratch\7a_Elution.pro	
27-Sep-17 9:03:32 AM	Event	1						Main protocol aborted by user	C:\VWorks Workspace\Protocol Files\Accel_NGS_2S\Scratch\7a_Elution.pro	
27-Sep-17 9:06:37 AM	Event	1						Main protocol starting	C:\VWorks Workspace\Protocol Files\Accel_NGS_2S\Scratch\7a_Elution.pro	
27-Sep-17 9:06:44 AM	Transfer	1	20	Elution Plate 1	A1	DNA Plate 1	A1		C:\VWorks Workspace\Protocol Files\Accel_NGS_2S\Scratch\7a_Elution.pro	
27-Sep-17 9:06:53 AM	Transfer	1	30	Master Mix Plate 1	Column 4	Reaction Plate 1	Column 1		C:\VWorks Workspace\Protocol Files\Accel_NGS_2S\Scratch\7a_Elution.pro	
27-Sep-17 9:06:55 AM	Event	1						Main protocol complete	C:\VWorks Workspace\Protocol Files\Accel_NGS_2S\Scratch\7a_Elution.pro	
27-Sep-17 9:09:18 AM	Event	1						Main protocol starting	C:\VWorks Workspace\Protocol Files\Accel_NGS_2S\Scratch\7a_Elution.pro	
27-Sep-17 9:13:09 AM	Event	1						Main protocol aborted by user	C:\VWorks Workspace\Protocol Files\Accel_NGS_2S\Scratch\7a_Elution.pro	
27-Sep-17 9:13:11 AM	Event	1						Main protocol aborted by user	C:\VWorks Workspace\Protocol Files\Accel_NGS_2S\Scratch\7a_Elution.pro	
27-Sep-17 9:13:28 AM	Event	1						Main protocol starting	C:\VWorks Workspace\Protocol Files\Accel_NGS_2S\Scratch\7a_Elution.pro	
27-Sep-17 9:13:35 AM	Transfer	1	20	Elution Plate 1	A1	DNA Plate 1	A1		C:\VWorks Workspace\Protocol Files\Accel_NGS_2S\Scratch\7a_Elution.pro	
27-Sep-17 9:13:44 AM	Transfer	1	30	Master Mix Plate 1	Column 4	Reaction Plate 1	Column 1		C:\VWorks Workspace\Protocol Files\Accel_NGS_2S\Scratch\7a_Elution.pro	
27-Sep-17 9:13:46 AM	Event	1						Main protocol complete	C:\VWorks Workspace\Protocol Files\Accel_NGS_2S\Scratch\7a_Elution.pro	
27-Sep-17 9:18:53 AM	Event	1						Main protocol starting	C:\VWorks Workspace\Protocol Files\Accel_NGS_2S\Scratch\7a_Elution.pro	
27-Sep-17 9:19:00 AM	Transfer	1	20	Elution Plate 1	A1	DNA Plate 1	A1		C:\VWorks Workspace\Protocol Files\Accel_NGS_2S\Scratch\7a_Elution.pro	
27-Sep-17 9:19:10 AM	Transfer	1	30	Master Mix Plate 1	Column 4	Reaction Plate 1	Column 1		C:\VWorks Workspace\Protocol Files\Accel_NGS_2S\Scratch\7a_Elution.pro	
27-Sep-17 9:19:12 AM	Event	1						Main protocol complete	C:\VWorks Workspace\Protocol Files\Accel_NGS_2S\Scratch\7a_Elution.pro	
27-Sep-17 9:19:29 AM	Event	1						Main protocol starting	C:\VWorks Workspace\Protocol Files\Accel_NGS_2S\Scratch\7a_Elution.pro	
27-Sep-17 9:22:58 AM	Event	1						Main protocol aborted by user	C:\VWorks Workspace\Protocol Files\Accel_NGS_2S\Scratch\7a_Elution.pro	
27-Sep-17 9:23:00 AM	Event	1						Main protocol aborted by user	C:\VWorks Workspace\Protocol Files\Accel_NGS_2S\Scratch\7a_Elution.pro	
27-Sep-17 9:24:40 AM	Event	1						Main protocol starting	C:\VWorks Workspace\Protocol Files\Accel_NGS_2S\Scratch\7a_Elution.pro	
27-Sep-17 9:29:18 AM	Event	1						Main protocol aborted by user	C:\VWorks Workspace\Protocol Files\Accel_NGS_2S\Scratch\7a_Elution.pro	
27-Sep-17 9:29:20 AM	Event	1						Main protocol aborted by user	C:\VWorks Workspace\Protocol Files\Accel_NGS_2S\Scratch\7a_Elution.pro	
