20-Nov-17 9:39:20 AM	Info					Error library: The error library file path is empty.			0	
20-Nov-17 9:39:20 AM	Info					System Startup			0	
20-Nov-17 9:39:20 AM	Info	AccessoriesWizard				Dll loaded:    AccessoriesWizard.dll    6.0.0			0	
20-Nov-17 9:39:20 AM	Info	AccessoryManager				Dll loaded:    AccessoryManager.dll    2.0.0			0	
20-Nov-17 9:39:20 AM	Info	AgilentBenchBotController				Dll loaded:    AgilentBenchBotController.dll    1.21.4226			0	
20-Nov-17 9:39:20 AM	Info	ArgonShelfAccessoryDriver				Dll loaded:    ArgonShelfAccessoryDriver.dll    2.0.1			0	
20-Nov-17 9:39:20 AM	Info	BTILHCRunner				Dll loaded:    BTILHCRunner.dll    2.00.2			0	
20-Nov-17 9:39:20 AM	Info	ContextHelp				Dll loaded:    ContextHelp.dll    3.0.0			0	
20-Nov-17 9:39:20 AM	Info	DDRStringTable				Dll loaded:    DDRStringTable.dll    1.2.14			0	
20-Nov-17 9:39:20 AM	Info	DeviceEnumerator				Dll loaded:    DeviceEnumerator.dll    9.0.0			0	
20-Nov-17 9:39:20 AM	Info	EchoAppHelper				Dll loaded:    EchoAppHelper.dll    1.0.0			0	
20-Nov-17 9:39:20 AM	Info	ErrorLibrary				Dll loaded:    ErrorLibrary.dll    2.0.1			0	
20-Nov-17 9:39:20 AM	Info	EvaporatorAccessoryDriver				Dll loaded:    EvaporatorAccessoryDriver.dll    9.0.0			0	
20-Nov-17 9:39:20 AM	Info	GuidanceDiscovery				Dll loaded:    GuidanceDiscovery.dll    2.0.0			0	
20-Nov-17 9:39:20 AM	Info	Host				Dll loaded:    Host.dll    1.0.4226			0	
20-Nov-17 9:39:20 AM	Info	ImportExport				Dll loaded:    ImportExport.dll    2.0.0			0	
20-Nov-17 9:39:20 AM	Info	InhecoMTCdll				Dll loaded:    InhecoMTCdll.dll    1.2.4			0	
20-Nov-17 9:39:20 AM	Info	InhecoShakeandHeatAccessoryDriver				Dll loaded:    InhecoShakeandHeatAccessoryDriver.dll    1.0.0			0	
20-Nov-17 9:39:20 AM	Info	IWorksAccessory				Dll loaded:    IWorksAccessory.dll    8.0.1			0	
20-Nov-17 9:39:20 AM	Info	js32				Dll loaded:    js32.dll    Unknown.0.0			0	
20-Nov-17 9:39:20 AM	Info	LabelDesigner				Dll loaded:    LabelDesigner.dll    5.0.7			0	
20-Nov-17 9:39:20 AM	Info	LabelerHardware				Dll loaded:    LabelerHardware.dll    14.0.23			0	
20-Nov-17 9:39:20 AM	Info	libnspr4				Dll loaded:    libnspr4.dll    4.1.0			0	
20-Nov-17 9:39:20 AM	Info	LidHotelAccessoryDriver				Dll loaded:    LidHotelAccessoryDriver.dll    8.0.0			0	
20-Nov-17 9:39:20 AM	Info	lm				Dll loaded:    lm.dll    3.0.0			0	
20-Nov-17 9:39:20 AM	Info	Loader				Dll loaded:    Loader.dll    1.0.4226			0	
20-Nov-17 9:39:20 AM	Info	MagBeadAccessoryDriver				Dll loaded:    MagBeadAccessoryDriver.dll    8.0.0			0	
20-Nov-17 9:39:20 AM	Info	MetaDataPropertyManager				Dll loaded:    MetaDataPropertyManager.dll    13.0.0			0	
20-Nov-17 9:39:20 AM	Info	mfc71				Dll loaded:    mfc71.dll    7.10.3077			0	
20-Nov-17 9:39:20 AM	Info	mfc71u				Dll loaded:    mfc71u.dll    7.10.3077			0	
20-Nov-17 9:39:20 AM	Info	MicroPierceInterface				Dll loaded:    MicroPierceInterface.dll    1.0.0			0	
20-Nov-17 9:39:20 AM	Info	MicroPierceWrapper				Dll loaded:    MicroPierceWrapper.dll    1.0.0			0	
20-Nov-17 9:39:20 AM	Info	MicroStirInterface				Dll loaded:    MicroStirInterface.dll    1.0.0			0	
20-Nov-17 9:39:20 AM	Info	MicroStirWrapper				Dll loaded:    MicroStirWrapper.dll    1.0.0			0	
20-Nov-17 9:39:20 AM	Info	msvcr71				Dll loaded:    msvcr71.dll    7.10.3052			0	
20-Nov-17 9:39:20 AM	Info	MTController				Dll loaded:    MTController.dll    5.0.0			0	
20-Nov-17 9:39:20 AM	Info	NestableTipBoxInsertAccessoryDriver				Dll loaded:    NestableTipBoxInsertAccessoryDriver.dll    2.0.0			0	
20-Nov-17 9:39:20 AM	Info	ObjectDatabase				Dll loaded:    ObjectDatabase.dll    4.0.0			0	
20-Nov-17 9:39:20 AM	Info	ObjectManager				Dll loaded:    ObjectManager.dll    7.0.1			0	
20-Nov-17 9:39:20 AM	Info	PackardFusionRemoteConnectorOCX				Dll loaded:    PackardFusionRemoteConnectorOCX.dll    4.0.0			0	
20-Nov-17 9:39:20 AM	Info	PackardFusionRemoteControlPlugIn				Dll loaded:    PackardFusionRemoteControlPlugIn.dll    4.0.0			0	
20-Nov-17 9:39:20 AM	Info	PackardFusionRemoteControlWrapperDLL				Dll loaded:    PackardFusionRemoteControlWrapperDLL.dll    4.0.0			0	
20-Nov-17 9:39:20 AM	Info	PicServoExtDll				Dll loaded:    PicServoExtDll.dll    10.0.0			0	
20-Nov-17 9:39:20 AM	Info	PipetteHeadMode				Dll loaded:    PipetteHeadMode.dll    2.0.0			0	
20-Nov-17 9:39:20 AM	Info	PipetteTechniqueEditor				Dll loaded:    PipetteTechniqueEditor.dll    3.0.0			0	
20-Nov-17 9:39:20 AM	Info	PlateMapDatabase				Dll loaded:    PlateMapDatabase.dll    17.0.1			0	
20-Nov-17 9:39:20 AM	Info	ProfileChangeLog				Dll loaded:    ProfileChangeLog.dll    2.0.0			0	
20-Nov-17 9:39:20 AM	Info	ProfileManager				Dll loaded:    ProfileManager.dll    10.0.1			0	
20-Nov-17 9:39:20 AM	Info	ProfSkin284m				Dll loaded:    ProfSkin284m.dll    2.8.4			0	
20-Nov-17 9:39:20 AM	Info	ProfUIS284m				Dll loaded:    ProfUIS284m.dll    2.8.4			0	
20-Nov-17 9:39:20 AM	Info	ProfUisProfileManager				Dll loaded:    ProfUisProfileManager.dll    10.0.0			0	
20-Nov-17 9:39:20 AM	Info	SciLexer				Dll loaded:    SciLexer.dll    1.71.0			0	
20-Nov-17 9:39:20 AM	Info	SerialDilution				Dll loaded:    SerialDilution.dll    13.0.0			0	
20-Nov-17 9:39:20 AM	Info	SSIdll				Dll loaded:    SSIdll.dll    Unknown.0.0			0	
20-Nov-17 9:39:20 AM	Info	TeleshakeAccessoryDriver				Dll loaded:    TeleshakeAccessoryDriver.dll    9.0.2			0	
20-Nov-17 9:39:20 AM	Info	TipPosition				Dll loaded:    TipPosition.dll    3.0.0			0	
20-Nov-17 9:39:20 AM	Info	TipTracking				Dll loaded:    TipTracking.dll    3.0.0			0	
20-Nov-17 9:39:20 AM	Info	tmlcomm				Dll loaded:    tmlcomm.dll    3.2.2			0	
20-Nov-17 9:39:20 AM	Info	TML_lib				Dll loaded:    TML_lib.dll    2.0.1			0	
20-Nov-17 9:39:20 AM	Info	Toolbox				Dll loaded:    Toolbox.dll    1.0.4226			0	
20-Nov-17 9:39:20 AM	Info	V11DeviceDriver				Dll loaded:    V11DeviceDriver.dll    11.0.0			0	
20-Nov-17 9:39:20 AM	Info	V11FieldComposer				Dll loaded:    V11FieldComposer.dll    4.0.0			0	
20-Nov-17 9:39:20 AM	Info	V11GanttChart				Dll loaded:    V11GanttChart.dll    2.0.1			0	
20-Nov-17 9:39:20 AM	Info	V11Labware				Dll loaded:    V11Labware.dll    25.0.14			0	
20-Nov-17 9:39:20 AM	Info	V11Liquids				Dll loaded:    V11Liquids.dll    9.0.0			0	
20-Nov-17 9:39:20 AM	Info	V11Migrator				Dll loaded:    V11Migrator.dll    2.0.3			0	
20-Nov-17 9:39:20 AM	Info	V11PipettingFormatWizard				Dll loaded:    V11PipettingFormatWizard.dll    2.0.0			0	
20-Nov-17 9:39:20 AM	Info	V11PumpAccessoryDriver				Dll loaded:    V11PumpAccessoryDriver.dll    3.0.2			0	
20-Nov-17 9:39:20 AM	Info	V11SharedClasses				Dll loaded:    V11SharedClasses.dll    1.1.0			0	
20-Nov-17 9:39:20 AM	Info	V11WellSelect				Dll loaded:    V11WellSelect.dll    8.0.0			0	
20-Nov-17 9:39:20 AM	Info	V11WellVolumeVisualizer				Dll loaded:    V11WellVolumeVisualizer.dll    6.0.0			0	
20-Nov-17 9:39:20 AM	Info	V11Wizard				Dll loaded:    V11Wizard.dll    2.0.0			0	
20-Nov-17 9:39:20 AM	Info	VacuumFiltrationAccessoryDriver				Dll loaded:    VacuumFiltrationAccessoryDriver.dll    10.0.1			0	
20-Nov-17 9:39:20 AM	Info	VacuumLocatingStationDriver				Dll loaded:    VacuumLocatingStationDriver.dll    7.0.0			0	
20-Nov-17 9:39:20 AM	Info	VacuumShelfAccessoryDriver				Dll loaded:    VacuumShelfAccessoryDriver.dll    2.0.2			0	
20-Nov-17 9:39:20 AM	Info	VHookInterface				Dll loaded:    VHookInterface.dll    7.0.0			0	
20-Nov-17 9:39:20 AM	Info	VWorks4COM				Dll loaded:    VWorks4COM.dll    4.0.0			0	
20-Nov-17 9:39:20 AM	Info	VWorks4Defs				Dll loaded:    VWorks4Defs.dll    6.0.3			0	
20-Nov-17 9:39:20 AM	Info	VWorks4DeviceManager				Dll loaded:    VWorks4DeviceManager.dll    4.0.0			0	
20-Nov-17 9:39:20 AM	Info	VWorks4EmailDaemon				Dll loaded:    VWorks4EmailDaemon.dll    3.0.0			0	
20-Nov-17 9:39:20 AM	Info	VWorks4FormManager				Dll loaded:    VWorks4FormManager.dll    1.0.0			0	
20-Nov-17 9:39:20 AM	Info	VWorks4GUI				Dll loaded:    VWorks4GUI.dll    3.0.0			0	
20-Nov-17 9:39:20 AM	Info	VWorks4GUIFramework				Dll loaded:    VWorks4GUIFramework.dll    3.0.1			0	
20-Nov-17 9:39:20 AM	Info	VWorks4Hooks				Dll loaded:    VWorks4Hooks.dll    3.0.0			0	
20-Nov-17 9:39:20 AM	Info	VWorks4LabelDesigner				Dll loaded:    VWorks4LabelDesigner.dll    3.0.0			0	
20-Nov-17 9:39:20 AM	Info	VWorks4Logger				Dll loaded:    VWorks4Logger.dll    4.0.0			0	
20-Nov-17 9:39:20 AM	Info	VWorks4MacroLibrary				Dll loaded:    VWorks4MacroLibrary.dll    1.0.0			0	
20-Nov-17 9:39:20 AM	Info	VWorks4Progress				Dll loaded:    VWorks4Progress.dll    3.0.0			0	
20-Nov-17 9:39:20 AM	Info	VWorks4ProtocolEditor				Dll loaded:    VWorks4ProtocolEditor.dll    4.0.0			0	
20-Nov-17 9:39:20 AM	Info	VWorks4Security				Dll loaded:    VWorks4Security.dll    3.0.0			0	
20-Nov-17 9:39:20 AM	Info	VWorks4UserDatabase				Dll loaded:    VWorks4UserDatabase.dll    3.0.0			0	
20-Nov-17 9:39:20 AM	Info	VWorks4UserManager				Dll loaded:    VWorks4UserManager.dll    3.0.0			0	
20-Nov-17 9:39:20 AM	Info	WeighPadAccessoryDriver				Dll loaded:    WeighPadAccessoryDriver.dll    2.0.0			0	
20-Nov-17 9:39:20 AM	Info	Agilent BenchCel				Plugin loaded from cache:   AgilentBenchCel.dll   20.1.2			0	
20-Nov-17 9:39:20 AM	Info	Agilent Bravo				Plugin loaded from cache:   AgilentBravo.dll   17.1.0			0	
20-Nov-17 9:39:21 AM	Info	Agilent Generic I/O Module				Plugin loaded from cache:   AgilentGenericIO.dll   5.0.0			0	
20-Nov-17 9:39:21 AM	Info	Agilent Labware MiniHub				Plugin loaded from cache:   AgilentLabwareMiniHub.dll   1.0.3			0	
20-Nov-17 9:39:21 AM	Info	Agilent Phantom Robot				Plugin loaded from cache:   AgilentPhantomRobot.dll   9.0.5			0	
20-Nov-17 9:39:21 AM	Info	Agilent Phantom Stacker				Plugin loaded from cache:   AgilentPhantomStacker.dll   2.0.1			0	
20-Nov-17 9:39:21 AM	Info	Agilent Plate Hotel				Plugin loaded from cache:   AgilentPlateHotel.dll   1.0.3			0	
20-Nov-17 9:39:21 AM	Info	Agilent Plate Hub Carousel				Plugin loaded from cache:   AgilentPlateHubCarousel.dll   8.0.1			0	
20-Nov-17 9:39:21 AM	Info	Waste Bin				Plugin loaded from cache:   AgilentWasteBin.dll   3.0.0			0	
20-Nov-17 9:39:21 AM	Info	Agilent Weigh Pad				Plugin loaded from cache:   AgilentWeighPad.dll   8.0.0			0	
20-Nov-17 9:39:21 AM	Info	Keyence Barcode Reader				Plugin loaded from cache:   KeyenceBarcodeReader.dll   6.0.0			0	
20-Nov-17 9:39:21 AM	Info	Plate Pad, Standard				Plugin loaded from cache:   PlatePad.dll   6.0.0			0	
20-Nov-17 9:39:45 AM	Info					administrator logged in			1	
20-Nov-17 9:39:55 AM	Info					File loaded		C:\VWorks Workspace\Forms\SCELSE\Accel_NGS_2S_DNA\Accel_NGS.VWForm	1	
20-Nov-17 9:40:02 AM	Script					Initializing scripting engine...			1	
20-Nov-17 9:40:02 AM	Script					Mon Nov 20 2017 09:40:02 GMT+0800 (Malay Peninsula Standard Time)			1	
20-Nov-17 9:40:02 AM	Script					var plate_type = "96 ABI PCR half skirt in black carrier";		C:\VWorks Workspace\Forms\SCELSE\Accel_NGS_2S_DNA\Accel_NGS.VWForm	1	
20-Nov-17 9:40:02 AM	Script					var DNA_source = 0;		C:\VWorks Workspace\Forms\SCELSE\Accel_NGS_2S_DNA\Accel_NGS.VWForm	1	
20-Nov-17 9:40:02 AM	Script					var protocol_testing = 0;		C:\VWorks Workspace\Forms\SCELSE\Accel_NGS_2S_DNA\Accel_NGS.VWForm	1	
20-Nov-17 9:40:02 AM	Script					var DNAconc = 1;		C:\VWorks Workspace\Forms\SCELSE\Accel_NGS_2S_DNA\Accel_NGS.VWForm	1	
20-Nov-17 9:40:02 AM	Script					var formProtocolName = "Accel_Dual_Index_NGS_2SPlus_DNALibrary_Runset_v2.0.rst";		C:\VWorks Workspace\Forms\SCELSE\Accel_NGS_2S_DNA\Accel_NGS.VWForm	1	
20-Nov-17 9:40:02 AM	Script					var columns_samples = 12;		C:\VWorks Workspace\Forms\SCELSE\Accel_NGS_2S_DNA\Accel_NGS.VWForm	1	
20-Nov-17 9:40:02 AM	Script					Number of Columns selected is 12			1	
20-Nov-17 9:40:02 AM	Script					Case: 12 Columns			1	
20-Nov-17 9:44:37 AM	Info					Diagnostics opened			1	
20-Nov-17 9:44:46 AM	Info	Agilent Labware MiniHub				Plugin loaded:   AgilentLabwareMiniHub.dll   1.0.3			1	
20-Nov-17 9:44:47 AM	Info					Hooks plugin loaded:    AgilentBenchCel.dll			0	
20-Nov-17 9:44:47 AM	Info	Agilent BenchCel				Plugin loaded:   AgilentBenchCel.dll   20.1.2			1	
20-Nov-17 9:44:50 AM	Info					Hooks plugin loaded:    AgilentBravo.dll			0	
20-Nov-17 9:44:51 AM	Info	Agilent Bravo				Plugin loaded:   AgilentBravo.dll   17.1.0			1	
20-Nov-17 9:44:54 AM	Info					File loaded		C:\VWorks Workspace\Device Files\TruSeq\TruSeq RNA_DNA Sample Prep_v1.0\BravoMiniPHBenchCel_round_magnet_RED_insert.dev	1	
20-Nov-17 9:44:56 AM	Info	Agilent Labware MiniHub - 1				Initializing device		C:\VWorks Workspace\Device Files\TruSeq\TruSeq RNA_DNA Sample Prep_v1.0\BravoMiniPHBenchCel_round_magnet_RED_insert.dev	1	
20-Nov-17 9:44:56 AM	Info	BenchCel - 1				Initializing device		C:\VWorks Workspace\Device Files\TruSeq\TruSeq RNA_DNA Sample Prep_v1.0\BravoMiniPHBenchCel_round_magnet_RED_insert.dev	1	
20-Nov-17 9:44:56 AM	Info	Bravo - 1				Initializing device		C:\VWorks Workspace\Device Files\TruSeq\TruSeq RNA_DNA Sample Prep_v1.0\BravoMiniPHBenchCel_round_magnet_RED_insert.dev	1	
20-Nov-17 9:44:58 AM	Info	BenchCel - 1				Initialization complete		C:\VWorks Workspace\Device Files\TruSeq\TruSeq RNA_DNA Sample Prep_v1.0\BravoMiniPHBenchCel_round_magnet_RED_insert.dev	1	
20-Nov-17 9:45:10 AM	Info	Agilent Labware MiniHub - 1				Initialization complete		C:\VWorks Workspace\Device Files\TruSeq\TruSeq RNA_DNA Sample Prep_v1.0\BravoMiniPHBenchCel_round_magnet_RED_insert.dev	1	
20-Nov-17 9:45:26 AM	Info	Bravo - 1				Initialization complete		C:\VWorks Workspace\Device Files\TruSeq\TruSeq RNA_DNA Sample Prep_v1.0\BravoMiniPHBenchCel_round_magnet_RED_insert.dev	1	
20-Nov-17 9:45:51 AM	Info	Agilent Labware MiniHub - 1				Opening diagnostics		C:\VWorks Workspace\Device Files\TruSeq\TruSeq RNA_DNA Sample Prep_v1.0\BravoMiniPHBenchCel_round_magnet_RED_insert.dev	1	
20-Nov-17 9:45:54 AM	Info	Agilent Labware MiniHub - 1				Closing diagnostics		C:\VWorks Workspace\Device Files\TruSeq\TruSeq RNA_DNA Sample Prep_v1.0\BravoMiniPHBenchCel_round_magnet_RED_insert.dev	1	
20-Nov-17 9:46:03 AM	Info	BenchCel - 1				Opening diagnostics		C:\VWorks Workspace\Device Files\TruSeq\TruSeq RNA_DNA Sample Prep_v1.0\BravoMiniPHBenchCel_round_magnet_RED_insert.dev	1	
20-Nov-17 9:48:59 AM	Info	BenchCel - 1				Closing diagnostics		C:\VWorks Workspace\Device Files\TruSeq\TruSeq RNA_DNA Sample Prep_v1.0\BravoMiniPHBenchCel_round_magnet_RED_insert.dev	1	
20-Nov-17 9:49:12 AM	Info	Agilent Labware MiniHub - 1				Closing device		C:\VWorks Workspace\Device Files\TruSeq\TruSeq RNA_DNA Sample Prep_v1.0\BravoMiniPHBenchCel_round_magnet_RED_insert.dev	1	
20-Nov-17 9:49:13 AM	Info	BenchCel - 1				Closing device		C:\VWorks Workspace\Device Files\TruSeq\TruSeq RNA_DNA Sample Prep_v1.0\BravoMiniPHBenchCel_round_magnet_RED_insert.dev	1	
20-Nov-17 9:49:13 AM	Info	Bravo - 1				Closing device		C:\VWorks Workspace\Device Files\TruSeq\TruSeq RNA_DNA Sample Prep_v1.0\BravoMiniPHBenchCel_round_magnet_RED_insert.dev	1	
20-Nov-17 9:49:14 AM	Info					File unloaded		C:\VWorks Workspace\Device Files\TruSeq\TruSeq RNA_DNA Sample Prep_v1.0\BravoMiniPHBenchCel_round_magnet_RED_insert.dev	1	
20-Nov-17 9:49:19 AM	Info					File unloaded		C:\VWorks Workspace\Forms\SCELSE\Accel_NGS_2S_DNA\Accel_NGS.VWForm	1	
20-Nov-17 9:49:19 AM	Info					administrator logged out. Session 1 closed			1	
20-Nov-17 9:49:19 AM	Info					System Shutdown			0	
