12-Jan-18 9:41:56 AM	Event	1										Main protocol starting	C:\VWorks Workspace\Protocol Files\TruSeqPCRFree\7_AMPureXP_TruSeqPCRFree_DNArunset_v1.0.pro	
12-Jan-18 9:43:00 AM	Event	1										Main protocol starting	C:\VWorks Workspace\Protocol Files\TruSeqPCRFree\7_AMPureXP_TruSeqPCRFree_DNArunset_v1.0.pro	
12-Jan-18 9:44:05 AM	Event	1										Main protocol complete	C:\VWorks Workspace\Protocol Files\TruSeqPCRFree\7_AMPureXP_TruSeqPCRFree_DNArunset_v1.0.pro	
12-Jan-18 9:44:16 AM	Event	1										Main protocol starting	C:\VWorks Workspace\Protocol Files\TruSeqPCRFree\8_EndRepair_TruSeqPCRFree_v1.0.pro	
12-Jan-18 9:44:34 AM	Event	1										Main protocol complete	C:\VWorks Workspace\Protocol Files\TruSeqPCRFree\8_EndRepair_TruSeqPCRFree_v1.0.pro	
12-Jan-18 9:45:14 AM	Event	1										Main protocol starting	C:\VWorks Workspace\Protocol Files\TruSeqPCRFree\9_AMPureXP_TruSeqPCRFree_DNArunset_v1.0.pro	
12-Jan-18 9:47:02 AM	Event	1										Main protocol complete	C:\VWorks Workspace\Protocol Files\TruSeqPCRFree\9_AMPureXP_TruSeqPCRFree_DNArunset_v1.0.pro	
12-Jan-18 9:47:14 AM	Event	1										Main protocol starting	C:\VWorks Workspace\Protocol Files\TruSeqPCRFree\10_A-Tailing_TruSeqPCRFree_v1.0.pro	
12-Jan-18 9:47:35 AM	Event	1										Main protocol complete	C:\VWorks Workspace\Protocol Files\TruSeqPCRFree\10_A-Tailing_TruSeqPCRFree_v1.0.pro	
12-Jan-18 9:47:48 AM	Event	1										Main protocol starting	C:\VWorks Workspace\Protocol Files\TruSeqPCRFree\11_AdapterLigation_TruSeqPCRFree_v1.0.pro	
12-Jan-18 9:48:10 AM	Event	1										Main protocol complete	C:\VWorks Workspace\Protocol Files\TruSeqPCRFree\11_AdapterLigation_TruSeqPCRFree_v1.0.pro	
12-Jan-18 9:48:22 AM	Event	1										Main protocol starting	C:\VWorks Workspace\Protocol Files\TruSeqPCRFree\12_StopLigation_TruSeqPCRFree_v1.0.pro	
12-Jan-18 9:48:40 AM	Event	1										Main protocol complete	C:\VWorks Workspace\Protocol Files\TruSeqPCRFree\12_StopLigation_TruSeqPCRFree_v1.0.pro	
12-Jan-18 9:49:06 AM	Event	1										Main protocol starting	C:\VWorks Workspace\Protocol Files\TruSeqPCRFree\13_AMPureXP_TruSeqPCRFree_runset_v1.0.pro	
12-Jan-18 9:50:03 AM	Event	1										Main protocol complete	C:\VWorks Workspace\Protocol Files\TruSeqPCRFree\13_AMPureXP_TruSeqPCRFree_runset_v1.0.pro	
12-Jan-18 9:50:34 AM	Event	1										Main protocol starting	C:\VWorks Workspace\Protocol Files\TruSeqPCRFree\14_AMPureXP_TruSeqPCRFree_runset_v1.0.pro	
12-Jan-18 9:52:16 AM	Event	1										Main protocol complete	C:\VWorks Workspace\Protocol Files\TruSeqPCRFree\14_AMPureXP_TruSeqPCRFree_runset_v1.0.pro	
12-Jan-18 10:21:34 AM	Event	1										Main protocol starting	C:\VWorks Workspace\Protocol Files\TruSeqPCRFree\7_AMPureXP_TruSeqPCRFree_DNArunset_v1.0.pro	
12-Jan-18 10:39:05 AM	Event	1										Main protocol complete	C:\VWorks Workspace\Protocol Files\TruSeqPCRFree\7_AMPureXP_TruSeqPCRFree_DNArunset_v1.0.pro	
12-Jan-18 10:39:14 AM	Event	1										Main protocol starting	C:\VWorks Workspace\Protocol Files\TruSeqPCRFree\8_EndRepair_TruSeqPCRFree_v1.0.pro	
12-Jan-18 10:45:57 AM	Event	1										Main protocol complete	C:\VWorks Workspace\Protocol Files\TruSeqPCRFree\8_EndRepair_TruSeqPCRFree_v1.0.pro	
12-Jan-18 10:46:36 AM	Event	1										Main protocol starting	C:\VWorks Workspace\Protocol Files\TruSeqPCRFree\9_AMPureXP_TruSeqPCRFree_DNArunset_v1.0.pro	
12-Jan-18 12:46:02 PM	Event	1										Main protocol complete	C:\VWorks Workspace\Protocol Files\TruSeqPCRFree\9_AMPureXP_TruSeqPCRFree_DNArunset_v1.0.pro	
12-Jan-18 12:46:16 PM	Event	1										Main protocol starting	C:\VWorks Workspace\Protocol Files\TruSeqPCRFree\10_A-Tailing_TruSeqPCRFree_v1.0.pro	
12-Jan-18 12:54:24 PM	Event	1										Main protocol complete	C:\VWorks Workspace\Protocol Files\TruSeqPCRFree\10_A-Tailing_TruSeqPCRFree_v1.0.pro	
12-Jan-18 12:54:40 PM	Event	1										Main protocol starting	C:\VWorks Workspace\Protocol Files\TruSeqPCRFree\11_AdapterLigation_TruSeqPCRFree_v1.0.pro	
12-Jan-18 1:03:51 PM	Event	1										Main protocol complete	C:\VWorks Workspace\Protocol Files\TruSeqPCRFree\11_AdapterLigation_TruSeqPCRFree_v1.0.pro	
12-Jan-18 1:04:02 PM	Event	1										Main protocol starting	C:\VWorks Workspace\Protocol Files\TruSeqPCRFree\12_StopLigation_TruSeqPCRFree_v1.0.pro	
12-Jan-18 1:10:01 PM	Event	1										Main protocol complete	C:\VWorks Workspace\Protocol Files\TruSeqPCRFree\12_StopLigation_TruSeqPCRFree_v1.0.pro	
12-Jan-18 1:10:26 PM	Event	1										Main protocol starting	C:\VWorks Workspace\Protocol Files\TruSeqPCRFree\13_AMPureXP_TruSeqPCRFree_runset_v1.0.pro	
12-Jan-18 1:27:01 PM	Event	1										Main protocol complete	C:\VWorks Workspace\Protocol Files\TruSeqPCRFree\13_AMPureXP_TruSeqPCRFree_runset_v1.0.pro	
12-Jan-18 1:27:33 PM	Event	1										Main protocol starting	C:\VWorks Workspace\Protocol Files\TruSeqPCRFree\14_AMPureXP_TruSeqPCRFree_runset_v1.0.pro	
12-Jan-18 2:27:39 PM	Event	1										Main protocol complete	C:\VWorks Workspace\Protocol Files\TruSeqPCRFree\14_AMPureXP_TruSeqPCRFree_runset_v1.0.pro	
