04-Oct-17 9:23:18 AM	Event	1										Main protocol starting	C:\VWorks Workspace\Protocol Files\Accel_NGS_2S\1_RepairI_Accel_NGS_2S_DNA_v1.0.pro	
04-Oct-17 9:31:11 AM	Event	1										Main protocol complete	C:\VWorks Workspace\Protocol Files\Accel_NGS_2S\1_RepairI_Accel_NGS_2S_DNA_v1.0.pro	
04-Oct-17 9:31:31 AM	Event	1										Main protocol starting	C:\VWorks Workspace\Protocol Files\Accel_NGS_2S\2b_CleanUp1_Accel_NGS_2S_DNA_v1.0.pro	
04-Oct-17 9:48:27 AM	Event	1										Main protocol complete	C:\VWorks Workspace\Protocol Files\Accel_NGS_2S\2b_CleanUp1_Accel_NGS_2S_DNA_v1.0.pro	
04-Oct-17 9:48:38 AM	Event	1										Main protocol starting	C:\VWorks Workspace\Protocol Files\Accel_NGS_2S\Scratch\InProgress3_Elution1_Accel_NGS_2S_DNA_v1.0.pro	
04-Oct-17 9:51:56 AM	Event	1										Main protocol complete	C:\VWorks Workspace\Protocol Files\Accel_NGS_2S\Scratch\InProgress3_Elution1_Accel_NGS_2S_DNA_v1.0.pro	
04-Oct-17 9:52:08 AM	Event	1										Main protocol starting	C:\VWorks Workspace\Protocol Files\Accel_NGS_2S\Scratch\InProgress3_Repair2_Accel_NGS_2S_DNA_v1.0.pro	
04-Oct-17 9:59:21 AM	Event	1										Main protocol complete	C:\VWorks Workspace\Protocol Files\Accel_NGS_2S\Scratch\InProgress3_Repair2_Accel_NGS_2S_DNA_v1.0.pro	
04-Oct-17 9:59:39 AM	Event	1										Main protocol starting	C:\VWorks Workspace\Protocol Files\Accel_NGS_2S\4_CleanUp2_Accel_NGS_2S_DNA_v1.0.pro	
04-Oct-17 10:14:18 AM	Event	1										Main protocol complete	C:\VWorks Workspace\Protocol Files\Accel_NGS_2S\4_CleanUp2_Accel_NGS_2S_DNA_v1.0.pro	
04-Oct-17 10:14:39 AM	Event	1										Main protocol starting	C:\VWorks Workspace\Protocol Files\Accel_NGS_2S\Scratch\InProgress5b_Elution2_Accel_NGS_2S_DNA_v1.0.pro	
04-Oct-17 10:17:51 AM	Event	1										Main protocol complete	C:\VWorks Workspace\Protocol Files\Accel_NGS_2S\Scratch\InProgress5b_Elution2_Accel_NGS_2S_DNA_v1.0.pro	
04-Oct-17 10:18:20 AM	Event	1										Main protocol starting	C:\VWorks Workspace\Protocol Files\Accel_NGS_2S\Scratch\InProgress5b_Ligation1_Accel_NGS_2S_DNA_v1.0.pro	
04-Oct-17 10:26:52 AM	Event	1										Main protocol complete	C:\VWorks Workspace\Protocol Files\Accel_NGS_2S\Scratch\InProgress5b_Ligation1_Accel_NGS_2S_DNA_v1.0.pro	
04-Oct-17 10:27:09 AM	Event	1										Main protocol starting	C:\VWorks Workspace\Protocol Files\Accel_NGS_2S\6_CleanUp3_Accel_NGS_2S_DNA_v1.0.pro	
04-Oct-17 10:41:16 AM	Event	1										Main protocol complete	C:\VWorks Workspace\Protocol Files\Accel_NGS_2S\6_CleanUp3_Accel_NGS_2S_DNA_v1.0.pro	
04-Oct-17 10:41:26 AM	Event	1										Main protocol starting	C:\VWorks Workspace\Protocol Files\Accel_NGS_2S\Scratch\InProgress7_Elution3_Accel_NGS_2S_DNA_v1.0.pro	
04-Oct-17 10:45:02 AM	Event	1										Main protocol complete	C:\VWorks Workspace\Protocol Files\Accel_NGS_2S\Scratch\InProgress7_Elution3_Accel_NGS_2S_DNA_v1.0.pro	
04-Oct-17 10:45:14 AM	Event	1										Main protocol starting	C:\VWorks Workspace\Protocol Files\Accel_NGS_2S\Scratch\InProgress7_Ligation2_Accel_NGS_2S_DNA_v1.0.pro	
04-Oct-17 10:52:23 AM	Event	1										Main protocol complete	C:\VWorks Workspace\Protocol Files\Accel_NGS_2S\Scratch\InProgress7_Ligation2_Accel_NGS_2S_DNA_v1.0.pro	
04-Oct-17 10:52:48 AM	Event	1										Main protocol starting	C:\VWorks Workspace\Protocol Files\Accel_NGS_2S\8_CleanUp4_Accel_NGS_2S_DNA_v1.0.pro	
04-Oct-17 11:13:11 AM	Event	1										Main protocol complete	C:\VWorks Workspace\Protocol Files\Accel_NGS_2S\8_CleanUp4_Accel_NGS_2S_DNA_v1.0.pro	
