04-Oct-17 2:14:36 PM	Event	1										Main protocol starting	C:\VWorks Workspace\Protocol Files\Accel_NGS_2S\1_RepairI_Accel_NGS_2S_DNA_v1.0.pro	
04-Oct-17 2:14:54 PM	Event	1										Main protocol complete	C:\VWorks Workspace\Protocol Files\Accel_NGS_2S\1_RepairI_Accel_NGS_2S_DNA_v1.0.pro	
04-Oct-17 2:15:24 PM	Event	1										Main protocol starting	C:\VWorks Workspace\Protocol Files\Accel_NGS_2S\2b_CleanUp1_Accel_NGS_2S_DNA_v1.0.pro	
04-Oct-17 2:16:02 PM	Event	1										Main protocol complete	C:\VWorks Workspace\Protocol Files\Accel_NGS_2S\2b_CleanUp1_Accel_NGS_2S_DNA_v1.0.pro	
04-Oct-17 2:16:31 PM	Event	1										Main protocol starting	C:\VWorks Workspace\Protocol Files\Accel_NGS_2S\3_Elution1_Accel_NGS_2S_DNA_v1.0.pro	
04-Oct-17 2:16:43 PM	Event	1										Main protocol complete	C:\VWorks Workspace\Protocol Files\Accel_NGS_2S\3_Elution1_Accel_NGS_2S_DNA_v1.0.pro	
04-Oct-17 2:17:20 PM	Event	1										Main protocol starting	C:\VWorks Workspace\Protocol Files\Accel_NGS_2S\3_Repair2_Accel_NGS_2S_DNA_v2.0.pro	
04-Oct-17 2:17:38 PM	Event	1										Main protocol complete	C:\VWorks Workspace\Protocol Files\Accel_NGS_2S\3_Repair2_Accel_NGS_2S_DNA_v2.0.pro	
04-Oct-17 2:18:19 PM	Event	1										Main protocol starting	C:\VWorks Workspace\Protocol Files\Accel_NGS_2S\4_CleanUp2_Accel_NGS_2S_DNA_v1.0.pro	
04-Oct-17 2:18:56 PM	Event	1										Main protocol complete	C:\VWorks Workspace\Protocol Files\Accel_NGS_2S\4_CleanUp2_Accel_NGS_2S_DNA_v1.0.pro	
04-Oct-17 2:19:29 PM	Event	1										Main protocol starting	C:\VWorks Workspace\Protocol Files\Accel_NGS_2S\5b_Elution2_Accel_NGS_2S_DNA_v1.0.pro	
04-Oct-17 2:20:01 PM	Event	1										Main protocol aborted by user	C:\VWorks Workspace\Protocol Files\Accel_NGS_2S\5b_Elution2_Accel_NGS_2S_DNA_v1.0.pro	
04-Oct-17 2:20:02 PM	Event	1										Main protocol aborted by user	C:\VWorks Workspace\Protocol Files\Accel_NGS_2S\5b_Elution2_Accel_NGS_2S_DNA_v1.0.pro	
04-Oct-17 2:22:10 PM	Event	1										Main protocol starting	C:\VWorks Workspace\Protocol Files\Accel_NGS_2S\1_RepairI_Accel_NGS_2S_DNA_v1.0.pro	
04-Oct-17 2:22:27 PM	Event	1										Main protocol complete	C:\VWorks Workspace\Protocol Files\Accel_NGS_2S\1_RepairI_Accel_NGS_2S_DNA_v1.0.pro	
04-Oct-17 2:22:43 PM	Event	1										Main protocol starting	C:\VWorks Workspace\Protocol Files\Accel_NGS_2S\2b_CleanUp1_Accel_NGS_2S_DNA_v1.0.pro	
04-Oct-17 2:23:20 PM	Event	1										Main protocol complete	C:\VWorks Workspace\Protocol Files\Accel_NGS_2S\2b_CleanUp1_Accel_NGS_2S_DNA_v1.0.pro	
04-Oct-17 2:23:28 PM	Event	1										Main protocol starting	C:\VWorks Workspace\Protocol Files\Accel_NGS_2S\Scratch\InProgress3_Elution1_Accel_NGS_2S_DNA_v1.0.pro	
04-Oct-17 2:23:40 PM	Event	1										Main protocol complete	C:\VWorks Workspace\Protocol Files\Accel_NGS_2S\Scratch\InProgress3_Elution1_Accel_NGS_2S_DNA_v1.0.pro	
04-Oct-17 2:23:49 PM	Event	1										Main protocol starting	C:\VWorks Workspace\Protocol Files\Accel_NGS_2S\Scratch\InProgress3_Repair2_Accel_NGS_2S_DNA_v1.0.pro	
04-Oct-17 2:24:07 PM	Event	1										Main protocol complete	C:\VWorks Workspace\Protocol Files\Accel_NGS_2S\Scratch\InProgress3_Repair2_Accel_NGS_2S_DNA_v1.0.pro	
04-Oct-17 2:24:23 PM	Event	1										Main protocol starting	C:\VWorks Workspace\Protocol Files\Accel_NGS_2S\4_CleanUp2_Accel_NGS_2S_DNA_v1.0.pro	
04-Oct-17 2:24:58 PM	Event	1										Main protocol complete	C:\VWorks Workspace\Protocol Files\Accel_NGS_2S\4_CleanUp2_Accel_NGS_2S_DNA_v1.0.pro	
04-Oct-17 2:25:08 PM	Event	1										Main protocol starting	C:\VWorks Workspace\Protocol Files\Accel_NGS_2S\Scratch\InProgress5b_Elution2_Accel_NGS_2S_DNA_v1.0.pro	
04-Oct-17 2:26:50 PM	Event	1										Main protocol aborted by user	C:\VWorks Workspace\Protocol Files\Accel_NGS_2S\Scratch\InProgress5b_Elution2_Accel_NGS_2S_DNA_v1.0.pro	
04-Oct-17 2:26:51 PM	Event	1										Main protocol aborted by user	C:\VWorks Workspace\Protocol Files\Accel_NGS_2S\Scratch\InProgress5b_Elution2_Accel_NGS_2S_DNA_v1.0.pro	
