29-Sep-17 1:06:33 PM	Info					Error library: The error library file path is empty.			0	
29-Sep-17 1:06:33 PM	Info					System Startup			0	
29-Sep-17 1:06:33 PM	Info	AccessoriesWizard				Dll loaded:    AccessoriesWizard.dll    6.0.0			0	
29-Sep-17 1:06:33 PM	Info	AccessoryManager				Dll loaded:    AccessoryManager.dll    2.0.0			0	
29-Sep-17 1:06:33 PM	Info	AgilentBenchBotController				Dll loaded:    AgilentBenchBotController.dll    1.21.4226			0	
29-Sep-17 1:06:33 PM	Info	ArgonShelfAccessoryDriver				Dll loaded:    ArgonShelfAccessoryDriver.dll    2.0.1			0	
29-Sep-17 1:06:33 PM	Info	BTILHCRunner				Dll loaded:    BTILHCRunner.dll    2.00.2			0	
29-Sep-17 1:06:33 PM	Info	ContextHelp				Dll loaded:    ContextHelp.dll    3.0.0			0	
29-Sep-17 1:06:33 PM	Info	DDRStringTable				Dll loaded:    DDRStringTable.dll    1.2.14			0	
29-Sep-17 1:06:33 PM	Info	DeviceEnumerator				Dll loaded:    DeviceEnumerator.dll    9.0.0			0	
29-Sep-17 1:06:33 PM	Info	EchoAppHelper				Dll loaded:    EchoAppHelper.dll    1.0.0			0	
29-Sep-17 1:06:33 PM	Info	ErrorLibrary				Dll loaded:    ErrorLibrary.dll    2.0.1			0	
29-Sep-17 1:06:33 PM	Info	EvaporatorAccessoryDriver				Dll loaded:    EvaporatorAccessoryDriver.dll    9.0.0			0	
29-Sep-17 1:06:33 PM	Info	GuidanceDiscovery				Dll loaded:    GuidanceDiscovery.dll    2.0.0			0	
29-Sep-17 1:06:33 PM	Info	Host				Dll loaded:    Host.dll    1.0.4226			0	
29-Sep-17 1:06:33 PM	Info	ImportExport				Dll loaded:    ImportExport.dll    2.0.0			0	
29-Sep-17 1:06:33 PM	Info	InhecoMTCdll				Dll loaded:    InhecoMTCdll.dll    1.2.4			0	
29-Sep-17 1:06:33 PM	Info	InhecoShakeandHeatAccessoryDriver				Dll loaded:    InhecoShakeandHeatAccessoryDriver.dll    1.0.0			0	
29-Sep-17 1:06:33 PM	Info	IWorksAccessory				Dll loaded:    IWorksAccessory.dll    8.0.1			0	
29-Sep-17 1:06:33 PM	Info	js32				Dll loaded:    js32.dll    Unknown.0.0			0	
29-Sep-17 1:06:33 PM	Info	LabelDesigner				Dll loaded:    LabelDesigner.dll    5.0.7			0	
29-Sep-17 1:06:33 PM	Info	LabelerHardware				Dll loaded:    LabelerHardware.dll    14.0.23			0	
29-Sep-17 1:06:33 PM	Info	libnspr4				Dll loaded:    libnspr4.dll    4.1.0			0	
29-Sep-17 1:06:33 PM	Info	LidHotelAccessoryDriver				Dll loaded:    LidHotelAccessoryDriver.dll    8.0.0			0	
29-Sep-17 1:06:33 PM	Info	lm				Dll loaded:    lm.dll    3.0.0			0	
29-Sep-17 1:06:33 PM	Info	Loader				Dll loaded:    Loader.dll    1.0.4226			0	
29-Sep-17 1:06:33 PM	Info	MagBeadAccessoryDriver				Dll loaded:    MagBeadAccessoryDriver.dll    8.0.0			0	
29-Sep-17 1:06:33 PM	Info	MetaDataPropertyManager				Dll loaded:    MetaDataPropertyManager.dll    13.0.0			0	
29-Sep-17 1:06:33 PM	Info	mfc71				Dll loaded:    mfc71.dll    7.10.3077			0	
29-Sep-17 1:06:33 PM	Info	mfc71u				Dll loaded:    mfc71u.dll    7.10.3077			0	
29-Sep-17 1:06:33 PM	Info	MicroPierceInterface				Dll loaded:    MicroPierceInterface.dll    1.0.0			0	
29-Sep-17 1:06:33 PM	Info	MicroPierceWrapper				Dll loaded:    MicroPierceWrapper.dll    1.0.0			0	
29-Sep-17 1:06:33 PM	Info	MicroStirInterface				Dll loaded:    MicroStirInterface.dll    1.0.0			0	
29-Sep-17 1:06:33 PM	Info	MicroStirWrapper				Dll loaded:    MicroStirWrapper.dll    1.0.0			0	
29-Sep-17 1:06:33 PM	Info	msvcr71				Dll loaded:    msvcr71.dll    7.10.3052			0	
29-Sep-17 1:06:33 PM	Info	MTController				Dll loaded:    MTController.dll    5.0.0			0	
29-Sep-17 1:06:33 PM	Info	NestableTipBoxInsertAccessoryDriver				Dll loaded:    NestableTipBoxInsertAccessoryDriver.dll    2.0.0			0	
29-Sep-17 1:06:33 PM	Info	ObjectDatabase				Dll loaded:    ObjectDatabase.dll    4.0.0			0	
29-Sep-17 1:06:33 PM	Info	ObjectManager				Dll loaded:    ObjectManager.dll    7.0.1			0	
29-Sep-17 1:06:33 PM	Info	PackardFusionRemoteConnectorOCX				Dll loaded:    PackardFusionRemoteConnectorOCX.dll    4.0.0			0	
29-Sep-17 1:06:33 PM	Info	PackardFusionRemoteControlPlugIn				Dll loaded:    PackardFusionRemoteControlPlugIn.dll    4.0.0			0	
29-Sep-17 1:06:33 PM	Info	PackardFusionRemoteControlWrapperDLL				Dll loaded:    PackardFusionRemoteControlWrapperDLL.dll    4.0.0			0	
29-Sep-17 1:06:33 PM	Info	PicServoExtDll				Dll loaded:    PicServoExtDll.dll    10.0.0			0	
29-Sep-17 1:06:33 PM	Info	PipetteHeadMode				Dll loaded:    PipetteHeadMode.dll    2.0.0			0	
29-Sep-17 1:06:33 PM	Info	PipetteTechniqueEditor				Dll loaded:    PipetteTechniqueEditor.dll    3.0.0			0	
29-Sep-17 1:06:33 PM	Info	PlateMapDatabase				Dll loaded:    PlateMapDatabase.dll    17.0.1			0	
29-Sep-17 1:06:33 PM	Info	ProfileChangeLog				Dll loaded:    ProfileChangeLog.dll    2.0.0			0	
29-Sep-17 1:06:33 PM	Info	ProfileManager				Dll loaded:    ProfileManager.dll    10.0.1			0	
29-Sep-17 1:06:33 PM	Info	ProfSkin284m				Dll loaded:    ProfSkin284m.dll    2.8.4			0	
29-Sep-17 1:06:33 PM	Info	ProfUIS284m				Dll loaded:    ProfUIS284m.dll    2.8.4			0	
29-Sep-17 1:06:33 PM	Info	ProfUisProfileManager				Dll loaded:    ProfUisProfileManager.dll    10.0.0			0	
29-Sep-17 1:06:33 PM	Info	SciLexer				Dll loaded:    SciLexer.dll    1.71.0			0	
29-Sep-17 1:06:33 PM	Info	SerialDilution				Dll loaded:    SerialDilution.dll    13.0.0			0	
29-Sep-17 1:06:33 PM	Info	SSIdll				Dll loaded:    SSIdll.dll    Unknown.0.0			0	
29-Sep-17 1:06:33 PM	Info	TeleshakeAccessoryDriver				Dll loaded:    TeleshakeAccessoryDriver.dll    9.0.2			0	
29-Sep-17 1:06:33 PM	Info	TipPosition				Dll loaded:    TipPosition.dll    3.0.0			0	
29-Sep-17 1:06:33 PM	Info	TipTracking				Dll loaded:    TipTracking.dll    3.0.0			0	
29-Sep-17 1:06:33 PM	Info	tmlcomm				Dll loaded:    tmlcomm.dll    3.2.2			0	
29-Sep-17 1:06:33 PM	Info	TML_lib				Dll loaded:    TML_lib.dll    2.0.1			0	
29-Sep-17 1:06:33 PM	Info	Toolbox				Dll loaded:    Toolbox.dll    1.0.4226			0	
29-Sep-17 1:06:33 PM	Info	V11DeviceDriver				Dll loaded:    V11DeviceDriver.dll    11.0.0			0	
29-Sep-17 1:06:33 PM	Info	V11FieldComposer				Dll loaded:    V11FieldComposer.dll    4.0.0			0	
29-Sep-17 1:06:33 PM	Info	V11GanttChart				Dll loaded:    V11GanttChart.dll    2.0.1			0	
29-Sep-17 1:06:33 PM	Info	V11Labware				Dll loaded:    V11Labware.dll    25.0.14			0	
29-Sep-17 1:06:33 PM	Info	V11Liquids				Dll loaded:    V11Liquids.dll    9.0.0			0	
29-Sep-17 1:06:33 PM	Info	V11Migrator				Dll loaded:    V11Migrator.dll    2.0.3			0	
29-Sep-17 1:06:33 PM	Info	V11PipettingFormatWizard				Dll loaded:    V11PipettingFormatWizard.dll    2.0.0			0	
29-Sep-17 1:06:33 PM	Info	V11PumpAccessoryDriver				Dll loaded:    V11PumpAccessoryDriver.dll    3.0.2			0	
29-Sep-17 1:06:33 PM	Info	V11SharedClasses				Dll loaded:    V11SharedClasses.dll    1.1.0			0	
29-Sep-17 1:06:33 PM	Info	V11WellSelect				Dll loaded:    V11WellSelect.dll    8.0.0			0	
29-Sep-17 1:06:33 PM	Info	V11WellVolumeVisualizer				Dll loaded:    V11WellVolumeVisualizer.dll    6.0.0			0	
29-Sep-17 1:06:33 PM	Info	V11Wizard				Dll loaded:    V11Wizard.dll    2.0.0			0	
29-Sep-17 1:06:33 PM	Info	VacuumFiltrationAccessoryDriver				Dll loaded:    VacuumFiltrationAccessoryDriver.dll    10.0.1			0	
29-Sep-17 1:06:33 PM	Info	VacuumLocatingStationDriver				Dll loaded:    VacuumLocatingStationDriver.dll    7.0.0			0	
29-Sep-17 1:06:33 PM	Info	VacuumShelfAccessoryDriver				Dll loaded:    VacuumShelfAccessoryDriver.dll    2.0.2			0	
29-Sep-17 1:06:33 PM	Info	VHookInterface				Dll loaded:    VHookInterface.dll    7.0.0			0	
29-Sep-17 1:06:33 PM	Info	VWorks4COM				Dll loaded:    VWorks4COM.dll    4.0.0			0	
29-Sep-17 1:06:33 PM	Info	VWorks4Defs				Dll loaded:    VWorks4Defs.dll    6.0.3			0	
29-Sep-17 1:06:33 PM	Info	VWorks4DeviceManager				Dll loaded:    VWorks4DeviceManager.dll    4.0.0			0	
29-Sep-17 1:06:33 PM	Info	VWorks4EmailDaemon				Dll loaded:    VWorks4EmailDaemon.dll    3.0.0			0	
29-Sep-17 1:06:33 PM	Info	VWorks4FormManager				Dll loaded:    VWorks4FormManager.dll    1.0.0			0	
29-Sep-17 1:06:33 PM	Info	VWorks4GUI				Dll loaded:    VWorks4GUI.dll    3.0.0			0	
29-Sep-17 1:06:33 PM	Info	VWorks4GUIFramework				Dll loaded:    VWorks4GUIFramework.dll    3.0.1			0	
29-Sep-17 1:06:33 PM	Info	VWorks4Hooks				Dll loaded:    VWorks4Hooks.dll    3.0.0			0	
29-Sep-17 1:06:33 PM	Info	VWorks4LabelDesigner				Dll loaded:    VWorks4LabelDesigner.dll    3.0.0			0	
29-Sep-17 1:06:33 PM	Info	VWorks4Logger				Dll loaded:    VWorks4Logger.dll    4.0.0			0	
29-Sep-17 1:06:33 PM	Info	VWorks4MacroLibrary				Dll loaded:    VWorks4MacroLibrary.dll    1.0.0			0	
29-Sep-17 1:06:33 PM	Info	VWorks4Progress				Dll loaded:    VWorks4Progress.dll    3.0.0			0	
29-Sep-17 1:06:33 PM	Info	VWorks4ProtocolEditor				Dll loaded:    VWorks4ProtocolEditor.dll    4.0.0			0	
29-Sep-17 1:06:33 PM	Info	VWorks4Security				Dll loaded:    VWorks4Security.dll    3.0.0			0	
29-Sep-17 1:06:33 PM	Info	VWorks4UserDatabase				Dll loaded:    VWorks4UserDatabase.dll    3.0.0			0	
29-Sep-17 1:06:33 PM	Info	VWorks4UserManager				Dll loaded:    VWorks4UserManager.dll    3.0.0			0	
29-Sep-17 1:06:33 PM	Info	WeighPadAccessoryDriver				Dll loaded:    WeighPadAccessoryDriver.dll    2.0.0			0	
29-Sep-17 1:06:33 PM	Info					Hooks plugin loaded:    AgilentBenchCel.dll			0	
29-Sep-17 1:06:33 PM	Info	Agilent BenchCel				Plugin loaded:   AgilentBenchCel.dll   20.1.2			0	
29-Sep-17 1:06:37 PM	Info					Hooks plugin loaded:    AgilentBravo.dll			0	
29-Sep-17 1:06:37 PM	Info	Agilent Bravo				Plugin loaded:   AgilentBravo.dll   17.1.0			0	
29-Sep-17 1:06:37 PM	Info	Agilent Generic I/O Module				Plugin loaded:   AgilentGenericIO.dll   5.0.0			0	
29-Sep-17 1:06:37 PM	Info	Agilent Labware MiniHub				Plugin loaded:   AgilentLabwareMiniHub.dll   1.0.3			0	
29-Sep-17 1:06:37 PM	Info	Agilent Phantom Robot				Plugin loaded:   AgilentPhantomRobot.dll   9.0.5			0	
29-Sep-17 1:06:38 PM	Info	Agilent Phantom Stacker				Plugin loaded:   AgilentPhantomStacker.dll   2.0.1			0	
29-Sep-17 1:06:38 PM	Info	Agilent Plate Hotel				Plugin loaded:   AgilentPlateHotel.dll   1.0.3			0	
29-Sep-17 1:06:38 PM	Info	Agilent Plate Hub Carousel				Plugin loaded:   AgilentPlateHubCarousel.dll   8.0.1			0	
29-Sep-17 1:06:38 PM	Info	Waste Bin				Plugin loaded:   AgilentWasteBin.dll   3.0.0			0	
29-Sep-17 1:06:38 PM	Info	Agilent Weigh Pad				Plugin loaded:   AgilentWeighPad.dll   8.0.0			0	
29-Sep-17 1:06:38 PM	Info	Keyence Barcode Reader				Plugin loaded:   KeyenceBarcodeReader.dll   6.0.0			0	
29-Sep-17 1:06:38 PM	Info	Plate Pad, Standard				Plugin loaded:   PlatePad.dll   6.0.0			0	
29-Sep-17 1:06:54 PM	Info					administrator logged in			1	
29-Sep-17 1:07:00 PM	Info					File loaded		Z:\Automation\TransferFolder\Acel2SFilesToPS\Forms\SCELSE\Accel_NGS_2S_DNA\Accel_NGS.VWForm	1	
29-Sep-17 1:07:09 PM	Info					File loaded		C:\VWorks Workspace\Forms\SCELSE\Accel_NGS_2S_DNA\Accel_NGS.VWForm	1	
29-Sep-17 1:07:18 PM	Script					Initializing scripting engine...			1	
29-Sep-17 1:07:18 PM	Script					Fri Sep 29 2017 13:07:18 GMT+0800 (Malay Peninsula Standard Time)			1	
29-Sep-17 1:07:18 PM	Script					var plate_type = "96 ABI PCR half skirt in black carrier";		C:\VWorks Workspace\Forms\SCELSE\Accel_NGS_2S_DNA\Accel_NGS.VWForm	1	
29-Sep-17 1:07:18 PM	Script					var DNA_source = 0;		C:\VWorks Workspace\Forms\SCELSE\Accel_NGS_2S_DNA\Accel_NGS.VWForm	1	
29-Sep-17 1:07:18 PM	Script					var protocol_testing = 0;		C:\VWorks Workspace\Forms\SCELSE\Accel_NGS_2S_DNA\Accel_NGS.VWForm	1	
29-Sep-17 1:07:18 PM	Script					var DNAconc = 1;		C:\VWorks Workspace\Forms\SCELSE\Accel_NGS_2S_DNA\Accel_NGS.VWForm	1	
29-Sep-17 1:07:18 PM	Script					var formProtocolName = "Accel_Dual_Index_NGS_2SPlus_DNALibrary_Runset_v1.0.rst";		C:\VWorks Workspace\Forms\SCELSE\Accel_NGS_2S_DNA\Accel_NGS.VWForm	1	
29-Sep-17 1:07:18 PM	Script					var columns_samples = 1;		C:\VWorks Workspace\Forms\SCELSE\Accel_NGS_2S_DNA\Accel_NGS.VWForm	1	
29-Sep-17 1:07:18 PM	Script					Number of Columns selected is 1			1	
29-Sep-17 1:07:18 PM	Script					Case: 1 Columns			1	
29-Sep-17 1:07:25 PM	Script					var plate_type = "96 ABI PCR half skirt in black carrier";		Z:\Automation\TransferFolder\Acel2SFilesToPS\Forms\SCELSE\Accel_NGS_2S_DNA\Accel_NGS.VWForm	1	
29-Sep-17 1:07:25 PM	Script					var DNA_source = 0;		Z:\Automation\TransferFolder\Acel2SFilesToPS\Forms\SCELSE\Accel_NGS_2S_DNA\Accel_NGS.VWForm	1	
29-Sep-17 1:07:25 PM	Script					var protocol_testing = 0;		Z:\Automation\TransferFolder\Acel2SFilesToPS\Forms\SCELSE\Accel_NGS_2S_DNA\Accel_NGS.VWForm	1	
29-Sep-17 1:07:25 PM	Script					var DNAconc = 1;		Z:\Automation\TransferFolder\Acel2SFilesToPS\Forms\SCELSE\Accel_NGS_2S_DNA\Accel_NGS.VWForm	1	
29-Sep-17 1:07:25 PM	Script					var formProtocolName = "Accel_Dual_Index_NGS_2SPlus_DNALibrary_Runset_v2.0.rst";		Z:\Automation\TransferFolder\Acel2SFilesToPS\Forms\SCELSE\Accel_NGS_2S_DNA\Accel_NGS.VWForm	1	
29-Sep-17 1:07:25 PM	Script					var columns_samples = 1;		Z:\Automation\TransferFolder\Acel2SFilesToPS\Forms\SCELSE\Accel_NGS_2S_DNA\Accel_NGS.VWForm	1	
29-Sep-17 1:07:25 PM	Script					Number of Columns selected is 1			1	
29-Sep-17 1:07:25 PM	Script					Case: 1 Columns			1	
29-Sep-17 1:07:26 PM	Script					var plate_type = "96 ABI PCR half skirt in black carrier";		Z:\Automation\TransferFolder\Acel2SFilesToPS\Forms\SCELSE\Accel_NGS_2S_DNA\Accel_NGS.VWForm	1	
29-Sep-17 1:07:26 PM	Script					var DNA_source = 0;		Z:\Automation\TransferFolder\Acel2SFilesToPS\Forms\SCELSE\Accel_NGS_2S_DNA\Accel_NGS.VWForm	1	
29-Sep-17 1:07:27 PM	Script					var protocol_testing = 0;		Z:\Automation\TransferFolder\Acel2SFilesToPS\Forms\SCELSE\Accel_NGS_2S_DNA\Accel_NGS.VWForm	1	
29-Sep-17 1:07:27 PM	Script					var DNAconc = 1;		Z:\Automation\TransferFolder\Acel2SFilesToPS\Forms\SCELSE\Accel_NGS_2S_DNA\Accel_NGS.VWForm	1	
29-Sep-17 1:07:27 PM	Script					var formProtocolName = "Accel_Dual_Index_NGS_2SPlus_DNALibrary_Runset_v2.0.rst";		Z:\Automation\TransferFolder\Acel2SFilesToPS\Forms\SCELSE\Accel_NGS_2S_DNA\Accel_NGS.VWForm	1	
29-Sep-17 1:07:27 PM	Script					var columns_samples = 1;		Z:\Automation\TransferFolder\Acel2SFilesToPS\Forms\SCELSE\Accel_NGS_2S_DNA\Accel_NGS.VWForm	1	
29-Sep-17 1:07:27 PM	Script					Number of Columns selected is 1			1	
29-Sep-17 1:07:27 PM	Script					Case: 1 Columns			1	
29-Sep-17 1:07:27 PM	Script					var plate_type = "96 ABI PCR half skirt in black carrier";		Z:\Automation\TransferFolder\Acel2SFilesToPS\Forms\SCELSE\Accel_NGS_2S_DNA\Accel_NGS.VWForm	1	
29-Sep-17 1:07:27 PM	Script					var DNA_source = 0;		Z:\Automation\TransferFolder\Acel2SFilesToPS\Forms\SCELSE\Accel_NGS_2S_DNA\Accel_NGS.VWForm	1	
29-Sep-17 1:07:28 PM	Script					var protocol_testing = 0;		Z:\Automation\TransferFolder\Acel2SFilesToPS\Forms\SCELSE\Accel_NGS_2S_DNA\Accel_NGS.VWForm	1	
29-Sep-17 1:07:28 PM	Script					var DNAconc = 1;		Z:\Automation\TransferFolder\Acel2SFilesToPS\Forms\SCELSE\Accel_NGS_2S_DNA\Accel_NGS.VWForm	1	
29-Sep-17 1:07:28 PM	Script					var formProtocolName = "Accel_Dual_Index_NGS_2SPlus_DNALibrary_Runset_v2.0.rst";		Z:\Automation\TransferFolder\Acel2SFilesToPS\Forms\SCELSE\Accel_NGS_2S_DNA\Accel_NGS.VWForm	1	
29-Sep-17 1:07:28 PM	Script					var columns_samples = 1;		Z:\Automation\TransferFolder\Acel2SFilesToPS\Forms\SCELSE\Accel_NGS_2S_DNA\Accel_NGS.VWForm	1	
29-Sep-17 1:07:28 PM	Script					Number of Columns selected is 1			1	
29-Sep-17 1:07:28 PM	Script					Case: 1 Columns			1	
29-Sep-17 1:07:42 PM	Info					File unloaded		Z:\Automation\TransferFolder\Acel2SFilesToPS\Forms\SCELSE\Accel_NGS_2S_DNA\Accel_NGS.VWForm	1	
29-Sep-17 1:07:45 PM	Info					File unloaded		C:\VWorks Workspace\Forms\SCELSE\Accel_NGS_2S_DNA\Accel_NGS.VWForm	1	
29-Sep-17 1:12:52 PM	Info					File loaded		C:\VWorks Workspace\Forms\SCELSE\Accel_NGS_2S_DNA\Accel_NGS.VWForm	1	
29-Sep-17 1:12:59 PM	Script					var plate_type = "96 ABI PCR half skirt in black carrier";		C:\VWorks Workspace\Forms\SCELSE\Accel_NGS_2S_DNA\Accel_NGS.VWForm	1	
29-Sep-17 1:12:59 PM	Script					var DNA_source = 0;		C:\VWorks Workspace\Forms\SCELSE\Accel_NGS_2S_DNA\Accel_NGS.VWForm	1	
29-Sep-17 1:12:59 PM	Script					var protocol_testing = 0;		C:\VWorks Workspace\Forms\SCELSE\Accel_NGS_2S_DNA\Accel_NGS.VWForm	1	
29-Sep-17 1:12:59 PM	Script					var DNAconc = 1;		C:\VWorks Workspace\Forms\SCELSE\Accel_NGS_2S_DNA\Accel_NGS.VWForm	1	
29-Sep-17 1:12:59 PM	Script					var formProtocolName = "Accel_Dual_Index_NGS_2SPlus_DNALibrary_Runset_v1.0.rst";		C:\VWorks Workspace\Forms\SCELSE\Accel_NGS_2S_DNA\Accel_NGS.VWForm	1	
29-Sep-17 1:12:59 PM	Script					var columns_samples = 1;		C:\VWorks Workspace\Forms\SCELSE\Accel_NGS_2S_DNA\Accel_NGS.VWForm	1	
29-Sep-17 1:12:59 PM	Script					Number of Columns selected is 1			1	
29-Sep-17 1:12:59 PM	Script					Case: 1 Columns			1	
29-Sep-17 1:13:27 PM	Info					File unloaded		C:\VWorks Workspace\Forms\SCELSE\Accel_NGS_2S_DNA\Accel_NGS.VWForm	1	
29-Sep-17 1:15:01 PM	Info					File loaded		C:\VWorks Workspace\Forms\SCELSE\Accel_NGS_2S_DNA\Accel_NGS.VWForm	1	
29-Sep-17 1:15:03 PM	Script					var plate_type = "96 ABI PCR half skirt in black carrier";		C:\VWorks Workspace\Forms\SCELSE\Accel_NGS_2S_DNA\Accel_NGS.VWForm	1	
29-Sep-17 1:15:03 PM	Script					var DNA_source = 0;		C:\VWorks Workspace\Forms\SCELSE\Accel_NGS_2S_DNA\Accel_NGS.VWForm	1	
29-Sep-17 1:15:03 PM	Script					var protocol_testing = 0;		C:\VWorks Workspace\Forms\SCELSE\Accel_NGS_2S_DNA\Accel_NGS.VWForm	1	
29-Sep-17 1:15:03 PM	Script					var DNAconc = 1;		C:\VWorks Workspace\Forms\SCELSE\Accel_NGS_2S_DNA\Accel_NGS.VWForm	1	
29-Sep-17 1:15:03 PM	Script					var formProtocolName = "Accel_Dual_Index_NGS_2SPlus_DNALibrary_Runset_v2.0.rst";		C:\VWorks Workspace\Forms\SCELSE\Accel_NGS_2S_DNA\Accel_NGS.VWForm	1	
29-Sep-17 1:15:03 PM	Script					var columns_samples = 1;		C:\VWorks Workspace\Forms\SCELSE\Accel_NGS_2S_DNA\Accel_NGS.VWForm	1	
29-Sep-17 1:15:03 PM	Script					Number of Columns selected is 1			1	
29-Sep-17 1:15:03 PM	Script					Case: 1 Columns			1	
29-Sep-17 1:15:16 PM	Script					var plate_type = "96 ABI PCR half skirt in black carrier";		C:\VWorks Workspace\Forms\SCELSE\Accel_NGS_2S_DNA\Accel_NGS.VWForm	1	
29-Sep-17 1:15:16 PM	Script					var DNA_source = 0;		C:\VWorks Workspace\Forms\SCELSE\Accel_NGS_2S_DNA\Accel_NGS.VWForm	1	
29-Sep-17 1:15:16 PM	Script					var protocol_testing = 0;		C:\VWorks Workspace\Forms\SCELSE\Accel_NGS_2S_DNA\Accel_NGS.VWForm	1	
29-Sep-17 1:15:16 PM	Script					var DNAconc = 1;		C:\VWorks Workspace\Forms\SCELSE\Accel_NGS_2S_DNA\Accel_NGS.VWForm	1	
29-Sep-17 1:15:17 PM	Script					var formProtocolName = "Accel_Dual_Index_NGS_2SPlus_DNALibrary_Runset_v1.0.rst";		C:\VWorks Workspace\Forms\SCELSE\Accel_NGS_2S_DNA\Accel_NGS.VWForm	1	
29-Sep-17 1:15:17 PM	Script					var columns_samples = 1;		C:\VWorks Workspace\Forms\SCELSE\Accel_NGS_2S_DNA\Accel_NGS.VWForm	1	
29-Sep-17 1:15:17 PM	Script					Number of Columns selected is 1			1	
29-Sep-17 1:15:17 PM	Script					Case: 1 Columns			1	
29-Sep-17 1:15:26 PM	Script					var plate_type = "96 ABI PCR half skirt in black carrier";		C:\VWorks Workspace\Forms\SCELSE\Accel_NGS_2S_DNA\Accel_NGS.VWForm	1	
29-Sep-17 1:15:26 PM	Script					var DNA_source = 0;		C:\VWorks Workspace\Forms\SCELSE\Accel_NGS_2S_DNA\Accel_NGS.VWForm	1	
29-Sep-17 1:15:26 PM	Script					var protocol_testing = 0;		C:\VWorks Workspace\Forms\SCELSE\Accel_NGS_2S_DNA\Accel_NGS.VWForm	1	
29-Sep-17 1:15:26 PM	Script					var DNAconc = 1;		C:\VWorks Workspace\Forms\SCELSE\Accel_NGS_2S_DNA\Accel_NGS.VWForm	1	
29-Sep-17 1:15:26 PM	Script					var formProtocolName = "Accel_Dual_Index_NGS_2SPlus_DNALibrary_Runset_v2.0.rst";		C:\VWorks Workspace\Forms\SCELSE\Accel_NGS_2S_DNA\Accel_NGS.VWForm	1	
29-Sep-17 1:15:26 PM	Script					var columns_samples = 1;		C:\VWorks Workspace\Forms\SCELSE\Accel_NGS_2S_DNA\Accel_NGS.VWForm	1	
29-Sep-17 1:15:27 PM	Script					Number of Columns selected is 1			1	
29-Sep-17 1:15:27 PM	Script					Case: 1 Columns			1	
29-Sep-17 1:15:33 PM	Script					var plate_type = "96 ABI PCR half skirt in black carrier";		C:\VWorks Workspace\Forms\SCELSE\Accel_NGS_2S_DNA\Accel_NGS.VWForm	1	
29-Sep-17 1:15:33 PM	Script					var DNA_source = 0;		C:\VWorks Workspace\Forms\SCELSE\Accel_NGS_2S_DNA\Accel_NGS.VWForm	1	
29-Sep-17 1:15:33 PM	Script					var protocol_testing = 0;		C:\VWorks Workspace\Forms\SCELSE\Accel_NGS_2S_DNA\Accel_NGS.VWForm	1	
29-Sep-17 1:15:33 PM	Script					var DNAconc = 1;		C:\VWorks Workspace\Forms\SCELSE\Accel_NGS_2S_DNA\Accel_NGS.VWForm	1	
29-Sep-17 1:15:33 PM	Script					var formProtocolName = "Accel_Dual_Index_NGS_2SPlus_DNALibrary_Runset_v1.0.rst";		C:\VWorks Workspace\Forms\SCELSE\Accel_NGS_2S_DNA\Accel_NGS.VWForm	1	
29-Sep-17 1:15:34 PM	Script					var columns_samples = 1;		C:\VWorks Workspace\Forms\SCELSE\Accel_NGS_2S_DNA\Accel_NGS.VWForm	1	
29-Sep-17 1:15:34 PM	Script					Number of Columns selected is 1			1	
29-Sep-17 1:15:34 PM	Script					Case: 1 Columns			1	
29-Sep-17 1:19:55 PM	Script					var plate_type = "96 ABI PCR half skirt in black carrier";		C:\VWorks Workspace\Forms\SCELSE\Accel_NGS_2S_DNA\Accel_NGS.VWForm	1	
29-Sep-17 1:19:55 PM	Script					var DNA_source = 0;		C:\VWorks Workspace\Forms\SCELSE\Accel_NGS_2S_DNA\Accel_NGS.VWForm	1	
29-Sep-17 1:19:55 PM	Script					var protocol_testing = 0;		C:\VWorks Workspace\Forms\SCELSE\Accel_NGS_2S_DNA\Accel_NGS.VWForm	1	
29-Sep-17 1:19:55 PM	Script					var DNAconc = 1;		C:\VWorks Workspace\Forms\SCELSE\Accel_NGS_2S_DNA\Accel_NGS.VWForm	1	
29-Sep-17 1:19:55 PM	Script					var formProtocolName = "Accel_Dual_Index_NGS_2SPlus_DNALibrary_Runset_v2.0.rst";		C:\VWorks Workspace\Forms\SCELSE\Accel_NGS_2S_DNA\Accel_NGS.VWForm	1	
29-Sep-17 1:19:56 PM	Script					var columns_samples = 1;		C:\VWorks Workspace\Forms\SCELSE\Accel_NGS_2S_DNA\Accel_NGS.VWForm	1	
29-Sep-17 1:19:56 PM	Script					Number of Columns selected is 1			1	
29-Sep-17 1:19:56 PM	Script					Case: 1 Columns			1	
29-Sep-17 1:19:59 PM	Script					var plate_type = "96 ABI PCR half skirt in black carrier";		C:\VWorks Workspace\Forms\SCELSE\Accel_NGS_2S_DNA\Accel_NGS.VWForm	1	
29-Sep-17 1:19:59 PM	Script					var DNA_source = 0;		C:\VWorks Workspace\Forms\SCELSE\Accel_NGS_2S_DNA\Accel_NGS.VWForm	1	
29-Sep-17 1:19:59 PM	Script					var protocol_testing = 0;		C:\VWorks Workspace\Forms\SCELSE\Accel_NGS_2S_DNA\Accel_NGS.VWForm	1	
29-Sep-17 1:19:59 PM	Script					var DNAconc = 1;		C:\VWorks Workspace\Forms\SCELSE\Accel_NGS_2S_DNA\Accel_NGS.VWForm	1	
29-Sep-17 1:19:59 PM	Script					var formProtocolName = "Accel_Dual_Index_NGS_2SPlus_DNALibrary_Runset_v1.0.rst";		C:\VWorks Workspace\Forms\SCELSE\Accel_NGS_2S_DNA\Accel_NGS.VWForm	1	
29-Sep-17 1:19:59 PM	Script					var columns_samples = 1;		C:\VWorks Workspace\Forms\SCELSE\Accel_NGS_2S_DNA\Accel_NGS.VWForm	1	
29-Sep-17 1:20:00 PM	Script					Number of Columns selected is 1			1	
29-Sep-17 1:20:00 PM	Script					Case: 1 Columns			1	
29-Sep-17 1:22:35 PM	Script					var plate_type = "96 ABI PCR half skirt in black carrier";		C:\VWorks Workspace\Forms\SCELSE\Accel_NGS_2S_DNA\Accel_NGS.VWForm	1	
29-Sep-17 1:22:35 PM	Script					var DNA_source = 0;		C:\VWorks Workspace\Forms\SCELSE\Accel_NGS_2S_DNA\Accel_NGS.VWForm	1	
29-Sep-17 1:22:36 PM	Script					var protocol_testing = 0;		C:\VWorks Workspace\Forms\SCELSE\Accel_NGS_2S_DNA\Accel_NGS.VWForm	1	
29-Sep-17 1:22:36 PM	Script					var DNAconc = 1;		C:\VWorks Workspace\Forms\SCELSE\Accel_NGS_2S_DNA\Accel_NGS.VWForm	1	
29-Sep-17 1:22:36 PM	Script					var formProtocolName = "Accel_Dual_Index_NGS_2SPlus_DNALibrary_Runset_v1.0.rst";		C:\VWorks Workspace\Forms\SCELSE\Accel_NGS_2S_DNA\Accel_NGS.VWForm	1	
29-Sep-17 1:22:36 PM	Script					var columns_samples = 1;		C:\VWorks Workspace\Forms\SCELSE\Accel_NGS_2S_DNA\Accel_NGS.VWForm	1	
29-Sep-17 1:22:36 PM	Script					Number of Columns selected is 1			1	
29-Sep-17 1:22:37 PM	Script					Case: 1 Columns			1	
29-Sep-17 1:22:40 PM	Script					var plate_type = "96 ABI PCR half skirt in black carrier";		C:\VWorks Workspace\Forms\SCELSE\Accel_NGS_2S_DNA\Accel_NGS.VWForm	1	
29-Sep-17 1:22:40 PM	Script					var DNA_source = 0;		C:\VWorks Workspace\Forms\SCELSE\Accel_NGS_2S_DNA\Accel_NGS.VWForm	1	
29-Sep-17 1:22:40 PM	Script					var protocol_testing = 0;		C:\VWorks Workspace\Forms\SCELSE\Accel_NGS_2S_DNA\Accel_NGS.VWForm	1	
29-Sep-17 1:22:40 PM	Script					var DNAconc = 1;		C:\VWorks Workspace\Forms\SCELSE\Accel_NGS_2S_DNA\Accel_NGS.VWForm	1	
29-Sep-17 1:22:40 PM	Script					var formProtocolName = "Accel_Dual_Index_NGS_2SPlus_DNALibrary_Runset_v2.0.rst";		C:\VWorks Workspace\Forms\SCELSE\Accel_NGS_2S_DNA\Accel_NGS.VWForm	1	
29-Sep-17 1:22:40 PM	Script					var columns_samples = 1;		C:\VWorks Workspace\Forms\SCELSE\Accel_NGS_2S_DNA\Accel_NGS.VWForm	1	
29-Sep-17 1:22:41 PM	Script					Number of Columns selected is 1			1	
29-Sep-17 1:22:41 PM	Script					Case: 1 Columns			1	
29-Sep-17 1:22:47 PM	Script					var plate_type = "96 ABI PCR half skirt in black carrier";		C:\VWorks Workspace\Forms\SCELSE\Accel_NGS_2S_DNA\Accel_NGS.VWForm	1	
29-Sep-17 1:22:47 PM	Script					var DNA_source = 0;		C:\VWorks Workspace\Forms\SCELSE\Accel_NGS_2S_DNA\Accel_NGS.VWForm	1	
29-Sep-17 1:22:47 PM	Script					var protocol_testing = 0;		C:\VWorks Workspace\Forms\SCELSE\Accel_NGS_2S_DNA\Accel_NGS.VWForm	1	
29-Sep-17 1:22:47 PM	Script					var DNAconc = 1;		C:\VWorks Workspace\Forms\SCELSE\Accel_NGS_2S_DNA\Accel_NGS.VWForm	1	
29-Sep-17 1:22:47 PM	Script					var formProtocolName = "Accel_Dual_Index_NGS_2SPlus_DNALibrary_Runset_v2.0.rst";		C:\VWorks Workspace\Forms\SCELSE\Accel_NGS_2S_DNA\Accel_NGS.VWForm	1	
29-Sep-17 1:22:47 PM	Script					var columns_samples = 1;		C:\VWorks Workspace\Forms\SCELSE\Accel_NGS_2S_DNA\Accel_NGS.VWForm	1	
29-Sep-17 1:22:48 PM	Script					Number of Columns selected is 1			1	
29-Sep-17 1:22:48 PM	Script					Case: 1 Columns			1	
29-Sep-17 1:22:49 PM	Script					var plate_type = "96 ABI PCR half skirt in black carrier";		C:\VWorks Workspace\Forms\SCELSE\Accel_NGS_2S_DNA\Accel_NGS.VWForm	1	
29-Sep-17 1:22:49 PM	Script					var DNA_source = 0;		C:\VWorks Workspace\Forms\SCELSE\Accel_NGS_2S_DNA\Accel_NGS.VWForm	1	
29-Sep-17 1:22:49 PM	Script					var protocol_testing = 0;		C:\VWorks Workspace\Forms\SCELSE\Accel_NGS_2S_DNA\Accel_NGS.VWForm	1	
29-Sep-17 1:22:49 PM	Script					var DNAconc = 1;		C:\VWorks Workspace\Forms\SCELSE\Accel_NGS_2S_DNA\Accel_NGS.VWForm	1	
29-Sep-17 1:22:49 PM	Script					var formProtocolName = "Accel_Dual_Index_NGS_2SPlus_DNALibrary_Runset_v2.0.rst";		C:\VWorks Workspace\Forms\SCELSE\Accel_NGS_2S_DNA\Accel_NGS.VWForm	1	
29-Sep-17 1:22:49 PM	Script					var columns_samples = 1;		C:\VWorks Workspace\Forms\SCELSE\Accel_NGS_2S_DNA\Accel_NGS.VWForm	1	
29-Sep-17 1:22:50 PM	Script					Number of Columns selected is 1			1	
29-Sep-17 1:22:50 PM	Script					Case: 1 Columns			1	
29-Sep-17 1:23:01 PM	Info					File unloaded		C:\VWorks Workspace\Forms\SCELSE\Accel_NGS_2S_DNA\Accel_NGS.VWForm	1	
29-Sep-17 1:23:11 PM	Info					File loaded		C:\VWorks Workspace\Forms\SCELSE\Accel_NGS_2S_DNA\Accel_NGS.VWForm	1	
29-Sep-17 1:23:13 PM	Script					var plate_type = "96 ABI PCR half skirt in black carrier";		C:\VWorks Workspace\Forms\SCELSE\Accel_NGS_2S_DNA\Accel_NGS.VWForm	1	
29-Sep-17 1:23:13 PM	Script					var DNA_source = 0;		C:\VWorks Workspace\Forms\SCELSE\Accel_NGS_2S_DNA\Accel_NGS.VWForm	1	
29-Sep-17 1:23:13 PM	Script					var protocol_testing = 0;		C:\VWorks Workspace\Forms\SCELSE\Accel_NGS_2S_DNA\Accel_NGS.VWForm	1	
29-Sep-17 1:23:14 PM	Script					var DNAconc = 1;		C:\VWorks Workspace\Forms\SCELSE\Accel_NGS_2S_DNA\Accel_NGS.VWForm	1	
29-Sep-17 1:23:14 PM	Script					var formProtocolName = "Accel_Dual_Index_NGS_2SPlus_DNALibrary_Runset_v2.0.rst";		C:\VWorks Workspace\Forms\SCELSE\Accel_NGS_2S_DNA\Accel_NGS.VWForm	1	
29-Sep-17 1:23:14 PM	Script					var columns_samples = 1;		C:\VWorks Workspace\Forms\SCELSE\Accel_NGS_2S_DNA\Accel_NGS.VWForm	1	
29-Sep-17 1:23:14 PM	Script					Number of Columns selected is 1			1	
29-Sep-17 1:23:14 PM	Script					Case: 1 Columns			1	
29-Sep-17 1:27:24 PM	Script					var plate_type = "96 ABI PCR half skirt in black carrier";		C:\VWorks Workspace\Forms\SCELSE\Accel_NGS_2S_DNA\Accel_NGS.VWForm	1	
29-Sep-17 1:27:24 PM	Script					var DNA_source = 0;		C:\VWorks Workspace\Forms\SCELSE\Accel_NGS_2S_DNA\Accel_NGS.VWForm	1	
29-Sep-17 1:27:24 PM	Script					var protocol_testing = 0;		C:\VWorks Workspace\Forms\SCELSE\Accel_NGS_2S_DNA\Accel_NGS.VWForm	1	
29-Sep-17 1:27:24 PM	Script					var DNAconc = 1;		C:\VWorks Workspace\Forms\SCELSE\Accel_NGS_2S_DNA\Accel_NGS.VWForm	1	
29-Sep-17 1:27:24 PM	Script					var formProtocolName = "Accel_Dual_Index_NGS_2SPlus_DNALibrary_Runset_v2.0.rst";		C:\VWorks Workspace\Forms\SCELSE\Accel_NGS_2S_DNA\Accel_NGS.VWForm	1	
29-Sep-17 1:27:24 PM	Script					var columns_samples = 1;		C:\VWorks Workspace\Forms\SCELSE\Accel_NGS_2S_DNA\Accel_NGS.VWForm	1	
29-Sep-17 1:27:25 PM	Script					Number of Columns selected is 1			1	
29-Sep-17 1:27:25 PM	Script					Case: 1 Columns			1	
29-Sep-17 1:34:18 PM	Script					var plate_type = "96 ABI PCR half skirt in black carrier";		C:\VWorks Workspace\Forms\SCELSE\Accel_NGS_2S_DNA\Accel_NGS.VWForm	1	
29-Sep-17 1:34:18 PM	Script					var DNA_source = 0;		C:\VWorks Workspace\Forms\SCELSE\Accel_NGS_2S_DNA\Accel_NGS.VWForm	1	
29-Sep-17 1:34:18 PM	Script					var protocol_testing = 1;		C:\VWorks Workspace\Forms\SCELSE\Accel_NGS_2S_DNA\Accel_NGS.VWForm	1	
29-Sep-17 1:34:18 PM	Script					var DNAconc = 1;		C:\VWorks Workspace\Forms\SCELSE\Accel_NGS_2S_DNA\Accel_NGS.VWForm	1	
29-Sep-17 1:34:18 PM	Script					var formProtocolName = "Accel_Dual_Index_NGS_2SPlus_DNALibrary_Runset_v2.0.rst";		C:\VWorks Workspace\Forms\SCELSE\Accel_NGS_2S_DNA\Accel_NGS.VWForm	1	
29-Sep-17 1:34:18 PM	Script					var columns_samples = 1;		C:\VWorks Workspace\Forms\SCELSE\Accel_NGS_2S_DNA\Accel_NGS.VWForm	1	
29-Sep-17 1:34:19 PM	Script					Number of Columns selected is 1			1	
29-Sep-17 1:34:19 PM	Script					Case: 1 Columns			1	
29-Sep-17 1:34:22 PM	Script					var plate_type = "96 ABI PCR half skirt in black carrier";		C:\VWorks Workspace\Forms\SCELSE\Accel_NGS_2S_DNA\Accel_NGS.VWForm	1	
29-Sep-17 1:34:22 PM	Script					var DNA_source = 0;		C:\VWorks Workspace\Forms\SCELSE\Accel_NGS_2S_DNA\Accel_NGS.VWForm	1	
29-Sep-17 1:34:22 PM	Script					var protocol_testing = 1;		C:\VWorks Workspace\Forms\SCELSE\Accel_NGS_2S_DNA\Accel_NGS.VWForm	1	
29-Sep-17 1:34:22 PM	Script					var DNAconc = 1;		C:\VWorks Workspace\Forms\SCELSE\Accel_NGS_2S_DNA\Accel_NGS.VWForm	1	
29-Sep-17 1:34:22 PM	Script					var formProtocolName = "Accel_Dual_Index_NGS_2SPlus_DNALibrary_Runset_v2.0.rst";		C:\VWorks Workspace\Forms\SCELSE\Accel_NGS_2S_DNA\Accel_NGS.VWForm	1	
29-Sep-17 1:34:22 PM	Script					var columns_samples = 1;		C:\VWorks Workspace\Forms\SCELSE\Accel_NGS_2S_DNA\Accel_NGS.VWForm	1	
29-Sep-17 1:34:23 PM	Script					Clearing Plate Inventory			1	
29-Sep-17 1:34:23 PM	Script					Clearing Runset			1	
29-Sep-17 1:34:23 PM	Script					Starting runset : Accel_Dual_Index_NGS_2SPlus_DNALibrary_Runset_v2.0.rst			1	
29-Sep-17 1:34:23 PM	Info					Runset Manager: Added the run "C:\VWorks Workspace\Protocol Files\Accel_NGS_2S\1_RepairI_Accel_NGS_2S_DNA_v1.0.pro" to Runset Manager.			1	
29-Sep-17 1:34:23 PM	Info					Runset Manager: Added the run "C:\VWorks Workspace\Protocol Files\Accel_NGS_2S\2b_CleanUp1_Accel_NGS_2S_DNA_v1.0.pro" to Runset Manager.			1	
29-Sep-17 1:34:23 PM	Info					Runset Manager: Added the run "C:\VWorks Workspace\Protocol Files\Accel_NGS_2S\Scratch\InProgress3_Elution1_Accel_NGS_2S_DNA_v1.0.pro" to Runset Manager.			1	
29-Sep-17 1:34:23 PM	Info					Runset Manager: Added the run "C:\VWorks Workspace\Protocol Files\Accel_NGS_2S\Scratch\InProgress3_Repair2_Accel_NGS_2S_DNA_v1.0.pro" to Runset Manager.			1	
29-Sep-17 1:34:23 PM	Info					Runset Manager: Added the run "C:\VWorks Workspace\Protocol Files\Accel_NGS_2S\4_CleanUp2_Accel_NGS_2S_DNA_v1.0.pro" to Runset Manager.			1	
29-Sep-17 1:34:23 PM	Info					Runset Manager: Added the run "C:\VWorks Workspace\Protocol Files\Accel_NGS_2S\Scratch\InProgress5b_Elution2_Accel_NGS_2S_DNA_v1.0.pro" to Runset Manager.			1	
29-Sep-17 1:34:23 PM	Info					Runset Manager: Added the run "C:\VWorks Workspace\Protocol Files\Accel_NGS_2S\Scratch\InProgress5b_Ligation1_Accel_NGS_2S_DNA_v1.0.pro" to Runset Manager.			1	
29-Sep-17 1:34:23 PM	Info					Runset Manager: Added the run "C:\VWorks Workspace\Protocol Files\Accel_NGS_2S\6_CleanUp3_Accel_NGS_2S_DNA_v1.0.pro" to Runset Manager.			1	
29-Sep-17 1:34:23 PM	Info					Runset Manager: Added the run "C:\VWorks Workspace\Protocol Files\Accel_NGS_2S\Scratch\InProgress7_Elution3_Accel_NGS_2S_DNA_v1.0.pro" to Runset Manager.			1	
29-Sep-17 1:34:23 PM	Info					Runset Manager: Added the run "C:\VWorks Workspace\Protocol Files\Accel_NGS_2S\Scratch\InProgress7_Ligation2_Accel_NGS_2S_DNA_v1.0.pro" to Runset Manager.			1	
29-Sep-17 1:34:23 PM	Info					Runset Manager: Added the run "C:\VWorks Workspace\Protocol Files\Accel_NGS_2S\8_CleanUp4_Accel_NGS_2S_DNA_v1.0.pro" to Runset Manager.			1	
29-Sep-17 1:34:30 PM	Info					File loaded		C:\VWorks Workspace\Device Files\BravoMiniPHBenchCel_round_magnet_RED_insert.dev	1	
29-Sep-17 1:34:30 PM	Info					File loaded	1_RepairI_Accel_NGS_2S_DNA_v1.0	C:\VWorks Workspace\Protocol Files\Accel_NGS_2S\1_RepairI_Accel_NGS_2S_DNA_v1.0.pro	1	
29-Sep-17 1:34:34 PM	Warning			DNA transfer tips	2	No plate to unload from the device Agilent Labware MiniHub - 1 location : cassette 4, slot 2		1_RepairI_Accel_NGS_2S_DNA_v1.0.pro	1	
29-Sep-17 1:34:34 PM	Warning			DNA transfer tips	2	There aren't any available plates for the unload task to unload		1_RepairI_Accel_NGS_2S_DNA_v1.0.pro	1	
29-Sep-17 1:34:34 PM	Warning			MasterMix tips	1	No plate to unload from the device Agilent Labware MiniHub - 1 location : cassette 1, slot 2		1_RepairI_Accel_NGS_2S_DNA_v1.0.pro	1	
29-Sep-17 1:34:34 PM	Warning			MasterMix tips	1	There aren't any available plates for the unload task to unload		1_RepairI_Accel_NGS_2S_DNA_v1.0.pro	1	
29-Sep-17 1:34:34 PM	Warning			Reaction Plate	2	No plate to unload from the device Agilent Labware MiniHub - 1 location : cassette 2, slot 5		1_RepairI_Accel_NGS_2S_DNA_v1.0.pro	1	
29-Sep-17 1:34:34 PM	Warning			Reaction Plate	2	There aren't any available plates for the unload task to unload		1_RepairI_Accel_NGS_2S_DNA_v1.0.pro	1	
29-Sep-17 1:34:34 PM	Warning			Used DNA transfer tips	1	No plate to unload from the device Agilent Labware MiniHub - 1 location : cassette 4, slot 1		1_RepairI_Accel_NGS_2S_DNA_v1.0.pro	1	
29-Sep-17 1:34:34 PM	Warning			Used DNA transfer tips	1	There aren't any available plates for the unload task to unload		1_RepairI_Accel_NGS_2S_DNA_v1.0.pro	1	
29-Sep-17 1:34:34 PM	Warning			Used MasterMix Tips	1	No plate to unload from the device Agilent Labware MiniHub - 1 location : cassette 1, slot 1		1_RepairI_Accel_NGS_2S_DNA_v1.0.pro	1	
29-Sep-17 1:34:34 PM	Warning			Used MasterMix Tips	1	There aren't any available plates for the unload task to unload		1_RepairI_Accel_NGS_2S_DNA_v1.0.pro	1	
29-Sep-17 1:34:34 PM	Info					Compile complete with 0 errors and 10 warnings			1	
29-Sep-17 1:34:34 PM	Script					var plate_type = "96 ABI PCR half skirt in black carrier";		C:\VWorks Workspace\Forms\SCELSE\Accel_NGS_2S_DNA\Accel_NGS.VWForm	1	
29-Sep-17 1:34:35 PM	Script					var DNA_source = 0;		C:\VWorks Workspace\Forms\SCELSE\Accel_NGS_2S_DNA\Accel_NGS.VWForm	1	
29-Sep-17 1:34:35 PM	Script					var protocol_testing = 1;		C:\VWorks Workspace\Forms\SCELSE\Accel_NGS_2S_DNA\Accel_NGS.VWForm	1	
29-Sep-17 1:34:35 PM	Script					var DNAconc = 1;		C:\VWorks Workspace\Forms\SCELSE\Accel_NGS_2S_DNA\Accel_NGS.VWForm	1	
29-Sep-17 1:34:35 PM	Script					var formProtocolName = "Accel_Dual_Index_NGS_2SPlus_DNALibrary_Runset_v2.0.rst";		C:\VWorks Workspace\Forms\SCELSE\Accel_NGS_2S_DNA\Accel_NGS.VWForm	1	
29-Sep-17 1:34:35 PM	Script					var columns_samples = 1;		C:\VWorks Workspace\Forms\SCELSE\Accel_NGS_2S_DNA\Accel_NGS.VWForm	1	
29-Sep-17 1:34:36 PM	Event					Scheduler started			1	
29-Sep-17 1:34:36 PM	Info					Runset Manager: Changed the field "Start" of the run "C:\VWorks Workspace\Protocol Files\Accel_NGS_2S\2b_CleanUp1_Accel_NGS_2S_DNA_v1.0.pro" from "29-Sep-17 9:59:01 AM (As soon as possible)" to "When C:\VWorks Workspace\Protocol Files\Accel_NGS_2S\1_RepairI_Accel_NGS_2S_DNA_v1.0.pro ends"			1	
29-Sep-17 1:34:36 PM	Info					Runset Manager: Changed the field "Start" of the run "C:\VWorks Workspace\Protocol Files\Accel_NGS_2S\Scratch\InProgress3_Elution1_Accel_NGS_2S_DNA_v1.0.pro" from "29-Sep-17 10:00:16 AM (As soon as possible)" to "When C:\VWorks Workspace\Protocol Files\Accel_NGS_2S\1_RepairI_Accel_NGS_2S_DNA_v1.0.pro ends"			1	
29-Sep-17 1:34:36 PM	Info					Runset Manager: Changed the field "Start" of the run "C:\VWorks Workspace\Protocol Files\Accel_NGS_2S\Scratch\InProgress3_Repair2_Accel_NGS_2S_DNA_v1.0.pro" from "29-Sep-17 10:01:03 AM (As soon as possible)" to "When C:\VWorks Workspace\Protocol Files\Accel_NGS_2S\1_RepairI_Accel_NGS_2S_DNA_v1.0.pro ends"			1	
29-Sep-17 1:34:36 PM	Info					Runset Manager: Changed the field "Start" of the run "C:\VWorks Workspace\Protocol Files\Accel_NGS_2S\4_CleanUp2_Accel_NGS_2S_DNA_v1.0.pro" from "29-Sep-17 10:01:59 AM (As soon as possible)" to "When C:\VWorks Workspace\Protocol Files\Accel_NGS_2S\1_RepairI_Accel_NGS_2S_DNA_v1.0.pro ends"			1	
29-Sep-17 1:34:36 PM	Info					Runset Manager: Changed the field "Start" of the run "C:\VWorks Workspace\Protocol Files\Accel_NGS_2S\Scratch\InProgress5b_Elution2_Accel_NGS_2S_DNA_v1.0.pro" from "29-Sep-17 10:03:17 AM (As soon as possible)" to "When C:\VWorks Workspace\Protocol Files\Accel_NGS_2S\1_RepairI_Accel_NGS_2S_DNA_v1.0.pro ends"			1	
29-Sep-17 1:34:36 PM	Info					Runset Manager: Changed the field "Start" of the run "C:\VWorks Workspace\Protocol Files\Accel_NGS_2S\Scratch\InProgress5b_Ligation1_Accel_NGS_2S_DNA_v1.0.pro" from "29-Sep-17 10:03:58 AM (As soon as possible)" to "When C:\VWorks Workspace\Protocol Files\Accel_NGS_2S\1_RepairI_Accel_NGS_2S_DNA_v1.0.pro ends"			1	
29-Sep-17 1:34:36 PM	Info					Runset Manager: Changed the field "Start" of the run "C:\VWorks Workspace\Protocol Files\Accel_NGS_2S\6_CleanUp3_Accel_NGS_2S_DNA_v1.0.pro" from "29-Sep-17 10:04:58 AM (As soon as possible)" to "When C:\VWorks Workspace\Protocol Files\Accel_NGS_2S\1_RepairI_Accel_NGS_2S_DNA_v1.0.pro ends"			1	
29-Sep-17 1:34:36 PM	Info					Runset Manager: Changed the field "Start" of the run "C:\VWorks Workspace\Protocol Files\Accel_NGS_2S\Scratch\InProgress7_Elution3_Accel_NGS_2S_DNA_v1.0.pro" from "29-Sep-17 10:06:03 AM (As soon as possible)" to "When C:\VWorks Workspace\Protocol Files\Accel_NGS_2S\1_RepairI_Accel_NGS_2S_DNA_v1.0.pro ends"			1	
29-Sep-17 1:34:36 PM	Info					Runset Manager: Changed the field "Start" of the run "C:\VWorks Workspace\Protocol Files\Accel_NGS_2S\Scratch\InProgress7_Ligation2_Accel_NGS_2S_DNA_v1.0.pro" from "29-Sep-17 10:06:44 AM (As soon as possible)" to "When C:\VWorks Workspace\Protocol Files\Accel_NGS_2S\1_RepairI_Accel_NGS_2S_DNA_v1.0.pro ends"			1	
29-Sep-17 1:34:36 PM	Info	Agilent Labware MiniHub - 1				Initializing device		C:\VWorks Workspace\Device Files\BravoMiniPHBenchCel_round_magnet_RED_insert.dev	1	
29-Sep-17 1:34:36 PM	Info	BenchCel - 1				Initializing device		C:\VWorks Workspace\Device Files\BravoMiniPHBenchCel_round_magnet_RED_insert.dev	1	
29-Sep-17 1:34:36 PM	Info	Bravo - 1				Initializing device		C:\VWorks Workspace\Device Files\BravoMiniPHBenchCel_round_magnet_RED_insert.dev	1	
29-Sep-17 1:34:36 PM	Info					Runset Manager: Changed the field "Start" of the run "C:\VWorks Workspace\Protocol Files\Accel_NGS_2S\8_CleanUp4_Accel_NGS_2S_DNA_v1.0.pro" from "29-Sep-17 10:07:43 AM (As soon as possible)" to "When C:\VWorks Workspace\Protocol Files\Accel_NGS_2S\1_RepairI_Accel_NGS_2S_DNA_v1.0.pro ends"			1	
29-Sep-17 1:34:36 PM	Error	BenchCel - 1				The X axis failed to home			1	
29-Sep-17 1:34:36 PM	Info					Error library: Select best match error handler: "Default" and action type "show error dialog"			1	
29-Sep-17 1:34:41 PM	Error	Bravo - 1				There appears to be a plate present in, or in front of the gripper's plate presence sensor.			1	
29-Sep-17 1:34:41 PM	Error	Bravo - 1				  - Choose "Retry" to check the plate presence sensor again.			1	
29-Sep-17 1:34:41 PM	Error	Bravo - 1				  - Choose "Ignore" to continue to home the G axis.  Please note that any plate currently held by the gripper will be dropped.			1	
29-Sep-17 1:34:41 PM	Error	Bravo - 1				  - Choose "Abort" to cancel initialization.			1	
29-Sep-17 1:34:41 PM	Info					Error library: Select best match error handler: "Default" and action type "show error dialog"			1	
29-Sep-17 1:34:50 PM	Info	Agilent Labware MiniHub - 1				Initialization complete		C:\VWorks Workspace\Device Files\BravoMiniPHBenchCel_round_magnet_RED_insert.dev	1	
29-Sep-17 1:35:08 PM	Info	Bravo - 1				Ignoring: There appears to be a plate present in, or in front of the gripper's plate presence sensor.			1	
29-Sep-17 1:35:08 PM	Info	Bravo - 1				  - Choose "Retry" to check the plate presence sensor again.			1	
29-Sep-17 1:35:08 PM	Info	Bravo - 1				  - Choose "Ignore" to continue to home the G axis.  Please note that any plate currently held by the gripper will be dropped.			1	
29-Sep-17 1:35:08 PM	Info	Bravo - 1				  - Choose "Abort" to cancel initialization.			1	
29-Sep-17 1:35:08 PM	Error	Bravo - 1				Please verify that it is safe to home the W-axis (the aspirate/dispense axis).  If there is fluid in the tips you may want to manually home the W-axis in diagnostics over a waste position.			1	
29-Sep-17 1:35:08 PM	Error	Bravo - 1				  - Choose "Retry" to continue homing the W-axis.			1	
29-Sep-17 1:35:08 PM	Error	Bravo - 1				  - Choose "Ignore" to leave the W-axis unhomed.			1	
29-Sep-17 1:35:08 PM	Error	Bravo - 1				  - Choose "Abort" to cancel initialization.			1	
29-Sep-17 1:35:08 PM	Info					Error library: Select best match error handler: "Default" and action type "show error dialog"			1	
29-Sep-17 1:35:39 PM	Info	Bravo - 1				Retrying: Please verify that it is safe to home the W-axis (the aspirate/dispense axis).  If there is fluid in the tips you may want to manually home the W-axis in diagnostics over a waste position.			1	
29-Sep-17 1:35:39 PM	Info	Bravo - 1				  - Choose "Retry" to continue homing the W-axis.			1	
29-Sep-17 1:35:39 PM	Info	Bravo - 1				  - Choose "Ignore" to leave the W-axis unhomed.			1	
29-Sep-17 1:35:39 PM	Info	Bravo - 1				  - Choose "Abort" to cancel initialization.			1	
29-Sep-17 1:35:39 PM	Info	Bravo - 1				Initialization complete		C:\VWorks Workspace\Device Files\BravoMiniPHBenchCel_round_magnet_RED_insert.dev	1	
29-Sep-17 1:35:45 PM	Info	BenchCel - 1				Retrying: The X axis failed to home			1	
29-Sep-17 1:35:45 PM	Error	BenchCel - 1				The X axis failed to home			1	
29-Sep-17 1:35:45 PM	Info					Error library: Select best match error handler: "Default" and action type "show error dialog"			1	
29-Sep-17 1:35:57 PM	Info	BenchCel - 1				Retrying: The X axis failed to home			1	
29-Sep-17 1:35:57 PM	Error	BenchCel - 1				The X axis failed to home			1	
29-Sep-17 1:35:57 PM	Info					Error library: Select best match error handler: "Default" and action type "show error dialog"			1	
29-Sep-17 1:36:06 PM	Info	BenchCel - 1				Retrying: The X axis failed to home			1	
29-Sep-17 1:36:06 PM	Error	BenchCel - 1				The X axis failed to home			1	
29-Sep-17 1:36:06 PM	Info					Error library: Select best match error handler: "Default" and action type "show error dialog"			1	
29-Sep-17 1:36:08 PM	Info	BenchCel - 1				Retrying: The X axis failed to home			1	
29-Sep-17 1:36:08 PM	Error	BenchCel - 1				The X axis failed to home			1	
29-Sep-17 1:36:08 PM	Info					Error library: Select best match error handler: "Default" and action type "show error dialog"			1	
29-Sep-17 1:36:13 PM	Info	BenchCel - 1				Retrying: The X axis failed to home			1	
29-Sep-17 1:36:13 PM	Error	BenchCel - 1				The X axis failed to home			1	
29-Sep-17 1:36:13 PM	Info					Error library: Select best match error handler: "Default" and action type "show error dialog"			1	
29-Sep-17 1:36:15 PM	Info	BenchCel - 1				Retrying: The X axis failed to home			1	
29-Sep-17 1:36:15 PM	Error	BenchCel - 1				The X axis failed to home			1	
29-Sep-17 1:36:15 PM	Info					Error library: Select best match error handler: "Default" and action type "show error dialog"			1	
29-Sep-17 1:36:16 PM	Info	BenchCel - 1				Retrying: The X axis failed to home			1	
29-Sep-17 1:36:16 PM	Error	BenchCel - 1				The X axis failed to home			1	
29-Sep-17 1:36:16 PM	Info					Error library: Select best match error handler: "Default" and action type "show error dialog"			1	
29-Sep-17 1:36:16 PM	Info	BenchCel - 1				Retrying: The X axis failed to home			1	
29-Sep-17 1:36:16 PM	Error	BenchCel - 1				The X axis failed to home			1	
29-Sep-17 1:36:17 PM	Info					Error library: Select best match error handler: "Default" and action type "show error dialog"			1	
29-Sep-17 1:36:17 PM	Info	BenchCel - 1				Aborting on: The X axis failed to home			1	
29-Sep-17 1:36:17 PM	Event					Scheduler stopped			1	
29-Sep-17 1:36:18 PM	Info	BenchCel - 1				Initialization failed		C:\VWorks Workspace\Device Files\BravoMiniPHBenchCel_round_magnet_RED_insert.dev	1	
29-Sep-17 1:36:22 PM	Event					Scheduler aborted			1	
29-Sep-17 1:36:23 PM	Event					None protocol aborted by user	1_RepairI_Accel_NGS_2S_DNA_v1.0	C:\VWorks Workspace\Protocol Files\Accel_NGS_2S\1_RepairI_Accel_NGS_2S_DNA_v1.0.pro	1	
29-Sep-17 1:36:27 PM	Script					var plate_type = "96 ABI PCR half skirt in black carrier";		C:\VWorks Workspace\Forms\SCELSE\Accel_NGS_2S_DNA\Accel_NGS.VWForm	1	
29-Sep-17 1:36:27 PM	Script					var DNA_source = 0;		C:\VWorks Workspace\Forms\SCELSE\Accel_NGS_2S_DNA\Accel_NGS.VWForm	1	
29-Sep-17 1:36:27 PM	Script					var protocol_testing = 1;		C:\VWorks Workspace\Forms\SCELSE\Accel_NGS_2S_DNA\Accel_NGS.VWForm	1	
29-Sep-17 1:36:27 PM	Script					var DNAconc = 1;		C:\VWorks Workspace\Forms\SCELSE\Accel_NGS_2S_DNA\Accel_NGS.VWForm	1	
29-Sep-17 1:36:27 PM	Script					var formProtocolName = "Accel_Dual_Index_NGS_2SPlus_DNALibrary_Runset_v2.0.rst";		C:\VWorks Workspace\Forms\SCELSE\Accel_NGS_2S_DNA\Accel_NGS.VWForm	1	
29-Sep-17 1:36:27 PM	Script					var columns_samples = 1;		C:\VWorks Workspace\Forms\SCELSE\Accel_NGS_2S_DNA\Accel_NGS.VWForm	1	
29-Sep-17 1:36:28 PM	Script					Clearing Plate Inventory			1	
29-Sep-17 1:36:28 PM	Info					Runset Manager: Deleted the run "C:\VWorks Workspace\Protocol Files\Accel_NGS_2S\1_RepairI_Accel_NGS_2S_DNA_v1.0.pro" from Runset Manager.			1	
29-Sep-17 1:36:28 PM	Info					Runset Manager: Deleted the run "C:\VWorks Workspace\Protocol Files\Accel_NGS_2S\2b_CleanUp1_Accel_NGS_2S_DNA_v1.0.pro" from Runset Manager.			1	
29-Sep-17 1:36:28 PM	Info					Runset Manager: Deleted the run "C:\VWorks Workspace\Protocol Files\Accel_NGS_2S\Scratch\InProgress3_Elution1_Accel_NGS_2S_DNA_v1.0.pro" from Runset Manager.			1	
29-Sep-17 1:36:28 PM	Info					Runset Manager: Deleted the run "C:\VWorks Workspace\Protocol Files\Accel_NGS_2S\Scratch\InProgress3_Repair2_Accel_NGS_2S_DNA_v1.0.pro" from Runset Manager.			1	
29-Sep-17 1:36:28 PM	Info					Runset Manager: Deleted the run "C:\VWorks Workspace\Protocol Files\Accel_NGS_2S\4_CleanUp2_Accel_NGS_2S_DNA_v1.0.pro" from Runset Manager.			1	
29-Sep-17 1:36:28 PM	Info					Runset Manager: Deleted the run "C:\VWorks Workspace\Protocol Files\Accel_NGS_2S\Scratch\InProgress5b_Elution2_Accel_NGS_2S_DNA_v1.0.pro" from Runset Manager.			1	
29-Sep-17 1:36:28 PM	Info					Runset Manager: Deleted the run "C:\VWorks Workspace\Protocol Files\Accel_NGS_2S\Scratch\InProgress5b_Ligation1_Accel_NGS_2S_DNA_v1.0.pro" from Runset Manager.			1	
29-Sep-17 1:36:28 PM	Info					Runset Manager: Deleted the run "C:\VWorks Workspace\Protocol Files\Accel_NGS_2S\6_CleanUp3_Accel_NGS_2S_DNA_v1.0.pro" from Runset Manager.			1	
29-Sep-17 1:36:28 PM	Info					Runset Manager: Deleted the run "C:\VWorks Workspace\Protocol Files\Accel_NGS_2S\Scratch\InProgress7_Elution3_Accel_NGS_2S_DNA_v1.0.pro" from Runset Manager.			1	
29-Sep-17 1:36:28 PM	Info					Runset Manager: Deleted the run "C:\VWorks Workspace\Protocol Files\Accel_NGS_2S\Scratch\InProgress7_Ligation2_Accel_NGS_2S_DNA_v1.0.pro" from Runset Manager.			1	
29-Sep-17 1:36:28 PM	Info					Runset Manager: Deleted the run "C:\VWorks Workspace\Protocol Files\Accel_NGS_2S\8_CleanUp4_Accel_NGS_2S_DNA_v1.0.pro" from Runset Manager.			1	
29-Sep-17 1:36:28 PM	Script					Clearing Runset			1	
29-Sep-17 1:36:28 PM	Script					Starting runset : Accel_Dual_Index_NGS_2SPlus_DNALibrary_Runset_v2.0.rst			1	
29-Sep-17 1:36:28 PM	Info					Runset Manager: Added the run "C:\VWorks Workspace\Protocol Files\Accel_NGS_2S\1_RepairI_Accel_NGS_2S_DNA_v1.0.pro" to Runset Manager.			1	
29-Sep-17 1:36:28 PM	Info					Runset Manager: Added the run "C:\VWorks Workspace\Protocol Files\Accel_NGS_2S\2b_CleanUp1_Accel_NGS_2S_DNA_v1.0.pro" to Runset Manager.			1	
29-Sep-17 1:36:28 PM	Info					Runset Manager: Added the run "C:\VWorks Workspace\Protocol Files\Accel_NGS_2S\Scratch\InProgress3_Elution1_Accel_NGS_2S_DNA_v1.0.pro" to Runset Manager.			1	
29-Sep-17 1:36:28 PM	Info					Runset Manager: Added the run "C:\VWorks Workspace\Protocol Files\Accel_NGS_2S\Scratch\InProgress3_Repair2_Accel_NGS_2S_DNA_v1.0.pro" to Runset Manager.			1	
29-Sep-17 1:36:28 PM	Info					Runset Manager: Added the run "C:\VWorks Workspace\Protocol Files\Accel_NGS_2S\4_CleanUp2_Accel_NGS_2S_DNA_v1.0.pro" to Runset Manager.			1	
29-Sep-17 1:36:28 PM	Info					Runset Manager: Added the run "C:\VWorks Workspace\Protocol Files\Accel_NGS_2S\Scratch\InProgress5b_Elution2_Accel_NGS_2S_DNA_v1.0.pro" to Runset Manager.			1	
29-Sep-17 1:36:28 PM	Info					Runset Manager: Added the run "C:\VWorks Workspace\Protocol Files\Accel_NGS_2S\Scratch\InProgress5b_Ligation1_Accel_NGS_2S_DNA_v1.0.pro" to Runset Manager.			1	
29-Sep-17 1:36:28 PM	Info					Runset Manager: Added the run "C:\VWorks Workspace\Protocol Files\Accel_NGS_2S\6_CleanUp3_Accel_NGS_2S_DNA_v1.0.pro" to Runset Manager.			1	
29-Sep-17 1:36:28 PM	Info					Runset Manager: Added the run "C:\VWorks Workspace\Protocol Files\Accel_NGS_2S\Scratch\InProgress7_Elution3_Accel_NGS_2S_DNA_v1.0.pro" to Runset Manager.			1	
29-Sep-17 1:36:29 PM	Info					Runset Manager: Added the run "C:\VWorks Workspace\Protocol Files\Accel_NGS_2S\Scratch\InProgress7_Ligation2_Accel_NGS_2S_DNA_v1.0.pro" to Runset Manager.			1	
29-Sep-17 1:36:29 PM	Info					Runset Manager: Added the run "C:\VWorks Workspace\Protocol Files\Accel_NGS_2S\8_CleanUp4_Accel_NGS_2S_DNA_v1.0.pro" to Runset Manager.			1	
29-Sep-17 1:36:34 PM	Warning			DNA transfer tips	2	No plate to unload from the device Agilent Labware MiniHub - 1 location : cassette 4, slot 2		1_RepairI_Accel_NGS_2S_DNA_v1.0.pro	1	
29-Sep-17 1:36:34 PM	Warning			DNA transfer tips	2	There aren't any available plates for the unload task to unload		1_RepairI_Accel_NGS_2S_DNA_v1.0.pro	1	
29-Sep-17 1:36:34 PM	Warning			MasterMix tips	1	No plate to unload from the device Agilent Labware MiniHub - 1 location : cassette 1, slot 2		1_RepairI_Accel_NGS_2S_DNA_v1.0.pro	1	
29-Sep-17 1:36:34 PM	Warning			MasterMix tips	1	There aren't any available plates for the unload task to unload		1_RepairI_Accel_NGS_2S_DNA_v1.0.pro	1	
29-Sep-17 1:36:34 PM	Warning			Reaction Plate	2	No plate to unload from the device Agilent Labware MiniHub - 1 location : cassette 2, slot 5		1_RepairI_Accel_NGS_2S_DNA_v1.0.pro	1	
29-Sep-17 1:36:34 PM	Warning			Reaction Plate	2	There aren't any available plates for the unload task to unload		1_RepairI_Accel_NGS_2S_DNA_v1.0.pro	1	
29-Sep-17 1:36:34 PM	Warning			Used DNA transfer tips	1	No plate to unload from the device Agilent Labware MiniHub - 1 location : cassette 4, slot 1		1_RepairI_Accel_NGS_2S_DNA_v1.0.pro	1	
29-Sep-17 1:36:34 PM	Warning			Used DNA transfer tips	1	There aren't any available plates for the unload task to unload		1_RepairI_Accel_NGS_2S_DNA_v1.0.pro	1	
29-Sep-17 1:36:35 PM	Warning			Used MasterMix Tips	1	No plate to unload from the device Agilent Labware MiniHub - 1 location : cassette 1, slot 1		1_RepairI_Accel_NGS_2S_DNA_v1.0.pro	1	
29-Sep-17 1:36:35 PM	Warning			Used MasterMix Tips	1	There aren't any available plates for the unload task to unload		1_RepairI_Accel_NGS_2S_DNA_v1.0.pro	1	
29-Sep-17 1:36:35 PM	Info					Compile complete with 0 errors and 10 warnings			1	
29-Sep-17 1:36:35 PM	Script					var plate_type = "96 ABI PCR half skirt in black carrier";		C:\VWorks Workspace\Forms\SCELSE\Accel_NGS_2S_DNA\Accel_NGS.VWForm	1	
29-Sep-17 1:36:35 PM	Script					var DNA_source = 0;		C:\VWorks Workspace\Forms\SCELSE\Accel_NGS_2S_DNA\Accel_NGS.VWForm	1	
29-Sep-17 1:36:35 PM	Script					var protocol_testing = 1;		C:\VWorks Workspace\Forms\SCELSE\Accel_NGS_2S_DNA\Accel_NGS.VWForm	1	
29-Sep-17 1:36:35 PM	Script					var DNAconc = 1;		C:\VWorks Workspace\Forms\SCELSE\Accel_NGS_2S_DNA\Accel_NGS.VWForm	1	
29-Sep-17 1:36:35 PM	Script					var formProtocolName = "Accel_Dual_Index_NGS_2SPlus_DNALibrary_Runset_v2.0.rst";		C:\VWorks Workspace\Forms\SCELSE\Accel_NGS_2S_DNA\Accel_NGS.VWForm	1	
29-Sep-17 1:36:35 PM	Script					var columns_samples = 1;		C:\VWorks Workspace\Forms\SCELSE\Accel_NGS_2S_DNA\Accel_NGS.VWForm	1	
29-Sep-17 1:36:36 PM	Event					Scheduler started			1	
29-Sep-17 1:36:36 PM	Info	BenchCel - 1				Initializing device		C:\VWorks Workspace\Device Files\BravoMiniPHBenchCel_round_magnet_RED_insert.dev	1	
29-Sep-17 1:36:36 PM	Error	BenchCel - 1				The X axis failed to home			1	
29-Sep-17 1:36:37 PM	Info					Error library: Select best match error handler: "Default" and action type "show error dialog"			1	
29-Sep-17 1:36:37 PM	Info					File loaded	2b_CleanUp1_Accel_NGS_2S_DNA_v1.0	C:\VWorks Workspace\Protocol Files\Accel_NGS_2S\2b_CleanUp1_Accel_NGS_2S_DNA_v1.0.pro	1	
29-Sep-17 1:36:45 PM	Info	BenchCel - 1				Retrying: The X axis failed to home			1	
29-Sep-17 1:36:45 PM	Error	BenchCel - 1				The X axis failed to home			1	
29-Sep-17 1:36:45 PM	Info					Error library: Select best match error handler: "Default" and action type "show error dialog"			1	
29-Sep-17 1:36:47 PM	Info	BenchCel - 1				Retrying: The X axis failed to home			1	
29-Sep-17 1:36:47 PM	Error	BenchCel - 1				The X axis failed to home			1	
29-Sep-17 1:36:47 PM	Info					Error library: Select best match error handler: "Default" and action type "show error dialog"			1	
29-Sep-17 1:36:47 PM	Warning			Ethanol Reservoir	1	No plate to unload from the device Agilent Labware MiniHub - 1 location : cassette 2, slot 1		2b_CleanUp1_Accel_NGS_2S_DNA_v1.0.pro	1	
29-Sep-17 1:36:47 PM	Warning			Ethanol Reservoir	1	There aren't any available plates for the unload task to unload		2b_CleanUp1_Accel_NGS_2S_DNA_v1.0.pro	1	
29-Sep-17 1:36:48 PM	Warning			SPRI reservoir	1	No plate to unload from the device Agilent Labware MiniHub - 1 location : cassette 3, slot 2		2b_CleanUp1_Accel_NGS_2S_DNA_v1.0.pro	1	
29-Sep-17 1:36:48 PM	Warning			SPRI reservoir	1	There aren't any available plates for the unload task to unload		2b_CleanUp1_Accel_NGS_2S_DNA_v1.0.pro	1	
29-Sep-17 1:36:48 PM	Info					Compile complete with 0 errors and 4 warnings			1	
29-Sep-17 1:36:48 PM	Info	BenchCel - 1				Retrying: The X axis failed to home			1	
29-Sep-17 1:36:48 PM	Error	BenchCel - 1				The X axis failed to home			1	
29-Sep-17 1:36:48 PM	Info					Error library: Select best match error handler: "Default" and action type "show error dialog"			1	
29-Sep-17 1:36:48 PM	Event					Scheduler started			1	
29-Sep-17 1:36:48 PM	Info					Runset Manager: Changed the field "Start" of the run "C:\VWorks Workspace\Protocol Files\Accel_NGS_2S\Scratch\InProgress3_Elution1_Accel_NGS_2S_DNA_v1.0.pro" from "29-Sep-17 10:00:16 AM (As soon as possible)" to "When C:\VWorks Workspace\Protocol Files\Accel_NGS_2S\1_RepairI_Accel_NGS_2S_DNA_v1.0.pro ends"			1	
29-Sep-17 1:36:48 PM	Info					Runset Manager: Changed the field "Start" of the run "C:\VWorks Workspace\Protocol Files\Accel_NGS_2S\Scratch\InProgress3_Repair2_Accel_NGS_2S_DNA_v1.0.pro" from "29-Sep-17 10:01:03 AM (As soon as possible)" to "When C:\VWorks Workspace\Protocol Files\Accel_NGS_2S\1_RepairI_Accel_NGS_2S_DNA_v1.0.pro ends"			1	
29-Sep-17 1:36:48 PM	Info					Runset Manager: Changed the field "Start" of the run "C:\VWorks Workspace\Protocol Files\Accel_NGS_2S\4_CleanUp2_Accel_NGS_2S_DNA_v1.0.pro" from "29-Sep-17 10:01:59 AM (As soon as possible)" to "When C:\VWorks Workspace\Protocol Files\Accel_NGS_2S\1_RepairI_Accel_NGS_2S_DNA_v1.0.pro ends"			1	
29-Sep-17 1:36:48 PM	Info					Runset Manager: Changed the field "Start" of the run "C:\VWorks Workspace\Protocol Files\Accel_NGS_2S\Scratch\InProgress5b_Elution2_Accel_NGS_2S_DNA_v1.0.pro" from "29-Sep-17 10:03:17 AM (As soon as possible)" to "When C:\VWorks Workspace\Protocol Files\Accel_NGS_2S\1_RepairI_Accel_NGS_2S_DNA_v1.0.pro ends"			1	
29-Sep-17 1:36:48 PM	Info					Runset Manager: Changed the field "Start" of the run "C:\VWorks Workspace\Protocol Files\Accel_NGS_2S\Scratch\InProgress5b_Ligation1_Accel_NGS_2S_DNA_v1.0.pro" from "29-Sep-17 10:03:58 AM (As soon as possible)" to "When C:\VWorks Workspace\Protocol Files\Accel_NGS_2S\1_RepairI_Accel_NGS_2S_DNA_v1.0.pro ends"			1	
29-Sep-17 1:36:48 PM	Info					Runset Manager: Changed the field "Start" of the run "C:\VWorks Workspace\Protocol Files\Accel_NGS_2S\6_CleanUp3_Accel_NGS_2S_DNA_v1.0.pro" from "29-Sep-17 10:04:58 AM (As soon as possible)" to "When C:\VWorks Workspace\Protocol Files\Accel_NGS_2S\1_RepairI_Accel_NGS_2S_DNA_v1.0.pro ends"			1	
29-Sep-17 1:36:48 PM	Info					Runset Manager: Changed the field "Start" of the run "C:\VWorks Workspace\Protocol Files\Accel_NGS_2S\Scratch\InProgress7_Elution3_Accel_NGS_2S_DNA_v1.0.pro" from "29-Sep-17 10:06:03 AM (As soon as possible)" to "When C:\VWorks Workspace\Protocol Files\Accel_NGS_2S\1_RepairI_Accel_NGS_2S_DNA_v1.0.pro ends"			1	
29-Sep-17 1:36:48 PM	Info					Runset Manager: Changed the field "Start" of the run "C:\VWorks Workspace\Protocol Files\Accel_NGS_2S\Scratch\InProgress7_Ligation2_Accel_NGS_2S_DNA_v1.0.pro" from "29-Sep-17 10:06:44 AM (As soon as possible)" to "When C:\VWorks Workspace\Protocol Files\Accel_NGS_2S\1_RepairI_Accel_NGS_2S_DNA_v1.0.pro ends"			1	
29-Sep-17 1:36:48 PM	Info					Runset Manager: Changed the field "Start" of the run "C:\VWorks Workspace\Protocol Files\Accel_NGS_2S\8_CleanUp4_Accel_NGS_2S_DNA_v1.0.pro" from "29-Sep-17 10:07:43 AM (As soon as possible)" to "When C:\VWorks Workspace\Protocol Files\Accel_NGS_2S\1_RepairI_Accel_NGS_2S_DNA_v1.0.pro ends"			1	
29-Sep-17 1:36:48 PM	Info	BenchCel - 1				Retrying: The X axis failed to home			1	
29-Sep-17 1:36:48 PM	Error	BenchCel - 1				The X axis failed to home			1	
29-Sep-17 1:36:48 PM	Info					Error library: Select best match error handler: "Default" and action type "show error dialog"			1	
29-Sep-17 1:36:49 PM	Info	BenchCel - 1				Retrying: The X axis failed to home			1	
29-Sep-17 1:36:49 PM	Error	BenchCel - 1				The X axis failed to home			1	
29-Sep-17 1:36:49 PM	Info					Error library: Select best match error handler: "Default" and action type "show error dialog"			1	
29-Sep-17 1:36:49 PM	Info	BenchCel - 1				Retrying: The X axis failed to home			1	
29-Sep-17 1:36:49 PM	Error	BenchCel - 1				The X axis failed to home			1	
29-Sep-17 1:36:50 PM	Info					Error library: Select best match error handler: "Default" and action type "show error dialog"			1	
29-Sep-17 1:36:52 PM	Info	BenchCel - 1				Aborting on: The X axis failed to home			1	
29-Sep-17 1:36:52 PM	Event					Scheduler stopped			1	
29-Sep-17 1:36:52 PM	Info	BenchCel - 1				Initialization failed		C:\VWorks Workspace\Device Files\BravoMiniPHBenchCel_round_magnet_RED_insert.dev	1	
29-Sep-17 1:36:56 PM	Event					Scheduler aborted			1	
29-Sep-17 1:36:57 PM	Event					None protocol aborted by user	1_RepairI_Accel_NGS_2S_DNA_v1.0	C:\VWorks Workspace\Protocol Files\Accel_NGS_2S\1_RepairI_Accel_NGS_2S_DNA_v1.0.pro	1	
29-Sep-17 1:36:59 PM	Event					None protocol aborted by user	2b_CleanUp1_Accel_NGS_2S_DNA_v1.0	C:\VWorks Workspace\Protocol Files\Accel_NGS_2S\2b_CleanUp1_Accel_NGS_2S_DNA_v1.0.pro	1	
29-Sep-17 1:37:07 PM	Info					File unloaded		C:\VWorks Workspace\Forms\SCELSE\Accel_NGS_2S_DNA\Accel_NGS.VWForm	1	
29-Sep-17 1:37:07 PM	Info					File unloaded		C:\VWorks Workspace\Protocol Files\Accel_NGS_2S\2b_CleanUp1_Accel_NGS_2S_DNA_v1.0.pro	1	
29-Sep-17 1:37:07 PM	Info					File unloaded		C:\VWorks Workspace\Protocol Files\Accel_NGS_2S\1_RepairI_Accel_NGS_2S_DNA_v1.0.pro	1	
29-Sep-17 1:37:09 PM	Info	Agilent Labware MiniHub - 1				Closing device		C:\VWorks Workspace\Device Files\BravoMiniPHBenchCel_round_magnet_RED_insert.dev	1	
29-Sep-17 1:37:09 PM	Info	BenchCel - 1				Closing device		C:\VWorks Workspace\Device Files\BravoMiniPHBenchCel_round_magnet_RED_insert.dev	1	
29-Sep-17 1:37:09 PM	Info	Bravo - 1				Closing device		C:\VWorks Workspace\Device Files\BravoMiniPHBenchCel_round_magnet_RED_insert.dev	1	
29-Sep-17 1:37:09 PM	Info					File unloaded		C:\VWorks Workspace\Device Files\BravoMiniPHBenchCel_round_magnet_RED_insert.dev	1	
29-Sep-17 1:37:11 PM	Info					administrator logged out. Session 1 closed			1	
29-Sep-17 1:37:11 PM	Info					System Shutdown			0	
