21-Dec-17 12:29:46 PM	Event	1						Main protocol starting	C:\VWorks Workspace\Protocol Files\Accel_NGS_2S\1_RepairI_Accel_NGS_2S_DNA_v1.0.pro	
21-Dec-17 12:32:00 PM	Transfer	1	10	Master Mix Plate 1	Column 1	Reaction Plate 1	Column 1		C:\VWorks Workspace\Protocol Files\Accel_NGS_2S\1_RepairI_Accel_NGS_2S_DNA_v1.0.pro	
21-Dec-17 12:32:34 PM	Transfer	1	10	Master Mix Plate 1	Column 1	Reaction Plate 1	Column 2		C:\VWorks Workspace\Protocol Files\Accel_NGS_2S\1_RepairI_Accel_NGS_2S_DNA_v1.0.pro	
21-Dec-17 12:33:09 PM	Transfer	1	10	Master Mix Plate 1	Column 1	Reaction Plate 1	Column 3		C:\VWorks Workspace\Protocol Files\Accel_NGS_2S\1_RepairI_Accel_NGS_2S_DNA_v1.0.pro	
21-Dec-17 12:33:44 PM	Transfer	1	10	Master Mix Plate 1	Column 1	Reaction Plate 1	Column 4		C:\VWorks Workspace\Protocol Files\Accel_NGS_2S\1_RepairI_Accel_NGS_2S_DNA_v1.0.pro	
21-Dec-17 12:34:18 PM	Transfer	1	10	Master Mix Plate 1	Column 1	Reaction Plate 1	Column 5		C:\VWorks Workspace\Protocol Files\Accel_NGS_2S\1_RepairI_Accel_NGS_2S_DNA_v1.0.pro	
21-Dec-17 12:34:53 PM	Transfer	1	10	Master Mix Plate 1	Column 1	Reaction Plate 1	Column 6		C:\VWorks Workspace\Protocol Files\Accel_NGS_2S\1_RepairI_Accel_NGS_2S_DNA_v1.0.pro	
21-Dec-17 12:37:20 PM	Transfer	1	50	DNA Plate 1	A1	Reaction Plate 1	A1		C:\VWorks Workspace\Protocol Files\Accel_NGS_2S\1_RepairI_Accel_NGS_2S_DNA_v1.0.pro	
21-Dec-17 12:37:20 PM	Transfer	1	10	DNA Plate 1	A1	Reaction Plate 1	A1		C:\VWorks Workspace\Protocol Files\Accel_NGS_2S\1_RepairI_Accel_NGS_2S_DNA_v1.0.pro	
21-Dec-17 12:39:02 PM	Transfer	1	5	Reaction Plate 1	A1	Reaction Plate 1	A1		C:\VWorks Workspace\Protocol Files\Accel_NGS_2S\1_RepairI_Accel_NGS_2S_DNA_v1.0.pro	
21-Dec-17 2:45:00 PM	Event	1						Main protocol complete	C:\VWorks Workspace\Protocol Files\Accel_NGS_2S\1_RepairI_Accel_NGS_2S_DNA_v1.0.pro	
21-Dec-17 2:45:20 PM	Event	1						Main protocol starting	C:\VWorks Workspace\Protocol Files\Accel_NGS_2S\2b_CleanUp1_Accel_NGS_2S_DNA_v1.0.pro	
21-Dec-17 2:48:44 PM	Transfer	1	15	SPRI reservoir 1	A1	SPRI reservoir 1	A1		C:\VWorks Workspace\Protocol Files\Accel_NGS_2S\2b_CleanUp1_Accel_NGS_2S_DNA_v1.0.pro	
21-Dec-17 2:49:07 PM	Transfer	1	80	SPRI reservoir 1	A1	AMPure XP Cleanup 1 1	A1		C:\VWorks Workspace\Protocol Files\Accel_NGS_2S\2b_CleanUp1_Accel_NGS_2S_DNA_v1.0.pro	
21-Dec-17 2:49:07 PM	Transfer	1	4	SPRI reservoir 1	A1	AMPure XP Cleanup 1 1	A1		C:\VWorks Workspace\Protocol Files\Accel_NGS_2S\2b_CleanUp1_Accel_NGS_2S_DNA_v1.0.pro	
21-Dec-17 2:54:38 PM	Transfer	1	12	AMPure XP Cleanup 1 1	A1	AMPure XP Cleanup 1 1	A1		C:\VWorks Workspace\Protocol Files\Accel_NGS_2S\2b_CleanUp1_Accel_NGS_2S_DNA_v1.0.pro	
21-Dec-17 2:59:38 PM	Transfer	1	139	AMPure XP Cleanup 1 1	A1	1	A1		C:\VWorks Workspace\Protocol Files\Accel_NGS_2S\2b_CleanUp1_Accel_NGS_2S_DNA_v1.0.pro	
21-Dec-17 3:00:30 PM	Transfer	1	180	Ethanol Reservoir 1	A1	AMPure XP Cleanup 1 1	A1		C:\VWorks Workspace\Protocol Files\Accel_NGS_2S\2b_CleanUp1_Accel_NGS_2S_DNA_v1.0.pro	
21-Dec-17 3:01:39 PM	Transfer	1	183	AMPure XP Cleanup 1 1	A1	1	A1		C:\VWorks Workspace\Protocol Files\Accel_NGS_2S\2b_CleanUp1_Accel_NGS_2S_DNA_v1.0.pro	
21-Dec-17 3:03:23 PM	Transfer	1	175	Ethanol Reservoir 1	A1	AMPure XP Cleanup 1 1	A1		C:\VWorks Workspace\Protocol Files\Accel_NGS_2S\2b_CleanUp1_Accel_NGS_2S_DNA_v1.0.pro	
21-Dec-17 3:04:54 PM	Transfer	1	183.5	AMPure XP Cleanup 1 1	A1	1	A1		C:\VWorks Workspace\Protocol Files\Accel_NGS_2S\2b_CleanUp1_Accel_NGS_2S_DNA_v1.0.pro	
21-Dec-17 3:05:54 PM	Event	1						Main protocol complete	C:\VWorks Workspace\Protocol Files\Accel_NGS_2S\2b_CleanUp1_Accel_NGS_2S_DNA_v1.0.pro	
21-Dec-17 3:06:04 PM	Event	1						Main protocol starting	C:\VWorks Workspace\Protocol Files\Accel_NGS_2S\Scratch\InProgress3_Elution1_Accel_NGS_2S_DNA_v1.0.pro	
21-Dec-17 3:08:05 PM	Transfer	1	20	Elution Plate 1	A1	DNA Plate 1	A1		C:\VWorks Workspace\Protocol Files\Accel_NGS_2S\Scratch\InProgress3_Elution1_Accel_NGS_2S_DNA_v1.0.pro	
21-Dec-17 3:11:27 PM	Event	1						Main protocol complete	C:\VWorks Workspace\Protocol Files\Accel_NGS_2S\Scratch\InProgress3_Elution1_Accel_NGS_2S_DNA_v1.0.pro	
21-Dec-17 3:11:38 PM	Event	1						Main protocol starting	C:\VWorks Workspace\Protocol Files\Accel_NGS_2S\Scratch\InProgress3_Repair2_Accel_NGS_2S_DNA_v1.0.pro	
21-Dec-17 3:13:29 PM	Transfer	1	30	Master Mix Plate 1	Column 2	Reaction Plate 1	Column 1		C:\VWorks Workspace\Protocol Files\Accel_NGS_2S\Scratch\InProgress3_Repair2_Accel_NGS_2S_DNA_v1.0.pro	
21-Dec-17 3:13:57 PM	Transfer	1	30	Master Mix Plate 1	Column 2	Reaction Plate 1	Column 2		C:\VWorks Workspace\Protocol Files\Accel_NGS_2S\Scratch\InProgress3_Repair2_Accel_NGS_2S_DNA_v1.0.pro	
21-Dec-17 3:14:24 PM	Transfer	1	30	Master Mix Plate 1	Column 2	Reaction Plate 1	Column 3		C:\VWorks Workspace\Protocol Files\Accel_NGS_2S\Scratch\InProgress3_Repair2_Accel_NGS_2S_DNA_v1.0.pro	
21-Dec-17 3:14:51 PM	Transfer	1	30	Master Mix Plate 1	Column 2	Reaction Plate 1	Column 4		C:\VWorks Workspace\Protocol Files\Accel_NGS_2S\Scratch\InProgress3_Repair2_Accel_NGS_2S_DNA_v1.0.pro	
21-Dec-17 3:15:19 PM	Transfer	1	30	Master Mix Plate 1	Column 2	Reaction Plate 1	Column 5		C:\VWorks Workspace\Protocol Files\Accel_NGS_2S\Scratch\InProgress3_Repair2_Accel_NGS_2S_DNA_v1.0.pro	
21-Dec-17 3:15:46 PM	Transfer	1	30	Master Mix Plate 1	Column 2	Reaction Plate 1	Column 6		C:\VWorks Workspace\Protocol Files\Accel_NGS_2S\Scratch\InProgress3_Repair2_Accel_NGS_2S_DNA_v1.0.pro	
21-Dec-17 3:17:59 PM	Transfer	1	32	Reaction Plate 1	A1	DNA Plate 1	A1		C:\VWorks Workspace\Protocol Files\Accel_NGS_2S\Scratch\InProgress3_Repair2_Accel_NGS_2S_DNA_v1.0.pro	
21-Dec-17 3:20:40 PM	Event	1						Main protocol complete	C:\VWorks Workspace\Protocol Files\Accel_NGS_2S\Scratch\InProgress3_Repair2_Accel_NGS_2S_DNA_v1.0.pro	
21-Dec-17 3:20:58 PM	Event	1						Main protocol starting	C:\VWorks Workspace\Protocol Files\Accel_NGS_2S\4_CleanUp2_Accel_NGS_2S_DNA_v1.0.pro	
21-Dec-17 3:21:55 PM	Transfer	1	60	PEGNaCl reservoir 1	A1	AMPure XP Cleanup 1 1	A1		C:\VWorks Workspace\Protocol Files\Accel_NGS_2S\4_CleanUp2_Accel_NGS_2S_DNA_v1.0.pro	
21-Dec-17 3:28:00 PM	Transfer	1	12	AMPure XP Cleanup 1 1	A1	AMPure XP Cleanup 1 1	A1		C:\VWorks Workspace\Protocol Files\Accel_NGS_2S\4_CleanUp2_Accel_NGS_2S_DNA_v1.0.pro	
21-Dec-17 3:31:05 PM	Transfer	1	105	AMPure XP Cleanup 1 1	A1	1	A1		C:\VWorks Workspace\Protocol Files\Accel_NGS_2S\4_CleanUp2_Accel_NGS_2S_DNA_v1.0.pro	
21-Dec-17 3:31:56 PM	Transfer	1	180	Ethanol Reservoir 1	A1	AMPure XP Cleanup 1 1	A1		C:\VWorks Workspace\Protocol Files\Accel_NGS_2S\4_CleanUp2_Accel_NGS_2S_DNA_v1.0.pro	
21-Dec-17 3:33:05 PM	Transfer	1	183	AMPure XP Cleanup 1 1	A1	1	A1		C:\VWorks Workspace\Protocol Files\Accel_NGS_2S\4_CleanUp2_Accel_NGS_2S_DNA_v1.0.pro	
21-Dec-17 3:34:49 PM	Transfer	1	175	Ethanol Reservoir 1	A1	AMPure XP Cleanup 1 1	A1		C:\VWorks Workspace\Protocol Files\Accel_NGS_2S\4_CleanUp2_Accel_NGS_2S_DNA_v1.0.pro	
21-Dec-17 3:36:20 PM	Transfer	1	183.5	AMPure XP Cleanup 1 1	A1	1	A1		C:\VWorks Workspace\Protocol Files\Accel_NGS_2S\4_CleanUp2_Accel_NGS_2S_DNA_v1.0.pro	
21-Dec-17 3:37:29 PM	Event	1						Main protocol complete	C:\VWorks Workspace\Protocol Files\Accel_NGS_2S\4_CleanUp2_Accel_NGS_2S_DNA_v1.0.pro	
21-Dec-17 3:38:20 PM	Event	1						Main protocol starting	C:\VWorks Workspace\Protocol Files\Accel_NGS_2S\Scratch\InProgress5b_Elution2_Accel_NGS_2S_DNA_v1.0.pro	
21-Dec-17 3:40:09 PM	Transfer	1	10	Elution Plate 1	A1	DNA Plate 1	A1		C:\VWorks Workspace\Protocol Files\Accel_NGS_2S\Scratch\InProgress5b_Elution2_Accel_NGS_2S_DNA_v1.0.pro	
21-Dec-17 3:41:33 PM	Event	1						Main protocol complete	C:\VWorks Workspace\Protocol Files\Accel_NGS_2S\Scratch\InProgress5b_Elution2_Accel_NGS_2S_DNA_v1.0.pro	
21-Dec-17 3:41:48 PM	Event	1						Main protocol starting	C:\VWorks Workspace\Protocol Files\Accel_NGS_2S\Scratch\InProgress5b_Ligation1_Accel_NGS_2S_DNA_v1.0.pro	
21-Dec-17 3:44:11 PM	Transfer	1	15	Master Mix Plate 1	Column 3	Reaction Plate 1	Column 1		C:\VWorks Workspace\Protocol Files\Accel_NGS_2S\Scratch\InProgress5b_Ligation1_Accel_NGS_2S_DNA_v1.0.pro	
21-Dec-17 3:44:36 PM	Transfer	1	15	Master Mix Plate 1	Column 3	Reaction Plate 1	Column 2		C:\VWorks Workspace\Protocol Files\Accel_NGS_2S\Scratch\InProgress5b_Ligation1_Accel_NGS_2S_DNA_v1.0.pro	
21-Dec-17 3:45:00 PM	Transfer	1	15	Master Mix Plate 1	Column 3	Reaction Plate 1	Column 3		C:\VWorks Workspace\Protocol Files\Accel_NGS_2S\Scratch\InProgress5b_Ligation1_Accel_NGS_2S_DNA_v1.0.pro	
21-Dec-17 3:45:25 PM	Transfer	1	15	Master Mix Plate 1	Column 3	Reaction Plate 1	Column 4		C:\VWorks Workspace\Protocol Files\Accel_NGS_2S\Scratch\InProgress5b_Ligation1_Accel_NGS_2S_DNA_v1.0.pro	
21-Dec-17 3:45:50 PM	Transfer	1	15	Master Mix Plate 1	Column 3	Reaction Plate 1	Column 5		C:\VWorks Workspace\Protocol Files\Accel_NGS_2S\Scratch\InProgress5b_Ligation1_Accel_NGS_2S_DNA_v1.0.pro	
21-Dec-17 3:46:15 PM	Transfer	1	15	Master Mix Plate 1	Column 3	Reaction Plate 1	Column 6		C:\VWorks Workspace\Protocol Files\Accel_NGS_2S\Scratch\InProgress5b_Ligation1_Accel_NGS_2S_DNA_v1.0.pro	
21-Dec-17 3:48:44 PM	Transfer	1	7	Index Plate 1	A1	DNA Plate 1	A1		C:\VWorks Workspace\Protocol Files\Accel_NGS_2S\Scratch\InProgress5b_Ligation1_Accel_NGS_2S_DNA_v1.0.pro	
21-Dec-17 3:48:44 PM	Transfer	1	17	Reaction Plate 1	A1	DNA Plate 1	A1		C:\VWorks Workspace\Protocol Files\Accel_NGS_2S\Scratch\InProgress5b_Ligation1_Accel_NGS_2S_DNA_v1.0.pro	
21-Dec-17 3:50:21 PM	Transfer	1	2	Reaction Plate 1	A1	DNA Plate 1	A1		C:\VWorks Workspace\Protocol Files\Accel_NGS_2S\Scratch\InProgress5b_Ligation1_Accel_NGS_2S_DNA_v1.0.pro	
21-Dec-17 3:52:01 PM	Event	1						Main protocol complete	C:\VWorks Workspace\Protocol Files\Accel_NGS_2S\Scratch\InProgress5b_Ligation1_Accel_NGS_2S_DNA_v1.0.pro	
21-Dec-17 3:52:18 PM	Event	1						Main protocol starting	C:\VWorks Workspace\Protocol Files\Accel_NGS_2S\6_CleanUp3_Accel_NGS_2S_DNA_v1.0.pro	
21-Dec-17 3:53:13 PM	Transfer	1	25.5	PEGNaCl reservoir 1	A1	AMPure XP Cleanup 1 1	A1		C:\VWorks Workspace\Protocol Files\Accel_NGS_2S\6_CleanUp3_Accel_NGS_2S_DNA_v1.0.pro	
21-Dec-17 3:59:03 PM	Transfer	1	12	AMPure XP Cleanup 1 1	A1	AMPure XP Cleanup 1 1	A1		C:\VWorks Workspace\Protocol Files\Accel_NGS_2S\6_CleanUp3_Accel_NGS_2S_DNA_v1.0.pro	
21-Dec-17 4:01:55 PM	Transfer	1	50.5	AMPure XP Cleanup 1 1	A1	1	A1		C:\VWorks Workspace\Protocol Files\Accel_NGS_2S\6_CleanUp3_Accel_NGS_2S_DNA_v1.0.pro	
21-Dec-17 4:02:45 PM	Transfer	1	180	Ethanol Reservoir 1	A1	AMPure XP Cleanup 1 1	A1		C:\VWorks Workspace\Protocol Files\Accel_NGS_2S\6_CleanUp3_Accel_NGS_2S_DNA_v1.0.pro	
21-Dec-17 4:03:54 PM	Transfer	1	183	AMPure XP Cleanup 1 1	A1	1	A1		C:\VWorks Workspace\Protocol Files\Accel_NGS_2S\6_CleanUp3_Accel_NGS_2S_DNA_v1.0.pro	
21-Dec-17 4:05:38 PM	Transfer	1	175	Ethanol Reservoir 1	A1	AMPure XP Cleanup 1 1	A1		C:\VWorks Workspace\Protocol Files\Accel_NGS_2S\6_CleanUp3_Accel_NGS_2S_DNA_v1.0.pro	
21-Dec-17 4:07:09 PM	Transfer	1	183.5	AMPure XP Cleanup 1 1	A1	1	A1		C:\VWorks Workspace\Protocol Files\Accel_NGS_2S\6_CleanUp3_Accel_NGS_2S_DNA_v1.0.pro	
21-Dec-17 4:08:19 PM	Event	1						Main protocol complete	C:\VWorks Workspace\Protocol Files\Accel_NGS_2S\6_CleanUp3_Accel_NGS_2S_DNA_v1.0.pro	
21-Dec-17 4:08:30 PM	Event	1						Main protocol starting	C:\VWorks Workspace\Protocol Files\Accel_NGS_2S\Scratch\InProgress7_Elution3_Accel_NGS_2S_DNA_v1.0.pro	
21-Dec-17 4:10:22 PM	Transfer	1	20	Elution Plate 1	A1	DNA Plate 1	A1		C:\VWorks Workspace\Protocol Files\Accel_NGS_2S\Scratch\InProgress7_Elution3_Accel_NGS_2S_DNA_v1.0.pro	
21-Dec-17 4:12:07 PM	Event	1						Main protocol complete	C:\VWorks Workspace\Protocol Files\Accel_NGS_2S\Scratch\InProgress7_Elution3_Accel_NGS_2S_DNA_v1.0.pro	
21-Dec-17 4:12:20 PM	Event	1						Main protocol starting	C:\VWorks Workspace\Protocol Files\Accel_NGS_2S\Scratch\InProgress7_Ligation2_Accel_NGS_2S_DNA_v1.0.pro	
21-Dec-17 4:14:15 PM	Transfer	1	30	Master Mix Plate 1	Column 4	Reaction Plate 1	Column 1		C:\VWorks Workspace\Protocol Files\Accel_NGS_2S\Scratch\InProgress7_Ligation2_Accel_NGS_2S_DNA_v1.0.pro	
21-Dec-17 4:14:42 PM	Transfer	1	30	Master Mix Plate 1	Column 4	Reaction Plate 1	Column 2		C:\VWorks Workspace\Protocol Files\Accel_NGS_2S\Scratch\InProgress7_Ligation2_Accel_NGS_2S_DNA_v1.0.pro	
21-Dec-17 4:15:09 PM	Transfer	1	30	Master Mix Plate 1	Column 4	Reaction Plate 1	Column 3		C:\VWorks Workspace\Protocol Files\Accel_NGS_2S\Scratch\InProgress7_Ligation2_Accel_NGS_2S_DNA_v1.0.pro	
21-Dec-17 4:15:36 PM	Transfer	1	30	Master Mix Plate 1	Column 4	Reaction Plate 1	Column 4		C:\VWorks Workspace\Protocol Files\Accel_NGS_2S\Scratch\InProgress7_Ligation2_Accel_NGS_2S_DNA_v1.0.pro	
21-Dec-17 4:16:03 PM	Transfer	1	30	Master Mix Plate 1	Column 4	Reaction Plate 1	Column 5		C:\VWorks Workspace\Protocol Files\Accel_NGS_2S\Scratch\InProgress7_Ligation2_Accel_NGS_2S_DNA_v1.0.pro	
21-Dec-17 4:16:30 PM	Transfer	1	30	Master Mix Plate 1	Column 4	Reaction Plate 1	Column 6		C:\VWorks Workspace\Protocol Files\Accel_NGS_2S\Scratch\InProgress7_Ligation2_Accel_NGS_2S_DNA_v1.0.pro	
21-Dec-17 4:19:12 PM	Transfer	1	20	Elution Plate 1	A1	DNA Plate 1	A1		C:\VWorks Workspace\Protocol Files\Accel_NGS_2S\Scratch\InProgress7_Ligation2_Accel_NGS_2S_DNA_v1.0.pro	
21-Dec-17 4:21:03 PM	Transfer	1	32	Reaction Plate 1	A1	DNA Plate 1	A1		C:\VWorks Workspace\Protocol Files\Accel_NGS_2S\Scratch\InProgress7_Ligation2_Accel_NGS_2S_DNA_v1.0.pro	
22-Dec-17 9:24:51 AM	Event	1						Main protocol complete	C:\VWorks Workspace\Protocol Files\Accel_NGS_2S\Scratch\InProgress7_Ligation2_Accel_NGS_2S_DNA_v1.0.pro	
22-Dec-17 9:25:17 AM	Event	1						Main protocol starting	C:\VWorks Workspace\Protocol Files\Accel_NGS_2S\8_CleanUp4_Accel_NGS_2S_DNA_v1.0.pro	
22-Dec-17 9:26:12 AM	Transfer	1	42.5	PEGNaCl reservoir 1	A1	AMPure XP Cleanup 1 1	A1		C:\VWorks Workspace\Protocol Files\Accel_NGS_2S\8_CleanUp4_Accel_NGS_2S_DNA_v1.0.pro	
22-Dec-17 9:33:14 AM	Transfer	1	12	AMPure XP Cleanup 1 1	A1	AMPure XP Cleanup 1 1	A1		C:\VWorks Workspace\Protocol Files\Accel_NGS_2S\8_CleanUp4_Accel_NGS_2S_DNA_v1.0.pro	
22-Dec-17 9:36:15 AM	Transfer	1	87.5	AMPure XP Cleanup 1 1	A1	1	A1		C:\VWorks Workspace\Protocol Files\Accel_NGS_2S\8_CleanUp4_Accel_NGS_2S_DNA_v1.0.pro	
22-Dec-17 9:37:07 AM	Transfer	1	180	Ethanol Reservoir 1	A1	AMPure XP Cleanup 1 1	A1		C:\VWorks Workspace\Protocol Files\Accel_NGS_2S\8_CleanUp4_Accel_NGS_2S_DNA_v1.0.pro	
22-Dec-17 9:38:17 AM	Transfer	1	183	AMPure XP Cleanup 1 1	A1	1	A1		C:\VWorks Workspace\Protocol Files\Accel_NGS_2S\8_CleanUp4_Accel_NGS_2S_DNA_v1.0.pro	
22-Dec-17 9:40:02 AM	Transfer	1	175	Ethanol Reservoir 1	A1	AMPure XP Cleanup 1 1	A1		C:\VWorks Workspace\Protocol Files\Accel_NGS_2S\8_CleanUp4_Accel_NGS_2S_DNA_v1.0.pro	
22-Dec-17 9:41:33 AM	Transfer	1	183.5	AMPure XP Cleanup 1 1	A1	1	A1		C:\VWorks Workspace\Protocol Files\Accel_NGS_2S\8_CleanUp4_Accel_NGS_2S_DNA_v1.0.pro	
22-Dec-17 9:42:42 AM	Transfer	1	22.5	Resuspension Buffer 1	A1	AMPure XP Cleanup 1 1	A1		C:\VWorks Workspace\Protocol Files\Accel_NGS_2S\8_CleanUp4_Accel_NGS_2S_DNA_v1.0.pro	
22-Dec-17 9:46:46 AM	Transfer	1	20	AMPure XP Cleanup 1 1	A1	Sample Collection Plate 1	A1		C:\VWorks Workspace\Protocol Files\Accel_NGS_2S\8_CleanUp4_Accel_NGS_2S_DNA_v1.0.pro	
22-Dec-17 9:47:43 AM	Event	1						Main protocol complete	C:\VWorks Workspace\Protocol Files\Accel_NGS_2S\8_CleanUp4_Accel_NGS_2S_DNA_v1.0.pro	
