19-Mar-18 2:31:09 PM	Event	1										Main protocol starting	C:\VWorks Workspace\Protocol Files\Accel_NGS_2S\1_RepairI_Accel_NGS_2S_DNA_v1.0.pro	
19-Mar-18 2:41:12 PM	Event	1										Main protocol complete	C:\VWorks Workspace\Protocol Files\Accel_NGS_2S\1_RepairI_Accel_NGS_2S_DNA_v1.0.pro	
19-Mar-18 2:41:33 PM	Event	1										Main protocol starting	C:\VWorks Workspace\Protocol Files\Accel_NGS_2S\2b_CleanUp1_Accel_NGS_2S_DNA_v1.0.pro	
19-Mar-18 3:00:25 PM	Event	1										Main protocol complete	C:\VWorks Workspace\Protocol Files\Accel_NGS_2S\2b_CleanUp1_Accel_NGS_2S_DNA_v1.0.pro	
19-Mar-18 3:00:37 PM	Event	1										Main protocol starting	C:\VWorks Workspace\Protocol Files\Accel_NGS_2S\Scratch\InProgress3_Elution1_Accel_NGS_2S_DNA_v1.0.pro	
19-Mar-18 3:06:01 PM	Event	1										Main protocol complete	C:\VWorks Workspace\Protocol Files\Accel_NGS_2S\Scratch\InProgress3_Elution1_Accel_NGS_2S_DNA_v1.0.pro	
19-Mar-18 3:06:14 PM	Event	1										Main protocol starting	C:\VWorks Workspace\Protocol Files\Accel_NGS_2S\Scratch\InProgress3_Repair2_Accel_NGS_2S_DNA_v1.0.pro	
19-Mar-18 3:16:10 PM	Event	1										Main protocol complete	C:\VWorks Workspace\Protocol Files\Accel_NGS_2S\Scratch\InProgress3_Repair2_Accel_NGS_2S_DNA_v1.0.pro	
19-Mar-18 3:16:31 PM	Event	1										Main protocol starting	C:\VWorks Workspace\Protocol Files\Accel_NGS_2S\4_CleanUp2_Accel_NGS_2S_DNA_v1.0.pro	
19-Mar-18 3:34:03 PM	Event	1										Main protocol complete	C:\VWorks Workspace\Protocol Files\Accel_NGS_2S\4_CleanUp2_Accel_NGS_2S_DNA_v1.0.pro	
19-Mar-18 3:34:17 PM	Event	1										Main protocol starting	C:\VWorks Workspace\Protocol Files\Accel_NGS_2S\Scratch\InProgress5b_Elution2_Accel_NGS_2S_DNA_v1.0.pro	
19-Mar-18 3:38:32 PM	Event	1										Main protocol complete	C:\VWorks Workspace\Protocol Files\Accel_NGS_2S\Scratch\InProgress5b_Elution2_Accel_NGS_2S_DNA_v1.0.pro	
19-Mar-18 3:42:23 PM	Event	1										Main protocol starting	C:\VWorks Workspace\Protocol Files\Accel_NGS_2S\Scratch\InProgress5b_Ligation1_Accel_NGS_2S_DNA_v1.0.pro	
19-Mar-18 3:53:52 PM	Event	1										Main protocol complete	C:\VWorks Workspace\Protocol Files\Accel_NGS_2S\Scratch\InProgress5b_Ligation1_Accel_NGS_2S_DNA_v1.0.pro	
19-Mar-18 3:54:14 PM	Event	1										Main protocol starting	C:\VWorks Workspace\Protocol Files\Accel_NGS_2S\6_CleanUp3_Accel_NGS_2S_DNA_v1.0.pro	
19-Mar-18 4:10:41 PM	Event	1										Main protocol complete	C:\VWorks Workspace\Protocol Files\Accel_NGS_2S\6_CleanUp3_Accel_NGS_2S_DNA_v1.0.pro	
19-Mar-18 4:10:53 PM	Event	1										Main protocol starting	C:\VWorks Workspace\Protocol Files\Accel_NGS_2S\Scratch\InProgress7_Elution3_Accel_NGS_2S_DNA_v1.0.pro	
19-Mar-18 4:16:07 PM	Event	1										Main protocol complete	C:\VWorks Workspace\Protocol Files\Accel_NGS_2S\Scratch\InProgress7_Elution3_Accel_NGS_2S_DNA_v1.0.pro	
19-Mar-18 4:16:22 PM	Event	1										Main protocol starting	C:\VWorks Workspace\Protocol Files\Accel_NGS_2S\Scratch\InProgress7_Ligation2_Accel_NGS_2S_DNA_v1.0.pro	
19-Mar-18 4:26:04 PM	Event	1										Main protocol complete	C:\VWorks Workspace\Protocol Files\Accel_NGS_2S\Scratch\InProgress7_Ligation2_Accel_NGS_2S_DNA_v1.0.pro	
