08-Mar-18 2:20:56 PM	Event	3										Main protocol starting	C:\VWorks Workspace\Protocol Files\Accel_NGS_2S\1_RepairI_Accel_NGS_2S_DNA_v1.0.pro	
08-Mar-18 2:21:14 PM	Event	3										Main protocol complete	C:\VWorks Workspace\Protocol Files\Accel_NGS_2S\1_RepairI_Accel_NGS_2S_DNA_v1.0.pro	
08-Mar-18 2:21:31 PM	Event	3										Main protocol starting	C:\VWorks Workspace\Protocol Files\Accel_NGS_2S\2b_CleanUp1_Accel_NGS_2S_DNA_v1.0.pro	
08-Mar-18 2:22:07 PM	Event	3										Main protocol complete	C:\VWorks Workspace\Protocol Files\Accel_NGS_2S\2b_CleanUp1_Accel_NGS_2S_DNA_v1.0.pro	
08-Mar-18 2:22:16 PM	Event	3										Main protocol starting	C:\VWorks Workspace\Protocol Files\Accel_NGS_2S\Scratch\InProgress3_Elution1_Accel_NGS_2S_DNA_v1.0.pro	
08-Mar-18 2:22:29 PM	Event	3										Main protocol complete	C:\VWorks Workspace\Protocol Files\Accel_NGS_2S\Scratch\InProgress3_Elution1_Accel_NGS_2S_DNA_v1.0.pro	
08-Mar-18 2:22:39 PM	Event	3										Main protocol starting	C:\VWorks Workspace\Protocol Files\Accel_NGS_2S\Scratch\InProgress3_Repair2_Accel_NGS_2S_DNA_v1.0.pro	
08-Mar-18 2:22:58 PM	Event	3										Main protocol complete	C:\VWorks Workspace\Protocol Files\Accel_NGS_2S\Scratch\InProgress3_Repair2_Accel_NGS_2S_DNA_v1.0.pro	
08-Mar-18 2:23:15 PM	Event	3										Main protocol starting	C:\VWorks Workspace\Protocol Files\Accel_NGS_2S\4_CleanUp2_Accel_NGS_2S_DNA_v1.0.pro	
08-Mar-18 2:23:50 PM	Event	3										Main protocol complete	C:\VWorks Workspace\Protocol Files\Accel_NGS_2S\4_CleanUp2_Accel_NGS_2S_DNA_v1.0.pro	
08-Mar-18 2:24:01 PM	Event	3										Main protocol starting	C:\VWorks Workspace\Protocol Files\Accel_NGS_2S\Scratch\InProgress5b_Elution2_Accel_NGS_2S_DNA_v1.0.pro	
08-Mar-18 2:24:12 PM	Event	3										Main protocol complete	C:\VWorks Workspace\Protocol Files\Accel_NGS_2S\Scratch\InProgress5b_Elution2_Accel_NGS_2S_DNA_v1.0.pro	
08-Mar-18 2:26:52 PM	Event	3										Main protocol starting	C:\VWorks Workspace\Protocol Files\Accel_NGS_2S\Scratch\InProgress5b_Ligation1_Accel_NGS_2S_DNA_v1.0.pro	
08-Mar-18 2:27:13 PM	Event	3										Main protocol complete	C:\VWorks Workspace\Protocol Files\Accel_NGS_2S\Scratch\InProgress5b_Ligation1_Accel_NGS_2S_DNA_v1.0.pro	
08-Mar-18 2:27:31 PM	Event	3										Main protocol starting	C:\VWorks Workspace\Protocol Files\Accel_NGS_2S\6_CleanUp3_Accel_NGS_2S_DNA_v1.0.pro	
08-Mar-18 2:28:06 PM	Event	3										Main protocol complete	C:\VWorks Workspace\Protocol Files\Accel_NGS_2S\6_CleanUp3_Accel_NGS_2S_DNA_v1.0.pro	
08-Mar-18 2:28:18 PM	Event	3										Main protocol starting	C:\VWorks Workspace\Protocol Files\Accel_NGS_2S\Scratch\InProgress7_Elution3_Accel_NGS_2S_DNA_v1.0.pro	
08-Mar-18 2:28:29 PM	Event	3										Main protocol complete	C:\VWorks Workspace\Protocol Files\Accel_NGS_2S\Scratch\InProgress7_Elution3_Accel_NGS_2S_DNA_v1.0.pro	
08-Mar-18 2:28:42 PM	Event	3										Main protocol starting	C:\VWorks Workspace\Protocol Files\Accel_NGS_2S\Scratch\InProgress7_Ligation2_Accel_NGS_2S_DNA_v1.0.pro	
08-Mar-18 2:29:00 PM	Event	3										Main protocol complete	C:\VWorks Workspace\Protocol Files\Accel_NGS_2S\Scratch\InProgress7_Ligation2_Accel_NGS_2S_DNA_v1.0.pro	
08-Mar-18 2:29:26 PM	Event	3										Main protocol starting	C:\VWorks Workspace\Protocol Files\Accel_NGS_2S\8_CleanUp4_Accel_NGS_2S_DNA_v1.0.pro	
08-Mar-18 3:14:42 PM	Event	3										Main protocol aborted by user	C:\VWorks Workspace\Protocol Files\Accel_NGS_2S\8_CleanUp4_Accel_NGS_2S_DNA_v1.0.pro	
08-Mar-18 3:14:42 PM	Event	3										Main protocol aborted by user	C:\VWorks Workspace\Protocol Files\Accel_NGS_2S\8_CleanUp4_Accel_NGS_2S_DNA_v1.0.pro	
08-Mar-18 3:15:41 PM	Event	3										Main protocol starting	C:\VWorks Workspace\Protocol Files\TruSeqPCRFree\7_AMPureXP_TruSeqPCRFree_DNArunset_v1.0.pro	
08-Mar-18 3:16:41 PM	Event	3										Main protocol complete	C:\VWorks Workspace\Protocol Files\TruSeqPCRFree\7_AMPureXP_TruSeqPCRFree_DNArunset_v1.0.pro	
08-Mar-18 3:16:51 PM	Event	3										Main protocol starting	C:\VWorks Workspace\Protocol Files\TruSeqPCRFree\8_EndRepair_TruSeqPCRFree_v1.0.pro	
08-Mar-18 3:17:04 PM	Event	3										Main protocol aborted by user	C:\VWorks Workspace\Protocol Files\TruSeqPCRFree\8_EndRepair_TruSeqPCRFree_v1.0.pro	
08-Mar-18 3:17:04 PM	Event	3										Main protocol aborted by user	C:\VWorks Workspace\Protocol Files\TruSeqPCRFree\8_EndRepair_TruSeqPCRFree_v1.0.pro	
