10-Jan-18 1:26:07 PM	Info					Error library: The error library file path is empty.			0	
10-Jan-18 1:26:07 PM	Info					System Startup			0	
10-Jan-18 1:26:07 PM	Info	AccessoriesWizard				Dll loaded:    AccessoriesWizard.dll    6.0.0			0	
10-Jan-18 1:26:07 PM	Info	AccessoryManager				Dll loaded:    AccessoryManager.dll    2.0.0			0	
10-Jan-18 1:26:07 PM	Info	AgilentBenchBotController				Dll loaded:    AgilentBenchBotController.dll    1.21.4226			0	
10-Jan-18 1:26:07 PM	Info	ArgonShelfAccessoryDriver				Dll loaded:    ArgonShelfAccessoryDriver.dll    2.0.1			0	
10-Jan-18 1:26:07 PM	Info	BTILHCRunner				Dll loaded:    BTILHCRunner.dll    2.00.2			0	
10-Jan-18 1:26:07 PM	Info	ContextHelp				Dll loaded:    ContextHelp.dll    3.0.0			0	
10-Jan-18 1:26:07 PM	Info	DDRStringTable				Dll loaded:    DDRStringTable.dll    1.2.14			0	
10-Jan-18 1:26:07 PM	Info	DeviceEnumerator				Dll loaded:    DeviceEnumerator.dll    9.0.0			0	
10-Jan-18 1:26:07 PM	Info	EchoAppHelper				Dll loaded:    EchoAppHelper.dll    1.0.0			0	
10-Jan-18 1:26:07 PM	Info	ErrorLibrary				Dll loaded:    ErrorLibrary.dll    2.0.1			0	
10-Jan-18 1:26:07 PM	Info	EvaporatorAccessoryDriver				Dll loaded:    EvaporatorAccessoryDriver.dll    9.0.0			0	
10-Jan-18 1:26:07 PM	Info	GuidanceDiscovery				Dll loaded:    GuidanceDiscovery.dll    2.0.0			0	
10-Jan-18 1:26:07 PM	Info	Host				Dll loaded:    Host.dll    1.0.4226			0	
10-Jan-18 1:26:07 PM	Info	ImportExport				Dll loaded:    ImportExport.dll    2.0.0			0	
10-Jan-18 1:26:07 PM	Info	InhecoMTCdll				Dll loaded:    InhecoMTCdll.dll    1.2.4			0	
10-Jan-18 1:26:07 PM	Info	InhecoShakeandHeatAccessoryDriver				Dll loaded:    InhecoShakeandHeatAccessoryDriver.dll    1.0.0			0	
10-Jan-18 1:26:07 PM	Info	IWorksAccessory				Dll loaded:    IWorksAccessory.dll    8.0.1			0	
10-Jan-18 1:26:07 PM	Info	js32				Dll loaded:    js32.dll    Unknown.0.0			0	
10-Jan-18 1:26:07 PM	Info	LabelDesigner				Dll loaded:    LabelDesigner.dll    5.0.7			0	
10-Jan-18 1:26:07 PM	Info	LabelerHardware				Dll loaded:    LabelerHardware.dll    14.0.23			0	
10-Jan-18 1:26:07 PM	Info	libnspr4				Dll loaded:    libnspr4.dll    4.1.0			0	
10-Jan-18 1:26:07 PM	Info	LidHotelAccessoryDriver				Dll loaded:    LidHotelAccessoryDriver.dll    8.0.0			0	
10-Jan-18 1:26:07 PM	Info	lm				Dll loaded:    lm.dll    3.0.0			0	
10-Jan-18 1:26:07 PM	Info	Loader				Dll loaded:    Loader.dll    1.0.4226			0	
10-Jan-18 1:26:07 PM	Info	MagBeadAccessoryDriver				Dll loaded:    MagBeadAccessoryDriver.dll    8.0.0			0	
10-Jan-18 1:26:07 PM	Info	MetaDataPropertyManager				Dll loaded:    MetaDataPropertyManager.dll    13.0.0			0	
10-Jan-18 1:26:07 PM	Info	mfc71				Dll loaded:    mfc71.dll    7.10.3077			0	
10-Jan-18 1:26:07 PM	Info	mfc71u				Dll loaded:    mfc71u.dll    7.10.3077			0	
10-Jan-18 1:26:07 PM	Info	MicroPierceInterface				Dll loaded:    MicroPierceInterface.dll    1.0.0			0	
10-Jan-18 1:26:07 PM	Info	MicroPierceWrapper				Dll loaded:    MicroPierceWrapper.dll    1.0.0			0	
10-Jan-18 1:26:07 PM	Info	MicroStirInterface				Dll loaded:    MicroStirInterface.dll    1.0.0			0	
10-Jan-18 1:26:07 PM	Info	MicroStirWrapper				Dll loaded:    MicroStirWrapper.dll    1.0.0			0	
10-Jan-18 1:26:07 PM	Info	msvcr71				Dll loaded:    msvcr71.dll    7.10.3052			0	
10-Jan-18 1:26:07 PM	Info	MTController				Dll loaded:    MTController.dll    5.0.0			0	
10-Jan-18 1:26:07 PM	Info	NestableTipBoxInsertAccessoryDriver				Dll loaded:    NestableTipBoxInsertAccessoryDriver.dll    2.0.0			0	
10-Jan-18 1:26:07 PM	Info	ObjectDatabase				Dll loaded:    ObjectDatabase.dll    4.0.0			0	
10-Jan-18 1:26:07 PM	Info	ObjectManager				Dll loaded:    ObjectManager.dll    7.0.1			0	
10-Jan-18 1:26:07 PM	Info	PackardFusionRemoteConnectorOCX				Dll loaded:    PackardFusionRemoteConnectorOCX.dll    4.0.0			0	
10-Jan-18 1:26:07 PM	Info	PackardFusionRemoteControlPlugIn				Dll loaded:    PackardFusionRemoteControlPlugIn.dll    4.0.0			0	
10-Jan-18 1:26:07 PM	Info	PackardFusionRemoteControlWrapperDLL				Dll loaded:    PackardFusionRemoteControlWrapperDLL.dll    4.0.0			0	
10-Jan-18 1:26:07 PM	Info	PicServoExtDll				Dll loaded:    PicServoExtDll.dll    10.0.0			0	
10-Jan-18 1:26:07 PM	Info	PipetteHeadMode				Dll loaded:    PipetteHeadMode.dll    2.0.0			0	
10-Jan-18 1:26:07 PM	Info	PipetteTechniqueEditor				Dll loaded:    PipetteTechniqueEditor.dll    3.0.0			0	
10-Jan-18 1:26:07 PM	Info	PlateMapDatabase				Dll loaded:    PlateMapDatabase.dll    17.0.1			0	
10-Jan-18 1:26:07 PM	Info	ProfileChangeLog				Dll loaded:    ProfileChangeLog.dll    2.0.0			0	
10-Jan-18 1:26:07 PM	Info	ProfileManager				Dll loaded:    ProfileManager.dll    10.0.1			0	
10-Jan-18 1:26:07 PM	Info	ProfSkin284m				Dll loaded:    ProfSkin284m.dll    2.8.4			0	
10-Jan-18 1:26:07 PM	Info	ProfUIS284m				Dll loaded:    ProfUIS284m.dll    2.8.4			0	
10-Jan-18 1:26:07 PM	Info	ProfUisProfileManager				Dll loaded:    ProfUisProfileManager.dll    10.0.0			0	
10-Jan-18 1:26:07 PM	Info	SciLexer				Dll loaded:    SciLexer.dll    1.71.0			0	
10-Jan-18 1:26:07 PM	Info	SerialDilution				Dll loaded:    SerialDilution.dll    13.0.0			0	
10-Jan-18 1:26:07 PM	Info	SSIdll				Dll loaded:    SSIdll.dll    Unknown.0.0			0	
10-Jan-18 1:26:07 PM	Info	TeleshakeAccessoryDriver				Dll loaded:    TeleshakeAccessoryDriver.dll    9.0.2			0	
10-Jan-18 1:26:07 PM	Info	TipPosition				Dll loaded:    TipPosition.dll    3.0.0			0	
10-Jan-18 1:26:07 PM	Info	TipTracking				Dll loaded:    TipTracking.dll    3.0.0			0	
10-Jan-18 1:26:07 PM	Info	tmlcomm				Dll loaded:    tmlcomm.dll    3.2.2			0	
10-Jan-18 1:26:07 PM	Info	TML_lib				Dll loaded:    TML_lib.dll    2.0.1			0	
10-Jan-18 1:26:07 PM	Info	Toolbox				Dll loaded:    Toolbox.dll    1.0.4226			0	
10-Jan-18 1:26:07 PM	Info	V11DeviceDriver				Dll loaded:    V11DeviceDriver.dll    11.0.0			0	
10-Jan-18 1:26:07 PM	Info	V11FieldComposer				Dll loaded:    V11FieldComposer.dll    4.0.0			0	
10-Jan-18 1:26:07 PM	Info	V11GanttChart				Dll loaded:    V11GanttChart.dll    2.0.1			0	
10-Jan-18 1:26:07 PM	Info	V11Labware				Dll loaded:    V11Labware.dll    25.0.14			0	
10-Jan-18 1:26:07 PM	Info	V11Liquids				Dll loaded:    V11Liquids.dll    9.0.0			0	
10-Jan-18 1:26:07 PM	Info	V11Migrator				Dll loaded:    V11Migrator.dll    2.0.3			0	
10-Jan-18 1:26:07 PM	Info	V11PipettingFormatWizard				Dll loaded:    V11PipettingFormatWizard.dll    2.0.0			0	
10-Jan-18 1:26:07 PM	Info	V11PumpAccessoryDriver				Dll loaded:    V11PumpAccessoryDriver.dll    3.0.2			0	
10-Jan-18 1:26:07 PM	Info	V11SharedClasses				Dll loaded:    V11SharedClasses.dll    1.1.0			0	
10-Jan-18 1:26:07 PM	Info	V11WellSelect				Dll loaded:    V11WellSelect.dll    8.0.0			0	
10-Jan-18 1:26:07 PM	Info	V11WellVolumeVisualizer				Dll loaded:    V11WellVolumeVisualizer.dll    6.0.0			0	
10-Jan-18 1:26:07 PM	Info	V11Wizard				Dll loaded:    V11Wizard.dll    2.0.0			0	
10-Jan-18 1:26:07 PM	Info	VacuumFiltrationAccessoryDriver				Dll loaded:    VacuumFiltrationAccessoryDriver.dll    10.0.1			0	
10-Jan-18 1:26:07 PM	Info	VacuumLocatingStationDriver				Dll loaded:    VacuumLocatingStationDriver.dll    7.0.0			0	
10-Jan-18 1:26:07 PM	Info	VacuumShelfAccessoryDriver				Dll loaded:    VacuumShelfAccessoryDriver.dll    2.0.2			0	
10-Jan-18 1:26:07 PM	Info	VHookInterface				Dll loaded:    VHookInterface.dll    7.0.0			0	
10-Jan-18 1:26:07 PM	Info	VWorks4COM				Dll loaded:    VWorks4COM.dll    4.0.0			0	
10-Jan-18 1:26:07 PM	Info	VWorks4Defs				Dll loaded:    VWorks4Defs.dll    6.0.3			0	
10-Jan-18 1:26:07 PM	Info	VWorks4DeviceManager				Dll loaded:    VWorks4DeviceManager.dll    4.0.0			0	
10-Jan-18 1:26:07 PM	Info	VWorks4EmailDaemon				Dll loaded:    VWorks4EmailDaemon.dll    3.0.0			0	
10-Jan-18 1:26:07 PM	Info	VWorks4FormManager				Dll loaded:    VWorks4FormManager.dll    1.0.0			0	
10-Jan-18 1:26:07 PM	Info	VWorks4GUI				Dll loaded:    VWorks4GUI.dll    3.0.0			0	
10-Jan-18 1:26:07 PM	Info	VWorks4GUIFramework				Dll loaded:    VWorks4GUIFramework.dll    3.0.1			0	
10-Jan-18 1:26:07 PM	Info	VWorks4Hooks				Dll loaded:    VWorks4Hooks.dll    3.0.0			0	
10-Jan-18 1:26:07 PM	Info	VWorks4LabelDesigner				Dll loaded:    VWorks4LabelDesigner.dll    3.0.0			0	
10-Jan-18 1:26:07 PM	Info	VWorks4Logger				Dll loaded:    VWorks4Logger.dll    4.0.0			0	
10-Jan-18 1:26:07 PM	Info	VWorks4MacroLibrary				Dll loaded:    VWorks4MacroLibrary.dll    1.0.0			0	
10-Jan-18 1:26:07 PM	Info	VWorks4Progress				Dll loaded:    VWorks4Progress.dll    3.0.0			0	
10-Jan-18 1:26:07 PM	Info	VWorks4ProtocolEditor				Dll loaded:    VWorks4ProtocolEditor.dll    4.0.0			0	
10-Jan-18 1:26:07 PM	Info	VWorks4Security				Dll loaded:    VWorks4Security.dll    3.0.0			0	
10-Jan-18 1:26:07 PM	Info	VWorks4UserDatabase				Dll loaded:    VWorks4UserDatabase.dll    3.0.0			0	
10-Jan-18 1:26:07 PM	Info	VWorks4UserManager				Dll loaded:    VWorks4UserManager.dll    3.0.0			0	
10-Jan-18 1:26:07 PM	Info	WeighPadAccessoryDriver				Dll loaded:    WeighPadAccessoryDriver.dll    2.0.0			0	
10-Jan-18 1:26:08 PM	Info	Agilent BenchCel				Plugin loaded from cache:   AgilentBenchCel.dll   20.1.2			0	
10-Jan-18 1:26:08 PM	Info	Agilent Bravo				Plugin loaded from cache:   AgilentBravo.dll   17.1.0			0	
10-Jan-18 1:26:08 PM	Info	Agilent Generic I/O Module				Plugin loaded from cache:   AgilentGenericIO.dll   5.0.0			0	
10-Jan-18 1:26:08 PM	Info	Agilent Labware MiniHub				Plugin loaded from cache:   AgilentLabwareMiniHub.dll   1.0.3			0	
10-Jan-18 1:26:08 PM	Info	Agilent Phantom Robot				Plugin loaded from cache:   AgilentPhantomRobot.dll   9.0.5			0	
10-Jan-18 1:26:08 PM	Info	Agilent Phantom Stacker				Plugin loaded from cache:   AgilentPhantomStacker.dll   2.0.1			0	
10-Jan-18 1:26:08 PM	Info	Agilent Plate Hotel				Plugin loaded from cache:   AgilentPlateHotel.dll   1.0.3			0	
10-Jan-18 1:26:08 PM	Info	Agilent Plate Hub Carousel				Plugin loaded from cache:   AgilentPlateHubCarousel.dll   8.0.1			0	
10-Jan-18 1:26:08 PM	Info	Waste Bin				Plugin loaded from cache:   AgilentWasteBin.dll   3.0.0			0	
10-Jan-18 1:26:08 PM	Info	Agilent Weigh Pad				Plugin loaded from cache:   AgilentWeighPad.dll   8.0.0			0	
10-Jan-18 1:26:08 PM	Info	Keyence Barcode Reader				Plugin loaded from cache:   KeyenceBarcodeReader.dll   6.0.0			0	
10-Jan-18 1:26:08 PM	Info	Plate Pad, Standard				Plugin loaded from cache:   PlatePad.dll   6.0.0			0	
10-Jan-18 1:27:56 PM	Info	Agilent Labware MiniHub				Plugin loaded:   AgilentLabwareMiniHub.dll   1.0.3			0	
10-Jan-18 1:27:56 PM	Info					Hooks plugin loaded:    AgilentBenchCel.dll			0	
10-Jan-18 1:27:56 PM	Info	Agilent BenchCel				Plugin loaded:   AgilentBenchCel.dll   20.1.2			0	
10-Jan-18 1:28:00 PM	Info					Hooks plugin loaded:    AgilentBravo.dll			0	
10-Jan-18 1:28:01 PM	Info	Agilent Bravo				Plugin loaded:   AgilentBravo.dll   17.1.0			0	
10-Jan-18 1:28:04 PM	Info					File loaded		C:\VWorks Workspace\Device Files\TruSeq\TruSeq RNA_DNA Sample Prep_v1.0\BravoMiniPHBenchCel_round_magnet_RED_insert.dev	0	
10-Jan-18 1:28:05 PM	Info					File loaded	7_AMPureXP_TruSeqPCRFree_DNArunset_v1.0	C:\VWorks Workspace\Protocol Files\TruSeqPCRFree\7_AMPureXP_TruSeqPCRFree_DNArunset_v1.0.pro	0	
10-Jan-18 1:28:19 PM	Info					administrator logged in			1	
10-Jan-18 1:28:22 PM	Info	Agilent Labware MiniHub - 1				Initializing device		C:\VWorks Workspace\Device Files\TruSeq\TruSeq RNA_DNA Sample Prep_v1.0\BravoMiniPHBenchCel_round_magnet_RED_insert.dev	1	
10-Jan-18 1:28:22 PM	Info	BenchCel - 1				Initializing device		C:\VWorks Workspace\Device Files\TruSeq\TruSeq RNA_DNA Sample Prep_v1.0\BravoMiniPHBenchCel_round_magnet_RED_insert.dev	1	
10-Jan-18 1:28:22 PM	Info	Bravo - 1				Initializing device		C:\VWorks Workspace\Device Files\TruSeq\TruSeq RNA_DNA Sample Prep_v1.0\BravoMiniPHBenchCel_round_magnet_RED_insert.dev	1	
10-Jan-18 1:28:23 PM	Info	BenchCel - 1				Initialization complete		C:\VWorks Workspace\Device Files\TruSeq\TruSeq RNA_DNA Sample Prep_v1.0\BravoMiniPHBenchCel_round_magnet_RED_insert.dev	1	
10-Jan-18 1:28:23 PM	Info					File loaded		C:\VWorks Workspace\Forms\SCELSE\Working Program\TruSeqPCRFree_Nano.VWForm	1	
10-Jan-18 1:28:28 PM	Error	Bravo - 1				There appears to be a plate present in, or in front of the gripper's plate presence sensor.			1	
10-Jan-18 1:28:28 PM	Error	Bravo - 1				  - Choose "Retry" to check the plate presence sensor again.			1	
10-Jan-18 1:28:28 PM	Error	Bravo - 1				  - Choose "Ignore" to continue to home the G axis.  Please note that any plate currently held by the gripper will be dropped.			1	
10-Jan-18 1:28:28 PM	Error	Bravo - 1				  - Choose "Abort" to cancel initialization.			1	
10-Jan-18 1:28:28 PM	Info					Error library: Select best match error handler: "Default" and action type "show error dialog"			1	
10-Jan-18 1:28:33 PM	Info	Agilent Labware MiniHub - 1				Initialization complete		C:\VWorks Workspace\Device Files\TruSeq\TruSeq RNA_DNA Sample Prep_v1.0\BravoMiniPHBenchCel_round_magnet_RED_insert.dev	1	
10-Jan-18 1:28:46 PM	Info	Bravo - 1				Ignoring: There appears to be a plate present in, or in front of the gripper's plate presence sensor.			1	
10-Jan-18 1:28:46 PM	Info	Bravo - 1				  - Choose "Retry" to check the plate presence sensor again.			1	
10-Jan-18 1:28:46 PM	Info	Bravo - 1				  - Choose "Ignore" to continue to home the G axis.  Please note that any plate currently held by the gripper will be dropped.			1	
10-Jan-18 1:28:46 PM	Info	Bravo - 1				  - Choose "Abort" to cancel initialization.			1	
10-Jan-18 1:28:46 PM	Error	Bravo - 1				Please verify that it is safe to home the W-axis (the aspirate/dispense axis).  If there is fluid in the tips you may want to manually home the W-axis in diagnostics over a waste position.			1	
10-Jan-18 1:28:46 PM	Error	Bravo - 1				  - Choose "Retry" to continue homing the W-axis.			1	
10-Jan-18 1:28:46 PM	Error	Bravo - 1				  - Choose "Ignore" to leave the W-axis unhomed.			1	
10-Jan-18 1:28:46 PM	Error	Bravo - 1				  - Choose "Abort" to cancel initialization.			1	
10-Jan-18 1:28:46 PM	Info					Error library: Select best match error handler: "Default" and action type "show error dialog"			1	
10-Jan-18 1:29:11 PM	Info	Bravo - 1				Retrying: Please verify that it is safe to home the W-axis (the aspirate/dispense axis).  If there is fluid in the tips you may want to manually home the W-axis in diagnostics over a waste position.			1	
10-Jan-18 1:29:11 PM	Info	Bravo - 1				  - Choose "Retry" to continue homing the W-axis.			1	
10-Jan-18 1:29:11 PM	Info	Bravo - 1				  - Choose "Ignore" to leave the W-axis unhomed.			1	
10-Jan-18 1:29:11 PM	Info	Bravo - 1				  - Choose "Abort" to cancel initialization.			1	
10-Jan-18 1:29:11 PM	Info	Bravo - 1				Initialization complete		C:\VWorks Workspace\Device Files\TruSeq\TruSeq RNA_DNA Sample Prep_v1.0\BravoMiniPHBenchCel_round_magnet_RED_insert.dev	1	
10-Jan-18 1:29:32 PM	Script					Initializing scripting engine...			1	
10-Jan-18 1:29:32 PM	Script					Wed Jan 10 2018 13:29:32 GMT+0800 (Malay Peninsula Standard Time)			1	
10-Jan-18 1:29:38 PM	Info			DNA Addition	5	Changed "task Aspirate (Bravo), parameter Distance from well bottom" from ".85" to ".1"	7_AMPureXP_TruSeqPCRFree_DNArunset_v1.0	C:\VWorks Workspace\Protocol Files\TruSeqPCRFree\7_AMPureXP_TruSeqPCRFree_DNArunset_v1.0.pro	1	
10-Jan-18 1:29:43 PM	Info					File saved	7_AMPureXP_TruSeqPCRFree_DNArunset_v1.0	C:\VWorks Workspace\Protocol Files\TruSeqPCRFree\7_AMPureXP_TruSeqPCRFree_DNArunset_v1.0.pro	1	
10-Jan-18 1:29:49 PM	Script					var plate_type = "96 ABI PCR half skirt in black carrier";		C:\VWorks Workspace\Forms\SCELSE\Working Program\TruSeqPCRFree_Nano.VWForm	1	
10-Jan-18 1:29:49 PM	Script					var DNA_source = 0;		C:\VWorks Workspace\Forms\SCELSE\Working Program\TruSeqPCRFree_Nano.VWForm	1	
10-Jan-18 1:29:49 PM	Script					var protocol_testing = 0;		C:\VWorks Workspace\Forms\SCELSE\Working Program\TruSeqPCRFree_Nano.VWForm	1	
10-Jan-18 1:29:49 PM	Script					var BasePair = 50;		C:\VWorks Workspace\Forms\SCELSE\Working Program\TruSeqPCRFree_Nano.VWForm	1	
10-Jan-18 1:29:49 PM	Script					var formProtocolName = "TruSeqPCRFree_Nano_runset.rst";		C:\VWorks Workspace\Forms\SCELSE\Working Program\TruSeqPCRFree_Nano.VWForm	1	
10-Jan-18 1:29:49 PM	Script					var columns_samples = 12;		C:\VWorks Workspace\Forms\SCELSE\Working Program\TruSeqPCRFree_Nano.VWForm	1	
10-Jan-18 1:29:49 PM	Script					Number of Columns selected is 12			1	
10-Jan-18 1:29:49 PM	Script					Case: 12 Columns			1	
10-Jan-18 1:33:39 PM	Script					var plate_type = "96 ABI PCR half skirt in black carrier";		C:\VWorks Workspace\Forms\SCELSE\Working Program\TruSeqPCRFree_Nano.VWForm	1	
10-Jan-18 1:33:39 PM	Script					var DNA_source = 0;		C:\VWorks Workspace\Forms\SCELSE\Working Program\TruSeqPCRFree_Nano.VWForm	1	
10-Jan-18 1:33:39 PM	Script					var protocol_testing = 0;		C:\VWorks Workspace\Forms\SCELSE\Working Program\TruSeqPCRFree_Nano.VWForm	1	
10-Jan-18 1:33:39 PM	Script					var BasePair = 50;		C:\VWorks Workspace\Forms\SCELSE\Working Program\TruSeqPCRFree_Nano.VWForm	1	
10-Jan-18 1:33:39 PM	Script					var formProtocolName = "TruSeqPCRFree_Nano_runset.rst";		C:\VWorks Workspace\Forms\SCELSE\Working Program\TruSeqPCRFree_Nano.VWForm	1	
10-Jan-18 1:33:39 PM	Script					var columns_samples = 12;		C:\VWorks Workspace\Forms\SCELSE\Working Program\TruSeqPCRFree_Nano.VWForm	1	
10-Jan-18 1:33:40 PM	Script					Clearing Plate Inventory			1	
10-Jan-18 1:33:40 PM	Script					Clearing Runset			1	
10-Jan-18 1:33:40 PM	Script					Starting runset : TruSeqPCRFree_Nano_runset.rst			1	
10-Jan-18 1:33:40 PM	Info					Runset Manager: Added the run "C:\VWorks Workspace\Protocol Files\TruSeqPCRFree\7_AMPureXP_TruSeqPCRFree_DNArunset_v1.0.pro" to Runset Manager.			1	
10-Jan-18 1:33:40 PM	Info					Runset Manager: Added the run "C:\VWorks Workspace\Protocol Files\TruSeqPCRFree\8_EndRepair_TruSeqPCRFree_v1.0.pro" to Runset Manager.			1	
10-Jan-18 1:33:40 PM	Info					Runset Manager: Added the run "C:\VWorks Workspace\Protocol Files\TruSeqPCRFree\9_AMPureXP_TruSeqPCRFree_DNArunset_v1.0.pro" to Runset Manager.			1	
10-Jan-18 1:33:40 PM	Info					Runset Manager: Added the run "C:\VWorks Workspace\Protocol Files\TruSeqPCRFree\10_A-Tailing_TruSeqPCRFree_v1.0.pro" to Runset Manager.			1	
10-Jan-18 1:33:40 PM	Info					Runset Manager: Added the run "C:\VWorks Workspace\Protocol Files\TruSeqPCRFree\11_AdapterLigation_TruSeqPCRFree_v1.0.pro" to Runset Manager.			1	
10-Jan-18 1:33:40 PM	Info					Runset Manager: Added the run "C:\VWorks Workspace\Protocol Files\TruSeqPCRFree\12_StopLigation_TruSeqPCRFree_v1.0.pro" to Runset Manager.			1	
10-Jan-18 1:33:40 PM	Info					Runset Manager: Added the run "C:\VWorks Workspace\Protocol Files\TruSeqPCRFree\13_AMPureXP_TruSeqPCRFree_runset_v1.0.pro" to Runset Manager.			1	
10-Jan-18 1:33:40 PM	Info					Runset Manager: Added the run "C:\VWorks Workspace\Protocol Files\TruSeqPCRFree\14_AMPureXP_TruSeqPCRFree_runset_v1.0.pro" to Runset Manager.			1	
10-Jan-18 1:33:48 PM	Warning			emptytips2	1	No plate to unload from the device Agilent Labware MiniHub - 1 location : cassette 4, slot 1		7_AMPureXP_TruSeqPCRFree_DNArunset_v1.0.pro	1	
10-Jan-18 1:33:48 PM	Warning			emptytips2	1	There aren't any available plates for the unload task to unload		7_AMPureXP_TruSeqPCRFree_DNArunset_v1.0.pro	1	
10-Jan-18 1:33:48 PM	Warning			Ethanol Reservoir	1	No plate to unload from the device Agilent Labware MiniHub - 1 location : cassette 2, slot 1		7_AMPureXP_TruSeqPCRFree_DNArunset_v1.0.pro	1	
10-Jan-18 1:33:48 PM	Warning			Ethanol Reservoir	1	There aren't any available plates for the unload task to unload		7_AMPureXP_TruSeqPCRFree_DNArunset_v1.0.pro	1	
10-Jan-18 1:33:48 PM	Warning			Resuspension Buffer	1	No plate to unload from the device Agilent Labware MiniHub - 1 location : cassette 2, slot 2		7_AMPureXP_TruSeqPCRFree_DNArunset_v1.0.pro	1	
10-Jan-18 1:33:48 PM	Warning			Resuspension Buffer	1	There aren't any available plates for the unload task to unload		7_AMPureXP_TruSeqPCRFree_DNArunset_v1.0.pro	1	
10-Jan-18 1:33:48 PM	Warning			SPRI reservoir	1	No plate to unload from the device Agilent Labware MiniHub - 1 location : cassette 3, slot 2		7_AMPureXP_TruSeqPCRFree_DNArunset_v1.0.pro	1	
10-Jan-18 1:33:48 PM	Warning			SPRI reservoir	1	There aren't any available plates for the unload task to unload		7_AMPureXP_TruSeqPCRFree_DNArunset_v1.0.pro	1	
10-Jan-18 1:33:48 PM	Info					Compile complete with 0 errors and 8 warnings			1	
10-Jan-18 1:33:48 PM	Script					var plate_type = "96 ABI PCR half skirt in black carrier";		C:\VWorks Workspace\Forms\SCELSE\Working Program\TruSeqPCRFree_Nano.VWForm	1	
10-Jan-18 1:33:49 PM	Script					var DNA_source = 0;		C:\VWorks Workspace\Forms\SCELSE\Working Program\TruSeqPCRFree_Nano.VWForm	1	
10-Jan-18 1:33:49 PM	Script					var protocol_testing = 0;		C:\VWorks Workspace\Forms\SCELSE\Working Program\TruSeqPCRFree_Nano.VWForm	1	
10-Jan-18 1:33:49 PM	Script					var BasePair = 50;		C:\VWorks Workspace\Forms\SCELSE\Working Program\TruSeqPCRFree_Nano.VWForm	1	
10-Jan-18 1:33:49 PM	Script					var formProtocolName = "TruSeqPCRFree_Nano_runset.rst";		C:\VWorks Workspace\Forms\SCELSE\Working Program\TruSeqPCRFree_Nano.VWForm	1	
10-Jan-18 1:33:49 PM	Script					var columns_samples = 12;		C:\VWorks Workspace\Forms\SCELSE\Working Program\TruSeqPCRFree_Nano.VWForm	1	
10-Jan-18 1:33:50 PM	Event					Scheduler started			1	
10-Jan-18 1:33:50 PM	Script					Successfully opened tiptracking.js file.			1	
10-Jan-18 1:33:50 PM	Script					Clearing Plate Inventory			1	
10-Jan-18 1:33:50 PM	Info					Error library: Protocol started using error library file: ""			1	
10-Jan-18 1:33:50 PM	Event					Startup protocol starting	7_AMPureXP_TruSeqPCRFree_DNArunset_v1.0	C:\VWorks Workspace\Protocol Files\TruSeqPCRFree\7_AMPureXP_TruSeqPCRFree_DNArunset_v1.0.pro	1	
10-Jan-18 1:33:50 PM	Event			startup process - 1 1		Process starting, north barcode: No bar code, east barcode: No bar code, south barcode: No bar code, west barcode: No bar code	7_AMPureXP_TruSeqPCRFree_DNArunset_v1.0	C:\VWorks Workspace\Protocol Files\TruSeqPCRFree\7_AMPureXP_TruSeqPCRFree_DNArunset_v1.0.pro	1	
10-Jan-18 1:33:50 PM	Script					END: Wed Jan 10 2018 15:49:07 GMT+0800 (Malay Peninsula Standard Time)			1	
10-Jan-18 1:33:50 PM	Script					ctdown			1	
10-Jan-18 1:33:50 PM	Event			startup process - 1 1	1	JavaScript	7_AMPureXP_TruSeqPCRFree_DNArunset_v1.0	C:\VWorks Workspace\Protocol Files\TruSeqPCRFree\7_AMPureXP_TruSeqPCRFree_DNArunset_v1.0.pro	1	
10-Jan-18 1:33:51 PM	Event			startup process - 1 1	1	Completed: JavaScript	7_AMPureXP_TruSeqPCRFree_DNArunset_v1.0	C:\VWorks Workspace\Protocol Files\TruSeqPCRFree\7_AMPureXP_TruSeqPCRFree_DNArunset_v1.0.pro	1	
10-Jan-18 1:33:51 PM	Script					The state of runset is false			1	
10-Jan-18 1:33:51 PM	Event			startup process - 1 1	2	Configure static labware on Bravo - 1	7_AMPureXP_TruSeqPCRFree_DNArunset_v1.0	C:\VWorks Workspace\Protocol Files\TruSeqPCRFree\7_AMPureXP_TruSeqPCRFree_DNArunset_v1.0.pro	1	
10-Jan-18 1:33:51 PM	Info			startup process - 1	2	Changed "task Configure Labware, changed variable " to "96 Deep Well PP Sqr Well V Btm"	7_AMPureXP_TruSeqPCRFree_DNArunset_v1.0	C:\VWorks Workspace\Protocol Files\TruSeqPCRFree\7_AMPureXP_TruSeqPCRFree_DNArunset_v1.0.pro	1	
10-Jan-18 1:33:51 PM	Info			startup process - 1	2	Changed "task Configure Labware, changed variable " to "96 Nunc Deep Well 1 mL"	7_AMPureXP_TruSeqPCRFree_DNArunset_v1.0	C:\VWorks Workspace\Protocol Files\TruSeqPCRFree\7_AMPureXP_TruSeqPCRFree_DNArunset_v1.0.pro	1	
10-Jan-18 1:33:51 PM	Event			startup process - 1 1	2	Completed: Configure static labware on Bravo - 1	7_AMPureXP_TruSeqPCRFree_DNArunset_v1.0	C:\VWorks Workspace\Protocol Files\TruSeqPCRFree\7_AMPureXP_TruSeqPCRFree_DNArunset_v1.0.pro	1	
10-Jan-18 1:33:51 PM	Script					User has entered 12 columns.			1	
10-Jan-18 1:33:51 PM	Script					The number of columns that will be processed is 12.			1	
10-Jan-18 1:33:51 PM	Script					The head mode configuration is 3,3,8,12			1	
10-Jan-18 1:33:51 PM	Event			startup process - 1 1	5	JavaScript	7_AMPureXP_TruSeqPCRFree_DNArunset_v1.0	C:\VWorks Workspace\Protocol Files\TruSeqPCRFree\7_AMPureXP_TruSeqPCRFree_DNArunset_v1.0.pro	1	
10-Jan-18 1:33:51 PM	Event			startup process - 1 1	5	Completed: JavaScript	7_AMPureXP_TruSeqPCRFree_DNArunset_v1.0	C:\VWorks Workspace\Protocol Files\TruSeqPCRFree\7_AMPureXP_TruSeqPCRFree_DNArunset_v1.0.pro	1	
10-Jan-18 1:33:51 PM	Event			startup process - 1 1	8	JavaScript	7_AMPureXP_TruSeqPCRFree_DNArunset_v1.0	C:\VWorks Workspace\Protocol Files\TruSeqPCRFree\7_AMPureXP_TruSeqPCRFree_DNArunset_v1.0.pro	1	
10-Jan-18 1:33:51 PM	Event			startup process - 1 1	8	Completed: JavaScript	7_AMPureXP_TruSeqPCRFree_DNArunset_v1.0	C:\VWorks Workspace\Protocol Files\TruSeqPCRFree\7_AMPureXP_TruSeqPCRFree_DNArunset_v1.0.pro	1	
10-Jan-18 1:33:51 PM	Event			startup process - 1 1	10	JavaScript	7_AMPureXP_TruSeqPCRFree_DNArunset_v1.0	C:\VWorks Workspace\Protocol Files\TruSeqPCRFree\7_AMPureXP_TruSeqPCRFree_DNArunset_v1.0.pro	1	
10-Jan-18 1:33:52 PM	Event			startup process - 1 1	10	Completed: JavaScript	7_AMPureXP_TruSeqPCRFree_DNArunset_v1.0	C:\VWorks Workspace\Protocol Files\TruSeqPCRFree\7_AMPureXP_TruSeqPCRFree_DNArunset_v1.0.pro	1	
10-Jan-18 1:33:52 PM	Script					script:5:ReferenceError: samples is not defined			1	
10-Jan-18 1:33:52 PM	Event			startup process - 1 1	11	JavaScript	7_AMPureXP_TruSeqPCRFree_DNArunset_v1.0	C:\VWorks Workspace\Protocol Files\TruSeqPCRFree\7_AMPureXP_TruSeqPCRFree_DNArunset_v1.0.pro	1	
10-Jan-18 1:33:52 PM	Event			startup process - 1 1	11	Completed: JavaScript	7_AMPureXP_TruSeqPCRFree_DNArunset_v1.0	C:\VWorks Workspace\Protocol Files\TruSeqPCRFree\7_AMPureXP_TruSeqPCRFree_DNArunset_v1.0.pro	1	
10-Jan-18 1:33:52 PM	Script					The volumes used in this protocol are from case 1			1	
10-Jan-18 1:33:52 PM	Script					The volume of DNA and beads is 130ul			1	
10-Jan-18 1:33:52 PM	Script					The elution volume is 62.5ul			1	
10-Jan-18 1:33:52 PM	Script					The volume of DNA and beads is 130ul			1	
10-Jan-18 1:33:52 PM	Event			startup process - 1 1	12	JavaScript	7_AMPureXP_TruSeqPCRFree_DNArunset_v1.0	C:\VWorks Workspace\Protocol Files\TruSeqPCRFree\7_AMPureXP_TruSeqPCRFree_DNArunset_v1.0.pro	1	
10-Jan-18 1:33:52 PM	Event			startup process - 1 1	12	Completed: JavaScript	7_AMPureXP_TruSeqPCRFree_DNArunset_v1.0	C:\VWorks Workspace\Protocol Files\TruSeqPCRFree\7_AMPureXP_TruSeqPCRFree_DNArunset_v1.0.pro	1	
10-Jan-18 1:33:52 PM	Event	Bravo - 1	1	startup process - 1 1	13	Set temperature - Position at Location 4	7_AMPureXP_TruSeqPCRFree_DNArunset_v1.0	C:\VWorks Workspace\Protocol Files\TruSeqPCRFree\7_AMPureXP_TruSeqPCRFree_DNArunset_v1.0.pro	1	
10-Jan-18 1:33:54 PM	Event	Bravo - 1	1	startup process - 1 1	13	Completed: Set temperature - Position at Location 4	7_AMPureXP_TruSeqPCRFree_DNArunset_v1.0	C:\VWorks Workspace\Protocol Files\TruSeqPCRFree\7_AMPureXP_TruSeqPCRFree_DNArunset_v1.0.pro	1	
10-Jan-18 1:33:54 PM	Event	Bravo - 1	1	startup process - 1 1	14	Set temperature - Position at Location 6	7_AMPureXP_TruSeqPCRFree_DNArunset_v1.0	C:\VWorks Workspace\Protocol Files\TruSeqPCRFree\7_AMPureXP_TruSeqPCRFree_DNArunset_v1.0.pro	1	
10-Jan-18 1:33:56 PM	Event	Bravo - 1	1	startup process - 1 1	14	Completed: Set temperature - Position at Location 6	7_AMPureXP_TruSeqPCRFree_DNArunset_v1.0	C:\VWorks Workspace\Protocol Files\TruSeqPCRFree\7_AMPureXP_TruSeqPCRFree_DNArunset_v1.0.pro	1	
10-Jan-18 1:33:56 PM	Event			startup process - 1 1		Process finishing	7_AMPureXP_TruSeqPCRFree_DNArunset_v1.0	C:\VWorks Workspace\Protocol Files\TruSeqPCRFree\7_AMPureXP_TruSeqPCRFree_DNArunset_v1.0.pro	1	
10-Jan-18 1:33:56 PM	Event	BenchCel - 1	Stacker 1	TipControl		Load stacker rack at location "Stacker 1" of device "BenchCel - 1" with plate "TipControl" of labware type "96 V11 LT250 Tip Box 19477.002"	7_AMPureXP_TruSeqPCRFree_DNArunset_v1.0	C:\VWorks Workspace\Protocol Files\TruSeqPCRFree\7_AMPureXP_TruSeqPCRFree_DNArunset_v1.0.pro	1	
10-Jan-18 1:34:00 PM	Event	BenchCel - 1	Stacker 2	TipControl		Load stacker rack at location "Stacker 2" of device "BenchCel - 1" with plate "TipControl" of labware type "96 V11 LT250 Tip Box 19477.002"	7_AMPureXP_TruSeqPCRFree_DNArunset_v1.0	C:\VWorks Workspace\Protocol Files\TruSeqPCRFree\7_AMPureXP_TruSeqPCRFree_DNArunset_v1.0.pro	1	
10-Jan-18 1:34:05 PM	Event	BenchCel - 1	Stacker 3	Upstack 3		Load stacker rack at location "Stacker 3" of device "BenchCel - 1" with plate "Upstack 3" of labware type "96 V11 LT250 Tip Box 19477.002"	7_AMPureXP_TruSeqPCRFree_DNArunset_v1.0	C:\VWorks Workspace\Protocol Files\TruSeqPCRFree\7_AMPureXP_TruSeqPCRFree_DNArunset_v1.0.pro	1	
10-Jan-18 1:34:10 PM	Event	BenchCel - 1	Stacker 4	Upstack 4		Load stacker rack at location "Stacker 4" of device "BenchCel - 1" with plate "Upstack 4" of labware type "96 V11 LT250 Tip Box 19477.002"	7_AMPureXP_TruSeqPCRFree_DNArunset_v1.0	C:\VWorks Workspace\Protocol Files\TruSeqPCRFree\7_AMPureXP_TruSeqPCRFree_DNArunset_v1.0.pro	1	
10-Jan-18 1:34:15 PM	Info			AMPure XP Cleanup 1		1 plate required	7_AMPureXP_TruSeqPCRFree_DNArunset_v1.0	C:\VWorks Workspace\Protocol Files\TruSeqPCRFree\7_AMPureXP_TruSeqPCRFree_DNArunset_v1.0.pro	1	
10-Jan-18 1:34:15 PM	Info			DNA plate		Plates are spawned on demand	7_AMPureXP_TruSeqPCRFree_DNArunset_v1.0	C:\VWorks Workspace\Protocol Files\TruSeqPCRFree\7_AMPureXP_TruSeqPCRFree_DNArunset_v1.0.pro	1	
10-Jan-18 1:34:15 PM	Info			SPRI reservoir		Plates are spawned on demand	7_AMPureXP_TruSeqPCRFree_DNArunset_v1.0	C:\VWorks Workspace\Protocol Files\TruSeqPCRFree\7_AMPureXP_TruSeqPCRFree_DNArunset_v1.0.pro	1	
10-Jan-18 1:34:15 PM	Info			Ethanol Reservoir		Plates are spawned on demand	7_AMPureXP_TruSeqPCRFree_DNArunset_v1.0	C:\VWorks Workspace\Protocol Files\TruSeqPCRFree\7_AMPureXP_TruSeqPCRFree_DNArunset_v1.0.pro	1	
10-Jan-18 1:34:15 PM	Info			Resuspension Buffer		Plates are spawned on demand	7_AMPureXP_TruSeqPCRFree_DNArunset_v1.0	C:\VWorks Workspace\Protocol Files\TruSeqPCRFree\7_AMPureXP_TruSeqPCRFree_DNArunset_v1.0.pro	1	
10-Jan-18 1:34:15 PM	Info			TipControl		Plates are spawned on demand	7_AMPureXP_TruSeqPCRFree_DNArunset_v1.0	C:\VWorks Workspace\Protocol Files\TruSeqPCRFree\7_AMPureXP_TruSeqPCRFree_DNArunset_v1.0.pro	1	
10-Jan-18 1:34:15 PM	Info			UsedTipUpstack		Plates are spawned on demand	7_AMPureXP_TruSeqPCRFree_DNArunset_v1.0	C:\VWorks Workspace\Protocol Files\TruSeqPCRFree\7_AMPureXP_TruSeqPCRFree_DNArunset_v1.0.pro	1	
10-Jan-18 1:34:15 PM	Info			tips2		Plates are spawned on demand	7_AMPureXP_TruSeqPCRFree_DNArunset_v1.0	C:\VWorks Workspace\Protocol Files\TruSeqPCRFree\7_AMPureXP_TruSeqPCRFree_DNArunset_v1.0.pro	1	
10-Jan-18 1:34:15 PM	Info			emptytips2		Plates are spawned on demand	7_AMPureXP_TruSeqPCRFree_DNArunset_v1.0	C:\VWorks Workspace\Protocol Files\TruSeqPCRFree\7_AMPureXP_TruSeqPCRFree_DNArunset_v1.0.pro	1	
10-Jan-18 1:34:15 PM	Info			tips3		Plates are spawned on demand	7_AMPureXP_TruSeqPCRFree_DNArunset_v1.0	C:\VWorks Workspace\Protocol Files\TruSeqPCRFree\7_AMPureXP_TruSeqPCRFree_DNArunset_v1.0.pro	1	
10-Jan-18 1:34:15 PM	Info			emptytips3		Plates are spawned on demand	7_AMPureXP_TruSeqPCRFree_DNArunset_v1.0	C:\VWorks Workspace\Protocol Files\TruSeqPCRFree\7_AMPureXP_TruSeqPCRFree_DNArunset_v1.0.pro	1	
10-Jan-18 1:34:15 PM	Info			tips4		Plates are spawned on demand	7_AMPureXP_TruSeqPCRFree_DNArunset_v1.0	C:\VWorks Workspace\Protocol Files\TruSeqPCRFree\7_AMPureXP_TruSeqPCRFree_DNArunset_v1.0.pro	1	
10-Jan-18 1:34:15 PM	Info			emptytips4		Plates are spawned on demand	7_AMPureXP_TruSeqPCRFree_DNArunset_v1.0	C:\VWorks Workspace\Protocol Files\TruSeqPCRFree\7_AMPureXP_TruSeqPCRFree_DNArunset_v1.0.pro	1	
10-Jan-18 1:34:15 PM	Info			tips5		Plates are spawned on demand	7_AMPureXP_TruSeqPCRFree_DNArunset_v1.0	C:\VWorks Workspace\Protocol Files\TruSeqPCRFree\7_AMPureXP_TruSeqPCRFree_DNArunset_v1.0.pro	1	
10-Jan-18 1:34:15 PM	Info			emtpytips5		Plates are spawned on demand	7_AMPureXP_TruSeqPCRFree_DNArunset_v1.0	C:\VWorks Workspace\Protocol Files\TruSeqPCRFree\7_AMPureXP_TruSeqPCRFree_DNArunset_v1.0.pro	1	
10-Jan-18 1:34:15 PM	Info			tips6		Plates are spawned on demand	7_AMPureXP_TruSeqPCRFree_DNArunset_v1.0	C:\VWorks Workspace\Protocol Files\TruSeqPCRFree\7_AMPureXP_TruSeqPCRFree_DNArunset_v1.0.pro	1	
10-Jan-18 1:34:15 PM	Info			emptytips6		Plates are spawned on demand	7_AMPureXP_TruSeqPCRFree_DNArunset_v1.0	C:\VWorks Workspace\Protocol Files\TruSeqPCRFree\7_AMPureXP_TruSeqPCRFree_DNArunset_v1.0.pro	1	
10-Jan-18 1:34:15 PM	Info			tips7		Plates are spawned on demand	7_AMPureXP_TruSeqPCRFree_DNArunset_v1.0	C:\VWorks Workspace\Protocol Files\TruSeqPCRFree\7_AMPureXP_TruSeqPCRFree_DNArunset_v1.0.pro	1	
10-Jan-18 1:34:16 PM	Info			emptytips7		Plates are spawned on demand	7_AMPureXP_TruSeqPCRFree_DNArunset_v1.0	C:\VWorks Workspace\Protocol Files\TruSeqPCRFree\7_AMPureXP_TruSeqPCRFree_DNArunset_v1.0.pro	1	
10-Jan-18 1:34:16 PM	Info			tips8		Plates are spawned on demand	7_AMPureXP_TruSeqPCRFree_DNArunset_v1.0	C:\VWorks Workspace\Protocol Files\TruSeqPCRFree\7_AMPureXP_TruSeqPCRFree_DNArunset_v1.0.pro	1	
10-Jan-18 1:34:16 PM	Info			emptytips8		Plates are spawned on demand	7_AMPureXP_TruSeqPCRFree_DNArunset_v1.0	C:\VWorks Workspace\Protocol Files\TruSeqPCRFree\7_AMPureXP_TruSeqPCRFree_DNArunset_v1.0.pro	1	
10-Jan-18 1:34:16 PM	Info			tips9		Plates are spawned on demand	7_AMPureXP_TruSeqPCRFree_DNArunset_v1.0	C:\VWorks Workspace\Protocol Files\TruSeqPCRFree\7_AMPureXP_TruSeqPCRFree_DNArunset_v1.0.pro	1	
10-Jan-18 1:34:16 PM	Info			emptytips9		Plates are spawned on demand	7_AMPureXP_TruSeqPCRFree_DNArunset_v1.0	C:\VWorks Workspace\Protocol Files\TruSeqPCRFree\7_AMPureXP_TruSeqPCRFree_DNArunset_v1.0.pro	1	
10-Jan-18 1:34:16 PM	Info			EmptyNow		Plates are spawned on demand	7_AMPureXP_TruSeqPCRFree_DNArunset_v1.0	C:\VWorks Workspace\Protocol Files\TruSeqPCRFree\7_AMPureXP_TruSeqPCRFree_DNArunset_v1.0.pro	1	
10-Jan-18 1:34:16 PM	Info			Upstack 3		Plates are spawned on demand	7_AMPureXP_TruSeqPCRFree_DNArunset_v1.0	C:\VWorks Workspace\Protocol Files\TruSeqPCRFree\7_AMPureXP_TruSeqPCRFree_DNArunset_v1.0.pro	1	
10-Jan-18 1:34:16 PM	Info			Upstack 4		Plates are spawned on demand	7_AMPureXP_TruSeqPCRFree_DNArunset_v1.0	C:\VWorks Workspace\Protocol Files\TruSeqPCRFree\7_AMPureXP_TruSeqPCRFree_DNArunset_v1.0.pro	1	
10-Jan-18 1:34:16 PM	Event					Main protocol starting	7_AMPureXP_TruSeqPCRFree_DNArunset_v1.0	C:\VWorks Workspace\Protocol Files\TruSeqPCRFree\7_AMPureXP_TruSeqPCRFree_DNArunset_v1.0.pro	1	
10-Jan-18 1:34:16 PM	Event					Startup protocol complete	7_AMPureXP_TruSeqPCRFree_DNArunset_v1.0	C:\VWorks Workspace\Protocol Files\TruSeqPCRFree\7_AMPureXP_TruSeqPCRFree_DNArunset_v1.0.pro	1	
10-Jan-18 1:34:16 PM	Event			AMPure XP Cleanup 1 1		Process starting, north barcode: No bar code, east barcode: No bar code, south barcode: No bar code, west barcode: No bar code	7_AMPureXP_TruSeqPCRFree_DNArunset_v1.0	C:\VWorks Workspace\Protocol Files\TruSeqPCRFree\7_AMPureXP_TruSeqPCRFree_DNArunset_v1.0.pro	1	
10-Jan-18 1:34:16 PM	Event	Bravo - 1	5	AMPure XP Cleanup 1 1	1	Place plate at Bravo - 1 5	7_AMPureXP_TruSeqPCRFree_DNArunset_v1.0	C:\VWorks Workspace\Protocol Files\TruSeqPCRFree\7_AMPureXP_TruSeqPCRFree_DNArunset_v1.0.pro	1	
10-Jan-18 1:34:16 PM	Event	Bravo - 1	5	AMPure XP Cleanup 1 1	1	Completed: Place plate at Bravo - 1 5	7_AMPureXP_TruSeqPCRFree_DNArunset_v1.0	C:\VWorks Workspace\Protocol Files\TruSeqPCRFree\7_AMPureXP_TruSeqPCRFree_DNArunset_v1.0.pro	1	
10-Jan-18 1:34:16 PM	Event			AMPure XP Cleanup 1 1	2	Spawn DNA plate	7_AMPureXP_TruSeqPCRFree_DNArunset_v1.0	C:\VWorks Workspace\Protocol Files\TruSeqPCRFree\7_AMPureXP_TruSeqPCRFree_DNArunset_v1.0.pro	1	
10-Jan-18 1:34:16 PM	Event			AMPure XP Cleanup 1 1	2	Completed: Spawn DNA plate	7_AMPureXP_TruSeqPCRFree_DNArunset_v1.0	C:\VWorks Workspace\Protocol Files\TruSeqPCRFree\7_AMPureXP_TruSeqPCRFree_DNArunset_v1.0.pro	1	
10-Jan-18 1:34:16 PM	Event			DNA plate 1		Process starting, north barcode: No bar code, east barcode: No bar code, south barcode: No bar code, west barcode: No bar code	7_AMPureXP_TruSeqPCRFree_DNArunset_v1.0	C:\VWorks Workspace\Protocol Files\TruSeqPCRFree\7_AMPureXP_TruSeqPCRFree_DNArunset_v1.0.pro	1	
10-Jan-18 1:34:16 PM	Event	Bravo - 1	7	DNA plate 1	1	Place plate at Bravo - 1 7	7_AMPureXP_TruSeqPCRFree_DNArunset_v1.0	C:\VWorks Workspace\Protocol Files\TruSeqPCRFree\7_AMPureXP_TruSeqPCRFree_DNArunset_v1.0.pro	1	
10-Jan-18 1:34:16 PM	Event	Bravo - 1	7	DNA plate 1	1	Completed: Place plate at Bravo - 1 7	7_AMPureXP_TruSeqPCRFree_DNArunset_v1.0	C:\VWorks Workspace\Protocol Files\TruSeqPCRFree\7_AMPureXP_TruSeqPCRFree_DNArunset_v1.0.pro	1	
10-Jan-18 1:34:17 PM	Script					!!!!!!!!!!!!!!!!!!!!!!!!!!!!!!!!!!!!!!!!undefined			1	
10-Jan-18 1:34:17 PM	Event			AMPure XP Cleanup 1 1	3	Spawn TipControl	7_AMPureXP_TruSeqPCRFree_DNArunset_v1.0	C:\VWorks Workspace\Protocol Files\TruSeqPCRFree\7_AMPureXP_TruSeqPCRFree_DNArunset_v1.0.pro	1	
10-Jan-18 1:34:17 PM	Event			AMPure XP Cleanup 1 1	3	Completed: Spawn TipControl	7_AMPureXP_TruSeqPCRFree_DNArunset_v1.0	C:\VWorks Workspace\Protocol Files\TruSeqPCRFree\7_AMPureXP_TruSeqPCRFree_DNArunset_v1.0.pro	1	
10-Jan-18 1:34:17 PM	Event			TipControl 1		Process starting, north barcode: No bar code, east barcode: No bar code, south barcode: No bar code, west barcode: No bar code	7_AMPureXP_TruSeqPCRFree_DNArunset_v1.0	C:\VWorks Workspace\Protocol Files\TruSeqPCRFree\7_AMPureXP_TruSeqPCRFree_DNArunset_v1.0.pro	1	
10-Jan-18 1:34:17 PM	Event	BenchCel - 1	Stacker 1	TipControl 1	1	Downstack from BenchCel - 1.Stacker 1	7_AMPureXP_TruSeqPCRFree_DNArunset_v1.0	C:\VWorks Workspace\Protocol Files\TruSeqPCRFree\7_AMPureXP_TruSeqPCRFree_DNArunset_v1.0.pro	1	
10-Jan-18 1:34:17 PM	Event			AMPure XP Cleanup 1 1	4	Spawn emptytips2	7_AMPureXP_TruSeqPCRFree_DNArunset_v1.0	C:\VWorks Workspace\Protocol Files\TruSeqPCRFree\7_AMPureXP_TruSeqPCRFree_DNArunset_v1.0.pro	1	
10-Jan-18 1:34:17 PM	Event			AMPure XP Cleanup 1 1	4	Completed: Spawn emptytips2	7_AMPureXP_TruSeqPCRFree_DNArunset_v1.0	C:\VWorks Workspace\Protocol Files\TruSeqPCRFree\7_AMPureXP_TruSeqPCRFree_DNArunset_v1.0.pro	1	
10-Jan-18 1:34:17 PM	Event			emptytips2 1		Process starting, north barcode: No bar code, east barcode: No bar code, south barcode: No bar code, west barcode: No bar code	7_AMPureXP_TruSeqPCRFree_DNArunset_v1.0	C:\VWorks Workspace\Protocol Files\TruSeqPCRFree\7_AMPureXP_TruSeqPCRFree_DNArunset_v1.0.pro	1	
10-Jan-18 1:34:17 PM	Event	Agilent Labware MiniHub - 1	Cassette 4, slot 1	emptytips2 1	1	Unload from plate storage device	7_AMPureXP_TruSeqPCRFree_DNArunset_v1.0	C:\VWorks Workspace\Protocol Files\TruSeqPCRFree\7_AMPureXP_TruSeqPCRFree_DNArunset_v1.0.pro	1	
10-Jan-18 1:34:17 PM	Event	Agilent Labware MiniHub - 1		emptytips2 1		Agilent Labware MiniHub - 1 Unload the plate from Location : cassette 4, slot 1 to Cassette 4, Slot 1	7_AMPureXP_TruSeqPCRFree_DNArunset_v1.0	C:\VWorks Workspace\Protocol Files\TruSeqPCRFree\7_AMPureXP_TruSeqPCRFree_DNArunset_v1.0.pro	1	
10-Jan-18 1:34:17 PM	Event	Agilent Labware MiniHub - 1	Cassette 4, slot 1	emptytips2 1	1	Completed: Unload from plate storage device	7_AMPureXP_TruSeqPCRFree_DNArunset_v1.0	C:\VWorks Workspace\Protocol Files\TruSeqPCRFree\7_AMPureXP_TruSeqPCRFree_DNArunset_v1.0.pro	1	
10-Jan-18 1:34:17 PM	Event	BenchCel - 1	Stacker 1	TipControl 1	1	Completed: Downstack from BenchCel - 1.Stacker 1	7_AMPureXP_TruSeqPCRFree_DNArunset_v1.0	C:\VWorks Workspace\Protocol Files\TruSeqPCRFree\7_AMPureXP_TruSeqPCRFree_DNArunset_v1.0.pro	1	
10-Jan-18 1:34:17 PM	Event			AMPure XP Cleanup 1 1	5	Spawn SPRI reservoir	7_AMPureXP_TruSeqPCRFree_DNArunset_v1.0	C:\VWorks Workspace\Protocol Files\TruSeqPCRFree\7_AMPureXP_TruSeqPCRFree_DNArunset_v1.0.pro	1	
10-Jan-18 1:34:17 PM	Event			AMPure XP Cleanup 1 1	5	Completed: Spawn SPRI reservoir	7_AMPureXP_TruSeqPCRFree_DNArunset_v1.0	C:\VWorks Workspace\Protocol Files\TruSeqPCRFree\7_AMPureXP_TruSeqPCRFree_DNArunset_v1.0.pro	1	
10-Jan-18 1:34:17 PM	Event			SPRI reservoir 1		Process starting, north barcode: No bar code, east barcode: No bar code, south barcode: No bar code, west barcode: No bar code	7_AMPureXP_TruSeqPCRFree_DNArunset_v1.0	C:\VWorks Workspace\Protocol Files\TruSeqPCRFree\7_AMPureXP_TruSeqPCRFree_DNArunset_v1.0.pro	1	
10-Jan-18 1:34:17 PM	Event	Bravo - 1	2	TipControl 1	2	Place plate at Bravo - 1 2	7_AMPureXP_TruSeqPCRFree_DNArunset_v1.0	C:\VWorks Workspace\Protocol Files\TruSeqPCRFree\7_AMPureXP_TruSeqPCRFree_DNArunset_v1.0.pro	1	
10-Jan-18 1:34:18 PM	Event	BenchCel - 1		TipControl 1		Move plate from BenchCel - 1 Stacker 1, teachpoint Stacker 1 to Bravo - 1 3, teachpoint Bravo3			1	
10-Jan-18 1:34:18 PM	Event	Agilent Labware MiniHub - 1	Cassette 3, slot 2	SPRI reservoir 1	1	Unload from plate storage device	7_AMPureXP_TruSeqPCRFree_DNArunset_v1.0	C:\VWorks Workspace\Protocol Files\TruSeqPCRFree\7_AMPureXP_TruSeqPCRFree_DNArunset_v1.0.pro	1	
10-Jan-18 1:34:18 PM	Event	Agilent Labware MiniHub - 1		SPRI reservoir 1		Agilent Labware MiniHub - 1 Unload the plate from Location : cassette 3, slot 2 to Cassette 3, Slot 2	7_AMPureXP_TruSeqPCRFree_DNArunset_v1.0	C:\VWorks Workspace\Protocol Files\TruSeqPCRFree\7_AMPureXP_TruSeqPCRFree_DNArunset_v1.0.pro	1	
10-Jan-18 1:34:18 PM	Event	Agilent Labware MiniHub - 1	Cassette 3, slot 2	SPRI reservoir 1	1	Completed: Unload from plate storage device	7_AMPureXP_TruSeqPCRFree_DNArunset_v1.0	C:\VWorks Workspace\Protocol Files\TruSeqPCRFree\7_AMPureXP_TruSeqPCRFree_DNArunset_v1.0.pro	1	
10-Jan-18 1:34:31 PM	Event	BenchCel - 1	Stacker 1			The stack is empty			1	
10-Jan-18 1:34:31 PM	Event	BenchCel - 1		TipControl 1		Finished moving plate from BenchCel - 1 Stacker 1, teachpoint Stacker 1 to Bravo - 1 3, teachpoint Bravo3			1	
10-Jan-18 1:34:31 PM	Event	Bravo - 1		TipControl 1		Move plate from Bravo - 1 3, teachpoint 3 to Bravo - 1 2, teachpoint 2			1	
10-Jan-18 1:34:40 PM	Event	Bravo - 1		TipControl 1		Finished moving plate from Bravo - 1 3, teachpoint 3 to Bravo - 1 2, teachpoint 2			1	
10-Jan-18 1:34:40 PM	Event	Bravo - 1	2	TipControl 1	2	Completed: Place plate at Bravo - 1 2	7_AMPureXP_TruSeqPCRFree_DNArunset_v1.0	C:\VWorks Workspace\Protocol Files\TruSeqPCRFree\7_AMPureXP_TruSeqPCRFree_DNArunset_v1.0.pro	1	
10-Jan-18 1:34:40 PM	Script					Spawning tips2.			1	
10-Jan-18 1:34:40 PM	Event			TipControl 1	3	Spawn tips2	7_AMPureXP_TruSeqPCRFree_DNArunset_v1.0	C:\VWorks Workspace\Protocol Files\TruSeqPCRFree\7_AMPureXP_TruSeqPCRFree_DNArunset_v1.0.pro	1	
10-Jan-18 1:34:40 PM	Event			TipControl 1	3	Completed: Spawn tips2	7_AMPureXP_TruSeqPCRFree_DNArunset_v1.0	C:\VWorks Workspace\Protocol Files\TruSeqPCRFree\7_AMPureXP_TruSeqPCRFree_DNArunset_v1.0.pro	1	
10-Jan-18 1:34:40 PM	Event			tips2 1		Process starting, north barcode: No bar code, east barcode: No bar code, south barcode: No bar code, west barcode: No bar code	7_AMPureXP_TruSeqPCRFree_DNArunset_v1.0	C:\VWorks Workspace\Protocol Files\TruSeqPCRFree\7_AMPureXP_TruSeqPCRFree_DNArunset_v1.0.pro	1	
10-Jan-18 1:34:41 PM	Event	Bravo - 1	8	emptytips2 1	2	Place plate at Bravo - 1 8	7_AMPureXP_TruSeqPCRFree_DNArunset_v1.0	C:\VWorks Workspace\Protocol Files\TruSeqPCRFree\7_AMPureXP_TruSeqPCRFree_DNArunset_v1.0.pro	1	
10-Jan-18 1:34:41 PM	Event	BenchCel - 1		emptytips2 1		Move plate from Agilent Labware MiniHub - 1 Cassette 4, Slot 1, teachpoint MiniHub01 to Bravo - 1 3, teachpoint Bravo3			1	
10-Jan-18 1:34:41 PM	Event			TipControl 1		Process finishing	7_AMPureXP_TruSeqPCRFree_DNArunset_v1.0	C:\VWorks Workspace\Protocol Files\TruSeqPCRFree\7_AMPureXP_TruSeqPCRFree_DNArunset_v1.0.pro	1	
10-Jan-18 1:34:41 PM	Event	Bravo - 1	2	tips2 1	1	Place plate at Bravo - 1 2	7_AMPureXP_TruSeqPCRFree_DNArunset_v1.0	C:\VWorks Workspace\Protocol Files\TruSeqPCRFree\7_AMPureXP_TruSeqPCRFree_DNArunset_v1.0.pro	1	
10-Jan-18 1:34:41 PM	Event	Bravo - 1	2	tips2 1	1	Completed: Place plate at Bravo - 1 2	7_AMPureXP_TruSeqPCRFree_DNArunset_v1.0	C:\VWorks Workspace\Protocol Files\TruSeqPCRFree\7_AMPureXP_TruSeqPCRFree_DNArunset_v1.0.pro	1	
10-Jan-18 1:34:56 PM	Event	BenchCel - 1		emptytips2 1		Finished moving plate from Agilent Labware MiniHub - 1 Cassette 4, Slot 1, teachpoint MiniHub01 to Bravo - 1 3, teachpoint Bravo3			1	
10-Jan-18 1:34:56 PM	Event	Bravo - 1		emptytips2 1		Move plate from Bravo - 1 3, teachpoint 3 to Bravo - 1 8, teachpoint 8			1	
10-Jan-18 1:35:07 PM	Event	Bravo - 1		emptytips2 1		Finished moving plate from Bravo - 1 3, teachpoint 3 to Bravo - 1 8, teachpoint 8			1	
10-Jan-18 1:35:07 PM	Event	Bravo - 1	8	emptytips2 1	2	Completed: Place plate at Bravo - 1 8	7_AMPureXP_TruSeqPCRFree_DNArunset_v1.0	C:\VWorks Workspace\Protocol Files\TruSeqPCRFree\7_AMPureXP_TruSeqPCRFree_DNArunset_v1.0.pro	1	
10-Jan-18 1:35:07 PM	Event	Bravo - 1	6	SPRI reservoir 1	2	Place plate at Bravo - 1 6	7_AMPureXP_TruSeqPCRFree_DNArunset_v1.0	C:\VWorks Workspace\Protocol Files\TruSeqPCRFree\7_AMPureXP_TruSeqPCRFree_DNArunset_v1.0.pro	1	
10-Jan-18 1:35:07 PM	Event	BenchCel - 1		SPRI reservoir 1		Move plate from Agilent Labware MiniHub - 1 Cassette 3, Slot 2, teachpoint MiniHub02 to Bravo - 1 3, teachpoint Bravo3			1	
10-Jan-18 1:35:23 PM	Event	BenchCel - 1		SPRI reservoir 1		Finished moving plate from Agilent Labware MiniHub - 1 Cassette 3, Slot 2, teachpoint MiniHub02 to Bravo - 1 3, teachpoint Bravo3			1	
10-Jan-18 1:35:23 PM	Event	Bravo - 1		SPRI reservoir 1		Move plate from Bravo - 1 3, teachpoint 3 to Bravo - 1 6, teachpoint 6			1	
10-Jan-18 1:35:33 PM	Event	Bravo - 1		SPRI reservoir 1		Finished moving plate from Bravo - 1 3, teachpoint 3 to Bravo - 1 6, teachpoint 6			1	
10-Jan-18 1:35:33 PM	Event	Bravo - 1	6	SPRI reservoir 1	2	Completed: Place plate at Bravo - 1 6	7_AMPureXP_TruSeqPCRFree_DNArunset_v1.0	C:\VWorks Workspace\Protocol Files\TruSeqPCRFree\7_AMPureXP_TruSeqPCRFree_DNArunset_v1.0.pro	1	
10-Jan-18 1:35:33 PM	Event	Bravo - 1	5	AMPure XP Addition 1	1	Begin task group	7_AMPureXP_TruSeqPCRFree_DNArunset_v1.0	C:\VWorks Workspace\Protocol Files\TruSeqPCRFree\7_AMPureXP_TruSeqPCRFree_DNArunset_v1.0.pro	1	
10-Jan-18 1:35:33 PM	Event	Bravo - 1	6	AMPure XP Addition 1	1	Begin task group	7_AMPureXP_TruSeqPCRFree_DNArunset_v1.0	C:\VWorks Workspace\Protocol Files\TruSeqPCRFree\7_AMPureXP_TruSeqPCRFree_DNArunset_v1.0.pro	1	
10-Jan-18 1:35:33 PM	Event	Bravo - 1	8	AMPure XP Addition 1	1	Begin task group	7_AMPureXP_TruSeqPCRFree_DNArunset_v1.0	C:\VWorks Workspace\Protocol Files\TruSeqPCRFree\7_AMPureXP_TruSeqPCRFree_DNArunset_v1.0.pro	1	
10-Jan-18 1:35:33 PM	Event	Bravo - 1	2	AMPure XP Addition 1	1	Begin task group	7_AMPureXP_TruSeqPCRFree_DNArunset_v1.0	C:\VWorks Workspace\Protocol Files\TruSeqPCRFree\7_AMPureXP_TruSeqPCRFree_DNArunset_v1.0.pro	1	
10-Jan-18 1:35:33 PM	Event	Bravo - 1	5	AMPure XP Addition 1	1	Completed: Begin task group	7_AMPureXP_TruSeqPCRFree_DNArunset_v1.0	C:\VWorks Workspace\Protocol Files\TruSeqPCRFree\7_AMPureXP_TruSeqPCRFree_DNArunset_v1.0.pro	1	
10-Jan-18 1:35:33 PM	Event	Bravo - 1	6	AMPure XP Addition 1	1	Completed: Begin task group	7_AMPureXP_TruSeqPCRFree_DNArunset_v1.0	C:\VWorks Workspace\Protocol Files\TruSeqPCRFree\7_AMPureXP_TruSeqPCRFree_DNArunset_v1.0.pro	1	
10-Jan-18 1:35:33 PM	Event	Bravo - 1	8	AMPure XP Addition 1	1	Completed: Begin task group	7_AMPureXP_TruSeqPCRFree_DNArunset_v1.0	C:\VWorks Workspace\Protocol Files\TruSeqPCRFree\7_AMPureXP_TruSeqPCRFree_DNArunset_v1.0.pro	1	
10-Jan-18 1:35:33 PM	Event	Bravo - 1	2	AMPure XP Addition 1	1	Completed: Begin task group	7_AMPureXP_TruSeqPCRFree_DNArunset_v1.0	C:\VWorks Workspace\Protocol Files\TruSeqPCRFree\7_AMPureXP_TruSeqPCRFree_DNArunset_v1.0.pro	1	
10-Jan-18 1:35:33 PM	Script					The head mode is 3,3,8,12			1	
10-Jan-18 1:35:33 PM	Event	Bravo - 1	Default Location	AMPure XP Addition 1	2	Set head mode to 8 rows: A-H, 12 columns: 1-12	7_AMPureXP_TruSeqPCRFree_DNArunset_v1.0	C:\VWorks Workspace\Protocol Files\TruSeqPCRFree\7_AMPureXP_TruSeqPCRFree_DNArunset_v1.0.pro	1	
10-Jan-18 1:35:33 PM	Event	Bravo - 1	Default Location	AMPure XP Addition 1	2	Completed: Set head mode to 8 rows: A-H, 12 columns: 1-12	7_AMPureXP_TruSeqPCRFree_DNArunset_v1.0	C:\VWorks Workspace\Protocol Files\TruSeqPCRFree\7_AMPureXP_TruSeqPCRFree_DNArunset_v1.0.pro	1	
10-Jan-18 1:35:34 PM	Script					Pressing tips on at 1,1			1	
10-Jan-18 1:35:34 PM	Event	Bravo - 1	2	AMPure XP Addition 1	3	Tips On in 1 selection(s) from tips2 1 at Location 2	7_AMPureXP_TruSeqPCRFree_DNArunset_v1.0	C:\VWorks Workspace\Protocol Files\TruSeqPCRFree\7_AMPureXP_TruSeqPCRFree_DNArunset_v1.0.pro	1	
10-Jan-18 1:35:43 PM	Event	Bravo - 1	2	AMPure XP Addition 1	3	Completed: Tips On in 1 selection(s) from tips2 1 at Location 2	7_AMPureXP_TruSeqPCRFree_DNArunset_v1.0	C:\VWorks Workspace\Protocol Files\TruSeqPCRFree\7_AMPureXP_TruSeqPCRFree_DNArunset_v1.0.pro	1	
10-Jan-18 1:35:43 PM	Event	Bravo - 1	6	AMPure XP Addition 1	4	Aspirate 15 킠 in 1 selection(s) from SPRI reservoir 1	7_AMPureXP_TruSeqPCRFree_DNArunset_v1.0	C:\VWorks Workspace\Protocol Files\TruSeqPCRFree\7_AMPureXP_TruSeqPCRFree_DNArunset_v1.0.pro	1	
10-Jan-18 1:35:49 PM	Event	Bravo - 1	6	AMPure XP Addition 1	4	Completed: Aspirate 15 킠 in 1 selection(s) from SPRI reservoir 1	7_AMPureXP_TruSeqPCRFree_DNArunset_v1.0	C:\VWorks Workspace\Protocol Files\TruSeqPCRFree\7_AMPureXP_TruSeqPCRFree_DNArunset_v1.0.pro	1	
10-Jan-18 1:35:49 PM	Script					Volume used to mix is 150			1	
10-Jan-18 1:35:49 PM	Event	Bravo - 1	6	AMPure XP Addition 1	5	Mix 150 킠 in 1 selection(s) from SPRI reservoir 1 at Location 6	7_AMPureXP_TruSeqPCRFree_DNArunset_v1.0	C:\VWorks Workspace\Protocol Files\TruSeqPCRFree\7_AMPureXP_TruSeqPCRFree_DNArunset_v1.0.pro	1	
10-Jan-18 1:36:26 PM	Event	Bravo - 1	6	AMPure XP Addition 1	5	Completed: Mix 150 킠 in 1 selection(s) from SPRI reservoir 1 at Location 6	7_AMPureXP_TruSeqPCRFree_DNArunset_v1.0	C:\VWorks Workspace\Protocol Files\TruSeqPCRFree\7_AMPureXP_TruSeqPCRFree_DNArunset_v1.0.pro	1	
10-Jan-18 1:36:26 PM	Script					Dispense height during mix is 8			1	
10-Jan-18 1:36:26 PM	Script					Aspirate height during mix is 2			1	
10-Jan-18 1:36:26 PM	Script					The volume is 90			1	
10-Jan-18 1:36:26 PM	Event	Bravo - 1	6	AMPure XP Addition 1	6	Mix 90 킠 in 1 selection(s) from SPRI reservoir 1	7_AMPureXP_TruSeqPCRFree_DNArunset_v1.0	C:\VWorks Workspace\Protocol Files\TruSeqPCRFree\7_AMPureXP_TruSeqPCRFree_DNArunset_v1.0.pro	1	
10-Jan-18 1:37:26 PM	Event	Bravo - 1	6	AMPure XP Addition 1	6	Completed: Mix 90 킠 in 1 selection(s) from SPRI reservoir 1	7_AMPureXP_TruSeqPCRFree_DNArunset_v1.0	C:\VWorks Workspace\Protocol Files\TruSeqPCRFree\7_AMPureXP_TruSeqPCRFree_DNArunset_v1.0.pro	1	
10-Jan-18 1:37:26 PM	Event	Bravo - 1	6	AMPure XP Addition 1	7	Dispense 0.5 킠 in 1 selection(s) to SPRI reservoir 1	7_AMPureXP_TruSeqPCRFree_DNArunset_v1.0	C:\VWorks Workspace\Protocol Files\TruSeqPCRFree\7_AMPureXP_TruSeqPCRFree_DNArunset_v1.0.pro	1	
10-Jan-18 1:37:31 PM	Event	Bravo - 1	6	AMPure XP Addition 1	7	Completed: Dispense 0.5 킠 in 1 selection(s) to SPRI reservoir 1	7_AMPureXP_TruSeqPCRFree_DNArunset_v1.0	C:\VWorks Workspace\Protocol Files\TruSeqPCRFree\7_AMPureXP_TruSeqPCRFree_DNArunset_v1.0.pro	1	
10-Jan-18 1:37:31 PM	Event	Bravo - 1	6	AMPure XP Addition 1	8	Dispense 14.49330357 킠 in 1 selection(s) to SPRI reservoir 1	7_AMPureXP_TruSeqPCRFree_DNArunset_v1.0	C:\VWorks Workspace\Protocol Files\TruSeqPCRFree\7_AMPureXP_TruSeqPCRFree_DNArunset_v1.0.pro	1	
10-Jan-18 1:37:38 PM	Event	Bravo - 1	6	AMPure XP Addition 1	8	Completed: Dispense 14.49330357 킠 in 1 selection(s) to SPRI reservoir 1	7_AMPureXP_TruSeqPCRFree_DNArunset_v1.0	C:\VWorks Workspace\Protocol Files\TruSeqPCRFree\7_AMPureXP_TruSeqPCRFree_DNArunset_v1.0.pro	1	
10-Jan-18 1:37:38 PM	Event	Bravo - 1	6	AMPure XP Addition 1	9	Aspirate 15 킠 in 1 selection(s) from SPRI reservoir 1 at Location 6	7_AMPureXP_TruSeqPCRFree_DNArunset_v1.0	C:\VWorks Workspace\Protocol Files\TruSeqPCRFree\7_AMPureXP_TruSeqPCRFree_DNArunset_v1.0.pro	1	
10-Jan-18 1:37:41 PM	Event	Bravo - 1	6	AMPure XP Addition 1	9	Completed: Aspirate 15 킠 in 1 selection(s) from SPRI reservoir 1 at Location 6	7_AMPureXP_TruSeqPCRFree_DNArunset_v1.0	C:\VWorks Workspace\Protocol Files\TruSeqPCRFree\7_AMPureXP_TruSeqPCRFree_DNArunset_v1.0.pro	1	
10-Jan-18 1:37:41 PM	Event	Bravo - 1	6	AMPure XP Addition 1	10	Aspirate 80 킠 (pre-aspirate 4 킠) in 1 selection(s) from SPRI reservoir 1 at Location 6	7_AMPureXP_TruSeqPCRFree_DNArunset_v1.0	C:\VWorks Workspace\Protocol Files\TruSeqPCRFree\7_AMPureXP_TruSeqPCRFree_DNArunset_v1.0.pro	1	
10-Jan-18 1:37:52 PM	Event	Bravo - 1	6	AMPure XP Addition 1	10	Completed: Aspirate 80 킠 (pre-aspirate 4 킠) in 1 selection(s) from SPRI reservoir 1 at Location 6	7_AMPureXP_TruSeqPCRFree_DNArunset_v1.0	C:\VWorks Workspace\Protocol Files\TruSeqPCRFree\7_AMPureXP_TruSeqPCRFree_DNArunset_v1.0.pro	1	
10-Jan-18 1:37:52 PM	Script					Dispensing 80ul of beads			1	
10-Jan-18 1:37:52 PM	Event	Bravo - 1	5	AMPure XP Addition 1	11	Dispense 80 킠 in 1 selection(s) to AMPure XP Cleanup 1 1 at Location 5	7_AMPureXP_TruSeqPCRFree_DNArunset_v1.0	C:\VWorks Workspace\Protocol Files\TruSeqPCRFree\7_AMPureXP_TruSeqPCRFree_DNArunset_v1.0.pro	1	
10-Jan-18 1:38:04 PM	Event	Bravo - 1	5	AMPure XP Addition 1	11	Completed: Dispense 80 킠 in 1 selection(s) to AMPure XP Cleanup 1 1 at Location 5	7_AMPureXP_TruSeqPCRFree_DNArunset_v1.0	C:\VWorks Workspace\Protocol Files\TruSeqPCRFree\7_AMPureXP_TruSeqPCRFree_DNArunset_v1.0.pro	1	
10-Jan-18 1:38:04 PM	Event	Bravo - 1	5	AMPure XP Addition 1	12	Dispense 0.5 킠 in 1 selection(s) to AMPure XP Cleanup 1 1 at Location 5	7_AMPureXP_TruSeqPCRFree_DNArunset_v1.0	C:\VWorks Workspace\Protocol Files\TruSeqPCRFree\7_AMPureXP_TruSeqPCRFree_DNArunset_v1.0.pro	1	
10-Jan-18 1:38:08 PM	Event	Bravo - 1	5	AMPure XP Addition 1	12	Completed: Dispense 0.5 킠 in 1 selection(s) to AMPure XP Cleanup 1 1 at Location 5	7_AMPureXP_TruSeqPCRFree_DNArunset_v1.0	C:\VWorks Workspace\Protocol Files\TruSeqPCRFree\7_AMPureXP_TruSeqPCRFree_DNArunset_v1.0.pro	1	
10-Jan-18 1:38:08 PM	Event	Bravo - 1	5	AMPure XP Addition 1	13	Dispense 14.50892857 킠 in 1 selection(s) to AMPure XP Cleanup 1 1 at Location 5	7_AMPureXP_TruSeqPCRFree_DNArunset_v1.0	C:\VWorks Workspace\Protocol Files\TruSeqPCRFree\7_AMPureXP_TruSeqPCRFree_DNArunset_v1.0.pro	1	
10-Jan-18 1:38:14 PM	Event	Bravo - 1	5	AMPure XP Addition 1	13	Completed: Dispense 14.50892857 킠 in 1 selection(s) to AMPure XP Cleanup 1 1 at Location 5	7_AMPureXP_TruSeqPCRFree_DNArunset_v1.0	C:\VWorks Workspace\Protocol Files\TruSeqPCRFree\7_AMPureXP_TruSeqPCRFree_DNArunset_v1.0.pro	1	
10-Jan-18 1:38:15 PM	Event			AMPure XP Addition 1	16	End task group	7_AMPureXP_TruSeqPCRFree_DNArunset_v1.0	C:\VWorks Workspace\Protocol Files\TruSeqPCRFree\7_AMPureXP_TruSeqPCRFree_DNArunset_v1.0.pro	1	
10-Jan-18 1:38:15 PM	Event			AMPure XP Addition 1	16	Completed: End task group	7_AMPureXP_TruSeqPCRFree_DNArunset_v1.0	C:\VWorks Workspace\Protocol Files\TruSeqPCRFree\7_AMPureXP_TruSeqPCRFree_DNArunset_v1.0.pro	1	
10-Jan-18 1:38:15 PM	Event			AMPure XP Addition 1		Process finishing	7_AMPureXP_TruSeqPCRFree_DNArunset_v1.0	C:\VWorks Workspace\Protocol Files\TruSeqPCRFree\7_AMPureXP_TruSeqPCRFree_DNArunset_v1.0.pro	1	
10-Jan-18 1:38:15 PM	Event	Bravo - 1	8	emptytips2 1	4	Place plate at Bravo - 1 8	7_AMPureXP_TruSeqPCRFree_DNArunset_v1.0	C:\VWorks Workspace\Protocol Files\TruSeqPCRFree\7_AMPureXP_TruSeqPCRFree_DNArunset_v1.0.pro	1	
10-Jan-18 1:38:15 PM	Event	Bravo - 1	8	emptytips2 1	4	Completed: Place plate at Bravo - 1 8	7_AMPureXP_TruSeqPCRFree_DNArunset_v1.0	C:\VWorks Workspace\Protocol Files\TruSeqPCRFree\7_AMPureXP_TruSeqPCRFree_DNArunset_v1.0.pro	1	
10-Jan-18 1:38:15 PM	Event	Agilent Labware MiniHub - 1	Cassette 3, slot 2	SPRI reservoir 1	4	Load into plate storage device	7_AMPureXP_TruSeqPCRFree_DNArunset_v1.0	C:\VWorks Workspace\Protocol Files\TruSeqPCRFree\7_AMPureXP_TruSeqPCRFree_DNArunset_v1.0.pro	1	
10-Jan-18 1:38:15 PM	Event	Bravo - 1		SPRI reservoir 1		Move plate from Bravo - 1 6, teachpoint 6 to Bravo - 1 3, teachpoint 3			1	
10-Jan-18 1:38:15 PM	Script					emptytips2 1 Used tip box is not full.			1	
10-Jan-18 1:38:15 PM	Script					Tip box is not full so it will move to next subprocess.			1	
10-Jan-18 1:38:15 PM	Event			emptytips2 1	5	Spawn emptytips3	7_AMPureXP_TruSeqPCRFree_DNArunset_v1.0	C:\VWorks Workspace\Protocol Files\TruSeqPCRFree\7_AMPureXP_TruSeqPCRFree_DNArunset_v1.0.pro	1	
10-Jan-18 1:38:15 PM	Event			emptytips2 1	5	Completed: Spawn emptytips3	7_AMPureXP_TruSeqPCRFree_DNArunset_v1.0	C:\VWorks Workspace\Protocol Files\TruSeqPCRFree\7_AMPureXP_TruSeqPCRFree_DNArunset_v1.0.pro	1	
10-Jan-18 1:38:15 PM	Event			emptytips3 1		Process starting, north barcode: No bar code, east barcode: No bar code, south barcode: No bar code, west barcode: No bar code	7_AMPureXP_TruSeqPCRFree_DNArunset_v1.0	C:\VWorks Workspace\Protocol Files\TruSeqPCRFree\7_AMPureXP_TruSeqPCRFree_DNArunset_v1.0.pro	1	
10-Jan-18 1:38:15 PM	Script					emptytips2 1 Used tip box is not full.			1	
10-Jan-18 1:38:16 PM	Script					Tip box still has space.			1	
10-Jan-18 1:38:16 PM	Event			emptytips2 1		Process finishing	7_AMPureXP_TruSeqPCRFree_DNArunset_v1.0	C:\VWorks Workspace\Protocol Files\TruSeqPCRFree\7_AMPureXP_TruSeqPCRFree_DNArunset_v1.0.pro	1	
10-Jan-18 1:38:16 PM	Event	Bravo - 1	8	emptytips3 1	1	Place plate at Bravo - 1 8	7_AMPureXP_TruSeqPCRFree_DNArunset_v1.0	C:\VWorks Workspace\Protocol Files\TruSeqPCRFree\7_AMPureXP_TruSeqPCRFree_DNArunset_v1.0.pro	1	
10-Jan-18 1:38:16 PM	Event	Bravo - 1	8	emptytips3 1	1	Completed: Place plate at Bravo - 1 8	7_AMPureXP_TruSeqPCRFree_DNArunset_v1.0	C:\VWorks Workspace\Protocol Files\TruSeqPCRFree\7_AMPureXP_TruSeqPCRFree_DNArunset_v1.0.pro	1	
10-Jan-18 1:38:26 PM	Event	Bravo - 1		SPRI reservoir 1		Finished moving plate from Bravo - 1 6, teachpoint 6 to Bravo - 1 3, teachpoint 3			1	
10-Jan-18 1:38:26 PM	Event	BenchCel - 1		SPRI reservoir 1		Move plate from Bravo - 1 3, teachpoint Bravo3 to Agilent Labware MiniHub - 1 Cassette 3, Slot 2, teachpoint MiniHub02			1	
10-Jan-18 1:38:26 PM	Event	Bravo - 1	2	tips2 1	3	Place plate at Bravo - 1 2	7_AMPureXP_TruSeqPCRFree_DNArunset_v1.0	C:\VWorks Workspace\Protocol Files\TruSeqPCRFree\7_AMPureXP_TruSeqPCRFree_DNArunset_v1.0.pro	1	
10-Jan-18 1:38:26 PM	Event	Bravo - 1	2	tips2 1	3	Completed: Place plate at Bravo - 1 2	7_AMPureXP_TruSeqPCRFree_DNArunset_v1.0	C:\VWorks Workspace\Protocol Files\TruSeqPCRFree\7_AMPureXP_TruSeqPCRFree_DNArunset_v1.0.pro	1	
10-Jan-18 1:38:26 PM	Script					tips2 1 Tip box is not empty.			1	
10-Jan-18 1:38:26 PM	Event			tips2 1	4	Spawn tips3	7_AMPureXP_TruSeqPCRFree_DNArunset_v1.0	C:\VWorks Workspace\Protocol Files\TruSeqPCRFree\7_AMPureXP_TruSeqPCRFree_DNArunset_v1.0.pro	1	
10-Jan-18 1:38:26 PM	Event			tips2 1	4	Completed: Spawn tips3	7_AMPureXP_TruSeqPCRFree_DNArunset_v1.0	C:\VWorks Workspace\Protocol Files\TruSeqPCRFree\7_AMPureXP_TruSeqPCRFree_DNArunset_v1.0.pro	1	
10-Jan-18 1:38:26 PM	Event			tips3 1		Process starting, north barcode: No bar code, east barcode: No bar code, south barcode: No bar code, west barcode: No bar code	7_AMPureXP_TruSeqPCRFree_DNArunset_v1.0	C:\VWorks Workspace\Protocol Files\TruSeqPCRFree\7_AMPureXP_TruSeqPCRFree_DNArunset_v1.0.pro	1	
10-Jan-18 1:38:26 PM	Script					tips2 1 Tip box is not empty.			1	
10-Jan-18 1:38:27 PM	Script					tips2 1 Tip box is not empty.			1	
10-Jan-18 1:38:27 PM	Script					tips2 1 Tip box is not empty.			1	
10-Jan-18 1:38:27 PM	Event			tips2 1		Process finishing	7_AMPureXP_TruSeqPCRFree_DNArunset_v1.0	C:\VWorks Workspace\Protocol Files\TruSeqPCRFree\7_AMPureXP_TruSeqPCRFree_DNArunset_v1.0.pro	1	
10-Jan-18 1:38:27 PM	Event	Bravo - 1	2	tips3 1	1	Place plate at Bravo - 1 2	7_AMPureXP_TruSeqPCRFree_DNArunset_v1.0	C:\VWorks Workspace\Protocol Files\TruSeqPCRFree\7_AMPureXP_TruSeqPCRFree_DNArunset_v1.0.pro	1	
10-Jan-18 1:38:27 PM	Event	Bravo - 1	2	tips3 1	1	Completed: Place plate at Bravo - 1 2	7_AMPureXP_TruSeqPCRFree_DNArunset_v1.0	C:\VWorks Workspace\Protocol Files\TruSeqPCRFree\7_AMPureXP_TruSeqPCRFree_DNArunset_v1.0.pro	1	
10-Jan-18 1:38:37 PM	Event	BenchCel - 1		SPRI reservoir 1		Finished moving plate from Bravo - 1 3, teachpoint Bravo3 to Agilent Labware MiniHub - 1 Cassette 3, Slot 2, teachpoint MiniHub02			1	
10-Jan-18 1:38:37 PM	Event	Agilent Labware MiniHub - 1		SPRI reservoir 1	4	Agilent Labware MiniHub - 1 Load the plate from Cassette 3, Slot 2 into Location : cassette 3, slot 2	7_AMPureXP_TruSeqPCRFree_DNArunset_v1.0	C:\VWorks Workspace\Protocol Files\TruSeqPCRFree\7_AMPureXP_TruSeqPCRFree_DNArunset_v1.0.pro	1	
10-Jan-18 1:38:37 PM	Event	Agilent Labware MiniHub - 1	Cassette 3, slot 2	SPRI reservoir 1	4	Completed: Load into plate storage device	7_AMPureXP_TruSeqPCRFree_DNArunset_v1.0	C:\VWorks Workspace\Protocol Files\TruSeqPCRFree\7_AMPureXP_TruSeqPCRFree_DNArunset_v1.0.pro	1	
10-Jan-18 1:38:37 PM	Event	Bravo - 1	5	DNA Addition 1	1	Begin task group	7_AMPureXP_TruSeqPCRFree_DNArunset_v1.0	C:\VWorks Workspace\Protocol Files\TruSeqPCRFree\7_AMPureXP_TruSeqPCRFree_DNArunset_v1.0.pro	1	
10-Jan-18 1:38:37 PM	Event	Bravo - 1	7	DNA Addition 1	1	Begin task group	7_AMPureXP_TruSeqPCRFree_DNArunset_v1.0	C:\VWorks Workspace\Protocol Files\TruSeqPCRFree\7_AMPureXP_TruSeqPCRFree_DNArunset_v1.0.pro	1	
10-Jan-18 1:38:37 PM	Event	Bravo - 1	8	DNA Addition 1	1	Begin task group	7_AMPureXP_TruSeqPCRFree_DNArunset_v1.0	C:\VWorks Workspace\Protocol Files\TruSeqPCRFree\7_AMPureXP_TruSeqPCRFree_DNArunset_v1.0.pro	1	
10-Jan-18 1:38:37 PM	Event	Bravo - 1	2	DNA Addition 1	1	Begin task group	7_AMPureXP_TruSeqPCRFree_DNArunset_v1.0	C:\VWorks Workspace\Protocol Files\TruSeqPCRFree\7_AMPureXP_TruSeqPCRFree_DNArunset_v1.0.pro	1	
10-Jan-18 1:38:37 PM	Event	Bravo - 1	5	DNA Addition 1	1	Completed: Begin task group	7_AMPureXP_TruSeqPCRFree_DNArunset_v1.0	C:\VWorks Workspace\Protocol Files\TruSeqPCRFree\7_AMPureXP_TruSeqPCRFree_DNArunset_v1.0.pro	1	
10-Jan-18 1:38:37 PM	Event	Bravo - 1	7	DNA Addition 1	1	Completed: Begin task group	7_AMPureXP_TruSeqPCRFree_DNArunset_v1.0	C:\VWorks Workspace\Protocol Files\TruSeqPCRFree\7_AMPureXP_TruSeqPCRFree_DNArunset_v1.0.pro	1	
10-Jan-18 1:38:37 PM	Event	Bravo - 1	8	DNA Addition 1	1	Completed: Begin task group	7_AMPureXP_TruSeqPCRFree_DNArunset_v1.0	C:\VWorks Workspace\Protocol Files\TruSeqPCRFree\7_AMPureXP_TruSeqPCRFree_DNArunset_v1.0.pro	1	
10-Jan-18 1:38:37 PM	Event	Bravo - 1	2	DNA Addition 1	1	Completed: Begin task group	7_AMPureXP_TruSeqPCRFree_DNArunset_v1.0	C:\VWorks Workspace\Protocol Files\TruSeqPCRFree\7_AMPureXP_TruSeqPCRFree_DNArunset_v1.0.pro	1	
10-Jan-18 1:38:37 PM	Event			SPRI reservoir 1		Process finishing	7_AMPureXP_TruSeqPCRFree_DNArunset_v1.0	C:\VWorks Workspace\Protocol Files\TruSeqPCRFree\7_AMPureXP_TruSeqPCRFree_DNArunset_v1.0.pro	1	
10-Jan-18 1:38:38 PM	Script					The head mode is 3,3,8,12			1	
10-Jan-18 1:38:38 PM	Event	Bravo - 1	Default Location	DNA Addition 1	2	Set head mode to 8 rows: A-H, 12 columns: 1-12	7_AMPureXP_TruSeqPCRFree_DNArunset_v1.0	C:\VWorks Workspace\Protocol Files\TruSeqPCRFree\7_AMPureXP_TruSeqPCRFree_DNArunset_v1.0.pro	1	
10-Jan-18 1:38:38 PM	Event	Bravo - 1	Default Location	DNA Addition 1	2	Completed: Set head mode to 8 rows: A-H, 12 columns: 1-12	7_AMPureXP_TruSeqPCRFree_DNArunset_v1.0	C:\VWorks Workspace\Protocol Files\TruSeqPCRFree\7_AMPureXP_TruSeqPCRFree_DNArunset_v1.0.pro	1	
10-Jan-18 1:38:38 PM	Script					The number of columns taken from the new tip box is 12 columns.			1	
10-Jan-18 1:38:38 PM	Event			DNA Addition 1	4	JavaScript	7_AMPureXP_TruSeqPCRFree_DNArunset_v1.0	C:\VWorks Workspace\Protocol Files\TruSeqPCRFree\7_AMPureXP_TruSeqPCRFree_DNArunset_v1.0.pro	1	
10-Jan-18 1:38:38 PM	Event			DNA Addition 1	4	Completed: JavaScript	7_AMPureXP_TruSeqPCRFree_DNArunset_v1.0	C:\VWorks Workspace\Protocol Files\TruSeqPCRFree\7_AMPureXP_TruSeqPCRFree_DNArunset_v1.0.pro	1	
10-Jan-18 1:38:38 PM	Script					adding 55			1	
10-Jan-18 1:38:38 PM	Event	Bravo - 1	7	DNA Addition 1	5	Aspirate 55 킠 (pre-aspirate 2 킠) in 1 selection(s) from DNA plate 1 at Location 7	7_AMPureXP_TruSeqPCRFree_DNArunset_v1.0	C:\VWorks Workspace\Protocol Files\TruSeqPCRFree\7_AMPureXP_TruSeqPCRFree_DNArunset_v1.0.pro	1	
10-Jan-18 1:38:48 PM	Event	Bravo - 1	7	DNA Addition 1	5	Completed: Aspirate 55 킠 (pre-aspirate 2 킠) in 1 selection(s) from DNA plate 1 at Location 7	7_AMPureXP_TruSeqPCRFree_DNArunset_v1.0	C:\VWorks Workspace\Protocol Files\TruSeqPCRFree\7_AMPureXP_TruSeqPCRFree_DNArunset_v1.0.pro	1	
10-Jan-18 1:38:48 PM	Event	Bravo - 1	5	DNA Addition 1	6	Dispense 55 킠 in 1 selection(s) to AMPure XP Cleanup 1 1 at Location 5	7_AMPureXP_TruSeqPCRFree_DNArunset_v1.0	C:\VWorks Workspace\Protocol Files\TruSeqPCRFree\7_AMPureXP_TruSeqPCRFree_DNArunset_v1.0.pro	1	
10-Jan-18 1:38:54 PM	Info					Pause protocol			1	
10-Jan-18 1:38:54 PM	Event					Scheduler stopped			1	
10-Jan-18 1:38:59 PM	Event	Bravo - 1	5	DNA Addition 1	6	Completed: Dispense 55 킠 in 1 selection(s) to AMPure XP Cleanup 1 1 at Location 5	7_AMPureXP_TruSeqPCRFree_DNArunset_v1.0	C:\VWorks Workspace\Protocol Files\TruSeqPCRFree\7_AMPureXP_TruSeqPCRFree_DNArunset_v1.0.pro	1	
10-Jan-18 1:39:19 PM	Script					var plate_type = "96 ABI PCR half skirt in black carrier";		C:\VWorks Workspace\Forms\SCELSE\Working Program\TruSeqPCRFree_Nano.VWForm	1	
10-Jan-18 1:39:19 PM	Script					var DNA_source = 0;		C:\VWorks Workspace\Forms\SCELSE\Working Program\TruSeqPCRFree_Nano.VWForm	1	
10-Jan-18 1:39:19 PM	Script					var protocol_testing = 0;		C:\VWorks Workspace\Forms\SCELSE\Working Program\TruSeqPCRFree_Nano.VWForm	1	
10-Jan-18 1:39:19 PM	Script					var BasePair = 50;		C:\VWorks Workspace\Forms\SCELSE\Working Program\TruSeqPCRFree_Nano.VWForm	1	
10-Jan-18 1:39:19 PM	Script					var formProtocolName = "TruSeqPCRFree_Nano_runset.rst";		C:\VWorks Workspace\Forms\SCELSE\Working Program\TruSeqPCRFree_Nano.VWForm	1	
10-Jan-18 1:39:19 PM	Script					var columns_samples = 12;		C:\VWorks Workspace\Forms\SCELSE\Working Program\TruSeqPCRFree_Nano.VWForm	1	
10-Jan-18 1:39:19 PM	Event					Scheduler started			1	
10-Jan-18 1:39:19 PM	Event	Bravo - 1	5	DNA Addition 1	7	Aspirate 12 킠 in 1 selection(s) from AMPure XP Cleanup 1 1	7_AMPureXP_TruSeqPCRFree_DNArunset_v1.0	C:\VWorks Workspace\Protocol Files\TruSeqPCRFree\7_AMPureXP_TruSeqPCRFree_DNArunset_v1.0.pro	1	
10-Jan-18 1:39:23 PM	Event	Bravo - 1	5	DNA Addition 1	7	Completed: Aspirate 12 킠 in 1 selection(s) from AMPure XP Cleanup 1 1	7_AMPureXP_TruSeqPCRFree_DNArunset_v1.0	C:\VWorks Workspace\Protocol Files\TruSeqPCRFree\7_AMPureXP_TruSeqPCRFree_DNArunset_v1.0.pro	1	
10-Jan-18 1:39:23 PM	Event	Bravo - 1	5	DNA Addition 1	8	Shake from AMPure XP Cleanup 1 1 at Location 5	7_AMPureXP_TruSeqPCRFree_DNArunset_v1.0	C:\VWorks Workspace\Protocol Files\TruSeqPCRFree\7_AMPureXP_TruSeqPCRFree_DNArunset_v1.0.pro	1	
10-Jan-18 1:39:24 PM	Event	Bravo - 1	5	DNA Addition 1	8	Completed: Shake from AMPure XP Cleanup 1 1 at Location 5	7_AMPureXP_TruSeqPCRFree_DNArunset_v1.0	C:\VWorks Workspace\Protocol Files\TruSeqPCRFree\7_AMPureXP_TruSeqPCRFree_DNArunset_v1.0.pro	1	
10-Jan-18 1:39:24 PM	Script					Mixing DNA and beads with volume 90			1	
10-Jan-18 1:39:24 PM	Event	Bravo - 1	5	DNA Addition 1	9	Mix 90 킠 in 1 selection(s) from AMPure XP Cleanup 1 1 at Location 5	7_AMPureXP_TruSeqPCRFree_DNArunset_v1.0	C:\VWorks Workspace\Protocol Files\TruSeqPCRFree\7_AMPureXP_TruSeqPCRFree_DNArunset_v1.0.pro	1	
10-Jan-18 1:39:24 PM	Info	Bravo - 1				The following liquid class settings will be replaced with the maximum allowable values:			1	
10-Jan-18 1:39:24 PM	Info	Bravo - 1				Aspirate acceleration into wells [maximum value: 375]			1	
10-Jan-18 1:39:24 PM	Info	Bravo - 1				Dispense acceleration into wells [maximum value: 375]			1	
10-Jan-18 1:39:24 PM	Info	Bravo - 1				Dispense acceleration out of wells [maximum value: 375]			1	
10-Jan-18 1:40:26 PM	Event	Bravo - 1	5	DNA Addition 1	9	Completed: Mix 90 킠 in 1 selection(s) from AMPure XP Cleanup 1 1 at Location 5	7_AMPureXP_TruSeqPCRFree_DNArunset_v1.0	C:\VWorks Workspace\Protocol Files\TruSeqPCRFree\7_AMPureXP_TruSeqPCRFree_DNArunset_v1.0.pro	1	
10-Jan-18 1:40:26 PM	Event	Bravo - 1	5	DNA Addition 1	10	Shake from AMPure XP Cleanup 1 1 at Location 5	7_AMPureXP_TruSeqPCRFree_DNArunset_v1.0	C:\VWorks Workspace\Protocol Files\TruSeqPCRFree\7_AMPureXP_TruSeqPCRFree_DNArunset_v1.0.pro	1	
10-Jan-18 1:40:28 PM	Event	Bravo - 1	5	DNA Addition 1	10	Completed: Shake from AMPure XP Cleanup 1 1 at Location 5	7_AMPureXP_TruSeqPCRFree_DNArunset_v1.0	C:\VWorks Workspace\Protocol Files\TruSeqPCRFree\7_AMPureXP_TruSeqPCRFree_DNArunset_v1.0.pro	1	
10-Jan-18 1:40:28 PM	Event	Bravo - 1	5	DNA Addition 1	11	Dispense 12.16071429 킠 in 1 selection(s) to AMPure XP Cleanup 1 1	7_AMPureXP_TruSeqPCRFree_DNArunset_v1.0	C:\VWorks Workspace\Protocol Files\TruSeqPCRFree\7_AMPureXP_TruSeqPCRFree_DNArunset_v1.0.pro	1	
10-Jan-18 1:40:28 PM	Info	Bravo - 1				The following liquid class settings will be replaced with the maximum allowable values:			1	
10-Jan-18 1:40:28 PM	Info	Bravo - 1				Aspirate acceleration into wells [maximum value: 375]			1	
10-Jan-18 1:40:28 PM	Info	Bravo - 1				Dispense acceleration into wells [maximum value: 375]			1	
10-Jan-18 1:40:35 PM	Event	Bravo - 1	5	DNA Addition 1	11	Completed: Dispense 12.16071429 킠 in 1 selection(s) to AMPure XP Cleanup 1 1	7_AMPureXP_TruSeqPCRFree_DNArunset_v1.0	C:\VWorks Workspace\Protocol Files\TruSeqPCRFree\7_AMPureXP_TruSeqPCRFree_DNArunset_v1.0.pro	1	
10-Jan-18 1:40:35 PM	Script					Taking tips off at 1,1			1	
10-Jan-18 1:40:35 PM	Event	Bravo - 1	8	DNA Addition 1	12	Tips Off in 1 selection(s) from emptytips3 1 at Location 8	7_AMPureXP_TruSeqPCRFree_DNArunset_v1.0	C:\VWorks Workspace\Protocol Files\TruSeqPCRFree\7_AMPureXP_TruSeqPCRFree_DNArunset_v1.0.pro	1	
10-Jan-18 1:40:43 PM	Event	Bravo - 1	8	DNA Addition 1	12	Completed: Tips Off in 1 selection(s) from emptytips3 1 at Location 8	7_AMPureXP_TruSeqPCRFree_DNArunset_v1.0	C:\VWorks Workspace\Protocol Files\TruSeqPCRFree\7_AMPureXP_TruSeqPCRFree_DNArunset_v1.0.pro	1	
10-Jan-18 1:40:43 PM	Script					The number of columns placed in the used tip box is 12 columns.			1	
10-Jan-18 1:40:43 PM	Event			DNA Addition 1	13	JavaScript	7_AMPureXP_TruSeqPCRFree_DNArunset_v1.0	C:\VWorks Workspace\Protocol Files\TruSeqPCRFree\7_AMPureXP_TruSeqPCRFree_DNArunset_v1.0.pro	1	
10-Jan-18 1:40:43 PM	Event			DNA Addition 1	13	Completed: JavaScript	7_AMPureXP_TruSeqPCRFree_DNArunset_v1.0	C:\VWorks Workspace\Protocol Files\TruSeqPCRFree\7_AMPureXP_TruSeqPCRFree_DNArunset_v1.0.pro	1	
10-Jan-18 1:40:43 PM	Event			DNA Addition 1	14	End task group	7_AMPureXP_TruSeqPCRFree_DNArunset_v1.0	C:\VWorks Workspace\Protocol Files\TruSeqPCRFree\7_AMPureXP_TruSeqPCRFree_DNArunset_v1.0.pro	1	
10-Jan-18 1:40:43 PM	Event			DNA Addition 1	14	Completed: End task group	7_AMPureXP_TruSeqPCRFree_DNArunset_v1.0	C:\VWorks Workspace\Protocol Files\TruSeqPCRFree\7_AMPureXP_TruSeqPCRFree_DNArunset_v1.0.pro	1	
10-Jan-18 1:40:43 PM	Event			DNA Addition 1		Process finishing	7_AMPureXP_TruSeqPCRFree_DNArunset_v1.0	C:\VWorks Workspace\Protocol Files\TruSeqPCRFree\7_AMPureXP_TruSeqPCRFree_DNArunset_v1.0.pro	1	
10-Jan-18 1:40:43 PM	Event	Bravo - 1	5	AMPure XP Cleanup 1 1	8	Incubate for 5 minutes	7_AMPureXP_TruSeqPCRFree_DNArunset_v1.0	C:\VWorks Workspace\Protocol Files\TruSeqPCRFree\7_AMPureXP_TruSeqPCRFree_DNArunset_v1.0.pro	1	
10-Jan-18 1:40:43 PM	Script					Loading plate into 			1	
10-Jan-18 1:40:43 PM	Event	Agilent Labware MiniHub - 1	Cassette 3, slot 4	DNA plate 1	3	Load into plate storage device	7_AMPureXP_TruSeqPCRFree_DNArunset_v1.0	C:\VWorks Workspace\Protocol Files\TruSeqPCRFree\7_AMPureXP_TruSeqPCRFree_DNArunset_v1.0.pro	1	
10-Jan-18 1:40:43 PM	Event	Bravo - 1		DNA plate 1		Move plate from Bravo - 1 7, teachpoint 7 to Bravo - 1 3, teachpoint 3			1	
10-Jan-18 1:40:47 PM	Error	Bravo - 1	Default Location	DNA plate 1		Cannot pick since no plate was detected at location 7	7_AMPureXP_TruSeqPCRFree_DNArunset_v1.0	C:\VWorks Workspace\Protocol Files\TruSeqPCRFree\7_AMPureXP_TruSeqPCRFree_DNArunset_v1.0.pro	1	
10-Jan-18 1:40:47 PM	Info					Error library: Select best match error handler: "Default" and action type "show error dialog"			1	
10-Jan-18 1:40:53 PM	Info	Bravo - 1	Default Location			Aborting on: Cannot pick since no plate was detected at location 7			1	
10-Jan-18 1:40:53 PM	Event					Scheduler stopped			1	
10-Jan-18 1:40:53 PM	Event	Bravo - 1		DNA plate 1		Finished moving plate from Bravo - 1 7, teachpoint 7 to Bravo - 1 3, teachpoint 3			1	
10-Jan-18 1:40:57 PM	Event					Scheduler aborted			1	
10-Jan-18 1:40:57 PM	Event	Agilent Labware MiniHub - 1	Cassette 3, slot 4	DNA plate 1	3	Completed: Load into plate storage device	7_AMPureXP_TruSeqPCRFree_DNArunset_v1.0	C:\VWorks Workspace\Protocol Files\TruSeqPCRFree\7_AMPureXP_TruSeqPCRFree_DNArunset_v1.0.pro	1	
10-Jan-18 1:40:57 PM	Event	Bravo - 1	5	AMPure XP Cleanup 1 1	8	Completed: Incubate for 5 minutes	7_AMPureXP_TruSeqPCRFree_DNArunset_v1.0	C:\VWorks Workspace\Protocol Files\TruSeqPCRFree\7_AMPureXP_TruSeqPCRFree_DNArunset_v1.0.pro	1	
10-Jan-18 1:40:58 PM	Event					Main protocol aborted by user	7_AMPureXP_TruSeqPCRFree_DNArunset_v1.0	C:\VWorks Workspace\Protocol Files\TruSeqPCRFree\7_AMPureXP_TruSeqPCRFree_DNArunset_v1.0.pro	1	
10-Jan-18 1:40:59 PM	Event			AMPure XP Cleanup 1 1		Process finishing	7_AMPureXP_TruSeqPCRFree_DNArunset_v1.0	C:\VWorks Workspace\Protocol Files\TruSeqPCRFree\7_AMPureXP_TruSeqPCRFree_DNArunset_v1.0.pro	1	
10-Jan-18 1:40:59 PM	Event			DNA plate 1		Process finishing	7_AMPureXP_TruSeqPCRFree_DNArunset_v1.0	C:\VWorks Workspace\Protocol Files\TruSeqPCRFree\7_AMPureXP_TruSeqPCRFree_DNArunset_v1.0.pro	1	
10-Jan-18 1:40:59 PM	Event			emptytips3 1		Process finishing	7_AMPureXP_TruSeqPCRFree_DNArunset_v1.0	C:\VWorks Workspace\Protocol Files\TruSeqPCRFree\7_AMPureXP_TruSeqPCRFree_DNArunset_v1.0.pro	1	
10-Jan-18 1:40:59 PM	Event			tips3 1		Process finishing	7_AMPureXP_TruSeqPCRFree_DNArunset_v1.0	C:\VWorks Workspace\Protocol Files\TruSeqPCRFree\7_AMPureXP_TruSeqPCRFree_DNArunset_v1.0.pro	1	
10-Jan-18 1:40:59 PM	Event					Cleanup protocol starting	7_AMPureXP_TruSeqPCRFree_DNArunset_v1.0	C:\VWorks Workspace\Protocol Files\TruSeqPCRFree\7_AMPureXP_TruSeqPCRFree_DNArunset_v1.0.pro	1	
10-Jan-18 1:41:00 PM	Event					Main protocol aborted by user	7_AMPureXP_TruSeqPCRFree_DNArunset_v1.0	C:\VWorks Workspace\Protocol Files\TruSeqPCRFree\7_AMPureXP_TruSeqPCRFree_DNArunset_v1.0.pro	1	
10-Jan-18 1:41:00 PM	Event			tips3 1		Process finishing	7_AMPureXP_TruSeqPCRFree_DNArunset_v1.0	C:\VWorks Workspace\Protocol Files\TruSeqPCRFree\7_AMPureXP_TruSeqPCRFree_DNArunset_v1.0.pro	1	
10-Jan-18 1:41:00 PM	Event			AMPure XP Cleanup 1 1		Process finishing	7_AMPureXP_TruSeqPCRFree_DNArunset_v1.0	C:\VWorks Workspace\Protocol Files\TruSeqPCRFree\7_AMPureXP_TruSeqPCRFree_DNArunset_v1.0.pro	1	
10-Jan-18 1:41:00 PM	Event			DNA plate 1		Process finishing	7_AMPureXP_TruSeqPCRFree_DNArunset_v1.0	C:\VWorks Workspace\Protocol Files\TruSeqPCRFree\7_AMPureXP_TruSeqPCRFree_DNArunset_v1.0.pro	1	
10-Jan-18 1:41:00 PM	Event			emptytips3 1		Process finishing	7_AMPureXP_TruSeqPCRFree_DNArunset_v1.0	C:\VWorks Workspace\Protocol Files\TruSeqPCRFree\7_AMPureXP_TruSeqPCRFree_DNArunset_v1.0.pro	1	
10-Jan-18 2:11:50 PM	Info					administrator logged out. Session 1 closed			1	
10-Jan-18 3:11:31 PM	Info					administrator logged in			2	
10-Jan-18 3:11:34 PM	Info					File unloaded		C:\VWorks Workspace\Forms\SCELSE\Working Program\TruSeqPCRFree_Nano.VWForm	2	
10-Jan-18 3:11:34 PM	Info					File unloaded		C:\VWorks Workspace\Protocol Files\TruSeqPCRFree\7_AMPureXP_TruSeqPCRFree_DNArunset_v1.0.pro	2	
10-Jan-18 3:11:36 PM	Info	Agilent Labware MiniHub - 1				Closing device		C:\VWorks Workspace\Device Files\TruSeq\TruSeq RNA_DNA Sample Prep_v1.0\BravoMiniPHBenchCel_round_magnet_RED_insert.dev	2	
10-Jan-18 3:11:36 PM	Info	BenchCel - 1				Closing device		C:\VWorks Workspace\Device Files\TruSeq\TruSeq RNA_DNA Sample Prep_v1.0\BravoMiniPHBenchCel_round_magnet_RED_insert.dev	2	
10-Jan-18 3:11:36 PM	Info	Bravo - 1				Closing device		C:\VWorks Workspace\Device Files\TruSeq\TruSeq RNA_DNA Sample Prep_v1.0\BravoMiniPHBenchCel_round_magnet_RED_insert.dev	2	
10-Jan-18 3:11:36 PM	Info					File unloaded		C:\VWorks Workspace\Device Files\TruSeq\TruSeq RNA_DNA Sample Prep_v1.0\BravoMiniPHBenchCel_round_magnet_RED_insert.dev	2	
10-Jan-18 3:11:38 PM	Info					administrator logged out. Session 2 closed			2	
10-Jan-18 3:11:38 PM	Info					System Shutdown			0	
