04-Oct-17 9:23:18 AM	Event	1						Main protocol starting	C:\VWorks Workspace\Protocol Files\Accel_NGS_2S\1_RepairI_Accel_NGS_2S_DNA_v1.0.pro	
04-Oct-17 9:25:28 AM	Transfer	1	10	Master Mix Plate 1	Column 1	Reaction Plate 1	Column 1		C:\VWorks Workspace\Protocol Files\Accel_NGS_2S\1_RepairI_Accel_NGS_2S_DNA_v1.0.pro	
04-Oct-17 9:26:03 AM	Transfer	1	10	Master Mix Plate 1	Column 1	Reaction Plate 1	Column 2		C:\VWorks Workspace\Protocol Files\Accel_NGS_2S\1_RepairI_Accel_NGS_2S_DNA_v1.0.pro	
04-Oct-17 9:28:25 AM	Transfer	1	50	DNA Plate 1	A1	Reaction Plate 1	A1		C:\VWorks Workspace\Protocol Files\Accel_NGS_2S\1_RepairI_Accel_NGS_2S_DNA_v1.0.pro	
04-Oct-17 9:28:25 AM	Transfer	1	10	DNA Plate 1	A1	Reaction Plate 1	A1		C:\VWorks Workspace\Protocol Files\Accel_NGS_2S\1_RepairI_Accel_NGS_2S_DNA_v1.0.pro	
04-Oct-17 9:30:06 AM	Transfer	1	5	Reaction Plate 1	A1	Reaction Plate 1	A1		C:\VWorks Workspace\Protocol Files\Accel_NGS_2S\1_RepairI_Accel_NGS_2S_DNA_v1.0.pro	
04-Oct-17 9:31:11 AM	Event	1						Main protocol complete	C:\VWorks Workspace\Protocol Files\Accel_NGS_2S\1_RepairI_Accel_NGS_2S_DNA_v1.0.pro	
04-Oct-17 9:31:31 AM	Event	1						Main protocol starting	C:\VWorks Workspace\Protocol Files\Accel_NGS_2S\2b_CleanUp1_Accel_NGS_2S_DNA_v1.0.pro	
04-Oct-17 9:34:54 AM	Transfer	1	15	SPRI reservoir 1	A1	SPRI reservoir 1	A1		C:\VWorks Workspace\Protocol Files\Accel_NGS_2S\2b_CleanUp1_Accel_NGS_2S_DNA_v1.0.pro	
04-Oct-17 9:35:17 AM	Transfer	1	80	SPRI reservoir 1	A1	AMPure XP Cleanup 1 1	A1		C:\VWorks Workspace\Protocol Files\Accel_NGS_2S\2b_CleanUp1_Accel_NGS_2S_DNA_v1.0.pro	
04-Oct-17 9:35:17 AM	Transfer	1	4	SPRI reservoir 1	A1	AMPure XP Cleanup 1 1	A1		C:\VWorks Workspace\Protocol Files\Accel_NGS_2S\2b_CleanUp1_Accel_NGS_2S_DNA_v1.0.pro	
04-Oct-17 9:40:48 AM	Transfer	1	12	AMPure XP Cleanup 1 1	A1	AMPure XP Cleanup 1 1	A1		C:\VWorks Workspace\Protocol Files\Accel_NGS_2S\2b_CleanUp1_Accel_NGS_2S_DNA_v1.0.pro	
04-Oct-17 9:42:35 AM	Transfer	1	139	AMPure XP Cleanup 1 1	A1	1	A1		C:\VWorks Workspace\Protocol Files\Accel_NGS_2S\2b_CleanUp1_Accel_NGS_2S_DNA_v1.0.pro	
04-Oct-17 9:43:56 AM	Transfer	1	180	Ethanol Reservoir 1	A1	AMPure XP Cleanup 1 1	A1		C:\VWorks Workspace\Protocol Files\Accel_NGS_2S\2b_CleanUp1_Accel_NGS_2S_DNA_v1.0.pro	
04-Oct-17 9:45:06 AM	Transfer	1	183	AMPure XP Cleanup 1 1	A1	1	A1		C:\VWorks Workspace\Protocol Files\Accel_NGS_2S\2b_CleanUp1_Accel_NGS_2S_DNA_v1.0.pro	
04-Oct-17 9:45:56 AM	Transfer	1	175	Ethanol Reservoir 1	A1	AMPure XP Cleanup 1 1	A1		C:\VWorks Workspace\Protocol Files\Accel_NGS_2S\2b_CleanUp1_Accel_NGS_2S_DNA_v1.0.pro	
04-Oct-17 9:47:27 AM	Transfer	1	183.5	AMPure XP Cleanup 1 1	A1	1	A1		C:\VWorks Workspace\Protocol Files\Accel_NGS_2S\2b_CleanUp1_Accel_NGS_2S_DNA_v1.0.pro	
04-Oct-17 9:48:27 AM	Event	1						Main protocol complete	C:\VWorks Workspace\Protocol Files\Accel_NGS_2S\2b_CleanUp1_Accel_NGS_2S_DNA_v1.0.pro	
04-Oct-17 9:48:38 AM	Event	1						Main protocol starting	C:\VWorks Workspace\Protocol Files\Accel_NGS_2S\Scratch\InProgress3_Elution1_Accel_NGS_2S_DNA_v1.0.pro	
04-Oct-17 9:50:33 AM	Transfer	1	20	Elution Plate 1	A1	DNA Plate 1	A1		C:\VWorks Workspace\Protocol Files\Accel_NGS_2S\Scratch\InProgress3_Elution1_Accel_NGS_2S_DNA_v1.0.pro	
04-Oct-17 9:51:56 AM	Event	1						Main protocol complete	C:\VWorks Workspace\Protocol Files\Accel_NGS_2S\Scratch\InProgress3_Elution1_Accel_NGS_2S_DNA_v1.0.pro	
04-Oct-17 9:52:08 AM	Event	1						Main protocol starting	C:\VWorks Workspace\Protocol Files\Accel_NGS_2S\Scratch\InProgress3_Repair2_Accel_NGS_2S_DNA_v1.0.pro	
04-Oct-17 9:53:57 AM	Transfer	1	30	Master Mix Plate 1	Column 2	Reaction Plate 1	Column 1		C:\VWorks Workspace\Protocol Files\Accel_NGS_2S\Scratch\InProgress3_Repair2_Accel_NGS_2S_DNA_v1.0.pro	
04-Oct-17 9:54:24 AM	Transfer	1	30	Master Mix Plate 1	Column 2	Reaction Plate 1	Column 2		C:\VWorks Workspace\Protocol Files\Accel_NGS_2S\Scratch\InProgress3_Repair2_Accel_NGS_2S_DNA_v1.0.pro	
04-Oct-17 9:56:40 AM	Transfer	1	32	Reaction Plate 1	A1	DNA Plate 1	A1		C:\VWorks Workspace\Protocol Files\Accel_NGS_2S\Scratch\InProgress3_Repair2_Accel_NGS_2S_DNA_v1.0.pro	
04-Oct-17 9:59:21 AM	Event	1						Main protocol complete	C:\VWorks Workspace\Protocol Files\Accel_NGS_2S\Scratch\InProgress3_Repair2_Accel_NGS_2S_DNA_v1.0.pro	
04-Oct-17 9:59:39 AM	Event	1						Main protocol starting	C:\VWorks Workspace\Protocol Files\Accel_NGS_2S\4_CleanUp2_Accel_NGS_2S_DNA_v1.0.pro	
04-Oct-17 10:00:35 AM	Transfer	1	60	PEGNaCl reservoir 1	A1	AMPure XP Cleanup 1 1	A1		C:\VWorks Workspace\Protocol Files\Accel_NGS_2S\4_CleanUp2_Accel_NGS_2S_DNA_v1.0.pro	
04-Oct-17 10:06:40 AM	Transfer	1	12	AMPure XP Cleanup 1 1	A1	AMPure XP Cleanup 1 1	A1		C:\VWorks Workspace\Protocol Files\Accel_NGS_2S\4_CleanUp2_Accel_NGS_2S_DNA_v1.0.pro	
04-Oct-17 10:08:19 AM	Transfer	1	105	AMPure XP Cleanup 1 1	A1	1	A1		C:\VWorks Workspace\Protocol Files\Accel_NGS_2S\4_CleanUp2_Accel_NGS_2S_DNA_v1.0.pro	
04-Oct-17 10:09:39 AM	Transfer	1	180	Ethanol Reservoir 1	A1	AMPure XP Cleanup 1 1	A1		C:\VWorks Workspace\Protocol Files\Accel_NGS_2S\4_CleanUp2_Accel_NGS_2S_DNA_v1.0.pro	
04-Oct-17 10:10:48 AM	Transfer	1	183	AMPure XP Cleanup 1 1	A1	1	A1		C:\VWorks Workspace\Protocol Files\Accel_NGS_2S\4_CleanUp2_Accel_NGS_2S_DNA_v1.0.pro	
04-Oct-17 10:11:37 AM	Transfer	1	175	Ethanol Reservoir 1	A1	AMPure XP Cleanup 1 1	A1		C:\VWorks Workspace\Protocol Files\Accel_NGS_2S\4_CleanUp2_Accel_NGS_2S_DNA_v1.0.pro	
04-Oct-17 10:13:08 AM	Transfer	1	183.5	AMPure XP Cleanup 1 1	A1	1	A1		C:\VWorks Workspace\Protocol Files\Accel_NGS_2S\4_CleanUp2_Accel_NGS_2S_DNA_v1.0.pro	
04-Oct-17 10:14:18 AM	Event	1						Main protocol complete	C:\VWorks Workspace\Protocol Files\Accel_NGS_2S\4_CleanUp2_Accel_NGS_2S_DNA_v1.0.pro	
04-Oct-17 10:14:39 AM	Event	1						Main protocol starting	C:\VWorks Workspace\Protocol Files\Accel_NGS_2S\Scratch\InProgress5b_Elution2_Accel_NGS_2S_DNA_v1.0.pro	
04-Oct-17 10:16:27 AM	Transfer	1	10	Elution Plate 1	A1	DNA Plate 1	A1		C:\VWorks Workspace\Protocol Files\Accel_NGS_2S\Scratch\InProgress5b_Elution2_Accel_NGS_2S_DNA_v1.0.pro	
04-Oct-17 10:17:51 AM	Event	1						Main protocol complete	C:\VWorks Workspace\Protocol Files\Accel_NGS_2S\Scratch\InProgress5b_Elution2_Accel_NGS_2S_DNA_v1.0.pro	
04-Oct-17 10:18:20 AM	Event	1						Main protocol starting	C:\VWorks Workspace\Protocol Files\Accel_NGS_2S\Scratch\InProgress5b_Ligation1_Accel_NGS_2S_DNA_v1.0.pro	
04-Oct-17 10:20:42 AM	Transfer	1	15	Master Mix Plate 1	Column 3	Reaction Plate 1	Column 1		C:\VWorks Workspace\Protocol Files\Accel_NGS_2S\Scratch\InProgress5b_Ligation1_Accel_NGS_2S_DNA_v1.0.pro	
04-Oct-17 10:21:07 AM	Transfer	1	15	Master Mix Plate 1	Column 3	Reaction Plate 1	Column 2		C:\VWorks Workspace\Protocol Files\Accel_NGS_2S\Scratch\InProgress5b_Ligation1_Accel_NGS_2S_DNA_v1.0.pro	
04-Oct-17 10:23:35 AM	Transfer	1	7	Index Plate 1	A1	DNA Plate 1	A1		C:\VWorks Workspace\Protocol Files\Accel_NGS_2S\Scratch\InProgress5b_Ligation1_Accel_NGS_2S_DNA_v1.0.pro	
04-Oct-17 10:23:35 AM	Transfer	1	17	Reaction Plate 1	A1	DNA Plate 1	A1		C:\VWorks Workspace\Protocol Files\Accel_NGS_2S\Scratch\InProgress5b_Ligation1_Accel_NGS_2S_DNA_v1.0.pro	
04-Oct-17 10:25:11 AM	Transfer	1	2	Reaction Plate 1	A1	DNA Plate 1	A1		C:\VWorks Workspace\Protocol Files\Accel_NGS_2S\Scratch\InProgress5b_Ligation1_Accel_NGS_2S_DNA_v1.0.pro	
04-Oct-17 10:26:52 AM	Event	1						Main protocol complete	C:\VWorks Workspace\Protocol Files\Accel_NGS_2S\Scratch\InProgress5b_Ligation1_Accel_NGS_2S_DNA_v1.0.pro	
04-Oct-17 10:27:09 AM	Event	1						Main protocol starting	C:\VWorks Workspace\Protocol Files\Accel_NGS_2S\6_CleanUp3_Accel_NGS_2S_DNA_v1.0.pro	
04-Oct-17 10:28:02 AM	Transfer	1	25.5	PEGNaCl reservoir 1	A1	AMPure XP Cleanup 1 1	A1		C:\VWorks Workspace\Protocol Files\Accel_NGS_2S\6_CleanUp3_Accel_NGS_2S_DNA_v1.0.pro	
04-Oct-17 10:33:51 AM	Transfer	1	12	AMPure XP Cleanup 1 1	A1	AMPure XP Cleanup 1 1	A1		C:\VWorks Workspace\Protocol Files\Accel_NGS_2S\6_CleanUp3_Accel_NGS_2S_DNA_v1.0.pro	
04-Oct-17 10:35:18 AM	Transfer	1	50.5	AMPure XP Cleanup 1 1	A1	1	A1		C:\VWorks Workspace\Protocol Files\Accel_NGS_2S\6_CleanUp3_Accel_NGS_2S_DNA_v1.0.pro	
04-Oct-17 10:36:37 AM	Transfer	1	180	Ethanol Reservoir 1	A1	AMPure XP Cleanup 1 1	A1		C:\VWorks Workspace\Protocol Files\Accel_NGS_2S\6_CleanUp3_Accel_NGS_2S_DNA_v1.0.pro	
04-Oct-17 10:37:47 AM	Transfer	1	183	AMPure XP Cleanup 1 1	A1	1	A1		C:\VWorks Workspace\Protocol Files\Accel_NGS_2S\6_CleanUp3_Accel_NGS_2S_DNA_v1.0.pro	
04-Oct-17 10:38:36 AM	Transfer	1	175	Ethanol Reservoir 1	A1	AMPure XP Cleanup 1 1	A1		C:\VWorks Workspace\Protocol Files\Accel_NGS_2S\6_CleanUp3_Accel_NGS_2S_DNA_v1.0.pro	
04-Oct-17 10:40:06 AM	Transfer	1	183.5	AMPure XP Cleanup 1 1	A1	1	A1		C:\VWorks Workspace\Protocol Files\Accel_NGS_2S\6_CleanUp3_Accel_NGS_2S_DNA_v1.0.pro	
04-Oct-17 10:41:16 AM	Event	1						Main protocol complete	C:\VWorks Workspace\Protocol Files\Accel_NGS_2S\6_CleanUp3_Accel_NGS_2S_DNA_v1.0.pro	
04-Oct-17 10:41:26 AM	Event	1						Main protocol starting	C:\VWorks Workspace\Protocol Files\Accel_NGS_2S\Scratch\InProgress7_Elution3_Accel_NGS_2S_DNA_v1.0.pro	
04-Oct-17 10:43:18 AM	Transfer	1	20	Elution Plate 1	A1	DNA Plate 1	A1		C:\VWorks Workspace\Protocol Files\Accel_NGS_2S\Scratch\InProgress7_Elution3_Accel_NGS_2S_DNA_v1.0.pro	
04-Oct-17 10:45:02 AM	Event	1						Main protocol complete	C:\VWorks Workspace\Protocol Files\Accel_NGS_2S\Scratch\InProgress7_Elution3_Accel_NGS_2S_DNA_v1.0.pro	
04-Oct-17 10:45:14 AM	Event	1						Main protocol starting	C:\VWorks Workspace\Protocol Files\Accel_NGS_2S\Scratch\InProgress7_Ligation2_Accel_NGS_2S_DNA_v1.0.pro	
04-Oct-17 10:47:10 AM	Transfer	1	30	Master Mix Plate 1	Column 4	Reaction Plate 1	Column 1		C:\VWorks Workspace\Protocol Files\Accel_NGS_2S\Scratch\InProgress7_Ligation2_Accel_NGS_2S_DNA_v1.0.pro	
04-Oct-17 10:47:37 AM	Transfer	1	30	Master Mix Plate 1	Column 4	Reaction Plate 1	Column 2		C:\VWorks Workspace\Protocol Files\Accel_NGS_2S\Scratch\InProgress7_Ligation2_Accel_NGS_2S_DNA_v1.0.pro	
04-Oct-17 10:49:50 AM	Transfer	1	32	Reaction Plate 1	A1	DNA Plate 1	A1		C:\VWorks Workspace\Protocol Files\Accel_NGS_2S\Scratch\InProgress7_Ligation2_Accel_NGS_2S_DNA_v1.0.pro	
04-Oct-17 10:52:23 AM	Event	1						Main protocol complete	C:\VWorks Workspace\Protocol Files\Accel_NGS_2S\Scratch\InProgress7_Ligation2_Accel_NGS_2S_DNA_v1.0.pro	
04-Oct-17 10:52:48 AM	Event	1						Main protocol starting	C:\VWorks Workspace\Protocol Files\Accel_NGS_2S\8_CleanUp4_Accel_NGS_2S_DNA_v1.0.pro	
04-Oct-17 10:53:39 AM	Transfer	1	42.5	PEGNaCl reservoir 1	A1	AMPure XP Cleanup 1 1	A1		C:\VWorks Workspace\Protocol Files\Accel_NGS_2S\8_CleanUp4_Accel_NGS_2S_DNA_v1.0.pro	
04-Oct-17 11:00:40 AM	Transfer	1	12	AMPure XP Cleanup 1 1	A1	AMPure XP Cleanup 1 1	A1		C:\VWorks Workspace\Protocol Files\Accel_NGS_2S\8_CleanUp4_Accel_NGS_2S_DNA_v1.0.pro	
04-Oct-17 11:02:15 AM	Transfer	1	87.5	AMPure XP Cleanup 1 1	A1	1	A1		C:\VWorks Workspace\Protocol Files\Accel_NGS_2S\8_CleanUp4_Accel_NGS_2S_DNA_v1.0.pro	
04-Oct-17 11:03:36 AM	Transfer	1	180	Ethanol Reservoir 1	A1	AMPure XP Cleanup 1 1	A1		C:\VWorks Workspace\Protocol Files\Accel_NGS_2S\8_CleanUp4_Accel_NGS_2S_DNA_v1.0.pro	
04-Oct-17 11:04:45 AM	Transfer	1	183	AMPure XP Cleanup 1 1	A1	1	A1		C:\VWorks Workspace\Protocol Files\Accel_NGS_2S\8_CleanUp4_Accel_NGS_2S_DNA_v1.0.pro	
04-Oct-17 11:05:36 AM	Transfer	1	175	Ethanol Reservoir 1	A1	AMPure XP Cleanup 1 1	A1		C:\VWorks Workspace\Protocol Files\Accel_NGS_2S\8_CleanUp4_Accel_NGS_2S_DNA_v1.0.pro	
04-Oct-17 11:07:07 AM	Transfer	1	183.5	AMPure XP Cleanup 1 1	A1	1	A1		C:\VWorks Workspace\Protocol Files\Accel_NGS_2S\8_CleanUp4_Accel_NGS_2S_DNA_v1.0.pro	
04-Oct-17 11:08:16 AM	Transfer	1	22.5	Resuspension Buffer 1	A1	AMPure XP Cleanup 1 1	A1		C:\VWorks Workspace\Protocol Files\Accel_NGS_2S\8_CleanUp4_Accel_NGS_2S_DNA_v1.0.pro	
04-Oct-17 11:12:12 AM	Transfer	1	20	AMPure XP Cleanup 1 1	A1	Sample Collection Plate 1	A1		C:\VWorks Workspace\Protocol Files\Accel_NGS_2S\8_CleanUp4_Accel_NGS_2S_DNA_v1.0.pro	
04-Oct-17 11:13:11 AM	Event	1						Main protocol complete	C:\VWorks Workspace\Protocol Files\Accel_NGS_2S\8_CleanUp4_Accel_NGS_2S_DNA_v1.0.pro	
