23-Feb-18 2:57:36 PM	Info					Simulation mode toggled on			0	
23-Feb-18 2:57:36 PM	Info					Error library: The error library file path is empty.			0	
23-Feb-18 2:57:36 PM	Info					System Startup			0	
23-Feb-18 2:57:37 PM	Info	AccessoriesWizard				Dll loaded:    AccessoriesWizard.dll    6.0.0			0	
23-Feb-18 2:57:37 PM	Info	AccessoryManager				Dll loaded:    AccessoryManager.dll    2.0.0			0	
23-Feb-18 2:57:37 PM	Info	AgilentBenchBotController				Dll loaded:    AgilentBenchBotController.dll    1.21.4226			0	
23-Feb-18 2:57:37 PM	Info	ArgonShelfAccessoryDriver				Dll loaded:    ArgonShelfAccessoryDriver.dll    2.0.1			0	
23-Feb-18 2:57:37 PM	Info	BTILHCRunner				Dll loaded:    BTILHCRunner.dll    2.00.2			0	
23-Feb-18 2:57:37 PM	Info	ContextHelp				Dll loaded:    ContextHelp.dll    3.0.0			0	
23-Feb-18 2:57:37 PM	Info	DDRStringTable				Dll loaded:    DDRStringTable.dll    1.2.14			0	
23-Feb-18 2:57:37 PM	Info	DeviceEnumerator				Dll loaded:    DeviceEnumerator.dll    9.0.0			0	
23-Feb-18 2:57:37 PM	Info	EchoAppHelper				Dll loaded:    EchoAppHelper.dll    1.0.0			0	
23-Feb-18 2:57:37 PM	Info	ErrorLibrary				Dll loaded:    ErrorLibrary.dll    2.0.1			0	
23-Feb-18 2:57:37 PM	Info	EvaporatorAccessoryDriver				Dll loaded:    EvaporatorAccessoryDriver.dll    9.0.0			0	
23-Feb-18 2:57:37 PM	Info	GuidanceDiscovery				Dll loaded:    GuidanceDiscovery.dll    2.0.0			0	
23-Feb-18 2:57:37 PM	Info	Host				Dll loaded:    Host.dll    1.0.4226			0	
23-Feb-18 2:57:37 PM	Info	ImportExport				Dll loaded:    ImportExport.dll    2.0.0			0	
23-Feb-18 2:57:37 PM	Info	InhecoMTCdll				Dll loaded:    InhecoMTCdll.dll    1.2.4			0	
23-Feb-18 2:57:37 PM	Info	InhecoShakeandHeatAccessoryDriver				Dll loaded:    InhecoShakeandHeatAccessoryDriver.dll    1.0.0			0	
23-Feb-18 2:57:37 PM	Info	IWorksAccessory				Dll loaded:    IWorksAccessory.dll    8.0.1			0	
23-Feb-18 2:57:37 PM	Info	js32				Dll loaded:    js32.dll    Unknown.0.0			0	
23-Feb-18 2:57:37 PM	Info	LabelDesigner				Dll loaded:    LabelDesigner.dll    5.0.7			0	
23-Feb-18 2:57:37 PM	Info	LabelerHardware				Dll loaded:    LabelerHardware.dll    14.0.23			0	
23-Feb-18 2:57:37 PM	Info	libnspr4				Dll loaded:    libnspr4.dll    4.1.0			0	
23-Feb-18 2:57:38 PM	Info	LidHotelAccessoryDriver				Dll loaded:    LidHotelAccessoryDriver.dll    8.0.0			0	
23-Feb-18 2:57:38 PM	Info	lm				Dll loaded:    lm.dll    3.0.0			0	
23-Feb-18 2:57:38 PM	Info	Loader				Dll loaded:    Loader.dll    1.0.4226			0	
23-Feb-18 2:57:38 PM	Info	MagBeadAccessoryDriver				Dll loaded:    MagBeadAccessoryDriver.dll    8.0.0			0	
23-Feb-18 2:57:38 PM	Info	MetaDataPropertyManager				Dll loaded:    MetaDataPropertyManager.dll    13.0.0			0	
23-Feb-18 2:57:38 PM	Info	mfc71				Dll loaded:    mfc71.dll    7.10.3077			0	
23-Feb-18 2:57:38 PM	Info	mfc71u				Dll loaded:    mfc71u.dll    7.10.3077			0	
23-Feb-18 2:57:38 PM	Info	MicroPierceInterface				Dll loaded:    MicroPierceInterface.dll    1.0.0			0	
23-Feb-18 2:57:38 PM	Info	MicroPierceWrapper				Dll loaded:    MicroPierceWrapper.dll    1.0.0			0	
23-Feb-18 2:57:38 PM	Info	MicroStirInterface				Dll loaded:    MicroStirInterface.dll    1.0.0			0	
23-Feb-18 2:57:38 PM	Info	MicroStirWrapper				Dll loaded:    MicroStirWrapper.dll    1.0.0			0	
23-Feb-18 2:57:38 PM	Info	msvcr71				Dll loaded:    msvcr71.dll    7.10.3052			0	
23-Feb-18 2:57:38 PM	Info	MTController				Dll loaded:    MTController.dll    5.0.0			0	
23-Feb-18 2:57:38 PM	Info	NestableTipBoxInsertAccessoryDriver				Dll loaded:    NestableTipBoxInsertAccessoryDriver.dll    2.0.0			0	
23-Feb-18 2:57:38 PM	Info	ObjectDatabase				Dll loaded:    ObjectDatabase.dll    4.0.0			0	
23-Feb-18 2:57:38 PM	Info	ObjectManager				Dll loaded:    ObjectManager.dll    7.0.1			0	
23-Feb-18 2:57:38 PM	Info	PackardFusionRemoteConnectorOCX				Dll loaded:    PackardFusionRemoteConnectorOCX.dll    4.0.0			0	
23-Feb-18 2:57:38 PM	Info	PackardFusionRemoteControlPlugIn				Dll loaded:    PackardFusionRemoteControlPlugIn.dll    4.0.0			0	
23-Feb-18 2:57:38 PM	Info	PackardFusionRemoteControlWrapperDLL				Dll loaded:    PackardFusionRemoteControlWrapperDLL.dll    4.0.0			0	
23-Feb-18 2:57:38 PM	Info	PicServoExtDll				Dll loaded:    PicServoExtDll.dll    10.0.0			0	
23-Feb-18 2:57:38 PM	Info	PipetteHeadMode				Dll loaded:    PipetteHeadMode.dll    2.0.0			0	
23-Feb-18 2:57:38 PM	Info	PipetteTechniqueEditor				Dll loaded:    PipetteTechniqueEditor.dll    3.0.0			0	
23-Feb-18 2:57:38 PM	Info	PlateMapDatabase				Dll loaded:    PlateMapDatabase.dll    17.0.1			0	
23-Feb-18 2:57:38 PM	Info	ProfileChangeLog				Dll loaded:    ProfileChangeLog.dll    2.0.0			0	
23-Feb-18 2:57:38 PM	Info	ProfileManager				Dll loaded:    ProfileManager.dll    10.0.1			0	
23-Feb-18 2:57:38 PM	Info	ProfSkin284m				Dll loaded:    ProfSkin284m.dll    2.8.4			0	
23-Feb-18 2:57:38 PM	Info	ProfUIS284m				Dll loaded:    ProfUIS284m.dll    2.8.4			0	
23-Feb-18 2:57:38 PM	Info	ProfUisProfileManager				Dll loaded:    ProfUisProfileManager.dll    10.0.0			0	
23-Feb-18 2:57:38 PM	Info	SciLexer				Dll loaded:    SciLexer.dll    1.71.0			0	
23-Feb-18 2:57:38 PM	Info	SerialDilution				Dll loaded:    SerialDilution.dll    13.0.0			0	
23-Feb-18 2:57:39 PM	Info	SSIdll				Dll loaded:    SSIdll.dll    Unknown.0.0			0	
23-Feb-18 2:57:39 PM	Info	TeleshakeAccessoryDriver				Dll loaded:    TeleshakeAccessoryDriver.dll    9.0.2			0	
23-Feb-18 2:57:39 PM	Info	TipPosition				Dll loaded:    TipPosition.dll    3.0.0			0	
23-Feb-18 2:57:39 PM	Info	TipTracking				Dll loaded:    TipTracking.dll    3.0.0			0	
23-Feb-18 2:57:39 PM	Info	tmlcomm				Dll loaded:    tmlcomm.dll    3.2.2			0	
23-Feb-18 2:57:39 PM	Info	TML_lib				Dll loaded:    TML_lib.dll    2.0.1			0	
23-Feb-18 2:57:39 PM	Info	Toolbox				Dll loaded:    Toolbox.dll    1.0.4226			0	
23-Feb-18 2:57:39 PM	Info	V11DeviceDriver				Dll loaded:    V11DeviceDriver.dll    11.0.0			0	
23-Feb-18 2:57:39 PM	Info	V11FieldComposer				Dll loaded:    V11FieldComposer.dll    4.0.0			0	
23-Feb-18 2:57:39 PM	Info	V11GanttChart				Dll loaded:    V11GanttChart.dll    2.0.1			0	
23-Feb-18 2:57:39 PM	Info	V11Labware				Dll loaded:    V11Labware.dll    25.0.14			0	
23-Feb-18 2:57:39 PM	Info	V11Liquids				Dll loaded:    V11Liquids.dll    9.0.0			0	
23-Feb-18 2:57:39 PM	Info	V11Migrator				Dll loaded:    V11Migrator.dll    2.0.3			0	
23-Feb-18 2:57:39 PM	Info	V11PipettingFormatWizard				Dll loaded:    V11PipettingFormatWizard.dll    2.0.0			0	
23-Feb-18 2:57:39 PM	Info	V11PumpAccessoryDriver				Dll loaded:    V11PumpAccessoryDriver.dll    3.0.2			0	
23-Feb-18 2:57:39 PM	Info	V11SharedClasses				Dll loaded:    V11SharedClasses.dll    1.1.0			0	
23-Feb-18 2:57:39 PM	Info	V11WellSelect				Dll loaded:    V11WellSelect.dll    8.0.0			0	
23-Feb-18 2:57:39 PM	Info	V11WellVolumeVisualizer				Dll loaded:    V11WellVolumeVisualizer.dll    6.0.0			0	
23-Feb-18 2:57:39 PM	Info	V11Wizard				Dll loaded:    V11Wizard.dll    2.0.0			0	
23-Feb-18 2:57:39 PM	Info	VacuumFiltrationAccessoryDriver				Dll loaded:    VacuumFiltrationAccessoryDriver.dll    10.0.1			0	
23-Feb-18 2:57:39 PM	Info	VacuumLocatingStationDriver				Dll loaded:    VacuumLocatingStationDriver.dll    7.0.0			0	
23-Feb-18 2:57:39 PM	Info	VacuumShelfAccessoryDriver				Dll loaded:    VacuumShelfAccessoryDriver.dll    2.0.2			0	
23-Feb-18 2:57:39 PM	Info	VHookInterface				Dll loaded:    VHookInterface.dll    7.0.0			0	
23-Feb-18 2:57:39 PM	Info	VWorks4COM				Dll loaded:    VWorks4COM.dll    4.0.0			0	
23-Feb-18 2:57:39 PM	Info	VWorks4Defs				Dll loaded:    VWorks4Defs.dll    6.0.3			0	
23-Feb-18 2:57:39 PM	Info	VWorks4DeviceManager				Dll loaded:    VWorks4DeviceManager.dll    4.0.0			0	
23-Feb-18 2:57:39 PM	Info	VWorks4EmailDaemon				Dll loaded:    VWorks4EmailDaemon.dll    3.0.0			0	
23-Feb-18 2:57:39 PM	Info	VWorks4FormManager				Dll loaded:    VWorks4FormManager.dll    1.0.0			0	
23-Feb-18 2:57:39 PM	Info	VWorks4GUI				Dll loaded:    VWorks4GUI.dll    3.0.0			0	
23-Feb-18 2:57:39 PM	Info	VWorks4GUIFramework				Dll loaded:    VWorks4GUIFramework.dll    3.0.1			0	
23-Feb-18 2:57:39 PM	Info	VWorks4Hooks				Dll loaded:    VWorks4Hooks.dll    3.0.0			0	
23-Feb-18 2:57:39 PM	Info	VWorks4LabelDesigner				Dll loaded:    VWorks4LabelDesigner.dll    3.0.0			0	
23-Feb-18 2:57:39 PM	Info	VWorks4Logger				Dll loaded:    VWorks4Logger.dll    4.0.0			0	
23-Feb-18 2:57:39 PM	Info	VWorks4MacroLibrary				Dll loaded:    VWorks4MacroLibrary.dll    1.0.0			0	
23-Feb-18 2:57:39 PM	Info	VWorks4Progress				Dll loaded:    VWorks4Progress.dll    3.0.0			0	
23-Feb-18 2:57:39 PM	Info	VWorks4ProtocolEditor				Dll loaded:    VWorks4ProtocolEditor.dll    4.0.0			0	
23-Feb-18 2:57:39 PM	Info	VWorks4Security				Dll loaded:    VWorks4Security.dll    3.0.0			0	
23-Feb-18 2:57:39 PM	Info	VWorks4UserDatabase				Dll loaded:    VWorks4UserDatabase.dll    3.0.0			0	
23-Feb-18 2:57:39 PM	Info	VWorks4UserManager				Dll loaded:    VWorks4UserManager.dll    3.0.0			0	
23-Feb-18 2:57:39 PM	Info	WeighPadAccessoryDriver				Dll loaded:    WeighPadAccessoryDriver.dll    2.0.0			0	
23-Feb-18 2:57:40 PM	Info	Agilent BenchCel				Plugin loaded from cache:   AgilentBenchCel.dll   20.1.2			0	
23-Feb-18 2:57:40 PM	Info	Agilent Bravo				Plugin loaded from cache:   AgilentBravo.dll   17.1.0			0	
23-Feb-18 2:57:40 PM	Info	Agilent Generic I/O Module				Plugin loaded from cache:   AgilentGenericIO.dll   5.0.0			0	
23-Feb-18 2:57:40 PM	Info	Agilent Labware MiniHub				Plugin loaded from cache:   AgilentLabwareMiniHub.dll   1.0.3			0	
23-Feb-18 2:57:41 PM	Info	Agilent Phantom Robot				Plugin loaded from cache:   AgilentPhantomRobot.dll   9.0.5			0	
23-Feb-18 2:57:41 PM	Info	Agilent Phantom Stacker				Plugin loaded from cache:   AgilentPhantomStacker.dll   2.0.1			0	
23-Feb-18 2:57:41 PM	Info	Agilent Plate Hotel				Plugin loaded from cache:   AgilentPlateHotel.dll   1.0.3			0	
23-Feb-18 2:57:41 PM	Info	Agilent Plate Hub Carousel				Plugin loaded from cache:   AgilentPlateHubCarousel.dll   8.0.1			0	
23-Feb-18 2:57:41 PM	Info	Waste Bin				Plugin loaded from cache:   AgilentWasteBin.dll   3.0.0			0	
23-Feb-18 2:57:41 PM	Info	Agilent Weigh Pad				Plugin loaded from cache:   AgilentWeighPad.dll   8.0.0			0	
23-Feb-18 2:57:41 PM	Info	Keyence Barcode Reader				Plugin loaded from cache:   KeyenceBarcodeReader.dll   6.0.0			0	
23-Feb-18 2:57:41 PM	Info	Plate Pad, Standard				Plugin loaded from cache:   PlatePad.dll   6.0.0			0	
23-Feb-18 2:57:51 PM	Info					administrator logged in			1	
23-Feb-18 2:58:00 PM	Info					Simulation mode toggled off			1	
23-Feb-18 2:58:10 PM	Info					File loaded		C:\VWorks Workspace\Forms\SCELSE\Accel_NGS_2S_DNA\Accel_NGS.VWForm	1	
23-Feb-18 2:58:18 PM	Script					Initializing scripting engine...			1	
23-Feb-18 2:58:18 PM	Script					Fri Feb 23 2018 14:58:18 GMT+0800 (Malay Peninsula Standard Time)			1	
23-Feb-18 2:58:18 PM	Script					var plate_type = "96 ABI PCR half skirt in black carrier";		C:\VWorks Workspace\Forms\SCELSE\Accel_NGS_2S_DNA\Accel_NGS.VWForm	1	
23-Feb-18 2:58:18 PM	Script					var DNA_source = 0;		C:\VWorks Workspace\Forms\SCELSE\Accel_NGS_2S_DNA\Accel_NGS.VWForm	1	
23-Feb-18 2:58:18 PM	Script					var protocol_testing = 0;		C:\VWorks Workspace\Forms\SCELSE\Accel_NGS_2S_DNA\Accel_NGS.VWForm	1	
23-Feb-18 2:58:18 PM	Script					var DNAconc = 1;		C:\VWorks Workspace\Forms\SCELSE\Accel_NGS_2S_DNA\Accel_NGS.VWForm	1	
23-Feb-18 2:58:18 PM	Script					var formProtocolName = "Accel_Dual_Index_NGS_2SPlus_DNALibrary_Runset_v2.0.rst";		C:\VWorks Workspace\Forms\SCELSE\Accel_NGS_2S_DNA\Accel_NGS.VWForm	1	
23-Feb-18 2:58:18 PM	Script					var columns_samples = 1;		C:\VWorks Workspace\Forms\SCELSE\Accel_NGS_2S_DNA\Accel_NGS.VWForm	1	
23-Feb-18 2:58:18 PM	Script					Number of Columns selected is 1			1	
23-Feb-18 2:58:18 PM	Script					Case: 1 Columns			1	
23-Feb-18 2:58:25 PM	Script					var plate_type = "96 ABI PCR half skirt in black carrier";		C:\VWorks Workspace\Forms\SCELSE\Accel_NGS_2S_DNA\Accel_NGS.VWForm	1	
23-Feb-18 2:58:25 PM	Script					var DNA_source = 0;		C:\VWorks Workspace\Forms\SCELSE\Accel_NGS_2S_DNA\Accel_NGS.VWForm	1	
23-Feb-18 2:58:25 PM	Script					var protocol_testing = 0;		C:\VWorks Workspace\Forms\SCELSE\Accel_NGS_2S_DNA\Accel_NGS.VWForm	1	
23-Feb-18 2:58:26 PM	Script					var DNAconc = 1;		C:\VWorks Workspace\Forms\SCELSE\Accel_NGS_2S_DNA\Accel_NGS.VWForm	1	
23-Feb-18 2:58:26 PM	Script					var formProtocolName = "Accel_Dual_Index_NGS_2SPlus_DNALibrary_Runset_v2.0.rst";		C:\VWorks Workspace\Forms\SCELSE\Accel_NGS_2S_DNA\Accel_NGS.VWForm	1	
23-Feb-18 2:58:26 PM	Script					var columns_samples = 1;		C:\VWorks Workspace\Forms\SCELSE\Accel_NGS_2S_DNA\Accel_NGS.VWForm	1	
23-Feb-18 2:58:26 PM	Script					Clearing Plate Inventory			1	
23-Feb-18 2:58:26 PM	Script					Clearing Runset			1	
23-Feb-18 2:58:26 PM	Script					Starting runset : Accel_Dual_Index_NGS_2SPlus_DNALibrary_Runset_v2.0.rst			1	
23-Feb-18 2:58:26 PM	Info					Runset Manager: Added the run "C:\VWorks Workspace\Protocol Files\Accel_NGS_2S\1_RepairI_Accel_NGS_2S_DNA_v1.0.pro" to Runset Manager.			1	
23-Feb-18 2:58:26 PM	Info					Runset Manager: Added the run "C:\VWorks Workspace\Protocol Files\Accel_NGS_2S\2b_CleanUp1_Accel_NGS_2S_DNA_v1.0.pro" to Runset Manager.			1	
23-Feb-18 2:58:26 PM	Info					Runset Manager: Added the run "C:\VWorks Workspace\Protocol Files\Accel_NGS_2S\Scratch\InProgress3_Elution1_Accel_NGS_2S_DNA_v1.0.pro" to Runset Manager.			1	
23-Feb-18 2:58:26 PM	Info					Runset Manager: Added the run "C:\VWorks Workspace\Protocol Files\Accel_NGS_2S\Scratch\InProgress3_Repair2_Accel_NGS_2S_DNA_v1.0.pro" to Runset Manager.			1	
23-Feb-18 2:58:27 PM	Info					Runset Manager: Added the run "C:\VWorks Workspace\Protocol Files\Accel_NGS_2S\4_CleanUp2_Accel_NGS_2S_DNA_v1.0.pro" to Runset Manager.			1	
23-Feb-18 2:58:27 PM	Info					Runset Manager: Added the run "C:\VWorks Workspace\Protocol Files\Accel_NGS_2S\Scratch\InProgress5b_Elution2_Accel_NGS_2S_DNA_v1.0.pro" to Runset Manager.			1	
23-Feb-18 2:58:27 PM	Info					Runset Manager: Added the run "C:\VWorks Workspace\Protocol Files\Accel_NGS_2S\Scratch\InProgress5b_Ligation1_Accel_NGS_2S_DNA_v1.0.pro" to Runset Manager.			1	
23-Feb-18 2:58:27 PM	Info					Runset Manager: Added the run "C:\VWorks Workspace\Protocol Files\Accel_NGS_2S\6_CleanUp3_Accel_NGS_2S_DNA_v1.0.pro" to Runset Manager.			1	
23-Feb-18 2:58:27 PM	Info					Runset Manager: Added the run "C:\VWorks Workspace\Protocol Files\Accel_NGS_2S\Scratch\InProgress7_Elution3_Accel_NGS_2S_DNA_v1.0.pro" to Runset Manager.			1	
23-Feb-18 2:58:27 PM	Info					Runset Manager: Added the run "C:\VWorks Workspace\Protocol Files\Accel_NGS_2S\Scratch\InProgress7_Ligation2_Accel_NGS_2S_DNA_v1.0.pro" to Runset Manager.			1	
23-Feb-18 2:58:27 PM	Info					Runset Manager: Added the run "C:\VWorks Workspace\Protocol Files\Accel_NGS_2S\8_CleanUp4_Accel_NGS_2S_DNA_v1.0.pro" to Runset Manager.			1	
23-Feb-18 2:58:35 PM	Script					var plate_type = "96 ABI PCR half skirt in black carrier";		C:\VWorks Workspace\Forms\SCELSE\Accel_NGS_2S_DNA\Accel_NGS.VWForm	1	
23-Feb-18 2:58:35 PM	Script					var DNA_source = 0;		C:\VWorks Workspace\Forms\SCELSE\Accel_NGS_2S_DNA\Accel_NGS.VWForm	1	
23-Feb-18 2:58:35 PM	Script					var protocol_testing = 0;		C:\VWorks Workspace\Forms\SCELSE\Accel_NGS_2S_DNA\Accel_NGS.VWForm	1	
23-Feb-18 2:58:35 PM	Script					var DNAconc = 1;		C:\VWorks Workspace\Forms\SCELSE\Accel_NGS_2S_DNA\Accel_NGS.VWForm	1	
23-Feb-18 2:58:35 PM	Script					var formProtocolName = "Accel_Dual_Index_NGS_2SPlus_DNALibrary_Runset_v2.0.rst";		C:\VWorks Workspace\Forms\SCELSE\Accel_NGS_2S_DNA\Accel_NGS.VWForm	1	
23-Feb-18 2:58:35 PM	Script					var columns_samples = 1;		C:\VWorks Workspace\Forms\SCELSE\Accel_NGS_2S_DNA\Accel_NGS.VWForm	1	
23-Feb-18 2:58:36 PM	Script					Clearing Plate Inventory			1	
23-Feb-18 2:58:36 PM	Info					Runset Manager: Deleted the run "C:\VWorks Workspace\Protocol Files\Accel_NGS_2S\1_RepairI_Accel_NGS_2S_DNA_v1.0.pro" from Runset Manager.			1	
23-Feb-18 2:58:36 PM	Info					Runset Manager: Deleted the run "C:\VWorks Workspace\Protocol Files\Accel_NGS_2S\2b_CleanUp1_Accel_NGS_2S_DNA_v1.0.pro" from Runset Manager.			1	
23-Feb-18 2:58:36 PM	Info					Runset Manager: Deleted the run "C:\VWorks Workspace\Protocol Files\Accel_NGS_2S\Scratch\InProgress3_Elution1_Accel_NGS_2S_DNA_v1.0.pro" from Runset Manager.			1	
23-Feb-18 2:58:36 PM	Info					Runset Manager: Deleted the run "C:\VWorks Workspace\Protocol Files\Accel_NGS_2S\Scratch\InProgress3_Repair2_Accel_NGS_2S_DNA_v1.0.pro" from Runset Manager.			1	
23-Feb-18 2:58:36 PM	Info					Runset Manager: Deleted the run "C:\VWorks Workspace\Protocol Files\Accel_NGS_2S\4_CleanUp2_Accel_NGS_2S_DNA_v1.0.pro" from Runset Manager.			1	
23-Feb-18 2:58:36 PM	Info					Runset Manager: Deleted the run "C:\VWorks Workspace\Protocol Files\Accel_NGS_2S\Scratch\InProgress5b_Elution2_Accel_NGS_2S_DNA_v1.0.pro" from Runset Manager.			1	
23-Feb-18 2:58:36 PM	Info					Runset Manager: Deleted the run "C:\VWorks Workspace\Protocol Files\Accel_NGS_2S\Scratch\InProgress5b_Ligation1_Accel_NGS_2S_DNA_v1.0.pro" from Runset Manager.			1	
23-Feb-18 2:58:36 PM	Info					Runset Manager: Deleted the run "C:\VWorks Workspace\Protocol Files\Accel_NGS_2S\6_CleanUp3_Accel_NGS_2S_DNA_v1.0.pro" from Runset Manager.			1	
23-Feb-18 2:58:36 PM	Info					Runset Manager: Deleted the run "C:\VWorks Workspace\Protocol Files\Accel_NGS_2S\Scratch\InProgress7_Elution3_Accel_NGS_2S_DNA_v1.0.pro" from Runset Manager.			1	
23-Feb-18 2:58:36 PM	Info					Runset Manager: Deleted the run "C:\VWorks Workspace\Protocol Files\Accel_NGS_2S\Scratch\InProgress7_Ligation2_Accel_NGS_2S_DNA_v1.0.pro" from Runset Manager.			1	
23-Feb-18 2:58:36 PM	Info					Runset Manager: Deleted the run "C:\VWorks Workspace\Protocol Files\Accel_NGS_2S\8_CleanUp4_Accel_NGS_2S_DNA_v1.0.pro" from Runset Manager.			1	
23-Feb-18 2:58:36 PM	Script					Clearing Runset			1	
23-Feb-18 2:58:36 PM	Script					Starting runset : Accel_Dual_Index_NGS_2SPlus_DNALibrary_Runset_v2.0.rst			1	
23-Feb-18 2:58:36 PM	Info					Runset Manager: Added the run "C:\VWorks Workspace\Protocol Files\Accel_NGS_2S\1_RepairI_Accel_NGS_2S_DNA_v1.0.pro" to Runset Manager.			1	
23-Feb-18 2:58:36 PM	Info					Runset Manager: Added the run "C:\VWorks Workspace\Protocol Files\Accel_NGS_2S\2b_CleanUp1_Accel_NGS_2S_DNA_v1.0.pro" to Runset Manager.			1	
23-Feb-18 2:58:36 PM	Info					Runset Manager: Added the run "C:\VWorks Workspace\Protocol Files\Accel_NGS_2S\Scratch\InProgress3_Elution1_Accel_NGS_2S_DNA_v1.0.pro" to Runset Manager.			1	
23-Feb-18 2:58:36 PM	Info					Runset Manager: Added the run "C:\VWorks Workspace\Protocol Files\Accel_NGS_2S\Scratch\InProgress3_Repair2_Accel_NGS_2S_DNA_v1.0.pro" to Runset Manager.			1	
23-Feb-18 2:58:36 PM	Info					Runset Manager: Added the run "C:\VWorks Workspace\Protocol Files\Accel_NGS_2S\4_CleanUp2_Accel_NGS_2S_DNA_v1.0.pro" to Runset Manager.			1	
23-Feb-18 2:58:36 PM	Info					Runset Manager: Added the run "C:\VWorks Workspace\Protocol Files\Accel_NGS_2S\Scratch\InProgress5b_Elution2_Accel_NGS_2S_DNA_v1.0.pro" to Runset Manager.			1	
23-Feb-18 2:58:36 PM	Info					Runset Manager: Added the run "C:\VWorks Workspace\Protocol Files\Accel_NGS_2S\Scratch\InProgress5b_Ligation1_Accel_NGS_2S_DNA_v1.0.pro" to Runset Manager.			1	
23-Feb-18 2:58:36 PM	Info					Runset Manager: Added the run "C:\VWorks Workspace\Protocol Files\Accel_NGS_2S\6_CleanUp3_Accel_NGS_2S_DNA_v1.0.pro" to Runset Manager.			1	
23-Feb-18 2:58:36 PM	Info					Runset Manager: Added the run "C:\VWorks Workspace\Protocol Files\Accel_NGS_2S\Scratch\InProgress7_Elution3_Accel_NGS_2S_DNA_v1.0.pro" to Runset Manager.			1	
23-Feb-18 2:58:36 PM	Info					Runset Manager: Added the run "C:\VWorks Workspace\Protocol Files\Accel_NGS_2S\Scratch\InProgress7_Ligation2_Accel_NGS_2S_DNA_v1.0.pro" to Runset Manager.			1	
23-Feb-18 2:58:37 PM	Info					Runset Manager: Added the run "C:\VWorks Workspace\Protocol Files\Accel_NGS_2S\8_CleanUp4_Accel_NGS_2S_DNA_v1.0.pro" to Runset Manager.			1	
23-Feb-18 2:58:45 PM	Info	Agilent Labware MiniHub				Plugin loaded:   AgilentLabwareMiniHub.dll   1.0.3			1	
23-Feb-18 2:58:45 PM	Info					Hooks plugin loaded:    AgilentBenchCel.dll			0	
23-Feb-18 2:58:45 PM	Info	Agilent BenchCel				Plugin loaded:   AgilentBenchCel.dll   20.1.2			1	
23-Feb-18 2:58:49 PM	Info					Hooks plugin loaded:    AgilentBravo.dll			0	
23-Feb-18 2:58:50 PM	Info	Agilent Bravo				Plugin loaded:   AgilentBravo.dll   17.1.0			1	
23-Feb-18 2:58:53 PM	Info					File loaded		C:\VWorks Workspace\Device Files\BravoMiniPHBenchCel_round_magnet_RED_insert.dev	1	
23-Feb-18 2:58:53 PM	Info					File loaded	1_RepairI_Accel_NGS_2S_DNA_v1.0	C:\VWorks Workspace\Protocol Files\Accel_NGS_2S\1_RepairI_Accel_NGS_2S_DNA_v1.0.pro	1	
23-Feb-18 2:58:57 PM	Warning			DNA transfer tips	2	No plate to unload from the device Agilent Labware MiniHub - 1 location : cassette 4, slot 2		1_RepairI_Accel_NGS_2S_DNA_v1.0.pro	1	
23-Feb-18 2:58:57 PM	Warning			DNA transfer tips	2	There aren't any available plates for the unload task to unload		1_RepairI_Accel_NGS_2S_DNA_v1.0.pro	1	
23-Feb-18 2:58:57 PM	Warning			MasterMix tips	1	No plate to unload from the device Agilent Labware MiniHub - 1 location : cassette 1, slot 2		1_RepairI_Accel_NGS_2S_DNA_v1.0.pro	1	
23-Feb-18 2:58:57 PM	Warning			MasterMix tips	1	There aren't any available plates for the unload task to unload		1_RepairI_Accel_NGS_2S_DNA_v1.0.pro	1	
23-Feb-18 2:58:57 PM	Warning			Reaction Plate	2	No plate to unload from the device Agilent Labware MiniHub - 1 location : cassette 2, slot 5		1_RepairI_Accel_NGS_2S_DNA_v1.0.pro	1	
23-Feb-18 2:58:57 PM	Warning			Reaction Plate	2	There aren't any available plates for the unload task to unload		1_RepairI_Accel_NGS_2S_DNA_v1.0.pro	1	
23-Feb-18 2:58:57 PM	Warning			Used DNA transfer tips	1	No plate to unload from the device Agilent Labware MiniHub - 1 location : cassette 4, slot 1		1_RepairI_Accel_NGS_2S_DNA_v1.0.pro	1	
23-Feb-18 2:58:57 PM	Warning			Used DNA transfer tips	1	There aren't any available plates for the unload task to unload		1_RepairI_Accel_NGS_2S_DNA_v1.0.pro	1	
23-Feb-18 2:58:57 PM	Warning			Used MasterMix Tips	1	No plate to unload from the device Agilent Labware MiniHub - 1 location : cassette 1, slot 1		1_RepairI_Accel_NGS_2S_DNA_v1.0.pro	1	
23-Feb-18 2:58:57 PM	Warning			Used MasterMix Tips	1	There aren't any available plates for the unload task to unload		1_RepairI_Accel_NGS_2S_DNA_v1.0.pro	1	
23-Feb-18 2:58:57 PM	Info					Compile complete with 0 errors and 10 warnings			1	
23-Feb-18 2:58:58 PM	Script					var plate_type = "96 ABI PCR half skirt in black carrier";		C:\VWorks Workspace\Forms\SCELSE\Accel_NGS_2S_DNA\Accel_NGS.VWForm	1	
23-Feb-18 2:58:58 PM	Script					var DNA_source = 0;		C:\VWorks Workspace\Forms\SCELSE\Accel_NGS_2S_DNA\Accel_NGS.VWForm	1	
23-Feb-18 2:58:58 PM	Script					var protocol_testing = 0;		C:\VWorks Workspace\Forms\SCELSE\Accel_NGS_2S_DNA\Accel_NGS.VWForm	1	
23-Feb-18 2:58:58 PM	Script					var DNAconc = 1;		C:\VWorks Workspace\Forms\SCELSE\Accel_NGS_2S_DNA\Accel_NGS.VWForm	1	
23-Feb-18 2:58:58 PM	Script					var formProtocolName = "Accel_Dual_Index_NGS_2SPlus_DNALibrary_Runset_v2.0.rst";		C:\VWorks Workspace\Forms\SCELSE\Accel_NGS_2S_DNA\Accel_NGS.VWForm	1	
23-Feb-18 2:58:58 PM	Script					var columns_samples = 1;		C:\VWorks Workspace\Forms\SCELSE\Accel_NGS_2S_DNA\Accel_NGS.VWForm	1	
23-Feb-18 2:58:59 PM	Event					Scheduler started			1	
23-Feb-18 2:58:59 PM	Info	Agilent Labware MiniHub - 1				Initializing device		C:\VWorks Workspace\Device Files\BravoMiniPHBenchCel_round_magnet_RED_insert.dev	1	
23-Feb-18 2:58:59 PM	Info	BenchCel - 1				Initializing device		C:\VWorks Workspace\Device Files\BravoMiniPHBenchCel_round_magnet_RED_insert.dev	1	
23-Feb-18 2:58:59 PM	Info	Bravo - 1				Initializing device		C:\VWorks Workspace\Device Files\BravoMiniPHBenchCel_round_magnet_RED_insert.dev	1	
23-Feb-18 2:58:59 PM	Info					Runset Manager: Changed the field "Start" of the run "C:\VWorks Workspace\Protocol Files\Accel_NGS_2S\2b_CleanUp1_Accel_NGS_2S_DNA_v1.0.pro" from "29-Sep-17 9:59:01 AM (As soon as possible)" to "When C:\VWorks Workspace\Protocol Files\Accel_NGS_2S\1_RepairI_Accel_NGS_2S_DNA_v1.0.pro ends"			1	
23-Feb-18 2:58:59 PM	Info					Runset Manager: Changed the field "Start" of the run "C:\VWorks Workspace\Protocol Files\Accel_NGS_2S\Scratch\InProgress3_Elution1_Accel_NGS_2S_DNA_v1.0.pro" from "29-Sep-17 10:00:16 AM (As soon as possible)" to "When C:\VWorks Workspace\Protocol Files\Accel_NGS_2S\1_RepairI_Accel_NGS_2S_DNA_v1.0.pro ends"			1	
23-Feb-18 2:58:59 PM	Info					Runset Manager: Changed the field "Start" of the run "C:\VWorks Workspace\Protocol Files\Accel_NGS_2S\Scratch\InProgress3_Repair2_Accel_NGS_2S_DNA_v1.0.pro" from "29-Sep-17 10:01:03 AM (As soon as possible)" to "When C:\VWorks Workspace\Protocol Files\Accel_NGS_2S\1_RepairI_Accel_NGS_2S_DNA_v1.0.pro ends"			1	
23-Feb-18 2:58:59 PM	Info					Runset Manager: Changed the field "Start" of the run "C:\VWorks Workspace\Protocol Files\Accel_NGS_2S\4_CleanUp2_Accel_NGS_2S_DNA_v1.0.pro" from "29-Sep-17 10:01:59 AM (As soon as possible)" to "When C:\VWorks Workspace\Protocol Files\Accel_NGS_2S\1_RepairI_Accel_NGS_2S_DNA_v1.0.pro ends"			1	
23-Feb-18 2:58:59 PM	Info					Runset Manager: Changed the field "Start" of the run "C:\VWorks Workspace\Protocol Files\Accel_NGS_2S\Scratch\InProgress5b_Elution2_Accel_NGS_2S_DNA_v1.0.pro" from "29-Sep-17 10:03:17 AM (As soon as possible)" to "When C:\VWorks Workspace\Protocol Files\Accel_NGS_2S\1_RepairI_Accel_NGS_2S_DNA_v1.0.pro ends"			1	
23-Feb-18 2:58:59 PM	Info					Runset Manager: Changed the field "Start" of the run "C:\VWorks Workspace\Protocol Files\Accel_NGS_2S\Scratch\InProgress5b_Ligation1_Accel_NGS_2S_DNA_v1.0.pro" from "29-Sep-17 10:03:58 AM (As soon as possible)" to "When C:\VWorks Workspace\Protocol Files\Accel_NGS_2S\1_RepairI_Accel_NGS_2S_DNA_v1.0.pro ends"			1	
23-Feb-18 2:58:59 PM	Info					Runset Manager: Changed the field "Start" of the run "C:\VWorks Workspace\Protocol Files\Accel_NGS_2S\6_CleanUp3_Accel_NGS_2S_DNA_v1.0.pro" from "29-Sep-17 10:04:58 AM (As soon as possible)" to "When C:\VWorks Workspace\Protocol Files\Accel_NGS_2S\1_RepairI_Accel_NGS_2S_DNA_v1.0.pro ends"			1	
23-Feb-18 2:58:59 PM	Info					Runset Manager: Changed the field "Start" of the run "C:\VWorks Workspace\Protocol Files\Accel_NGS_2S\Scratch\InProgress7_Elution3_Accel_NGS_2S_DNA_v1.0.pro" from "29-Sep-17 10:06:03 AM (As soon as possible)" to "When C:\VWorks Workspace\Protocol Files\Accel_NGS_2S\1_RepairI_Accel_NGS_2S_DNA_v1.0.pro ends"			1	
23-Feb-18 2:58:59 PM	Info					Runset Manager: Changed the field "Start" of the run "C:\VWorks Workspace\Protocol Files\Accel_NGS_2S\Scratch\InProgress7_Ligation2_Accel_NGS_2S_DNA_v1.0.pro" from "29-Sep-17 10:06:44 AM (As soon as possible)" to "When C:\VWorks Workspace\Protocol Files\Accel_NGS_2S\1_RepairI_Accel_NGS_2S_DNA_v1.0.pro ends"			1	
23-Feb-18 2:58:59 PM	Info					Runset Manager: Changed the field "Start" of the run "C:\VWorks Workspace\Protocol Files\Accel_NGS_2S\8_CleanUp4_Accel_NGS_2S_DNA_v1.0.pro" from "29-Sep-17 10:07:43 AM (As soon as possible)" to "When C:\VWorks Workspace\Protocol Files\Accel_NGS_2S\1_RepairI_Accel_NGS_2S_DNA_v1.0.pro ends"			1	
23-Feb-18 2:58:59 PM	Error	BenchCel - 1				The device was not found			1	
23-Feb-18 2:58:59 PM	Info					Error library: Select best match error handler: "Default" and action type "show error dialog"			1	
23-Feb-18 2:59:00 PM	Error	Bravo - 1				Cannot detect device specified by Ethernet device ID "0".  Check that the device is powered on, and that there is an ethernet connection to the device.			1	
23-Feb-18 2:59:00 PM	Info					Error library: Select best match error handler: "Default" and action type "show error dialog"			1	
23-Feb-18 2:59:02 PM	Info	Bravo - 1				Aborting on: Cannot detect device specified by Ethernet device ID "0".  Check that the device is powered on, and that there is an ethernet connection to the device.			1	
23-Feb-18 2:59:02 PM	Event					Scheduler stopped			1	
23-Feb-18 2:59:02 PM	Info	Bravo - 1				Initialization failed		C:\VWorks Workspace\Device Files\BravoMiniPHBenchCel_round_magnet_RED_insert.dev	1	
23-Feb-18 2:59:15 PM	Event					Scheduler aborted			1	
23-Feb-18 2:59:16 PM	Info	BenchCel - 1				Aborting on: The device was not found			1	
23-Feb-18 2:59:16 PM	Info	BenchCel - 1				Initialization failed		C:\VWorks Workspace\Device Files\BravoMiniPHBenchCel_round_magnet_RED_insert.dev	1	
23-Feb-18 2:59:16 PM	Event					None protocol aborted by user	1_RepairI_Accel_NGS_2S_DNA_v1.0	C:\VWorks Workspace\Protocol Files\Accel_NGS_2S\1_RepairI_Accel_NGS_2S_DNA_v1.0.pro	1	
23-Feb-18 3:03:52 PM	Info	Agilent Labware MiniHub - 1				Initialization complete		C:\VWorks Workspace\Device Files\BravoMiniPHBenchCel_round_magnet_RED_insert.dev	1	
23-Feb-18 3:29:48 PM	Info					administrator logged out. Session 1 closed			1	
23-Feb-18 3:56:07 PM	Info					administrator logged in			2	
23-Feb-18 4:27:21 PM	Info					administrator logged out. Session 2 closed			2	
23-Feb-18 4:31:59 PM	Info					administrator logged in			3	
23-Feb-18 4:32:03 PM	Info					File unloaded		C:\VWorks Workspace\Protocol Files\Accel_NGS_2S\1_RepairI_Accel_NGS_2S_DNA_v1.0.pro	3	
23-Feb-18 4:32:03 PM	Info	Agilent Labware MiniHub - 1				Closing device		C:\VWorks Workspace\Device Files\BravoMiniPHBenchCel_round_magnet_RED_insert.dev	3	
23-Feb-18 4:32:03 PM	Info	BenchCel - 1				Closing device		C:\VWorks Workspace\Device Files\BravoMiniPHBenchCel_round_magnet_RED_insert.dev	3	
23-Feb-18 4:32:03 PM	Info	Bravo - 1				Closing device		C:\VWorks Workspace\Device Files\BravoMiniPHBenchCel_round_magnet_RED_insert.dev	3	
23-Feb-18 4:32:03 PM	Info					File unloaded		C:\VWorks Workspace\Device Files\BravoMiniPHBenchCel_round_magnet_RED_insert.dev	3	
23-Feb-18 4:32:05 PM	Info					File unloaded		C:\VWorks Workspace\Forms\SCELSE\Accel_NGS_2S_DNA\Accel_NGS.VWForm	3	
23-Feb-18 4:32:05 PM	Info					administrator logged out. Session 3 closed			3	
23-Feb-18 4:32:05 PM	Info					System Shutdown			0	
